Copyright 1986-2022 Xilinx, Inc. All Rights Reserved.
---------------------------------------------------------------------------------------------
| Tool Version : Vivado v.2022.1 (win64) Build 3526262 Mon Apr 18 15:48:16 MDT 2022
| Date         : Thu Mar  9 19:36:24 2023
| Host         : PF1K6K4W running 64-bit major release  (build 9200)
| Command      : report_control_sets -verbose -file design_1_wrapper_control_sets_placed.rpt
| Design       : design_1_wrapper
| Device       : xc7z020
---------------------------------------------------------------------------------------------

Control Set Information

Table of Contents
-----------------
1. Summary
2. Histogram
3. Flip-Flop Distribution
4. Detailed Control Set Information

1. Summary
----------

+----------------------------------------------------------+-------+
|                          Status                          | Count |
+----------------------------------------------------------+-------+
| Total control sets                                       |    13 |
|    Minimum number of control sets                        |    13 |
|    Addition due to synthesis replication                 |     0 |
|    Addition due to physical synthesis replication        |     0 |
| Unused register locations in slices containing registers |    37 |
+----------------------------------------------------------+-------+
* Control sets can be merged at opt_design using control_set_merge or merge_equivalent_drivers
** Run report_qor_suggestions for automated merging and remapping suggestions


2. Histogram
------------

+--------------------+-------+
|       Fanout       | Count |
+--------------------+-------+
| Total control sets |    13 |
| >= 0 to < 4        |     3 |
| >= 4 to < 6        |     2 |
| >= 6 to < 8        |     3 |
| >= 8 to < 10       |     0 |
| >= 10 to < 12      |     0 |
| >= 12 to < 14      |     0 |
| >= 14 to < 16      |     0 |
| >= 16              |     5 |
+--------------------+-------+
* Control sets can be remapped at either synth_design or opt_design


3. Flip-Flop Distribution
-------------------------

+--------------+-----------------------+------------------------+-----------------+--------------+
| Clock Enable | Synchronous Set/Reset | Asynchronous Set/Reset | Total Registers | Total Slices |
+--------------+-----------------------+------------------------+-----------------+--------------+
| No           | No                    | No                     |              33 |           13 |
| No           | No                    | Yes                    |               0 |            0 |
| No           | Yes                   | No                     |               0 |            0 |
| Yes          | No                    | No                     |              42 |           18 |
| Yes          | No                    | Yes                    |               0 |            0 |
| Yes          | Yes                   | No                     |              88 |           27 |
+--------------+-----------------------+------------------------+-----------------+--------------+


4. Detailed Control Set Information
-----------------------------------

+-------------------------------------+---------------------------------------------------------------+----------------------------------------------------------------+------------------+----------------+--------------+
|             Clock Signal            |                         Enable Signal                         |                        Set/Reset Signal                        | Slice Load Count | Bel Load Count | Bels / Slice |
+-------------------------------------+---------------------------------------------------------------+----------------------------------------------------------------+------------------+----------------+--------------+
| ~design_1_i/clk_wiz_0/inst/clk_out1 | design_1_i/NeoPixel_0/U0/index[5]_i_2_n_0                     | design_1_i/NeoPixel_0/U0/index[5]_i_1_n_0                      |                1 |              1 |         1.00 |
|  design_1_i/clk_wiz_0/inst/clk_out1 |                                                               |                                                                |                1 |              3 |         3.00 |
| ~design_1_i/clk_wiz_0/inst/clk_out1 | design_1_i/NeoPixel_0/U0/index[5]_i_2_n_0                     |                                                                |                1 |              3 |         3.00 |
| ~design_1_i/clk_wiz_0/inst/clk_out1 | design_1_i/NeoPixel_0/U0/comb_proc.delay_high_cntr[5]_i_1_n_0 |                                                                |                1 |              4 |         4.00 |
| ~design_1_i/clk_wiz_0/inst/clk_out1 | design_1_i/NeoPixel_0/U0/comb_proc.delay_low_cntr[5]_i_1_n_0  |                                                                |                2 |              5 |         2.50 |
| ~design_1_i/clk_wiz_0/inst/clk_out1 |                                                               |                                                                |                2 |              6 |         3.00 |
| ~design_1_i/clk_wiz_0/inst/clk_out1 | design_1_i/NeoPixel_0/U0/addr[5]_i_1_n_0                      |                                                                |                3 |              6 |         2.00 |
| ~design_1_i/clk_wiz_0/inst/clk_out1 | design_1_i/NeoPixel_0/U0/comb_proc.delay_low_cntr[5]_i_1_n_0  | design_1_i/NeoPixel_0/U0/comb_proc.delay_low_cntr[12]_i_1_n_0  |                2 |              6 |         3.00 |
| ~design_1_i/clk_wiz_0/inst/clk_out1 | design_1_i/NeoPixel_0/U0/comb_proc.delay_low_cntr[5]_i_1_n_0  | design_1_i/NeoPixel_0/U0/comb_proc.delay_low_cntr[31]_i_1_n_0  |                7 |             21 |         3.00 |
| ~design_1_i/clk_wiz_0/inst/clk_out1 | design_1_i/NeoPixel_0/U0/comb_proc.GRB[23]_i_1_n_0            |                                                                |               11 |             24 |         2.18 |
|  design_1_i/clk_wiz_0/inst/clk_out2 |                                                               |                                                                |               10 |             24 |         2.40 |
| ~design_1_i/clk_wiz_0/inst/clk_out1 | design_1_i/NeoPixel_0/U0/comb_proc.delay_high_cntr[5]_i_1_n_0 | design_1_i/NeoPixel_0/U0/comb_proc.delay_high_cntr[31]_i_1_n_0 |                9 |             28 |         3.11 |
| ~design_1_i/clk_wiz_0/inst/clk_out1 | design_1_i/NeoPixel_0/U0/comb_proc.bit_cntr[0]_i_1_n_0        | design_1_i/NeoPixel_0/U0/comb_proc.GRB[23]_i_1_n_0             |                8 |             32 |         4.00 |
+-------------------------------------+---------------------------------------------------------------+----------------------------------------------------------------+------------------+----------------+--------------+


