
*** Running vivado
    with args -log design_1_wrapper.vdi -applog -m64 -product Vivado -messageDb vivado.pb -mode batch -source design_1_wrapper.tcl -notrace



****** Vivado v2021.2 (64-bit)
  **** SW Build 3367213 on Tue Oct 19 02:48:09 MDT 2021
  **** IP Build 3369179 on Thu Oct 21 08:25:16 MDT 2021
    ** Copyright 1986-2021 Xilinx, Inc. All Rights Reserved.

source design_1_wrapper.tcl -notrace
create_project: Time (s): cpu = 00:00:07 ; elapsed = 00:00:07 . Memory (MB): peak = 1233.262 ; gain = 0.000
INFO: [IP_Flow 19-234] Refreshing IP repositories
INFO: [IP_Flow 19-1704] No user IP repositories specified
INFO: [IP_Flow 19-2313] Loaded Vivado IP repository 'C:/Xilinx/Vivado/2021.2/data/ip'.
add_files: Time (s): cpu = 00:00:02 ; elapsed = 00:00:05 . Memory (MB): peak = 1233.262 ; gain = 0.000
Command: link_design -top design_1_wrapper -part xc7z020clg400-1
Design is defaulting to srcset: sources_1
Design is defaulting to constrset: constrs_1
INFO: [Device 21-403] Loading part xc7z020clg400-1
INFO: [Project 1-454] Reading design checkpoint 'c:/devWorks/SoC_Neopixel_VHDL/XTRA_SoC_Neopixel.gen/sources_1/bd/design_1/ip/design_1_clk_wiz_0_0/design_1_clk_wiz_0_0.dcp' for cell 'design_1_i/clk_wiz_0'
INFO: [Project 1-454] Reading design checkpoint 'c:/devWorks/SoC_Neopixel_VHDL/XTRA_SoC_Neopixel.gen/sources_1/bd/design_1/ip/design_1_vio_0_0/design_1_vio_0_0.dcp' for cell 'design_1_i/vio_0'
INFO: [Project 1-454] Reading design checkpoint 'c:/devWorks/SoC_Neopixel_VHDL/XTRA_SoC_Neopixel.gen/sources_1/bd/design_1/ip/design_1_xtra_cteq_neopixel_0_0/design_1_xtra_cteq_neopixel_0_0.dcp' for cell 'design_1_i/xtra_cteq_neopixel_0'
Netlist sorting complete. Time (s): cpu = 00:00:00 ; elapsed = 00:00:00.063 . Memory (MB): peak = 1233.262 ; gain = 0.000
INFO: [Netlist 29-17] Analyzing 363 Unisim elements for replacement
INFO: [Netlist 29-28] Unisim Transformation completed in 0 CPU seconds
INFO: [Project 1-479] Netlist was created with Vivado 2021.2
INFO: [Project 1-570] Preparing netlist for logic optimization
INFO: [Opt 31-140] Inserted 1 IBUFs to IO ports without IO buffers.
WARNING: [Opt 31-35] Removing redundant IBUF, design_1_i/clk_wiz_0/inst/clkin1_ibufg, from the path connected to top-level port: sys_clock 
Resolution: The tool has removed redundant IBUF. To resolve this warning, check for redundant IBUF in the input design.
WARNING: [Constraints 18-550] Could not create 'IBUF_LOW_PWR' constraint because net 'design_1_i/clk_wiz_0/clk_in1' is not directly connected to top level port. Synthesis is ignored for IBUF_LOW_PWR but preserved for implementation.
INFO: [Chipscope 16-324] Core: design_1_i/vio_0 UUID: 01a4b594-7c44-5fa6-bd66-f70f5f031273 
Parsing XDC File [c:/devWorks/SoC_Neopixel_VHDL/XTRA_SoC_Neopixel.gen/sources_1/bd/design_1/ip/design_1_clk_wiz_0_0/design_1_clk_wiz_0_0_board.xdc] for cell 'design_1_i/clk_wiz_0/inst'
Finished Parsing XDC File [c:/devWorks/SoC_Neopixel_VHDL/XTRA_SoC_Neopixel.gen/sources_1/bd/design_1/ip/design_1_clk_wiz_0_0/design_1_clk_wiz_0_0_board.xdc] for cell 'design_1_i/clk_wiz_0/inst'
Parsing XDC File [c:/devWorks/SoC_Neopixel_VHDL/XTRA_SoC_Neopixel.gen/sources_1/bd/design_1/ip/design_1_clk_wiz_0_0/design_1_clk_wiz_0_0.xdc] for cell 'design_1_i/clk_wiz_0/inst'
INFO: [Timing 38-35] Done setting XDC timing constraints. [c:/devWorks/SoC_Neopixel_VHDL/XTRA_SoC_Neopixel.gen/sources_1/bd/design_1/ip/design_1_clk_wiz_0_0/design_1_clk_wiz_0_0.xdc:57]
INFO: [Timing 38-2] Deriving generated clocks [c:/devWorks/SoC_Neopixel_VHDL/XTRA_SoC_Neopixel.gen/sources_1/bd/design_1/ip/design_1_clk_wiz_0_0/design_1_clk_wiz_0_0.xdc:57]
get_clocks: Time (s): cpu = 00:00:15 ; elapsed = 00:00:16 . Memory (MB): peak = 1474.207 ; gain = 240.945
Finished Parsing XDC File [c:/devWorks/SoC_Neopixel_VHDL/XTRA_SoC_Neopixel.gen/sources_1/bd/design_1/ip/design_1_clk_wiz_0_0/design_1_clk_wiz_0_0.xdc] for cell 'design_1_i/clk_wiz_0/inst'
Parsing XDC File [c:/devWorks/SoC_Neopixel_VHDL/XTRA_SoC_Neopixel.gen/sources_1/bd/design_1/ip/design_1_vio_0_0/design_1_vio_0_0.xdc] for cell 'design_1_i/vio_0'
Finished Parsing XDC File [c:/devWorks/SoC_Neopixel_VHDL/XTRA_SoC_Neopixel.gen/sources_1/bd/design_1/ip/design_1_vio_0_0/design_1_vio_0_0.xdc] for cell 'design_1_i/vio_0'
Parsing XDC File [C:/devWorks/SoC_Neopixel_VHDL/XTRA_SoC_Neopixel.srcs/constrs_1/new/XTRA_SoC_Neopixel.xdc]
Finished Parsing XDC File [C:/devWorks/SoC_Neopixel_VHDL/XTRA_SoC_Neopixel.srcs/constrs_1/new/XTRA_SoC_Neopixel.xdc]
INFO: [Opt 31-138] Pushed 0 inverter(s) to 0 load pin(s).
Netlist sorting complete. Time (s): cpu = 00:00:00 ; elapsed = 00:00:00.001 . Memory (MB): peak = 1474.207 ; gain = 0.000
INFO: [Project 1-111] Unisim Transformation Summary:
No Unisim elements were transformed.

17 Infos, 2 Warnings, 0 Critical Warnings and 0 Errors encountered.
link_design completed successfully
link_design: Time (s): cpu = 00:00:26 ; elapsed = 00:00:31 . Memory (MB): peak = 1474.207 ; gain = 240.945
Command: opt_design
Attempting to get a license for feature 'Implementation' and/or device 'xc7z020'
INFO: [Common 17-349] Got license for feature 'Implementation' and/or device 'xc7z020'
Running DRC as a precondition to command opt_design

Starting DRC Task
INFO: [DRC 23-27] Running DRC with 2 threads
INFO: [Project 1-461] DRC finished with 0 Errors
INFO: [Project 1-462] Please refer to the DRC report (report_drc) for more information.

Time (s): cpu = 00:00:04 ; elapsed = 00:00:02 . Memory (MB): peak = 1474.207 ; gain = 0.000

Starting Cache Timing Information Task
INFO: [Timing 38-35] Done setting XDC timing constraints.
Ending Cache Timing Information Task | Checksum: 1175d072f

Time (s): cpu = 00:00:00 ; elapsed = 00:00:00.146 . Memory (MB): peak = 1491.145 ; gain = 16.938

Starting Logic Optimization Task

Phase 1 Generate And Synthesize Debug Cores
INFO: [Chipscope 16-329] Generating Script for core instance : dbg_hub 
INFO: [IP_Flow 19-3806] Processing IP xilinx.com:ip:xsdbm:3.0 for cell dbg_hub_CV.
CRITICAL WARNING: [Common 17-55] 'get_property' expects at least one object. [c:/devWorks/SoC_Neopixel_VHDL/XTRA_SoC_Neopixel.runs/impl_1/.Xil/Vivado-12140-PF1K6K4W/dbg_hub_CV.0/out/xsdbm_cc_late_late.xdc:10]
Resolution: If [get_<value>] was used to populate the object, check to make sure this command returns at least one valid object.
CRITICAL WARNING: [Common 17-1548] Command failed: can't read "wr_clk_period": no such variable
 [c:/devWorks/SoC_Neopixel_VHDL/XTRA_SoC_Neopixel.runs/impl_1/.Xil/Vivado-12140-PF1K6K4W/dbg_hub_CV.0/out/xsdbm_cc_late_late.xdc:12]
CRITICAL WARNING: [Common 17-1548] Command failed: can't read "skew_value": no such variable
 [c:/devWorks/SoC_Neopixel_VHDL/XTRA_SoC_Neopixel.runs/impl_1/.Xil/Vivado-12140-PF1K6K4W/dbg_hub_CV.0/out/xsdbm_cc_late_late.xdc:17]
CRITICAL WARNING: [Common 17-55] 'get_property' expects at least one object. [c:/devWorks/SoC_Neopixel_VHDL/XTRA_SoC_Neopixel.runs/impl_1/.Xil/Vivado-12140-PF1K6K4W/dbg_hub_CV.0/out/xsdbm_cc_late_late.xdc:19]
Resolution: If [get_<value>] was used to populate the object, check to make sure this command returns at least one valid object.
CRITICAL WARNING: [Common 17-1548] Command failed: can't read "skew_value": no such variable
 [c:/devWorks/SoC_Neopixel_VHDL/XTRA_SoC_Neopixel.runs/impl_1/.Xil/Vivado-12140-PF1K6K4W/dbg_hub_CV.0/out/xsdbm_cc_late_late.xdc:20]
CRITICAL WARNING: [Common 17-55] 'get_property' expects at least one object. [c:/devWorks/SoC_Neopixel_VHDL/XTRA_SoC_Neopixel.runs/impl_1/.Xil/Vivado-12140-PF1K6K4W/dbg_hub_CV.0/out/xsdbm_cc_late_late.xdc:24]
Resolution: If [get_<value>] was used to populate the object, check to make sure this command returns at least one valid object.
CRITICAL WARNING: [Common 17-1548] Command failed: can't read "rd_clk_period_2": no such variable
 [c:/devWorks/SoC_Neopixel_VHDL/XTRA_SoC_Neopixel.runs/impl_1/.Xil/Vivado-12140-PF1K6K4W/dbg_hub_CV.0/out/xsdbm_cc_late_late.xdc:25]
CRITICAL WARNING: [Common 17-55] 'get_property' expects at least one object. [c:/devWorks/SoC_Neopixel_VHDL/XTRA_SoC_Neopixel.runs/impl_1/.Xil/Vivado-12140-PF1K6K4W/dbg_hub_CV.0/out/xsdbm_cc_late_late.xdc:32]
Resolution: If [get_<value>] was used to populate the object, check to make sure this command returns at least one valid object.
CRITICAL WARNING: [Common 17-1548] Command failed: can't read "skew_value_2": no such variable
 [c:/devWorks/SoC_Neopixel_VHDL/XTRA_SoC_Neopixel.runs/impl_1/.Xil/Vivado-12140-PF1K6K4W/dbg_hub_CV.0/out/xsdbm_cc_late_late.xdc:33]
CRITICAL WARNING: [Common 17-1548] Command failed: can't read "skew_value_2": no such variable
 [c:/devWorks/SoC_Neopixel_VHDL/XTRA_SoC_Neopixel.runs/impl_1/.Xil/Vivado-12140-PF1K6K4W/dbg_hub_CV.0/out/xsdbm_cc_late_late.xdc:36]
Netlist sorting complete. Time (s): cpu = 00:00:00 ; elapsed = 00:00:00.047 . Memory (MB): peak = 1822.492 ; gain = 0.000
Phase 1 Generate And Synthesize Debug Cores | Checksum: 15aea006c

Time (s): cpu = 00:00:02 ; elapsed = 00:02:40 . Memory (MB): peak = 1822.492 ; gain = 43.559

Phase 2 Retarget
INFO: [Opt 31-138] Pushed 0 inverter(s) to 0 load pin(s).
INFO: [Opt 31-49] Retargeted 0 cell(s).
Phase 2 Retarget | Checksum: c0195558

Time (s): cpu = 00:00:02 ; elapsed = 00:02:41 . Memory (MB): peak = 1822.492 ; gain = 43.559
INFO: [Opt 31-389] Phase Retarget created 16 cells and removed 22 cells
INFO: [Opt 31-1021] In phase Retarget, 47 netlist objects are constrained preventing optimization. Please run opt_design with -debug_log to get more detail. 

Phase 3 Constant propagation
INFO: [Opt 31-138] Pushed 0 inverter(s) to 0 load pin(s).
Phase 3 Constant propagation | Checksum: c0195558

Time (s): cpu = 00:00:02 ; elapsed = 00:02:41 . Memory (MB): peak = 1822.492 ; gain = 43.559
INFO: [Opt 31-389] Phase Constant propagation created 0 cells and removed 0 cells
INFO: [Opt 31-1021] In phase Constant propagation, 46 netlist objects are constrained preventing optimization. Please run opt_design with -debug_log to get more detail. 

Phase 4 Sweep
Phase 4 Sweep | Checksum: 1559e13c6

Time (s): cpu = 00:00:03 ; elapsed = 00:02:41 . Memory (MB): peak = 1822.492 ; gain = 43.559
INFO: [Opt 31-389] Phase Sweep created 0 cells and removed 16 cells
INFO: [Opt 31-1021] In phase Sweep, 1392 netlist objects are constrained preventing optimization. Please run opt_design with -debug_log to get more detail. 

Phase 5 BUFG optimization
INFO: [Opt 31-194] Inserted BUFG sys_clock_IBUF_BUFG_inst to drive 1122 load(s) on clock net sys_clock_IBUF_BUFG
INFO: [Opt 31-193] Inserted 1 BUFG(s) on clock nets
Phase 5 BUFG optimization | Checksum: 123dcb7d7

Time (s): cpu = 00:00:03 ; elapsed = 00:02:41 . Memory (MB): peak = 1822.492 ; gain = 43.559
INFO: [Opt 31-662] Phase BUFG optimization created 1 cells of which 1 are BUFGs and removed 0 cells.

Phase 6 Shift Register Optimization
INFO: [Opt 31-1064] SRL Remap converted 0 SRLs to 0 registers and converted 0 registers of register chains to 0 SRLs
Phase 6 Shift Register Optimization | Checksum: 123dcb7d7

Time (s): cpu = 00:00:03 ; elapsed = 00:02:41 . Memory (MB): peak = 1822.492 ; gain = 43.559
INFO: [Opt 31-389] Phase Shift Register Optimization created 0 cells and removed 0 cells

Phase 7 Post Processing Netlist
Phase 7 Post Processing Netlist | Checksum: 123dcb7d7

Time (s): cpu = 00:00:03 ; elapsed = 00:02:41 . Memory (MB): peak = 1822.492 ; gain = 43.559
INFO: [Opt 31-389] Phase Post Processing Netlist created 0 cells and removed 0 cells
INFO: [Opt 31-1021] In phase Post Processing Netlist, 54 netlist objects are constrained preventing optimization. Please run opt_design with -debug_log to get more detail. 
Opt_design Change Summary
=========================


-------------------------------------------------------------------------------------------------------------------------
|  Phase                        |  #Cells created  |  #Cells Removed  |  #Constrained objects preventing optimizations  |
-------------------------------------------------------------------------------------------------------------------------
|  Retarget                     |              16  |              22  |                                             47  |
|  Constant propagation         |               0  |               0  |                                             46  |
|  Sweep                        |               0  |              16  |                                           1392  |
|  BUFG optimization            |               1  |               0  |                                              0  |
|  Shift Register Optimization  |               0  |               0  |                                              0  |
|  Post Processing Netlist      |               0  |               0  |                                             54  |
-------------------------------------------------------------------------------------------------------------------------



Starting Connectivity Check Task

Time (s): cpu = 00:00:00 ; elapsed = 00:00:00.009 . Memory (MB): peak = 1822.492 ; gain = 0.000
Ending Logic Optimization Task | Checksum: 8a76184f

Time (s): cpu = 00:00:03 ; elapsed = 00:02:41 . Memory (MB): peak = 1822.492 ; gain = 43.559

Starting Power Optimization Task
INFO: [Pwropt 34-132] Skipping clock gating for clocks with a period < 2.00 ns.
Ending Power Optimization Task | Checksum: 8a76184f

Time (s): cpu = 00:00:00 ; elapsed = 00:00:00.027 . Memory (MB): peak = 1822.492 ; gain = 0.000

Starting Final Cleanup Task
Ending Final Cleanup Task | Checksum: 8a76184f

Time (s): cpu = 00:00:00 ; elapsed = 00:00:00.001 . Memory (MB): peak = 1822.492 ; gain = 0.000

Starting Netlist Obfuscation Task
Netlist sorting complete. Time (s): cpu = 00:00:00 ; elapsed = 00:00:00.003 . Memory (MB): peak = 1822.492 ; gain = 0.000
Ending Netlist Obfuscation Task | Checksum: 8a76184f

Time (s): cpu = 00:00:00 ; elapsed = 00:00:00.003 . Memory (MB): peak = 1822.492 ; gain = 0.000
INFO: [Common 17-83] Releasing license: Implementation
48 Infos, 4 Warnings, 10 Critical Warnings and 0 Errors encountered.
opt_design completed successfully
opt_design: Time (s): cpu = 00:00:12 ; elapsed = 00:02:49 . Memory (MB): peak = 1822.492 ; gain = 348.285
INFO: [Timing 38-35] Done setting XDC timing constraints.
INFO: [Timing 38-480] Writing timing data to binary archive.
Writing placer database...
Writing XDEF routing.
Writing XDEF routing logical nets.
Writing XDEF routing special nets.
Write XDEF Complete: Time (s): cpu = 00:00:01 ; elapsed = 00:00:00.119 . Memory (MB): peak = 1822.492 ; gain = 0.000
INFO: [Common 17-1381] The checkpoint 'C:/devWorks/SoC_Neopixel_VHDL/XTRA_SoC_Neopixel.runs/impl_1/design_1_wrapper_opt.dcp' has been generated.
INFO: [runtcl-4] Executing : report_drc -file design_1_wrapper_drc_opted.rpt -pb design_1_wrapper_drc_opted.pb -rpx design_1_wrapper_drc_opted.rpx
Command: report_drc -file design_1_wrapper_drc_opted.rpt -pb design_1_wrapper_drc_opted.pb -rpx design_1_wrapper_drc_opted.rpx
INFO: [IP_Flow 19-1839] IP Catalog is up to date.
INFO: [DRC 23-27] Running DRC with 2 threads
INFO: [Vivado_Tcl 2-168] The results of DRC are in file C:/devWorks/SoC_Neopixel_VHDL/XTRA_SoC_Neopixel.runs/impl_1/design_1_wrapper_drc_opted.rpt.
report_drc completed successfully
INFO: [Chipscope 16-240] Debug cores have already been implemented
Command: place_design
Attempting to get a license for feature 'Implementation' and/or device 'xc7z020'
INFO: [Common 17-349] Got license for feature 'Implementation' and/or device 'xc7z020'
INFO: [DRC 23-27] Running DRC with 2 threads
INFO: [Vivado_Tcl 4-198] DRC finished with 0 Errors
INFO: [Vivado_Tcl 4-199] Please refer to the DRC report (report_drc) for more information.
Running DRC as a precondition to command place_design
INFO: [DRC 23-27] Running DRC with 2 threads
INFO: [Vivado_Tcl 4-198] DRC finished with 0 Errors
INFO: [Vivado_Tcl 4-199] Please refer to the DRC report (report_drc) for more information.

Starting Placer Task
INFO: [Place 30-611] Multithreading enabled for place_design using a maximum of 2 CPUs

Phase 1 Placer Initialization

Phase 1.1 Placer Initialization Netlist Sorting
Netlist sorting complete. Time (s): cpu = 00:00:00 ; elapsed = 00:00:00.002 . Memory (MB): peak = 1829.809 ; gain = 0.000
Phase 1.1 Placer Initialization Netlist Sorting | Checksum: 33e07084

Time (s): cpu = 00:00:00 ; elapsed = 00:00:00.021 . Memory (MB): peak = 1829.809 ; gain = 0.000
Netlist sorting complete. Time (s): cpu = 00:00:00 ; elapsed = 00:00:00.002 . Memory (MB): peak = 1829.809 ; gain = 0.000

Phase 1.2 IO Placement/ Clock Placement/ Build Placer Device
Phase 1.2 IO Placement/ Clock Placement/ Build Placer Device | Checksum: 9f12aaaf

Time (s): cpu = 00:00:01 ; elapsed = 00:00:00.862 . Memory (MB): peak = 1829.809 ; gain = 0.000

Phase 1.3 Build Placer Netlist Model
Phase 1.3 Build Placer Netlist Model | Checksum: d222d8b4

Time (s): cpu = 00:00:02 ; elapsed = 00:00:02 . Memory (MB): peak = 1829.809 ; gain = 0.000

Phase 1.4 Constrain Clocks/Macros
Phase 1.4 Constrain Clocks/Macros | Checksum: d222d8b4

Time (s): cpu = 00:00:02 ; elapsed = 00:00:02 . Memory (MB): peak = 1829.809 ; gain = 0.000
Phase 1 Placer Initialization | Checksum: d222d8b4

Time (s): cpu = 00:00:02 ; elapsed = 00:00:02 . Memory (MB): peak = 1829.809 ; gain = 0.000

Phase 2 Global Placement

Phase 2.1 Floorplanning
Phase 2.1 Floorplanning | Checksum: ab0ebd2b

Time (s): cpu = 00:00:03 ; elapsed = 00:00:02 . Memory (MB): peak = 1829.809 ; gain = 0.000

Phase 2.2 Update Timing before SLR Path Opt
Phase 2.2 Update Timing before SLR Path Opt | Checksum: 1060c6405

Time (s): cpu = 00:00:03 ; elapsed = 00:00:02 . Memory (MB): peak = 1829.809 ; gain = 0.000

Phase 2.3 Post-Processing in Floorplanning
Phase 2.3 Post-Processing in Floorplanning | Checksum: 1060c6405

Time (s): cpu = 00:00:03 ; elapsed = 00:00:02 . Memory (MB): peak = 1829.809 ; gain = 0.000

Phase 2.4 Global Placement Core

Phase 2.4.1 Physical Synthesis In Placer
INFO: [Physopt 32-1035] Found 0 LUTNM shape to break, 104 LUT instances to create LUTNM shape
INFO: [Physopt 32-1044] Break lutnm for timing: one critical 0, two critical 0, total 0, new lutff created 0
INFO: [Physopt 32-1138] End 1 Pass. Optimized 48 nets or LUTs. Breaked 0 LUT, combined 48 existing LUTs and moved 0 existing LUT
INFO: [Physopt 32-65] No nets found for high-fanout optimization.
INFO: [Physopt 32-232] Optimized 0 net. Created 0 new instance.
INFO: [Physopt 32-775] End 1 Pass. Optimized 0 net or cell. Created 0 new cell, deleted 0 existing cell and moved 0 existing cell
INFO: [Physopt 32-670] No setup violation found.  DSP Register Optimization was not performed.
INFO: [Physopt 32-670] No setup violation found.  Shift Register to Pipeline Optimization was not performed.
INFO: [Physopt 32-670] No setup violation found.  Shift Register Optimization was not performed.
INFO: [Physopt 32-670] No setup violation found.  BRAM Register Optimization was not performed.
INFO: [Physopt 32-670] No setup violation found.  URAM Register Optimization was not performed.
INFO: [Physopt 32-949] No candidate nets found for dynamic/static region interface net replication
INFO: [Physopt 32-775] End 1 Pass. Optimized 0 net or cell. Created 0 new cell, deleted 0 existing cell and moved 0 existing cell
Netlist sorting complete. Time (s): cpu = 00:00:00 ; elapsed = 00:00:00.005 . Memory (MB): peak = 1829.809 ; gain = 0.000

Summary of Physical Synthesis Optimizations
============================================


-----------------------------------------------------------------------------------------------------------------------------------------------------------
|  Optimization                                     |  Added Cells  |  Removed Cells  |  Optimized Cells/Nets  |  Dont Touch  |  Iterations  |  Elapsed   |
-----------------------------------------------------------------------------------------------------------------------------------------------------------
|  LUT Combining                                    |            0  |             48  |                    48  |           0  |           1  |  00:00:00  |
|  Retime                                           |            0  |              0  |                     0  |           0  |           1  |  00:00:00  |
|  Very High Fanout                                 |            0  |              0  |                     0  |           0  |           1  |  00:00:00  |
|  DSP Register                                     |            0  |              0  |                     0  |           0  |           0  |  00:00:00  |
|  Shift Register to Pipeline                       |            0  |              0  |                     0  |           0  |           0  |  00:00:00  |
|  Shift Register                                   |            0  |              0  |                     0  |           0  |           0  |  00:00:00  |
|  BRAM Register                                    |            0  |              0  |                     0  |           0  |           0  |  00:00:00  |
|  URAM Register                                    |            0  |              0  |                     0  |           0  |           0  |  00:00:00  |
|  Dynamic/Static Region Interface Net Replication  |            0  |              0  |                     0  |           0  |           1  |  00:00:00  |
|  Total                                            |            0  |             48  |                    48  |           0  |           4  |  00:00:00  |
-----------------------------------------------------------------------------------------------------------------------------------------------------------


Phase 2.4.1 Physical Synthesis In Placer | Checksum: b1182125

Time (s): cpu = 00:00:12 ; elapsed = 00:00:07 . Memory (MB): peak = 1829.809 ; gain = 0.000
Phase 2.4 Global Placement Core | Checksum: 1520d5d9b

Time (s): cpu = 00:00:12 ; elapsed = 00:00:07 . Memory (MB): peak = 1829.809 ; gain = 0.000
Phase 2 Global Placement | Checksum: 1520d5d9b

Time (s): cpu = 00:00:12 ; elapsed = 00:00:07 . Memory (MB): peak = 1829.809 ; gain = 0.000

Phase 3 Detail Placement

Phase 3.1 Commit Multi Column Macros
Phase 3.1 Commit Multi Column Macros | Checksum: d49d7269

Time (s): cpu = 00:00:12 ; elapsed = 00:00:08 . Memory (MB): peak = 1829.809 ; gain = 0.000

Phase 3.2 Commit Most Macros & LUTRAMs
Phase 3.2 Commit Most Macros & LUTRAMs | Checksum: 1e5bcef33

Time (s): cpu = 00:00:13 ; elapsed = 00:00:08 . Memory (MB): peak = 1829.809 ; gain = 0.000

Phase 3.3 Area Swap Optimization
Phase 3.3 Area Swap Optimization | Checksum: 170f9cd87

Time (s): cpu = 00:00:13 ; elapsed = 00:00:08 . Memory (MB): peak = 1829.809 ; gain = 0.000

Phase 3.4 Pipeline Register Optimization
Phase 3.4 Pipeline Register Optimization | Checksum: 1f12a7e9d

Time (s): cpu = 00:00:13 ; elapsed = 00:00:08 . Memory (MB): peak = 1829.809 ; gain = 0.000

Phase 3.5 Small Shape Detail Placement
Phase 3.5 Small Shape Detail Placement | Checksum: bd8663c3

Time (s): cpu = 00:00:14 ; elapsed = 00:00:10 . Memory (MB): peak = 1829.809 ; gain = 0.000

Phase 3.6 Re-assign LUT pins
Phase 3.6 Re-assign LUT pins | Checksum: 12ff9b196

Time (s): cpu = 00:00:15 ; elapsed = 00:00:10 . Memory (MB): peak = 1829.809 ; gain = 0.000

Phase 3.7 Pipeline Register Optimization
Phase 3.7 Pipeline Register Optimization | Checksum: 1b029644c

Time (s): cpu = 00:00:15 ; elapsed = 00:00:10 . Memory (MB): peak = 1829.809 ; gain = 0.000
Phase 3 Detail Placement | Checksum: 1b029644c

Time (s): cpu = 00:00:15 ; elapsed = 00:00:10 . Memory (MB): peak = 1829.809 ; gain = 0.000

Phase 4 Post Placement Optimization and Clean-Up

Phase 4.1 Post Commit Optimization
INFO: [Timing 38-35] Done setting XDC timing constraints.

Phase 4.1.1 Post Placement Optimization
Post Placement Optimization Initialization | Checksum: 172a116c7

Phase 4.1.1.1 BUFG Insertion

Starting Physical Synthesis Task

Phase 1 Physical Synthesis Initialization
INFO: [Physopt 32-721] Multithreading enabled for phys_opt_design using a maximum of 2 CPUs
INFO: [Physopt 32-619] Estimated Timing Summary | WNS=14.525 | TNS=0.000 |
Phase 1 Physical Synthesis Initialization | Checksum: ea07938d

Time (s): cpu = 00:00:01 ; elapsed = 00:00:00.144 . Memory (MB): peak = 1829.809 ; gain = 0.000
INFO: [Place 46-56] BUFG insertion identified 0 candidate nets. Inserted BUFG: 0, Replicated BUFG Driver: 0, Skipped due to Placement/Routing Conflicts: 0, Skipped due to Timing Degradation: 0, Skipped due to Illegal Netlist: 0.
Ending Physical Synthesis Task | Checksum: 160b7fa57

Time (s): cpu = 00:00:01 ; elapsed = 00:00:00.161 . Memory (MB): peak = 1829.809 ; gain = 0.000
Phase 4.1.1.1 BUFG Insertion | Checksum: 172a116c7

Time (s): cpu = 00:00:17 ; elapsed = 00:00:11 . Memory (MB): peak = 1829.809 ; gain = 0.000

Phase 4.1.1.2 Post Placement Timing Optimization
INFO: [Place 30-746] Post Placement Timing Summary WNS=14.525. For the most accurate timing information please run report_timing.
Phase 4.1.1.2 Post Placement Timing Optimization | Checksum: 11b58f4df

Time (s): cpu = 00:00:17 ; elapsed = 00:00:11 . Memory (MB): peak = 1829.809 ; gain = 0.000

Time (s): cpu = 00:00:17 ; elapsed = 00:00:11 . Memory (MB): peak = 1829.809 ; gain = 0.000
Phase 4.1 Post Commit Optimization | Checksum: 11b58f4df

Time (s): cpu = 00:00:17 ; elapsed = 00:00:11 . Memory (MB): peak = 1829.809 ; gain = 0.000

Phase 4.2 Post Placement Cleanup
Phase 4.2 Post Placement Cleanup | Checksum: 11b58f4df

Time (s): cpu = 00:00:17 ; elapsed = 00:00:11 . Memory (MB): peak = 1829.809 ; gain = 0.000

Phase 4.3 Placer Reporting

Phase 4.3.1 Print Estimated Congestion
INFO: [Place 30-612] Post-Placement Estimated Congestion 
 ____________________________________________________
|           | Global Congestion | Short Congestion  |
| Direction | Region Size       | Region Size       |
|___________|___________________|___________________|
|      North|                1x1|                1x1|
|___________|___________________|___________________|
|      South|                1x1|                1x1|
|___________|___________________|___________________|
|       East|                1x1|                1x1|
|___________|___________________|___________________|
|       West|                1x1|                1x1|
|___________|___________________|___________________|

Phase 4.3.1 Print Estimated Congestion | Checksum: 11b58f4df

Time (s): cpu = 00:00:17 ; elapsed = 00:00:11 . Memory (MB): peak = 1829.809 ; gain = 0.000
Phase 4.3 Placer Reporting | Checksum: 11b58f4df

Time (s): cpu = 00:00:17 ; elapsed = 00:00:11 . Memory (MB): peak = 1829.809 ; gain = 0.000

Phase 4.4 Final Placement Cleanup
Netlist sorting complete. Time (s): cpu = 00:00:00 ; elapsed = 00:00:00.002 . Memory (MB): peak = 1829.809 ; gain = 0.000

Time (s): cpu = 00:00:17 ; elapsed = 00:00:11 . Memory (MB): peak = 1829.809 ; gain = 0.000
Phase 4 Post Placement Optimization and Clean-Up | Checksum: 1edd8164e

Time (s): cpu = 00:00:17 ; elapsed = 00:00:11 . Memory (MB): peak = 1829.809 ; gain = 0.000
Ending Placer Task | Checksum: 1dca173fb

Time (s): cpu = 00:00:17 ; elapsed = 00:00:11 . Memory (MB): peak = 1829.809 ; gain = 0.000
INFO: [Common 17-83] Releasing license: Implementation
84 Infos, 4 Warnings, 10 Critical Warnings and 0 Errors encountered.
place_design completed successfully
place_design: Time (s): cpu = 00:00:21 ; elapsed = 00:00:13 . Memory (MB): peak = 1829.809 ; gain = 0.996
INFO: [Timing 38-480] Writing timing data to binary archive.
Writing placer database...
Writing XDEF routing.
Writing XDEF routing logical nets.
Writing XDEF routing special nets.
Write XDEF Complete: Time (s): cpu = 00:00:02 ; elapsed = 00:00:00.570 . Memory (MB): peak = 1829.809 ; gain = 0.000
INFO: [Common 17-1381] The checkpoint 'C:/devWorks/SoC_Neopixel_VHDL/XTRA_SoC_Neopixel.runs/impl_1/design_1_wrapper_placed.dcp' has been generated.
INFO: [runtcl-4] Executing : report_io -file design_1_wrapper_io_placed.rpt
report_io: Time (s): cpu = 00:00:00 ; elapsed = 00:00:00.090 . Memory (MB): peak = 1829.809 ; gain = 0.000
INFO: [runtcl-4] Executing : report_utilization -file design_1_wrapper_utilization_placed.rpt -pb design_1_wrapper_utilization_placed.pb
INFO: [runtcl-4] Executing : report_control_sets -verbose -file design_1_wrapper_control_sets_placed.rpt
report_control_sets: Time (s): cpu = 00:00:00 ; elapsed = 00:00:00.020 . Memory (MB): peak = 1829.809 ; gain = 0.000
Command: phys_opt_design
Attempting to get a license for feature 'Implementation' and/or device 'xc7z020'
INFO: [Common 17-349] Got license for feature 'Implementation' and/or device 'xc7z020'
INFO: [Vivado_Tcl 4-383] Design worst setup slack (WNS) is greater than or equal to 0.000 ns. Skipping all physical synthesis optimizations.
INFO: [Vivado_Tcl 4-232] No setup violation found. The netlist was not modified.
INFO: [Common 17-83] Releasing license: Implementation
93 Infos, 4 Warnings, 10 Critical Warnings and 0 Errors encountered.
phys_opt_design completed successfully
INFO: [Timing 38-480] Writing timing data to binary archive.
Writing placer database...
Writing XDEF routing.
Writing XDEF routing logical nets.
Writing XDEF routing special nets.
Write XDEF Complete: Time (s): cpu = 00:00:03 ; elapsed = 00:00:00.985 . Memory (MB): peak = 1848.391 ; gain = 18.582
INFO: [Common 17-1381] The checkpoint 'C:/devWorks/SoC_Neopixel_VHDL/XTRA_SoC_Neopixel.runs/impl_1/design_1_wrapper_physopt.dcp' has been generated.
Command: route_design
Attempting to get a license for feature 'Implementation' and/or device 'xc7z020'
INFO: [Common 17-349] Got license for feature 'Implementation' and/or device 'xc7z020'
Running DRC as a precondition to command route_design
INFO: [DRC 23-27] Running DRC with 2 threads
INFO: [Vivado_Tcl 4-198] DRC finished with 0 Errors
INFO: [Vivado_Tcl 4-199] Please refer to the DRC report (report_drc) for more information.


Starting Routing Task
INFO: [Route 35-254] Multithreading enabled for route_design using a maximum of 2 CPUs

Phase 1 Build RT Design
Checksum: PlaceDB: df2f2b05 ConstDB: 0 ShapeSum: fd7248f6 RouteDB: 0
Post Restoration Checksum: NetGraph: 6630482d NumContArr: 9be80a4a Constraints: 0 Timing: 0
Phase 1 Build RT Design | Checksum: 102185277

Time (s): cpu = 00:00:55 ; elapsed = 00:00:50 . Memory (MB): peak = 1936.801 ; gain = 87.289

Phase 2 Router Initialization

Phase 2.1 Create Timer
Phase 2.1 Create Timer | Checksum: 102185277

Time (s): cpu = 00:00:55 ; elapsed = 00:00:50 . Memory (MB): peak = 1936.801 ; gain = 87.289

Phase 2.2 Fix Topology Constraints
Phase 2.2 Fix Topology Constraints | Checksum: 102185277

Time (s): cpu = 00:00:55 ; elapsed = 00:00:50 . Memory (MB): peak = 1943.621 ; gain = 94.109

Phase 2.3 Pre Route Cleanup
Phase 2.3 Pre Route Cleanup | Checksum: 102185277

Time (s): cpu = 00:00:55 ; elapsed = 00:00:50 . Memory (MB): peak = 1943.621 ; gain = 94.109
 Number of Nodes with overlaps = 0

Phase 2.4 Update Timing
Phase 2.4 Update Timing | Checksum: 19d3b1f06

Time (s): cpu = 00:00:58 ; elapsed = 00:00:53 . Memory (MB): peak = 1959.316 ; gain = 109.805
INFO: [Route 35-416] Intermediate Timing Summary | WNS=14.594 | TNS=0.000  | WHS=-0.152 | THS=-24.508|


Router Utilization Summary
  Global Vertical Routing Utilization    = 0 %
  Global Horizontal Routing Utilization  = 0 %
  Routable Net Status*
  *Does not include unroutable nets such as driverless and loadless.
  Run report_route_status for detailed report.
  Number of Failed Nets               = 2211
    (Failed Nets is the sum of unrouted and partially routed nets)
  Number of Unrouted Nets             = 2211
  Number of Partially Routed Nets     = 0
  Number of Node Overlaps             = 0

Phase 2 Router Initialization | Checksum: 1f0cc4fb3

Time (s): cpu = 00:00:59 ; elapsed = 00:00:53 . Memory (MB): peak = 1962.195 ; gain = 112.684

Phase 3 Initial Routing

Phase 3.1 Global Routing
Phase 3.1 Global Routing | Checksum: 1f0cc4fb3

Time (s): cpu = 00:00:59 ; elapsed = 00:00:53 . Memory (MB): peak = 1962.195 ; gain = 112.684
Phase 3 Initial Routing | Checksum: 17f9c03c4

Time (s): cpu = 00:01:00 ; elapsed = 00:00:54 . Memory (MB): peak = 1962.195 ; gain = 112.684

Phase 4 Rip-up And Reroute

Phase 4.1 Global Iteration 0
 Number of Nodes with overlaps = 168
 Number of Nodes with overlaps = 0
INFO: [Route 35-416] Intermediate Timing Summary | WNS=12.843 | TNS=0.000  | WHS=N/A    | THS=N/A    |

Phase 4.1 Global Iteration 0 | Checksum: 1e7ff976f

Time (s): cpu = 00:01:02 ; elapsed = 00:00:55 . Memory (MB): peak = 1962.195 ; gain = 112.684

Phase 4.2 Global Iteration 1
 Number of Nodes with overlaps = 1
 Number of Nodes with overlaps = 0
INFO: [Route 35-416] Intermediate Timing Summary | WNS=12.843 | TNS=0.000  | WHS=N/A    | THS=N/A    |

Phase 4.2 Global Iteration 1 | Checksum: d2d7bda6

Time (s): cpu = 00:01:02 ; elapsed = 00:00:55 . Memory (MB): peak = 1962.195 ; gain = 112.684
Phase 4 Rip-up And Reroute | Checksum: d2d7bda6

Time (s): cpu = 00:01:02 ; elapsed = 00:00:55 . Memory (MB): peak = 1962.195 ; gain = 112.684

Phase 5 Delay and Skew Optimization

Phase 5.1 Delay CleanUp
Phase 5.1 Delay CleanUp | Checksum: d2d7bda6

Time (s): cpu = 00:01:02 ; elapsed = 00:00:55 . Memory (MB): peak = 1962.195 ; gain = 112.684

Phase 5.2 Clock Skew Optimization
Phase 5.2 Clock Skew Optimization | Checksum: d2d7bda6

Time (s): cpu = 00:01:02 ; elapsed = 00:00:55 . Memory (MB): peak = 1962.195 ; gain = 112.684
Phase 5 Delay and Skew Optimization | Checksum: d2d7bda6

Time (s): cpu = 00:01:02 ; elapsed = 00:00:55 . Memory (MB): peak = 1962.195 ; gain = 112.684

Phase 6 Post Hold Fix

Phase 6.1 Hold Fix Iter

Phase 6.1.1 Update Timing
Phase 6.1.1 Update Timing | Checksum: 150973fbf

Time (s): cpu = 00:01:02 ; elapsed = 00:00:56 . Memory (MB): peak = 1962.195 ; gain = 112.684
INFO: [Route 35-416] Intermediate Timing Summary | WNS=12.958 | TNS=0.000  | WHS=0.083  | THS=0.000  |

Phase 6.1 Hold Fix Iter | Checksum: 15749ee99

Time (s): cpu = 00:01:02 ; elapsed = 00:00:56 . Memory (MB): peak = 1962.195 ; gain = 112.684
Phase 6 Post Hold Fix | Checksum: 15749ee99

Time (s): cpu = 00:01:02 ; elapsed = 00:00:56 . Memory (MB): peak = 1962.195 ; gain = 112.684

Phase 7 Route finalize

Router Utilization Summary
  Global Vertical Routing Utilization    = 0.289272 %
  Global Horizontal Routing Utilization  = 0.371788 %
  Routable Net Status*
  *Does not include unroutable nets such as driverless and loadless.
  Run report_route_status for detailed report.
  Number of Failed Nets               = 0
    (Failed Nets is the sum of unrouted and partially routed nets)
  Number of Unrouted Nets             = 0
  Number of Partially Routed Nets     = 0
  Number of Node Overlaps             = 0

Phase 7 Route finalize | Checksum: 18d618773

Time (s): cpu = 00:01:02 ; elapsed = 00:00:56 . Memory (MB): peak = 1962.195 ; gain = 112.684

Phase 8 Verifying routed nets

 Verification completed successfully
Phase 8 Verifying routed nets | Checksum: 18d618773

Time (s): cpu = 00:01:02 ; elapsed = 00:00:56 . Memory (MB): peak = 1962.195 ; gain = 112.684

Phase 9 Depositing Routes
Phase 9 Depositing Routes | Checksum: 221314530

Time (s): cpu = 00:01:03 ; elapsed = 00:00:56 . Memory (MB): peak = 1962.195 ; gain = 112.684

Phase 10 Post Router Timing
INFO: [Route 35-57] Estimated Timing Summary | WNS=12.958 | TNS=0.000  | WHS=0.083  | THS=0.000  |

INFO: [Route 35-327] The final timing numbers are based on the router estimated timing analysis. For a complete and accurate timing signoff, please run report_timing_summary.
Phase 10 Post Router Timing | Checksum: 221314530

Time (s): cpu = 00:01:03 ; elapsed = 00:00:56 . Memory (MB): peak = 1962.195 ; gain = 112.684
INFO: [Route 35-16] Router Completed Successfully

Time (s): cpu = 00:01:03 ; elapsed = 00:00:56 . Memory (MB): peak = 1962.195 ; gain = 112.684

Routing Is Done.
INFO: [Common 17-83] Releasing license: Implementation
108 Infos, 4 Warnings, 10 Critical Warnings and 0 Errors encountered.
route_design completed successfully
route_design: Time (s): cpu = 00:01:09 ; elapsed = 00:01:00 . Memory (MB): peak = 1962.195 ; gain = 113.805
INFO: [Timing 38-480] Writing timing data to binary archive.
Writing placer database...
Writing XDEF routing.
Writing XDEF routing logical nets.
Writing XDEF routing special nets.
Write XDEF Complete: Time (s): cpu = 00:00:03 ; elapsed = 00:00:00.828 . Memory (MB): peak = 1980.805 ; gain = 18.609
INFO: [Common 17-1381] The checkpoint 'C:/devWorks/SoC_Neopixel_VHDL/XTRA_SoC_Neopixel.runs/impl_1/design_1_wrapper_routed.dcp' has been generated.
INFO: [runtcl-4] Executing : report_drc -file design_1_wrapper_drc_routed.rpt -pb design_1_wrapper_drc_routed.pb -rpx design_1_wrapper_drc_routed.rpx
Command: report_drc -file design_1_wrapper_drc_routed.rpt -pb design_1_wrapper_drc_routed.pb -rpx design_1_wrapper_drc_routed.rpx
INFO: [IP_Flow 19-1839] IP Catalog is up to date.
INFO: [DRC 23-27] Running DRC with 2 threads
INFO: [Vivado_Tcl 2-168] The results of DRC are in file C:/devWorks/SoC_Neopixel_VHDL/XTRA_SoC_Neopixel.runs/impl_1/design_1_wrapper_drc_routed.rpt.
report_drc completed successfully
report_drc: Time (s): cpu = 00:00:08 ; elapsed = 00:00:05 . Memory (MB): peak = 1989.938 ; gain = 9.133
INFO: [runtcl-4] Executing : report_methodology -file design_1_wrapper_methodology_drc_routed.rpt -pb design_1_wrapper_methodology_drc_routed.pb -rpx design_1_wrapper_methodology_drc_routed.rpx
Command: report_methodology -file design_1_wrapper_methodology_drc_routed.rpt -pb design_1_wrapper_methodology_drc_routed.pb -rpx design_1_wrapper_methodology_drc_routed.rpx
INFO: [Timing 38-35] Done setting XDC timing constraints.
INFO: [DRC 23-133] Running Methodology with 2 threads
INFO: [Vivado_Tcl 2-1520] The results of Report Methodology are in file C:/devWorks/SoC_Neopixel_VHDL/XTRA_SoC_Neopixel.runs/impl_1/design_1_wrapper_methodology_drc_routed.rpt.
report_methodology completed successfully
INFO: [runtcl-4] Executing : report_power -file design_1_wrapper_power_routed.rpt -pb design_1_wrapper_power_summary_routed.pb -rpx design_1_wrapper_power_routed.rpx
Command: report_power -file design_1_wrapper_power_routed.rpt -pb design_1_wrapper_power_summary_routed.pb -rpx design_1_wrapper_power_routed.rpx
INFO: [Timing 38-35] Done setting XDC timing constraints.
Running Vector-less Activity Propagation...

Finished Running Vector-less Activity Propagation
WARNING: [Power 33-332] Found switching activity that implies high-fanout reset nets being asserted for excessive periods of time which may result in inaccurate power analysis.
Resolution: To review and fix problems, please run Power Constraints Advisor in the GUI from Tools > Power Constraints Advisor or run report_power with the -advisory option to generate a text report.
120 Infos, 5 Warnings, 10 Critical Warnings and 0 Errors encountered.
report_power completed successfully
INFO: [runtcl-4] Executing : report_route_status -file design_1_wrapper_route_status.rpt -pb design_1_wrapper_route_status.pb
INFO: [runtcl-4] Executing : report_timing_summary -max_paths 10 -report_unconstrained -file design_1_wrapper_timing_summary_routed.rpt -pb design_1_wrapper_timing_summary_routed.pb -rpx design_1_wrapper_timing_summary_routed.rpx -warn_on_violation 
INFO: [Timing 38-91] UpdateTimingParams: Speed grade: -1, Delay Type: min_max.
INFO: [Timing 38-191] Multithreading enabled for timing update using a maximum of 2 CPUs
INFO: [runtcl-4] Executing : report_incremental_reuse -file design_1_wrapper_incremental_reuse_routed.rpt
INFO: [Vivado_Tcl 4-1062] Incremental flow is disabled. No incremental reuse Info to report.
INFO: [runtcl-4] Executing : report_clock_utilization -file design_1_wrapper_clock_utilization_routed.rpt
INFO: [runtcl-4] Executing : report_bus_skew -warn_on_violation -file design_1_wrapper_bus_skew_routed.rpt -pb design_1_wrapper_bus_skew_routed.pb -rpx design_1_wrapper_bus_skew_routed.rpx
INFO: [Timing 38-91] UpdateTimingParams: Speed grade: -1, Delay Type: min_max.
INFO: [Timing 38-191] Multithreading enabled for timing update using a maximum of 2 CPUs
Command: write_bitstream -force design_1_wrapper.bit
Attempting to get a license for feature 'Implementation' and/or device 'xc7z020'
INFO: [Common 17-349] Got license for feature 'Implementation' and/or device 'xc7z020'
Running DRC as a precondition to command write_bitstream
INFO: [IP_Flow 19-1839] IP Catalog is up to date.
INFO: [DRC 23-27] Running DRC with 2 threads
WARNING: [DRC PDCN-1569] LUT equation term check: Used physical LUT pin 'A1' of cell dbg_hub/inst/BSCANID.u_xsdbm_id/SWITCH_N_EXT_BSCAN.bscan_switch/temp_curid[31]_i_1 (pin dbg_hub/inst/BSCANID.u_xsdbm_id/SWITCH_N_EXT_BSCAN.bscan_switch/temp_curid[31]_i_1/I0) is not included in the LUT equation: 'O5=(A2*A3)+(A2*(~A3)*(~A4))+((~A2))'. If this cell is a user instantiated LUT in the design, please remove connectivity to the pin or change the equation and/or INIT string of the LUT to prevent this issue. If the cell is inferred or IP created LUT, please regenerate the IP and/or resynthesize the design to attempt to correct the issue.
WARNING: [DRC PDCN-1569] LUT equation term check: Used physical LUT pin 'A2' of cell dbg_hub/inst/BSCANID.u_xsdbm_id/SWITCH_N_EXT_BSCAN.id_state[0]_i_1 (pin dbg_hub/inst/BSCANID.u_xsdbm_id/SWITCH_N_EXT_BSCAN.id_state[0]_i_1/I0) is not included in the LUT equation: 'O6=(A6+~A6)*((A3))'. If this cell is a user instantiated LUT in the design, please remove connectivity to the pin or change the equation and/or INIT string of the LUT to prevent this issue. If the cell is inferred or IP created LUT, please regenerate the IP and/or resynthesize the design to attempt to correct the issue.
WARNING: [DRC PDCN-1569] LUT equation term check: Used physical LUT pin 'A5' of cell dbg_hub/inst/BSCANID.u_xsdbm_id/SWITCH_N_EXT_BSCAN.bscan_switch/temp_curid[31]_i_1 (pin dbg_hub/inst/BSCANID.u_xsdbm_id/SWITCH_N_EXT_BSCAN.bscan_switch/temp_curid[31]_i_1/I1) is not included in the LUT equation: 'O5=(A2*A3)+(A2*(~A3)*(~A4))+((~A2))'. If this cell is a user instantiated LUT in the design, please remove connectivity to the pin or change the equation and/or INIT string of the LUT to prevent this issue. If the cell is inferred or IP created LUT, please regenerate the IP and/or resynthesize the design to attempt to correct the issue.
WARNING: [DRC RTSTAT-10] No routable loads: 19 net(s) have no routable loads. The problem bus(es) and/or net(s) are dbg_hub/inst/BSCANID.u_xsdbm_id/CORE_XSDB.UUT_MASTER/U_ICON_INTERFACE/U_CMD6_RD/U_RD_FIFO/SUBCORE_FIFO.xsdbm_v3_0_0_rdfifo_inst/inst_fifo_gen/gconvfifo.rf/grf.rf/gntv_or_sync_fifo.gl0.rd/gr1.gr1_int.rfwft/aempty_fwft_i, dbg_hub/inst/BSCANID.u_xsdbm_id/CORE_XSDB.UUT_MASTER/U_ICON_INTERFACE/U_CMD7_CTL/ctl_reg[2:0], dbg_hub/inst/BSCANID.u_xsdbm_id/CORE_XSDB.UUT_MASTER/U_ICON_INTERFACE/U_CMD1/ctl_reg_en_2[1], dbg_hub/inst/BSCANID.u_xsdbm_id/CORE_XSDB.UUT_MASTER/U_ICON_INTERFACE/U_CMD7_CTL/ctl_reg_en_2[1], dbg_hub/inst/BSCANID.u_xsdbm_id/SWITCH_N_EXT_BSCAN.bscan_switch/m_bscan_capture[0], dbg_hub/inst/BSCANID.u_xsdbm_id/SWITCH_N_EXT_BSCAN.bscan_switch/m_bscan_drck[0], dbg_hub/inst/BSCANID.u_xsdbm_id/SWITCH_N_EXT_BSCAN.bscan_switch/m_bscan_runtest[0], dbg_hub/inst/BSCANID.u_xsdbm_id/CORE_XSDB.UUT_MASTER/U_ICON_INTERFACE/U_CMD6_RD/U_RD_FIFO/SUBCORE_FIFO.xsdbm_v3_0_0_rdfifo_inst/inst_fifo_gen/gconvfifo.rf/grf.rf/gntv_or_sync_fifo.gl0.wr/gwhf.whf/overflow, dbg_hub/inst/BSCANID.u_xsdbm_id/CORE_XSDB.UUT_MASTER/U_ICON_INTERFACE/U_CMD6_WR/U_WR_FIFO/SUBCORE_FIFO.xsdbm_v3_0_0_wrfifo_inst/inst_fifo_gen/gconvfifo.rf/grf.rf/gntv_or_sync_fifo.gl0.wr/gwhf.whf/overflow, dbg_hub/inst/BSCANID.u_xsdbm_id/CORE_XSDB.UUT_MASTER/U_ICON_INTERFACE/U_CMD6_RD/U_RD_FIFO/SUBCORE_FIFO.xsdbm_v3_0_0_rdfifo_inst/inst_fifo_gen/gconvfifo.rf/grf.rf/gntv_or_sync_fifo.gl0.rd/gras.rsts/ram_empty_i, dbg_hub/inst/BSCANID.u_xsdbm_id/CORE_XSDB.UUT_MASTER/U_ICON_INTERFACE/U_CMD6_WR/U_WR_FIFO/SUBCORE_FIFO.xsdbm_v3_0_0_wrfifo_inst/inst_fifo_gen/gconvfifo.rf/grf.rf/gntv_or_sync_fifo.gl0.wr/gwas.wsts/ram_full_i, dbg_hub/inst/BSCANID.u_xsdbm_id/CORE_XSDB.UUT_MASTER/U_ICON_INTERFACE/U_CMD6_WR/U_WR_FIFO/SUBCORE_FIFO.xsdbm_v3_0_0_wrfifo_inst/inst_fifo_gen/gconvfifo.rf/grf.rf/rstblk/rd_rst_reg[0], dbg_hub/inst/BSCANID.u_xsdbm_id/SWITCH_N_EXT_BSCAN.bscan_inst/s_bscan_tms, dbg_hub/inst/BSCANID.u_xsdbm_id/CORE_XSDB.UUT_MASTER/U_ICON_INTERFACE/U_CMD6_WR/U_WR_FIFO/SUBCORE_FIFO.xsdbm_v3_0_0_wrfifo_inst/inst_fifo_gen/gconvfifo.rf/grf.rf/gntv_or_sync_fifo.gl0.rd/grhf.rhf/underflow, dbg_hub/inst/BSCANID.u_xsdbm_id/CORE_XSDB.UUT_MASTER/U_ICON_INTERFACE/U_CMD6_RD/U_RD_FIFO/SUBCORE_FIFO.xsdbm_v3_0_0_rdfifo_inst/inst_fifo_gen/gconvfifo.rf/grf.rf/gntv_or_sync_fifo.gl0.rd/grhf.rhf/underflow... and (the first 15 of 17 listed).
WARNING: [DRC ZPS7-1] PS7 block required: The PS7 cell must be used in this Zynq design in order to enable correct default configuration.
INFO: [Vivado 12-3199] DRC finished with 0 Errors, 5 Warnings
INFO: [Vivado 12-3200] Please refer to the DRC report (report_drc) for more information.
INFO: [Designutils 20-2272] Running write_bitstream with 2 threads.
Loading data files...
Loading site data...
Loading route data...
Processing options...
Creating bitmap...
Creating bitstream...
Writing bitstream ./design_1_wrapper.bit...
INFO: [Vivado 12-1842] Bitgen Completed Successfully.
INFO: [Project 1-1876] WebTalk data collection is mandatory when using a ULT device. To see the specific WebTalk data collected for your design, open the usage_statistics_webtalk.html or usage_statistics_webtalk.xml file in the implementation directory.
INFO: [Common 17-83] Releasing license: Implementation
12 Infos, 5 Warnings, 0 Critical Warnings and 0 Errors encountered.
write_bitstream completed successfully
write_bitstream: Time (s): cpu = 00:00:27 ; elapsed = 00:00:25 . Memory (MB): peak = 2444.129 ; gain = 445.199
INFO: [Common 17-206] Exiting Vivado at Wed Jun  8 21:23:47 2022...
