22:36:33 **** Incremental Build of configuration Debug for project TimersGICApp ****
make all 
make --no-print-directory pre-build
a9-linaro-pre-build-step
' '
make --no-print-directory main-build
'Building file: ../src/helloworld.c'
'Invoking: ARM v7 gcc compiler'
arm-none-eabi-gcc -Wall -O0 -g3 -c -fmessage-length=0 -MT"src/helloworld.o" -mcpu=cortex-a9 -mfpu=vfpv3 -mfloat-abi=hard -IC:/Users/20002890/SoC_7_Timers_GIC/Vitis/SoC_7_Timers_GIC/export/SoC_7_Timers_GIC/sw/SoC_7_Timers_GIC/standalone_ps7_cortexa9_0/bspinclude/include -MMD -MP -MF"src/helloworld.d" -MT"src/helloworld.o" -o "src/helloworld.o" "../src/helloworld.c"
'Finished building: ../src/helloworld.c'
' '
'Building target: TimersGICApp.elf'
'Invoking: ARM v7 gcc linker'
arm-none-eabi-gcc -mcpu=cortex-a9 -mfpu=vfpv3 -mfloat-abi=hard -Wl,-build-id=none -specs=Xilinx.spec -Wl,-T -Wl,../src/lscript.ld -LC:/Users/20002890/SoC_7_Timers_GIC/Vitis/SoC_7_Timers_GIC/export/SoC_7_Timers_GIC/sw/SoC_7_Timers_GIC/standalone_ps7_cortexa9_0/bsplib/lib -o "TimersGICApp.elf"  ./src/helloworld.o ./src/platform.o   -Wl,--start-group,-lxil,-lgcc,-lc,--end-group
'Finished building target: TimersGICApp.elf'
' '
'Invoking: ARM v7 Print Size'
arm-none-eabi-size TimersGICApp.elf  |tee "TimersGICApp.elf.size"
   text	   data	    bss	    dec	    hex	filename
  58863	   3364	  22720	  84947	  14bd3	TimersGICApp.elf
'Finished building: TimersGICApp.elf.size'
' '

22:36:40 Build Finished (took 6s.972ms)

