16:26:51 INFO  : Launching XSCT server: xsct.bat -n  -interactive C:\devWorks\FPGA\eFPGA_GPIO\temp_xsdb_launch_script.tcl
16:27:06 INFO  : XSCT server has started successfully.
16:27:06 INFO  : plnx-install-location is set to ''
16:27:06 INFO  : Successfully done setting XSCT server connection channel  
16:27:07 INFO  : Registering command handlers for Vitis TCF services
16:27:10 INFO  : Successfully done setting workspace for the tool. 
16:27:10 INFO  : Successfully done query RDI_DATADIR 
16:30:59 INFO  : Successfully done sdx_reload_mss "C:/devWorks/FPGA/eFPGA_GPIO/eFPGA_GPIO/zynq_fsbl/zynq_fsbl_bsp/system.mss"
16:30:59 INFO  : Successfully done sdx_reload_mss "C:/devWorks/FPGA/eFPGA_GPIO/eFPGA_GPIO/ps7_cortexa9_0/standalone_domain/bsp/system.mss"
16:31:07 INFO  : (SwPlaform) Successfully done setParamInSpec 
16:31:10 INFO  : (SwPlaform) Successfully done setParamInSpec 
16:31:11 INFO  : (SwPlatform) Successfully done update_mss 
16:31:12 INFO  : Successfully done sdx_reload_mss "C:/devWorks/FPGA/eFPGA_GPIO/eFPGA_GPIO/ps7_cortexa9_0/standalone_domain/bsp/system.mss"
16:38:46 INFO  : Checking for BSP changes to sync application flags for project 'eFPGA_GPIO_Application'...
16:39:15 INFO  : Checking for BSP changes to sync application flags for project 'eFPGA_GPIO_Application'...
16:55:40 INFO  : Checking for BSP changes to sync application flags for project 'eFPGA_GPIO_Application'...
16:56:02 INFO  : Checking for BSP changes to sync application flags for project 'eFPGA_GPIO_Application'...
17:01:23 INFO  : Checking for BSP changes to sync application flags for project 'eFPGA_GPIO_Application'...
17:02:00 INFO  : Checking for BSP changes to sync application flags for project 'eFPGA_GPIO_Application'...
17:04:38 INFO  : Checking for BSP changes to sync application flags for project 'eFPGA_GPIO_Application'...
17:04:49 INFO  : Checking for BSP changes to sync application flags for project 'eFPGA_GPIO_Application'...
17:05:34 INFO  : Connected to target on host '127.0.0.1' and port '3121'.
17:05:36 INFO  : Jtag cable 'Avnet MiniZed V1 1234-oj1A' is selected.
17:05:36 INFO  : 'jtag frequency' command is executed.
17:05:36 INFO  : Context for 'APU' is selected.
17:05:36 INFO  : System reset is completed.
17:05:39 INFO  : 'after 3000' command is executed.
17:05:40 INFO  : 'targets -set -filter {jtag_cable_name =~ "Avnet MiniZed V1 1234-oj1A" && level==0} -index 1' command is executed.
17:05:41 INFO  : FPGA configured successfully with bitstream "C:/devWorks/FPGA/eFPGA_GPIO/eFPGA_GPIO_Application/_ide/bitstream/eFPGA_GPIO.bit"
17:05:42 INFO  : Context for 'APU' is selected.
17:05:42 INFO  : Hardware design information is loaded from 'C:/devWorks/FPGA/eFPGA_GPIO/eFPGA_GPIO/export/eFPGA_GPIO/hw/eFPGA_GPIO.xsa'.
17:05:42 INFO  : 'configparams force-mem-access 1' command is executed.
17:05:42 INFO  : Context for 'APU' is selected.
17:05:42 INFO  : Sourcing of 'C:/devWorks/FPGA/eFPGA_GPIO/eFPGA_GPIO_Application/_ide/psinit/ps7_init.tcl' is done.
17:05:42 INFO  : 'ps7_init' command is executed.
17:05:42 INFO  : 'ps7_post_config' command is executed.
17:05:42 INFO  : Context for processor 'ps7_cortexa9_0' is selected.
17:05:43 INFO  : The application 'C:/devWorks/FPGA/eFPGA_GPIO/eFPGA_GPIO_Application/Debug/eFPGA_GPIO_Application.elf' is downloaded to processor 'ps7_cortexa9_0'.
17:05:43 INFO  : 'configparams force-mem-access 0' command is executed.
17:05:43 INFO  : ----------------XSDB Script----------------
connect -url tcp:127.0.0.1:3121
targets -set -nocase -filter {name =~"APU*"}
rst -system
after 3000
targets -set -filter {jtag_cable_name =~ "Avnet MiniZed V1 1234-oj1A" && level==0} -index 1
fpga -file C:/devWorks/FPGA/eFPGA_GPIO/eFPGA_GPIO_Application/_ide/bitstream/eFPGA_GPIO.bit
targets -set -nocase -filter {name =~"APU*"}
loadhw -hw C:/devWorks/FPGA/eFPGA_GPIO/eFPGA_GPIO/export/eFPGA_GPIO/hw/eFPGA_GPIO.xsa -mem-ranges [list {0x40000000 0xbfffffff}]
configparams force-mem-access 1
targets -set -nocase -filter {name =~"APU*"}
source C:/devWorks/FPGA/eFPGA_GPIO/eFPGA_GPIO_Application/_ide/psinit/ps7_init.tcl
ps7_init
ps7_post_config
targets -set -nocase -filter {name =~ "*A9*#0"}
dow C:/devWorks/FPGA/eFPGA_GPIO/eFPGA_GPIO_Application/Debug/eFPGA_GPIO_Application.elf
configparams force-mem-access 0
----------------End of Script----------------

17:05:43 INFO  : Memory regions updated for context APU
17:05:43 INFO  : Context for processor 'ps7_cortexa9_0' is selected.
17:05:43 INFO  : 'con' command is executed.
17:05:43 INFO  : ----------------XSDB Script (After Launch)----------------
targets -set -nocase -filter {name =~ "*A9*#0"}
con
----------------End of Script----------------

17:05:43 INFO  : Launch script is exported to file 'C:\devWorks\FPGA\eFPGA_GPIO\.sdk\launch_scripts\single_application_debug\debugger_efpga_gpio_application-default.tcl'
17:09:52 INFO  : Checking for BSP changes to sync application flags for project 'eFPGA_GPIO_Application'...
17:10:04 INFO  : Disconnected from the channel tcfchan#2.
17:10:05 INFO  : Connected to target on host '127.0.0.1' and port '3121'.
17:10:05 INFO  : Jtag cable 'Avnet MiniZed V1 1234-oj1A' is selected.
17:10:05 INFO  : 'jtag frequency' command is executed.
17:10:05 INFO  : Context for 'APU' is selected.
17:10:05 INFO  : System reset is completed.
17:10:08 INFO  : 'after 3000' command is executed.
17:10:08 INFO  : 'targets -set -filter {jtag_cable_name =~ "Avnet MiniZed V1 1234-oj1A" && level==0} -index 1' command is executed.
17:10:09 INFO  : FPGA configured successfully with bitstream "C:/devWorks/FPGA/eFPGA_GPIO/eFPGA_GPIO_Application/_ide/bitstream/eFPGA_GPIO.bit"
17:10:09 INFO  : Context for 'APU' is selected.
17:10:09 INFO  : Hardware design information is loaded from 'C:/devWorks/FPGA/eFPGA_GPIO/eFPGA_GPIO/export/eFPGA_GPIO/hw/eFPGA_GPIO.xsa'.
17:10:09 INFO  : 'configparams force-mem-access 1' command is executed.
17:10:09 INFO  : Context for 'APU' is selected.
17:10:09 INFO  : Sourcing of 'C:/devWorks/FPGA/eFPGA_GPIO/eFPGA_GPIO_Application/_ide/psinit/ps7_init.tcl' is done.
17:10:10 INFO  : 'ps7_init' command is executed.
17:10:10 INFO  : 'ps7_post_config' command is executed.
17:10:10 INFO  : Context for processor 'ps7_cortexa9_0' is selected.
17:10:10 INFO  : The application 'C:/devWorks/FPGA/eFPGA_GPIO/eFPGA_GPIO_Application/Debug/eFPGA_GPIO_Application.elf' is downloaded to processor 'ps7_cortexa9_0'.
17:10:10 INFO  : 'configparams force-mem-access 0' command is executed.
17:10:10 INFO  : ----------------XSDB Script----------------
connect -url tcp:127.0.0.1:3121
targets -set -nocase -filter {name =~"APU*"}
rst -system
after 3000
targets -set -filter {jtag_cable_name =~ "Avnet MiniZed V1 1234-oj1A" && level==0} -index 1
fpga -file C:/devWorks/FPGA/eFPGA_GPIO/eFPGA_GPIO_Application/_ide/bitstream/eFPGA_GPIO.bit
targets -set -nocase -filter {name =~"APU*"}
loadhw -hw C:/devWorks/FPGA/eFPGA_GPIO/eFPGA_GPIO/export/eFPGA_GPIO/hw/eFPGA_GPIO.xsa -mem-ranges [list {0x40000000 0xbfffffff}]
configparams force-mem-access 1
targets -set -nocase -filter {name =~"APU*"}
source C:/devWorks/FPGA/eFPGA_GPIO/eFPGA_GPIO_Application/_ide/psinit/ps7_init.tcl
ps7_init
ps7_post_config
targets -set -nocase -filter {name =~ "*A9*#0"}
dow C:/devWorks/FPGA/eFPGA_GPIO/eFPGA_GPIO_Application/Debug/eFPGA_GPIO_Application.elf
configparams force-mem-access 0
----------------End of Script----------------

17:10:10 INFO  : Memory regions updated for context APU
17:10:10 INFO  : Context for processor 'ps7_cortexa9_0' is selected.
17:10:10 INFO  : 'con' command is executed.
17:10:10 INFO  : ----------------XSDB Script (After Launch)----------------
targets -set -nocase -filter {name =~ "*A9*#0"}
con
----------------End of Script----------------

17:10:10 INFO  : Launch script is exported to file 'C:\devWorks\FPGA\eFPGA_GPIO\.sdk\launch_scripts\single_application_debug\debugger_efpga_gpio_application-default.tcl'
17:12:13 INFO  : Checking for BSP changes to sync application flags for project 'eFPGA_GPIO_Application'...
17:12:23 INFO  : Disconnected from the channel tcfchan#3.
17:12:24 INFO  : Connected to target on host '127.0.0.1' and port '3121'.
17:12:25 INFO  : Jtag cable 'Avnet MiniZed V1 1234-oj1A' is selected.
17:12:25 INFO  : 'jtag frequency' command is executed.
17:12:25 INFO  : Context for 'APU' is selected.
17:12:25 INFO  : System reset is completed.
17:12:28 INFO  : 'after 3000' command is executed.
17:12:28 INFO  : 'targets -set -filter {jtag_cable_name =~ "Avnet MiniZed V1 1234-oj1A" && level==0} -index 1' command is executed.
17:12:29 INFO  : FPGA configured successfully with bitstream "C:/devWorks/FPGA/eFPGA_GPIO/eFPGA_GPIO_Application/_ide/bitstream/eFPGA_GPIO.bit"
17:12:29 INFO  : Context for 'APU' is selected.
17:12:29 INFO  : Hardware design information is loaded from 'C:/devWorks/FPGA/eFPGA_GPIO/eFPGA_GPIO/export/eFPGA_GPIO/hw/eFPGA_GPIO.xsa'.
17:12:29 INFO  : 'configparams force-mem-access 1' command is executed.
17:12:29 INFO  : Context for 'APU' is selected.
17:12:29 INFO  : Sourcing of 'C:/devWorks/FPGA/eFPGA_GPIO/eFPGA_GPIO_Application/_ide/psinit/ps7_init.tcl' is done.
17:12:29 INFO  : 'ps7_init' command is executed.
17:12:29 INFO  : 'ps7_post_config' command is executed.
17:12:29 INFO  : Context for processor 'ps7_cortexa9_0' is selected.
17:12:30 INFO  : The application 'C:/devWorks/FPGA/eFPGA_GPIO/eFPGA_GPIO_Application/Debug/eFPGA_GPIO_Application.elf' is downloaded to processor 'ps7_cortexa9_0'.
17:12:30 INFO  : 'configparams force-mem-access 0' command is executed.
17:12:30 INFO  : ----------------XSDB Script----------------
connect -url tcp:127.0.0.1:3121
targets -set -nocase -filter {name =~"APU*"}
rst -system
after 3000
targets -set -filter {jtag_cable_name =~ "Avnet MiniZed V1 1234-oj1A" && level==0} -index 1
fpga -file C:/devWorks/FPGA/eFPGA_GPIO/eFPGA_GPIO_Application/_ide/bitstream/eFPGA_GPIO.bit
targets -set -nocase -filter {name =~"APU*"}
loadhw -hw C:/devWorks/FPGA/eFPGA_GPIO/eFPGA_GPIO/export/eFPGA_GPIO/hw/eFPGA_GPIO.xsa -mem-ranges [list {0x40000000 0xbfffffff}]
configparams force-mem-access 1
targets -set -nocase -filter {name =~"APU*"}
source C:/devWorks/FPGA/eFPGA_GPIO/eFPGA_GPIO_Application/_ide/psinit/ps7_init.tcl
ps7_init
ps7_post_config
targets -set -nocase -filter {name =~ "*A9*#0"}
dow C:/devWorks/FPGA/eFPGA_GPIO/eFPGA_GPIO_Application/Debug/eFPGA_GPIO_Application.elf
configparams force-mem-access 0
----------------End of Script----------------

17:12:30 INFO  : Memory regions updated for context APU
17:12:30 INFO  : Context for processor 'ps7_cortexa9_0' is selected.
17:12:30 INFO  : 'con' command is executed.
17:12:30 INFO  : ----------------XSDB Script (After Launch)----------------
targets -set -nocase -filter {name =~ "*A9*#0"}
con
----------------End of Script----------------

17:12:30 INFO  : Launch script is exported to file 'C:\devWorks\FPGA\eFPGA_GPIO\.sdk\launch_scripts\single_application_debug\debugger_efpga_gpio_application-default.tcl'
17:12:50 INFO  : Disconnected from the channel tcfchan#4.
17:12:51 INFO  : Connected to target on host '127.0.0.1' and port '3121'.
17:12:52 INFO  : Jtag cable 'Avnet MiniZed V1 1234-oj1A' is selected.
17:12:52 INFO  : 'jtag frequency' command is executed.
17:12:52 INFO  : Context for 'APU' is selected.
17:12:52 INFO  : System reset is completed.
17:12:55 INFO  : 'after 3000' command is executed.
17:12:55 INFO  : 'targets -set -filter {jtag_cable_name =~ "Avnet MiniZed V1 1234-oj1A" && level==0} -index 1' command is executed.
17:12:56 INFO  : FPGA configured successfully with bitstream "C:/devWorks/FPGA/eFPGA_GPIO/eFPGA_GPIO_Application/_ide/bitstream/eFPGA_GPIO.bit"
17:12:56 INFO  : Context for 'APU' is selected.
17:12:56 INFO  : Hardware design information is loaded from 'C:/devWorks/FPGA/eFPGA_GPIO/eFPGA_GPIO/export/eFPGA_GPIO/hw/eFPGA_GPIO.xsa'.
17:12:56 INFO  : 'configparams force-mem-access 1' command is executed.
17:12:56 INFO  : Context for 'APU' is selected.
17:12:56 INFO  : Sourcing of 'C:/devWorks/FPGA/eFPGA_GPIO/eFPGA_GPIO_Application/_ide/psinit/ps7_init.tcl' is done.
17:12:57 INFO  : 'ps7_init' command is executed.
17:12:57 INFO  : 'ps7_post_config' command is executed.
17:12:57 INFO  : Context for processor 'ps7_cortexa9_0' is selected.
17:12:57 INFO  : The application 'C:/devWorks/FPGA/eFPGA_GPIO/eFPGA_GPIO_Application/Debug/eFPGA_GPIO_Application.elf' is downloaded to processor 'ps7_cortexa9_0'.
17:12:57 INFO  : 'configparams force-mem-access 0' command is executed.
17:12:57 INFO  : ----------------XSDB Script----------------
connect -url tcp:127.0.0.1:3121
targets -set -nocase -filter {name =~"APU*"}
rst -system
after 3000
targets -set -filter {jtag_cable_name =~ "Avnet MiniZed V1 1234-oj1A" && level==0} -index 1
fpga -file C:/devWorks/FPGA/eFPGA_GPIO/eFPGA_GPIO_Application/_ide/bitstream/eFPGA_GPIO.bit
targets -set -nocase -filter {name =~"APU*"}
loadhw -hw C:/devWorks/FPGA/eFPGA_GPIO/eFPGA_GPIO/export/eFPGA_GPIO/hw/eFPGA_GPIO.xsa -mem-ranges [list {0x40000000 0xbfffffff}]
configparams force-mem-access 1
targets -set -nocase -filter {name =~"APU*"}
source C:/devWorks/FPGA/eFPGA_GPIO/eFPGA_GPIO_Application/_ide/psinit/ps7_init.tcl
ps7_init
ps7_post_config
targets -set -nocase -filter {name =~ "*A9*#0"}
dow C:/devWorks/FPGA/eFPGA_GPIO/eFPGA_GPIO_Application/Debug/eFPGA_GPIO_Application.elf
configparams force-mem-access 0
----------------End of Script----------------

17:12:57 INFO  : Memory regions updated for context APU
17:12:57 INFO  : Context for processor 'ps7_cortexa9_0' is selected.
17:12:57 INFO  : 'con' command is executed.
17:12:57 INFO  : ----------------XSDB Script (After Launch)----------------
targets -set -nocase -filter {name =~ "*A9*#0"}
con
----------------End of Script----------------

17:12:57 INFO  : Launch script is exported to file 'C:\devWorks\FPGA\eFPGA_GPIO\.sdk\launch_scripts\single_application_debug\debugger_efpga_gpio_application-default.tcl'
17:18:31 INFO  : Checking for BSP changes to sync application flags for project 'eFPGA_GPIO_Application'...
17:18:46 INFO  : Disconnected from the channel tcfchan#5.
17:18:47 INFO  : Connected to target on host '127.0.0.1' and port '3121'.
17:18:47 INFO  : Jtag cable 'Avnet MiniZed V1 1234-oj1A' is selected.
17:18:47 INFO  : 'jtag frequency' command is executed.
17:18:47 INFO  : Context for 'APU' is selected.
17:18:48 INFO  : System reset is completed.
17:18:51 INFO  : 'after 3000' command is executed.
17:18:51 INFO  : 'targets -set -filter {jtag_cable_name =~ "Avnet MiniZed V1 1234-oj1A" && level==0} -index 1' command is executed.
17:18:52 INFO  : FPGA configured successfully with bitstream "C:/devWorks/FPGA/eFPGA_GPIO/eFPGA_GPIO_Application/_ide/bitstream/eFPGA_GPIO.bit"
17:18:52 INFO  : Context for 'APU' is selected.
17:18:52 INFO  : Hardware design information is loaded from 'C:/devWorks/FPGA/eFPGA_GPIO/eFPGA_GPIO/export/eFPGA_GPIO/hw/eFPGA_GPIO.xsa'.
17:18:52 INFO  : 'configparams force-mem-access 1' command is executed.
17:18:52 INFO  : Context for 'APU' is selected.
17:18:52 INFO  : Sourcing of 'C:/devWorks/FPGA/eFPGA_GPIO/eFPGA_GPIO_Application/_ide/psinit/ps7_init.tcl' is done.
17:18:52 INFO  : 'ps7_init' command is executed.
17:18:52 INFO  : 'ps7_post_config' command is executed.
17:18:52 INFO  : Context for processor 'ps7_cortexa9_0' is selected.
17:18:53 INFO  : The application 'C:/devWorks/FPGA/eFPGA_GPIO/eFPGA_GPIO_Application/Debug/eFPGA_GPIO_Application.elf' is downloaded to processor 'ps7_cortexa9_0'.
17:18:53 INFO  : 'configparams force-mem-access 0' command is executed.
17:18:53 INFO  : ----------------XSDB Script----------------
connect -url tcp:127.0.0.1:3121
targets -set -nocase -filter {name =~"APU*"}
rst -system
after 3000
targets -set -filter {jtag_cable_name =~ "Avnet MiniZed V1 1234-oj1A" && level==0} -index 1
fpga -file C:/devWorks/FPGA/eFPGA_GPIO/eFPGA_GPIO_Application/_ide/bitstream/eFPGA_GPIO.bit
targets -set -nocase -filter {name =~"APU*"}
loadhw -hw C:/devWorks/FPGA/eFPGA_GPIO/eFPGA_GPIO/export/eFPGA_GPIO/hw/eFPGA_GPIO.xsa -mem-ranges [list {0x40000000 0xbfffffff}]
configparams force-mem-access 1
targets -set -nocase -filter {name =~"APU*"}
source C:/devWorks/FPGA/eFPGA_GPIO/eFPGA_GPIO_Application/_ide/psinit/ps7_init.tcl
ps7_init
ps7_post_config
targets -set -nocase -filter {name =~ "*A9*#0"}
dow C:/devWorks/FPGA/eFPGA_GPIO/eFPGA_GPIO_Application/Debug/eFPGA_GPIO_Application.elf
configparams force-mem-access 0
----------------End of Script----------------

17:18:53 INFO  : Memory regions updated for context APU
17:18:53 INFO  : Context for processor 'ps7_cortexa9_0' is selected.
17:18:53 INFO  : 'con' command is executed.
17:18:53 INFO  : ----------------XSDB Script (After Launch)----------------
targets -set -nocase -filter {name =~ "*A9*#0"}
con
----------------End of Script----------------

17:18:53 INFO  : Launch script is exported to file 'C:\devWorks\FPGA\eFPGA_GPIO\.sdk\launch_scripts\single_application_debug\debugger_efpga_gpio_application-default.tcl'
17:20:53 INFO  : Checking for BSP changes to sync application flags for project 'eFPGA_GPIO_Application'...
17:21:06 INFO  : Checking for BSP changes to sync application flags for project 'eFPGA_GPIO_Application'...
17:21:21 INFO  : Disconnected from the channel tcfchan#6.
17:21:22 INFO  : Connected to target on host '127.0.0.1' and port '3121'.
17:21:22 INFO  : Jtag cable 'Avnet MiniZed V1 1234-oj1A' is selected.
17:21:22 INFO  : 'jtag frequency' command is executed.
17:21:22 INFO  : Context for 'APU' is selected.
17:21:22 INFO  : System reset is completed.
17:21:25 INFO  : 'after 3000' command is executed.
17:21:25 INFO  : 'targets -set -filter {jtag_cable_name =~ "Avnet MiniZed V1 1234-oj1A" && level==0} -index 1' command is executed.
17:21:26 INFO  : FPGA configured successfully with bitstream "C:/devWorks/FPGA/eFPGA_GPIO/eFPGA_GPIO_Application/_ide/bitstream/eFPGA_GPIO.bit"
17:21:26 INFO  : Context for 'APU' is selected.
17:21:26 INFO  : Hardware design information is loaded from 'C:/devWorks/FPGA/eFPGA_GPIO/eFPGA_GPIO/export/eFPGA_GPIO/hw/eFPGA_GPIO.xsa'.
17:21:26 INFO  : 'configparams force-mem-access 1' command is executed.
17:21:26 INFO  : Context for 'APU' is selected.
17:21:27 INFO  : Sourcing of 'C:/devWorks/FPGA/eFPGA_GPIO/eFPGA_GPIO_Application/_ide/psinit/ps7_init.tcl' is done.
17:21:27 INFO  : 'ps7_init' command is executed.
17:21:27 INFO  : 'ps7_post_config' command is executed.
17:21:27 INFO  : Context for processor 'ps7_cortexa9_0' is selected.
17:21:27 INFO  : The application 'C:/devWorks/FPGA/eFPGA_GPIO/eFPGA_GPIO_Application/Debug/eFPGA_GPIO_Application.elf' is downloaded to processor 'ps7_cortexa9_0'.
17:21:27 INFO  : 'configparams force-mem-access 0' command is executed.
17:21:27 INFO  : ----------------XSDB Script----------------
connect -url tcp:127.0.0.1:3121
targets -set -nocase -filter {name =~"APU*"}
rst -system
after 3000
targets -set -filter {jtag_cable_name =~ "Avnet MiniZed V1 1234-oj1A" && level==0} -index 1
fpga -file C:/devWorks/FPGA/eFPGA_GPIO/eFPGA_GPIO_Application/_ide/bitstream/eFPGA_GPIO.bit
targets -set -nocase -filter {name =~"APU*"}
loadhw -hw C:/devWorks/FPGA/eFPGA_GPIO/eFPGA_GPIO/export/eFPGA_GPIO/hw/eFPGA_GPIO.xsa -mem-ranges [list {0x40000000 0xbfffffff}]
configparams force-mem-access 1
targets -set -nocase -filter {name =~"APU*"}
source C:/devWorks/FPGA/eFPGA_GPIO/eFPGA_GPIO_Application/_ide/psinit/ps7_init.tcl
ps7_init
ps7_post_config
targets -set -nocase -filter {name =~ "*A9*#0"}
dow C:/devWorks/FPGA/eFPGA_GPIO/eFPGA_GPIO_Application/Debug/eFPGA_GPIO_Application.elf
configparams force-mem-access 0
----------------End of Script----------------

17:21:27 INFO  : Memory regions updated for context APU
17:21:28 INFO  : Context for processor 'ps7_cortexa9_0' is selected.
17:21:28 INFO  : 'con' command is executed.
17:21:28 INFO  : ----------------XSDB Script (After Launch)----------------
targets -set -nocase -filter {name =~ "*A9*#0"}
con
----------------End of Script----------------

17:21:28 INFO  : Launch script is exported to file 'C:\devWorks\FPGA\eFPGA_GPIO\.sdk\launch_scripts\single_application_debug\debugger_efpga_gpio_application-default.tcl'
17:23:30 INFO  : Checking for BSP changes to sync application flags for project 'eFPGA_GPIO_Application'...
17:23:58 INFO  : Disconnected from the channel tcfchan#7.
17:23:59 INFO  : Connected to target on host '127.0.0.1' and port '3121'.
17:23:59 INFO  : Jtag cable 'Avnet MiniZed V1 1234-oj1A' is selected.
17:23:59 INFO  : 'jtag frequency' command is executed.
17:23:59 INFO  : Context for 'APU' is selected.
17:23:59 INFO  : System reset is completed.
17:24:02 INFO  : 'after 3000' command is executed.
17:24:02 INFO  : 'targets -set -filter {jtag_cable_name =~ "Avnet MiniZed V1 1234-oj1A" && level==0} -index 1' command is executed.
17:24:03 INFO  : FPGA configured successfully with bitstream "C:/devWorks/FPGA/eFPGA_GPIO/eFPGA_GPIO_Application/_ide/bitstream/eFPGA_GPIO.bit"
17:24:03 INFO  : Context for 'APU' is selected.
17:24:03 INFO  : Hardware design information is loaded from 'C:/devWorks/FPGA/eFPGA_GPIO/eFPGA_GPIO/export/eFPGA_GPIO/hw/eFPGA_GPIO.xsa'.
17:24:03 INFO  : 'configparams force-mem-access 1' command is executed.
17:24:03 INFO  : Context for 'APU' is selected.
17:24:03 INFO  : Sourcing of 'C:/devWorks/FPGA/eFPGA_GPIO/eFPGA_GPIO_Application/_ide/psinit/ps7_init.tcl' is done.
17:24:04 INFO  : 'ps7_init' command is executed.
17:24:04 INFO  : 'ps7_post_config' command is executed.
17:24:04 INFO  : Context for processor 'ps7_cortexa9_0' is selected.
17:24:04 INFO  : The application 'C:/devWorks/FPGA/eFPGA_GPIO/eFPGA_GPIO_Application/Debug/eFPGA_GPIO_Application.elf' is downloaded to processor 'ps7_cortexa9_0'.
17:24:04 INFO  : 'configparams force-mem-access 0' command is executed.
17:24:04 INFO  : ----------------XSDB Script----------------
connect -url tcp:127.0.0.1:3121
targets -set -nocase -filter {name =~"APU*"}
rst -system
after 3000
targets -set -filter {jtag_cable_name =~ "Avnet MiniZed V1 1234-oj1A" && level==0} -index 1
fpga -file C:/devWorks/FPGA/eFPGA_GPIO/eFPGA_GPIO_Application/_ide/bitstream/eFPGA_GPIO.bit
targets -set -nocase -filter {name =~"APU*"}
loadhw -hw C:/devWorks/FPGA/eFPGA_GPIO/eFPGA_GPIO/export/eFPGA_GPIO/hw/eFPGA_GPIO.xsa -mem-ranges [list {0x40000000 0xbfffffff}]
configparams force-mem-access 1
targets -set -nocase -filter {name =~"APU*"}
source C:/devWorks/FPGA/eFPGA_GPIO/eFPGA_GPIO_Application/_ide/psinit/ps7_init.tcl
ps7_init
ps7_post_config
targets -set -nocase -filter {name =~ "*A9*#0"}
dow C:/devWorks/FPGA/eFPGA_GPIO/eFPGA_GPIO_Application/Debug/eFPGA_GPIO_Application.elf
configparams force-mem-access 0
----------------End of Script----------------

17:24:04 INFO  : Memory regions updated for context APU
17:24:04 INFO  : Context for processor 'ps7_cortexa9_0' is selected.
17:24:04 INFO  : 'con' command is executed.
17:24:04 INFO  : ----------------XSDB Script (After Launch)----------------
targets -set -nocase -filter {name =~ "*A9*#0"}
con
----------------End of Script----------------

17:24:04 INFO  : Launch script is exported to file 'C:\devWorks\FPGA\eFPGA_GPIO\.sdk\launch_scripts\single_application_debug\debugger_efpga_gpio_application-default.tcl'
17:24:52 INFO  : Checking for BSP changes to sync application flags for project 'eFPGA_GPIO_Application'...
17:25:00 INFO  : Disconnected from the channel tcfchan#8.
17:25:01 INFO  : Connected to target on host '127.0.0.1' and port '3121'.
17:25:01 INFO  : Jtag cable 'Avnet MiniZed V1 1234-oj1A' is selected.
17:25:01 INFO  : 'jtag frequency' command is executed.
17:25:01 INFO  : Context for 'APU' is selected.
17:25:01 INFO  : System reset is completed.
17:25:04 INFO  : 'after 3000' command is executed.
17:25:04 INFO  : 'targets -set -filter {jtag_cable_name =~ "Avnet MiniZed V1 1234-oj1A" && level==0} -index 1' command is executed.
17:25:05 INFO  : FPGA configured successfully with bitstream "C:/devWorks/FPGA/eFPGA_GPIO/eFPGA_GPIO_Application/_ide/bitstream/eFPGA_GPIO.bit"
17:25:06 INFO  : Context for 'APU' is selected.
17:25:06 INFO  : Hardware design information is loaded from 'C:/devWorks/FPGA/eFPGA_GPIO/eFPGA_GPIO/export/eFPGA_GPIO/hw/eFPGA_GPIO.xsa'.
17:25:06 INFO  : 'configparams force-mem-access 1' command is executed.
17:25:06 INFO  : Context for 'APU' is selected.
17:25:06 INFO  : Sourcing of 'C:/devWorks/FPGA/eFPGA_GPIO/eFPGA_GPIO_Application/_ide/psinit/ps7_init.tcl' is done.
17:25:06 INFO  : 'ps7_init' command is executed.
17:25:06 INFO  : 'ps7_post_config' command is executed.
17:25:06 INFO  : Context for processor 'ps7_cortexa9_0' is selected.
17:25:06 INFO  : The application 'C:/devWorks/FPGA/eFPGA_GPIO/eFPGA_GPIO_Application/Debug/eFPGA_GPIO_Application.elf' is downloaded to processor 'ps7_cortexa9_0'.
17:25:06 INFO  : 'configparams force-mem-access 0' command is executed.
17:25:06 INFO  : ----------------XSDB Script----------------
connect -url tcp:127.0.0.1:3121
targets -set -nocase -filter {name =~"APU*"}
rst -system
after 3000
targets -set -filter {jtag_cable_name =~ "Avnet MiniZed V1 1234-oj1A" && level==0} -index 1
fpga -file C:/devWorks/FPGA/eFPGA_GPIO/eFPGA_GPIO_Application/_ide/bitstream/eFPGA_GPIO.bit
targets -set -nocase -filter {name =~"APU*"}
loadhw -hw C:/devWorks/FPGA/eFPGA_GPIO/eFPGA_GPIO/export/eFPGA_GPIO/hw/eFPGA_GPIO.xsa -mem-ranges [list {0x40000000 0xbfffffff}]
configparams force-mem-access 1
targets -set -nocase -filter {name =~"APU*"}
source C:/devWorks/FPGA/eFPGA_GPIO/eFPGA_GPIO_Application/_ide/psinit/ps7_init.tcl
ps7_init
ps7_post_config
targets -set -nocase -filter {name =~ "*A9*#0"}
dow C:/devWorks/FPGA/eFPGA_GPIO/eFPGA_GPIO_Application/Debug/eFPGA_GPIO_Application.elf
configparams force-mem-access 0
----------------End of Script----------------

17:25:06 INFO  : Memory regions updated for context APU
17:25:06 INFO  : Context for processor 'ps7_cortexa9_0' is selected.
17:25:06 INFO  : 'con' command is executed.
17:25:06 INFO  : ----------------XSDB Script (After Launch)----------------
targets -set -nocase -filter {name =~ "*A9*#0"}
con
----------------End of Script----------------

17:25:06 INFO  : Launch script is exported to file 'C:\devWorks\FPGA\eFPGA_GPIO\.sdk\launch_scripts\single_application_debug\debugger_efpga_gpio_application-default.tcl'
17:31:30 INFO  : Checking for BSP changes to sync application flags for project 'eFPGA_GPIO_Application'...
17:31:39 INFO  : Disconnected from the channel tcfchan#9.
17:31:40 INFO  : Connected to target on host '127.0.0.1' and port '3121'.
17:31:40 INFO  : Jtag cable 'Avnet MiniZed V1 1234-oj1A' is selected.
17:31:40 INFO  : 'jtag frequency' command is executed.
17:31:40 INFO  : Context for 'APU' is selected.
17:31:40 INFO  : System reset is completed.
17:31:43 INFO  : 'after 3000' command is executed.
17:31:43 INFO  : 'targets -set -filter {jtag_cable_name =~ "Avnet MiniZed V1 1234-oj1A" && level==0} -index 1' command is executed.
17:31:44 INFO  : FPGA configured successfully with bitstream "C:/devWorks/FPGA/eFPGA_GPIO/eFPGA_GPIO_Application/_ide/bitstream/eFPGA_GPIO.bit"
17:31:44 INFO  : Context for 'APU' is selected.
17:31:44 INFO  : Hardware design information is loaded from 'C:/devWorks/FPGA/eFPGA_GPIO/eFPGA_GPIO/export/eFPGA_GPIO/hw/eFPGA_GPIO.xsa'.
17:31:44 INFO  : 'configparams force-mem-access 1' command is executed.
17:31:44 INFO  : Context for 'APU' is selected.
17:31:44 INFO  : Sourcing of 'C:/devWorks/FPGA/eFPGA_GPIO/eFPGA_GPIO_Application/_ide/psinit/ps7_init.tcl' is done.
17:31:45 INFO  : 'ps7_init' command is executed.
17:31:45 INFO  : 'ps7_post_config' command is executed.
17:31:45 INFO  : Context for processor 'ps7_cortexa9_0' is selected.
17:31:45 INFO  : The application 'C:/devWorks/FPGA/eFPGA_GPIO/eFPGA_GPIO_Application/Debug/eFPGA_GPIO_Application.elf' is downloaded to processor 'ps7_cortexa9_0'.
17:31:45 INFO  : 'configparams force-mem-access 0' command is executed.
17:31:45 INFO  : ----------------XSDB Script----------------
connect -url tcp:127.0.0.1:3121
targets -set -nocase -filter {name =~"APU*"}
rst -system
after 3000
targets -set -filter {jtag_cable_name =~ "Avnet MiniZed V1 1234-oj1A" && level==0} -index 1
fpga -file C:/devWorks/FPGA/eFPGA_GPIO/eFPGA_GPIO_Application/_ide/bitstream/eFPGA_GPIO.bit
targets -set -nocase -filter {name =~"APU*"}
loadhw -hw C:/devWorks/FPGA/eFPGA_GPIO/eFPGA_GPIO/export/eFPGA_GPIO/hw/eFPGA_GPIO.xsa -mem-ranges [list {0x40000000 0xbfffffff}]
configparams force-mem-access 1
targets -set -nocase -filter {name =~"APU*"}
source C:/devWorks/FPGA/eFPGA_GPIO/eFPGA_GPIO_Application/_ide/psinit/ps7_init.tcl
ps7_init
ps7_post_config
targets -set -nocase -filter {name =~ "*A9*#0"}
dow C:/devWorks/FPGA/eFPGA_GPIO/eFPGA_GPIO_Application/Debug/eFPGA_GPIO_Application.elf
configparams force-mem-access 0
----------------End of Script----------------

17:31:45 INFO  : Memory regions updated for context APU
17:31:45 INFO  : Context for processor 'ps7_cortexa9_0' is selected.
17:31:45 INFO  : 'con' command is executed.
17:31:45 INFO  : ----------------XSDB Script (After Launch)----------------
targets -set -nocase -filter {name =~ "*A9*#0"}
con
----------------End of Script----------------

17:31:45 INFO  : Launch script is exported to file 'C:\devWorks\FPGA\eFPGA_GPIO\.sdk\launch_scripts\single_application_debug\debugger_efpga_gpio_application-default.tcl'
17:36:39 INFO  : Disconnected from the channel tcfchan#10.
17:36:40 INFO  : Connected to target on host '127.0.0.1' and port '3121'.
17:36:40 INFO  : Jtag cable 'Avnet MiniZed V1 1234-oj1A' is selected.
17:36:40 INFO  : 'jtag frequency' command is executed.
17:36:40 INFO  : Context for 'APU' is selected.
17:36:40 INFO  : System reset is completed.
17:36:43 INFO  : 'after 3000' command is executed.
17:36:43 INFO  : 'targets -set -filter {jtag_cable_name =~ "Avnet MiniZed V1 1234-oj1A" && level==0} -index 1' command is executed.
17:36:44 INFO  : FPGA configured successfully with bitstream "C:/devWorks/FPGA/eFPGA_GPIO/eFPGA_GPIO_Application/_ide/bitstream/eFPGA_GPIO.bit"
17:36:44 INFO  : Context for 'APU' is selected.
17:36:44 INFO  : Hardware design information is loaded from 'C:/devWorks/FPGA/eFPGA_GPIO/eFPGA_GPIO/export/eFPGA_GPIO/hw/eFPGA_GPIO.xsa'.
17:36:44 INFO  : 'configparams force-mem-access 1' command is executed.
17:36:44 INFO  : Context for 'APU' is selected.
17:36:44 INFO  : Sourcing of 'C:/devWorks/FPGA/eFPGA_GPIO/eFPGA_GPIO_Application/_ide/psinit/ps7_init.tcl' is done.
17:36:45 INFO  : 'ps7_init' command is executed.
17:36:45 INFO  : 'ps7_post_config' command is executed.
17:36:45 INFO  : Context for processor 'ps7_cortexa9_0' is selected.
17:36:45 INFO  : The application 'C:/devWorks/FPGA/eFPGA_GPIO/eFPGA_GPIO_Application/Debug/eFPGA_GPIO_Application.elf' is downloaded to processor 'ps7_cortexa9_0'.
17:36:45 INFO  : 'configparams force-mem-access 0' command is executed.
17:36:45 INFO  : ----------------XSDB Script----------------
connect -url tcp:127.0.0.1:3121
targets -set -nocase -filter {name =~"APU*"}
rst -system
after 3000
targets -set -filter {jtag_cable_name =~ "Avnet MiniZed V1 1234-oj1A" && level==0} -index 1
fpga -file C:/devWorks/FPGA/eFPGA_GPIO/eFPGA_GPIO_Application/_ide/bitstream/eFPGA_GPIO.bit
targets -set -nocase -filter {name =~"APU*"}
loadhw -hw C:/devWorks/FPGA/eFPGA_GPIO/eFPGA_GPIO/export/eFPGA_GPIO/hw/eFPGA_GPIO.xsa -mem-ranges [list {0x40000000 0xbfffffff}]
configparams force-mem-access 1
targets -set -nocase -filter {name =~"APU*"}
source C:/devWorks/FPGA/eFPGA_GPIO/eFPGA_GPIO_Application/_ide/psinit/ps7_init.tcl
ps7_init
ps7_post_config
targets -set -nocase -filter {name =~ "*A9*#0"}
dow C:/devWorks/FPGA/eFPGA_GPIO/eFPGA_GPIO_Application/Debug/eFPGA_GPIO_Application.elf
configparams force-mem-access 0
----------------End of Script----------------

17:36:45 INFO  : Memory regions updated for context APU
17:36:46 INFO  : Context for processor 'ps7_cortexa9_0' is selected.
17:36:46 INFO  : 'con' command is executed.
17:36:46 INFO  : ----------------XSDB Script (After Launch)----------------
targets -set -nocase -filter {name =~ "*A9*#0"}
con
----------------End of Script----------------

17:36:46 INFO  : Launch script is exported to file 'C:\devWorks\FPGA\eFPGA_GPIO\.sdk\launch_scripts\single_application_debug\debugger_efpga_gpio_application-default.tcl'
17:37:45 INFO  : Disconnected from the channel tcfchan#11.
