09:54:52 INFO  : Registering command handlers for SDK TCF services
09:54:55 INFO  : Launching XSCT server: xsct.bat -interactive C:\FPGA\Dobbelsteen_ip\Dobbelsteen_ip.sdk\temp_xsdb_launch_script.tcl
09:55:01 INFO  : XSCT server has started successfully.
09:55:01 INFO  : Successfully done setting XSCT server connection channel  
09:55:03 INFO  : Successfully done setting SDK workspace  
09:55:03 INFO  : Processing command line option -hwspec C:/FPGA/Dobbelsteen_ip/Dobbelsteen_ip.sdk/design_1_wrapper.hdf.
09:58:32 INFO  : Registering command handlers for SDK TCF services
09:58:33 INFO  : Launching XSCT server: xsct.bat -interactive C:\FPGA\Dobbelsteen_ip\Dobbelsteen_ip.sdk\temp_xsdb_launch_script.tcl
09:58:41 INFO  : XSCT server has started successfully.
09:58:41 INFO  : Successfully done setting XSCT server connection channel  
09:58:42 INFO  : Successfully done setting SDK workspace  
09:58:42 INFO  : Processing command line option -hwspec C:/FPGA/Dobbelsteen_ip/Dobbelsteen_ip.sdk/design_1_wrapper.hdf.
09:58:47 INFO  : Checking for hwspec changes in the project design_1_wrapper_hw_platform_0.
10:05:44 INFO  : Connected to target on host '127.0.0.1' and port '3121'.
10:05:45 INFO  : 'targets -set -filter {jtag_cable_name =~ "Avnet MiniZed V1 1234-oj1A" && level==0} -index 1' command is executed.
10:05:46 INFO  : FPGA configured successfully with bitstream "C:/FPGA/Dobbelsteen_ip/Dobbelsteen_ip.sdk/design_1_wrapper_hw_platform_0/design_1_wrapper.bit"
10:06:01 INFO  : 'targets -set -filter {jtag_cable_name =~ "Avnet MiniZed V1 1234-oj1A" && level==0} -index 1' command is executed.
10:06:01 INFO  : 'fpga -state' command is executed.
10:06:01 INFO  : Connected to target on host '127.0.0.1' and port '3121'.
10:06:01 INFO  : Jtag cable 'Avnet MiniZed V1 1234-oj1A' is selected.
10:06:01 INFO  : 'jtag frequency' command is executed.
10:06:01 INFO  : Sourcing of 'C:/FPGA/Dobbelsteen_ip/Dobbelsteen_ip.sdk/design_1_wrapper_hw_platform_0/ps7_init.tcl' is done.
10:06:01 INFO  : Context for 'APU' is selected.
10:06:01 INFO  : Hardware design information is loaded from 'C:/FPGA/Dobbelsteen_ip/Dobbelsteen_ip.sdk/design_1_wrapper_hw_platform_0/system.hdf'.
10:06:01 INFO  : 'configparams force-mem-access 1' command is executed.
10:06:01 INFO  : Context for 'APU' is selected.
10:06:01 INFO  : 'stop' command is executed.
10:06:02 INFO  : 'ps7_init' command is executed.
10:06:02 INFO  : 'ps7_post_config' command is executed.
10:06:02 INFO  : Context for processor 'ps7_cortexa9_0' is selected.
10:06:02 INFO  : Processor reset is completed for 'ps7_cortexa9_0'.
10:06:02 INFO  : Context for processor 'ps7_cortexa9_0' is selected.
10:06:02 INFO  : The application 'C:/FPGA/Dobbelsteen_ip/Dobbelsteen_ip.sdk/Dobbelsteen/Debug/Dobbelsteen.elf' is downloaded to processor 'ps7_cortexa9_0'.
10:06:02 INFO  : 'configparams force-mem-access 0' command is executed.
10:06:02 INFO  : ----------------XSDB Script----------------
connect -url tcp:127.0.0.1:3121
source C:/FPGA/Dobbelsteen_ip/Dobbelsteen_ip.sdk/design_1_wrapper_hw_platform_0/ps7_init.tcl
targets -set -nocase -filter {name =~"APU*" && jtag_cable_name =~ "Avnet MiniZed V1 1234-oj1A"} -index 0
loadhw -hw C:/FPGA/Dobbelsteen_ip/Dobbelsteen_ip.sdk/design_1_wrapper_hw_platform_0/system.hdf -mem-ranges [list {0x40000000 0xbfffffff}]
configparams force-mem-access 1
targets -set -nocase -filter {name =~"APU*" && jtag_cable_name =~ "Avnet MiniZed V1 1234-oj1A"} -index 0
stop
ps7_init
ps7_post_config
targets -set -nocase -filter {name =~ "ARM*#0" && jtag_cable_name =~ "Avnet MiniZed V1 1234-oj1A"} -index 0
rst -processor
targets -set -nocase -filter {name =~ "ARM*#0" && jtag_cable_name =~ "Avnet MiniZed V1 1234-oj1A"} -index 0
dow C:/FPGA/Dobbelsteen_ip/Dobbelsteen_ip.sdk/Dobbelsteen/Debug/Dobbelsteen.elf
configparams force-mem-access 0
----------------End of Script----------------

10:06:02 INFO  : Memory regions updated for context APU
10:06:02 INFO  : Context for processor 'ps7_cortexa9_0' is selected.
10:06:02 INFO  : 'con' command is executed.
10:06:02 INFO  : ----------------XSDB Script (After Launch)----------------
targets -set -nocase -filter {name =~ "ARM*#0" && jtag_cable_name =~ "Avnet MiniZed V1 1234-oj1A"} -index 0
con
----------------End of Script----------------

10:06:02 INFO  : Launch script is exported to file 'C:\FPGA\Dobbelsteen_ip\Dobbelsteen_ip.sdk\.sdk\launch_scripts\xilinx_c-c++_application_(system_debugger)\system_debugger_using_debug_dobbelsteen.elf_on_local.tcl'
10:06:13 INFO  : Disconnected from the channel tcfchan#1.
10:06:14 INFO  : 'targets -set -filter {jtag_cable_name =~ "Avnet MiniZed V1 1234-oj1A" && level==0} -index 1' command is executed.
10:06:14 INFO  : 'fpga -state' command is executed.
10:06:14 INFO  : Connected to target on host '127.0.0.1' and port '3121'.
10:06:14 INFO  : Jtag cable 'Avnet MiniZed V1 1234-oj1A' is selected.
10:06:14 INFO  : 'jtag frequency' command is executed.
10:06:14 INFO  : Sourcing of 'C:/FPGA/Dobbelsteen_ip/Dobbelsteen_ip.sdk/design_1_wrapper_hw_platform_0/ps7_init.tcl' is done.
10:06:14 INFO  : Context for 'APU' is selected.
10:06:17 INFO  : Hardware design information is loaded from 'C:/FPGA/Dobbelsteen_ip/Dobbelsteen_ip.sdk/design_1_wrapper_hw_platform_0/system.hdf'.
10:06:17 INFO  : 'configparams force-mem-access 1' command is executed.
10:06:17 INFO  : Context for 'APU' is selected.
10:06:17 INFO  : 'stop' command is executed.
10:06:18 INFO  : 'ps7_init' command is executed.
10:06:18 INFO  : 'ps7_post_config' command is executed.
10:06:18 INFO  : Context for processor 'ps7_cortexa9_0' is selected.
10:06:18 INFO  : Processor reset is completed for 'ps7_cortexa9_0'.
10:06:18 INFO  : Context for processor 'ps7_cortexa9_0' is selected.
10:06:18 INFO  : The application 'C:/FPGA/Dobbelsteen_ip/Dobbelsteen_ip.sdk/Dobbelsteen/Debug/Dobbelsteen.elf' is downloaded to processor 'ps7_cortexa9_0'.
10:06:18 INFO  : 'configparams force-mem-access 0' command is executed.
10:06:18 INFO  : ----------------XSDB Script----------------
connect -url tcp:127.0.0.1:3121
source C:/FPGA/Dobbelsteen_ip/Dobbelsteen_ip.sdk/design_1_wrapper_hw_platform_0/ps7_init.tcl
targets -set -nocase -filter {name =~"APU*" && jtag_cable_name =~ "Avnet MiniZed V1 1234-oj1A"} -index 0
loadhw -hw C:/FPGA/Dobbelsteen_ip/Dobbelsteen_ip.sdk/design_1_wrapper_hw_platform_0/system.hdf -mem-ranges [list {0x40000000 0xbfffffff}]
configparams force-mem-access 1
targets -set -nocase -filter {name =~"APU*" && jtag_cable_name =~ "Avnet MiniZed V1 1234-oj1A"} -index 0
stop
ps7_init
ps7_post_config
targets -set -nocase -filter {name =~ "ARM*#0" && jtag_cable_name =~ "Avnet MiniZed V1 1234-oj1A"} -index 0
rst -processor
targets -set -nocase -filter {name =~ "ARM*#0" && jtag_cable_name =~ "Avnet MiniZed V1 1234-oj1A"} -index 0
dow C:/FPGA/Dobbelsteen_ip/Dobbelsteen_ip.sdk/Dobbelsteen/Debug/Dobbelsteen.elf
configparams force-mem-access 0
----------------End of Script----------------

10:06:18 INFO  : Memory regions updated for context APU
10:06:18 INFO  : Context for processor 'ps7_cortexa9_0' is selected.
10:06:18 INFO  : 'con' command is executed.
10:06:18 INFO  : ----------------XSDB Script (After Launch)----------------
targets -set -nocase -filter {name =~ "ARM*#0" && jtag_cable_name =~ "Avnet MiniZed V1 1234-oj1A"} -index 0
con
----------------End of Script----------------

10:06:18 INFO  : Launch script is exported to file 'C:\FPGA\Dobbelsteen_ip\Dobbelsteen_ip.sdk\.sdk\launch_scripts\xilinx_c-c++_application_(system_debugger)\system_debugger_using_debug_dobbelsteen.elf_on_local.tcl'
10:07:07 INFO  : Refreshed build settings on project Dobbelsteen
10:07:34 INFO  : Disconnected from the channel tcfchan#2.
10:10:05 INFO  : Connected to target on host '127.0.0.1' and port '3121'.
10:10:05 INFO  : 'targets -set -filter {jtag_cable_name =~ "Avnet MiniZed V1 1234-oj1A" && level==0} -index 1' command is executed.
10:10:06 INFO  : FPGA configured successfully with bitstream "C:/FPGA/Dobbelsteen_ip/Dobbelsteen_ip.sdk/design_1_wrapper_hw_platform_0/design_1_wrapper.bit"
10:10:16 INFO  : 'targets -set -filter {jtag_cable_name =~ "Avnet MiniZed V1 1234-oj1A" && level==0} -index 1' command is executed.
10:10:16 INFO  : 'fpga -state' command is executed.
10:10:16 INFO  : Connected to target on host '127.0.0.1' and port '3121'.
10:10:16 INFO  : Jtag cable 'Avnet MiniZed V1 1234-oj1A' is selected.
10:10:16 INFO  : 'jtag frequency' command is executed.
10:10:16 INFO  : Sourcing of 'C:/FPGA/Dobbelsteen_ip/Dobbelsteen_ip.sdk/design_1_wrapper_hw_platform_0/ps7_init.tcl' is done.
10:10:16 INFO  : Context for 'APU' is selected.
10:10:16 INFO  : Hardware design information is loaded from 'C:/FPGA/Dobbelsteen_ip/Dobbelsteen_ip.sdk/design_1_wrapper_hw_platform_0/system.hdf'.
10:10:16 INFO  : 'configparams force-mem-access 1' command is executed.
10:10:16 INFO  : Context for 'APU' is selected.
10:10:17 INFO  : 'stop' command is executed.
10:10:19 ERROR : Memory read error at 0xF8F00208. Cannot halt processor core, timeout
10:10:19 INFO  : ----------------XSDB Script----------------
connect -url tcp:127.0.0.1:3121
source C:/FPGA/Dobbelsteen_ip/Dobbelsteen_ip.sdk/design_1_wrapper_hw_platform_0/ps7_init.tcl
targets -set -nocase -filter {name =~"APU*" && jtag_cable_name =~ "Avnet MiniZed V1 1234-oj1A"} -index 0
loadhw -hw C:/FPGA/Dobbelsteen_ip/Dobbelsteen_ip.sdk/design_1_wrapper_hw_platform_0/system.hdf -mem-ranges [list {0x40000000 0xbfffffff}]
configparams force-mem-access 1
targets -set -nocase -filter {name =~"APU*" && jtag_cable_name =~ "Avnet MiniZed V1 1234-oj1A"} -index 0
stop
ps7_init
----------------End of Script----------------

10:10:36 INFO  : 'targets -set -filter {jtag_cable_name =~ "Avnet MiniZed V1 1234-oj1A" && level==0} -index 1' command is executed.
10:10:36 INFO  : 'fpga -state' command is executed.
10:10:36 INFO  : Connected to target on host '127.0.0.1' and port '3121'.
10:10:36 INFO  : Jtag cable 'Avnet MiniZed V1 1234-oj1A' is selected.
10:10:36 INFO  : 'jtag frequency' command is executed.
10:10:36 INFO  : Sourcing of 'C:/FPGA/Dobbelsteen_ip/Dobbelsteen_ip.sdk/design_1_wrapper_hw_platform_0/ps7_init.tcl' is done.
10:10:37 INFO  : Context for 'APU' is selected.
10:10:37 INFO  : Hardware design information is loaded from 'C:/FPGA/Dobbelsteen_ip/Dobbelsteen_ip.sdk/design_1_wrapper_hw_platform_0/system.hdf'.
10:10:37 INFO  : 'configparams force-mem-access 1' command is executed.
10:10:37 INFO  : Context for 'APU' is selected.
10:10:37 INFO  : 'stop' command is executed.
10:10:39 ERROR : Memory read error at 0xF8F00208. Cannot halt processor core, timeout
10:10:39 INFO  : ----------------XSDB Script----------------
connect -url tcp:127.0.0.1:3121
source C:/FPGA/Dobbelsteen_ip/Dobbelsteen_ip.sdk/design_1_wrapper_hw_platform_0/ps7_init.tcl
targets -set -nocase -filter {name =~"APU*" && jtag_cable_name =~ "Avnet MiniZed V1 1234-oj1A"} -index 0
loadhw -hw C:/FPGA/Dobbelsteen_ip/Dobbelsteen_ip.sdk/design_1_wrapper_hw_platform_0/system.hdf -mem-ranges [list {0x40000000 0xbfffffff}]
configparams force-mem-access 1
targets -set -nocase -filter {name =~"APU*" && jtag_cable_name =~ "Avnet MiniZed V1 1234-oj1A"} -index 0
stop
ps7_init
----------------End of Script----------------

10:10:54 INFO  : Connected to target on host '127.0.0.1' and port '3121'.
10:10:54 INFO  : 'targets -set -filter {jtag_cable_name =~ "Avnet MiniZed V1 1234-oj1A" && level==0} -index 1' command is executed.
10:10:56 INFO  : FPGA configured successfully with bitstream "C:/FPGA/Dobbelsteen_ip/Dobbelsteen_ip.sdk/design_1_wrapper_hw_platform_0/design_1_wrapper.bit"
10:11:16 INFO  : 'targets -set -filter {jtag_cable_name =~ "Avnet MiniZed V1 1234-oj1A" && level==0} -index 1' command is executed.
10:11:16 INFO  : 'fpga -state' command is executed.
10:11:16 INFO  : Connected to target on host '127.0.0.1' and port '3121'.
10:11:16 INFO  : Jtag cable 'Avnet MiniZed V1 1234-oj1A' is selected.
10:11:16 INFO  : 'jtag frequency' command is executed.
10:11:16 INFO  : Sourcing of 'C:/FPGA/Dobbelsteen_ip/Dobbelsteen_ip.sdk/design_1_wrapper_hw_platform_0/ps7_init.tcl' is done.
10:11:17 INFO  : Context for 'APU' is selected.
10:11:17 INFO  : Hardware design information is loaded from 'C:/FPGA/Dobbelsteen_ip/Dobbelsteen_ip.sdk/design_1_wrapper_hw_platform_0/system.hdf'.
10:11:17 INFO  : 'configparams force-mem-access 1' command is executed.
10:11:17 INFO  : Context for 'APU' is selected.
10:11:17 INFO  : 'stop' command is executed.
10:11:17 INFO  : 'ps7_init' command is executed.
10:11:17 INFO  : 'ps7_post_config' command is executed.
10:11:17 INFO  : Context for processor 'ps7_cortexa9_0' is selected.
10:11:17 INFO  : Processor reset is completed for 'ps7_cortexa9_0'.
10:11:17 INFO  : Context for processor 'ps7_cortexa9_0' is selected.
10:11:17 INFO  : The application 'C:/FPGA/Dobbelsteen_ip/Dobbelsteen_ip.sdk/Dobbelsteen/Debug/Dobbelsteen.elf' is downloaded to processor 'ps7_cortexa9_0'.
10:11:17 INFO  : 'configparams force-mem-access 0' command is executed.
10:11:17 INFO  : ----------------XSDB Script----------------
connect -url tcp:127.0.0.1:3121
source C:/FPGA/Dobbelsteen_ip/Dobbelsteen_ip.sdk/design_1_wrapper_hw_platform_0/ps7_init.tcl
targets -set -nocase -filter {name =~"APU*" && jtag_cable_name =~ "Avnet MiniZed V1 1234-oj1A"} -index 0
loadhw -hw C:/FPGA/Dobbelsteen_ip/Dobbelsteen_ip.sdk/design_1_wrapper_hw_platform_0/system.hdf -mem-ranges [list {0x40000000 0xbfffffff}]
configparams force-mem-access 1
targets -set -nocase -filter {name =~"APU*" && jtag_cable_name =~ "Avnet MiniZed V1 1234-oj1A"} -index 0
stop
ps7_init
ps7_post_config
targets -set -nocase -filter {name =~ "ARM*#0" && jtag_cable_name =~ "Avnet MiniZed V1 1234-oj1A"} -index 0
rst -processor
targets -set -nocase -filter {name =~ "ARM*#0" && jtag_cable_name =~ "Avnet MiniZed V1 1234-oj1A"} -index 0
dow C:/FPGA/Dobbelsteen_ip/Dobbelsteen_ip.sdk/Dobbelsteen/Debug/Dobbelsteen.elf
configparams force-mem-access 0
----------------End of Script----------------

10:11:18 INFO  : Memory regions updated for context APU
10:11:18 INFO  : Context for processor 'ps7_cortexa9_0' is selected.
10:11:18 INFO  : 'con' command is executed.
10:11:18 INFO  : ----------------XSDB Script (After Launch)----------------
targets -set -nocase -filter {name =~ "ARM*#0" && jtag_cable_name =~ "Avnet MiniZed V1 1234-oj1A"} -index 0
con
----------------End of Script----------------

10:11:18 INFO  : Launch script is exported to file 'C:\FPGA\Dobbelsteen_ip\Dobbelsteen_ip.sdk\.sdk\launch_scripts\xilinx_c-c++_application_(system_debugger)\system_debugger_using_debug_dobbelsteen.elf_on_local.tcl'
10:12:43 INFO  : Disconnected from the channel tcfchan#3.
10:14:44 INFO  : 'targets -set -filter {jtag_cable_name =~ "Avnet MiniZed V1 1234-oj1A" && level==0} -index 1' command is executed.
10:14:44 INFO  : 'fpga -state' command is executed.
10:14:44 INFO  : Connected to target on host '127.0.0.1' and port '3121'.
10:14:45 INFO  : Jtag cable 'Avnet MiniZed V1 1234-oj1A' is selected.
10:14:45 INFO  : 'jtag frequency' command is executed.
10:14:45 INFO  : Sourcing of 'C:/FPGA/Dobbelsteen_ip/Dobbelsteen_ip.sdk/design_1_wrapper_hw_platform_0/ps7_init.tcl' is done.
10:14:45 INFO  : Context for 'APU' is selected.
10:14:45 INFO  : Hardware design information is loaded from 'C:/FPGA/Dobbelsteen_ip/Dobbelsteen_ip.sdk/design_1_wrapper_hw_platform_0/system.hdf'.
10:14:45 INFO  : 'configparams force-mem-access 1' command is executed.
10:14:45 INFO  : Context for 'APU' is selected.
10:14:45 INFO  : 'stop' command is executed.
10:14:45 INFO  : 'ps7_init' command is executed.
10:14:45 INFO  : 'ps7_post_config' command is executed.
10:14:45 INFO  : Context for processor 'ps7_cortexa9_0' is selected.
10:14:45 INFO  : Processor reset is completed for 'ps7_cortexa9_0'.
10:14:45 INFO  : Context for processor 'ps7_cortexa9_0' is selected.
10:14:46 INFO  : The application 'C:/FPGA/Dobbelsteen_ip/Dobbelsteen_ip.sdk/Dobbelsteen/Debug/Dobbelsteen.elf' is downloaded to processor 'ps7_cortexa9_0'.
10:14:46 INFO  : 'configparams force-mem-access 0' command is executed.
10:14:46 INFO  : ----------------XSDB Script----------------
connect -url tcp:127.0.0.1:3121
source C:/FPGA/Dobbelsteen_ip/Dobbelsteen_ip.sdk/design_1_wrapper_hw_platform_0/ps7_init.tcl
targets -set -nocase -filter {name =~"APU*" && jtag_cable_name =~ "Avnet MiniZed V1 1234-oj1A"} -index 0
loadhw -hw C:/FPGA/Dobbelsteen_ip/Dobbelsteen_ip.sdk/design_1_wrapper_hw_platform_0/system.hdf -mem-ranges [list {0x40000000 0xbfffffff}]
configparams force-mem-access 1
targets -set -nocase -filter {name =~"APU*" && jtag_cable_name =~ "Avnet MiniZed V1 1234-oj1A"} -index 0
stop
ps7_init
ps7_post_config
targets -set -nocase -filter {name =~ "ARM*#0" && jtag_cable_name =~ "Avnet MiniZed V1 1234-oj1A"} -index 0
rst -processor
targets -set -nocase -filter {name =~ "ARM*#0" && jtag_cable_name =~ "Avnet MiniZed V1 1234-oj1A"} -index 0
dow C:/FPGA/Dobbelsteen_ip/Dobbelsteen_ip.sdk/Dobbelsteen/Debug/Dobbelsteen.elf
configparams force-mem-access 0
----------------End of Script----------------

10:14:46 INFO  : Memory regions updated for context APU
10:14:46 INFO  : Context for processor 'ps7_cortexa9_0' is selected.
10:14:46 INFO  : 'con' command is executed.
10:14:46 INFO  : ----------------XSDB Script (After Launch)----------------
targets -set -nocase -filter {name =~ "ARM*#0" && jtag_cable_name =~ "Avnet MiniZed V1 1234-oj1A"} -index 0
con
----------------End of Script----------------

10:14:46 INFO  : Launch script is exported to file 'C:\FPGA\Dobbelsteen_ip\Dobbelsteen_ip.sdk\.sdk\launch_scripts\xilinx_c-c++_application_(system_debugger)\system_debugger_using_debug_dobbelsteen.elf_on_local.tcl'
10:16:10 INFO  : Disconnected from the channel tcfchan#4.
10:20:03 INFO  : 'targets -set -filter {jtag_cable_name =~ "Avnet MiniZed V1 1234-oj1A" && level==0} -index 1' command is executed.
10:20:03 INFO  : 'fpga -state' command is executed.
10:20:03 INFO  : Connected to target on host '127.0.0.1' and port '3121'.
10:20:03 INFO  : Jtag cable 'Avnet MiniZed V1 1234-oj1A' is selected.
10:20:03 INFO  : 'jtag frequency' command is executed.
10:20:03 INFO  : Sourcing of 'C:/FPGA/Dobbelsteen_ip/Dobbelsteen_ip.sdk/design_1_wrapper_hw_platform_0/ps7_init.tcl' is done.
10:20:03 INFO  : Context for 'APU' is selected.
10:20:03 INFO  : Hardware design information is loaded from 'C:/FPGA/Dobbelsteen_ip/Dobbelsteen_ip.sdk/design_1_wrapper_hw_platform_0/system.hdf'.
10:20:03 INFO  : 'configparams force-mem-access 1' command is executed.
10:20:03 INFO  : Context for 'APU' is selected.
10:20:03 INFO  : 'stop' command is executed.
10:20:04 INFO  : 'ps7_init' command is executed.
10:20:04 INFO  : 'ps7_post_config' command is executed.
10:20:04 INFO  : Context for processor 'ps7_cortexa9_0' is selected.
10:20:04 INFO  : Processor reset is completed for 'ps7_cortexa9_0'.
10:20:04 INFO  : Context for processor 'ps7_cortexa9_0' is selected.
10:20:04 INFO  : The application 'C:/FPGA/Dobbelsteen_ip/Dobbelsteen_ip.sdk/Dobbelsteen/Debug/Dobbelsteen.elf' is downloaded to processor 'ps7_cortexa9_0'.
10:20:04 INFO  : 'configparams force-mem-access 0' command is executed.
10:20:04 INFO  : ----------------XSDB Script----------------
connect -url tcp:127.0.0.1:3121
source C:/FPGA/Dobbelsteen_ip/Dobbelsteen_ip.sdk/design_1_wrapper_hw_platform_0/ps7_init.tcl
targets -set -nocase -filter {name =~"APU*" && jtag_cable_name =~ "Avnet MiniZed V1 1234-oj1A"} -index 0
loadhw -hw C:/FPGA/Dobbelsteen_ip/Dobbelsteen_ip.sdk/design_1_wrapper_hw_platform_0/system.hdf -mem-ranges [list {0x40000000 0xbfffffff}]
configparams force-mem-access 1
targets -set -nocase -filter {name =~"APU*" && jtag_cable_name =~ "Avnet MiniZed V1 1234-oj1A"} -index 0
stop
ps7_init
ps7_post_config
targets -set -nocase -filter {name =~ "ARM*#0" && jtag_cable_name =~ "Avnet MiniZed V1 1234-oj1A"} -index 0
rst -processor
targets -set -nocase -filter {name =~ "ARM*#0" && jtag_cable_name =~ "Avnet MiniZed V1 1234-oj1A"} -index 0
dow C:/FPGA/Dobbelsteen_ip/Dobbelsteen_ip.sdk/Dobbelsteen/Debug/Dobbelsteen.elf
configparams force-mem-access 0
----------------End of Script----------------

10:20:04 INFO  : Memory regions updated for context APU
10:20:04 INFO  : Context for processor 'ps7_cortexa9_0' is selected.
10:20:05 INFO  : 'con' command is executed.
10:20:05 INFO  : ----------------XSDB Script (After Launch)----------------
targets -set -nocase -filter {name =~ "ARM*#0" && jtag_cable_name =~ "Avnet MiniZed V1 1234-oj1A"} -index 0
con
----------------End of Script----------------

10:20:05 INFO  : Launch script is exported to file 'C:\FPGA\Dobbelsteen_ip\Dobbelsteen_ip.sdk\.sdk\launch_scripts\xilinx_c-c++_application_(system_debugger)\system_debugger_using_debug_dobbelsteen.elf_on_local.tcl'
10:21:29 INFO  : Disconnected from the channel tcfchan#5.
10:22:07 INFO  : 'targets -set -filter {jtag_cable_name =~ "Avnet MiniZed V1 1234-oj1A" && level==0} -index 1' command is executed.
10:22:07 INFO  : 'fpga -state' command is executed.
10:22:07 INFO  : Connected to target on host '127.0.0.1' and port '3121'.
10:22:08 INFO  : Jtag cable 'Avnet MiniZed V1 1234-oj1A' is selected.
10:22:08 INFO  : 'jtag frequency' command is executed.
10:22:08 INFO  : Sourcing of 'C:/FPGA/Dobbelsteen_ip/Dobbelsteen_ip.sdk/design_1_wrapper_hw_platform_0/ps7_init.tcl' is done.
10:22:08 INFO  : Context for 'APU' is selected.
10:22:08 INFO  : Hardware design information is loaded from 'C:/FPGA/Dobbelsteen_ip/Dobbelsteen_ip.sdk/design_1_wrapper_hw_platform_0/system.hdf'.
10:22:08 INFO  : 'configparams force-mem-access 1' command is executed.
10:22:08 INFO  : Context for 'APU' is selected.
10:22:08 INFO  : 'stop' command is executed.
10:22:08 INFO  : 'ps7_init' command is executed.
10:22:08 INFO  : 'ps7_post_config' command is executed.
10:22:08 INFO  : Context for processor 'ps7_cortexa9_0' is selected.
10:22:08 INFO  : Processor reset is completed for 'ps7_cortexa9_0'.
10:22:09 INFO  : Context for processor 'ps7_cortexa9_0' is selected.
10:22:09 INFO  : The application 'C:/FPGA/Dobbelsteen_ip/Dobbelsteen_ip.sdk/Dobbelsteen/Debug/Dobbelsteen.elf' is downloaded to processor 'ps7_cortexa9_0'.
10:22:09 INFO  : 'configparams force-mem-access 0' command is executed.
10:22:09 INFO  : ----------------XSDB Script----------------
connect -url tcp:127.0.0.1:3121
source C:/FPGA/Dobbelsteen_ip/Dobbelsteen_ip.sdk/design_1_wrapper_hw_platform_0/ps7_init.tcl
targets -set -nocase -filter {name =~"APU*" && jtag_cable_name =~ "Avnet MiniZed V1 1234-oj1A"} -index 0
loadhw -hw C:/FPGA/Dobbelsteen_ip/Dobbelsteen_ip.sdk/design_1_wrapper_hw_platform_0/system.hdf -mem-ranges [list {0x40000000 0xbfffffff}]
configparams force-mem-access 1
targets -set -nocase -filter {name =~"APU*" && jtag_cable_name =~ "Avnet MiniZed V1 1234-oj1A"} -index 0
stop
ps7_init
ps7_post_config
targets -set -nocase -filter {name =~ "ARM*#0" && jtag_cable_name =~ "Avnet MiniZed V1 1234-oj1A"} -index 0
rst -processor
targets -set -nocase -filter {name =~ "ARM*#0" && jtag_cable_name =~ "Avnet MiniZed V1 1234-oj1A"} -index 0
dow C:/FPGA/Dobbelsteen_ip/Dobbelsteen_ip.sdk/Dobbelsteen/Debug/Dobbelsteen.elf
configparams force-mem-access 0
----------------End of Script----------------

10:22:09 INFO  : Memory regions updated for context APU
10:22:09 INFO  : Context for processor 'ps7_cortexa9_0' is selected.
10:22:09 INFO  : 'con' command is executed.
10:22:09 INFO  : ----------------XSDB Script (After Launch)----------------
targets -set -nocase -filter {name =~ "ARM*#0" && jtag_cable_name =~ "Avnet MiniZed V1 1234-oj1A"} -index 0
con
----------------End of Script----------------

10:22:09 INFO  : Launch script is exported to file 'C:\FPGA\Dobbelsteen_ip\Dobbelsteen_ip.sdk\.sdk\launch_scripts\xilinx_c-c++_application_(system_debugger)\system_debugger_using_debug_dobbelsteen.elf_on_local.tcl'
10:22:21 INFO  : Disconnected from the channel tcfchan#6.
10:24:10 INFO  : Registering command handlers for SDK TCF services
10:24:12 INFO  : Launching XSCT server: xsct.bat -interactive C:\FPGA\Dobbelsteen_ip\Dobbelsteen_ip.sdk\temp_xsdb_launch_script.tcl
10:24:18 INFO  : XSCT server has started successfully.
10:24:19 INFO  : Successfully done setting XSCT server connection channel  
10:24:19 INFO  : Processing command line option -hwspec C:/FPGA/Dobbelsteen_ip/Dobbelsteen_ip.sdk/design_1_wrapper.hdf.
10:24:19 INFO  : Successfully done setting SDK workspace  
10:24:19 INFO  : Checking for hwspec changes in the project design_1_wrapper_hw_platform_0.
10:27:42 INFO  : 'targets -set -filter {jtag_cable_name =~ "Avnet MiniZed V1 1234-oj1A" && level==0} -index 1' command is executed.
10:27:42 INFO  : 'fpga -state' command is executed.
10:27:42 INFO  : Connected to target on host '127.0.0.1' and port '3121'.
10:27:42 INFO  : Jtag cable 'Avnet MiniZed V1 1234-oj1A' is selected.
10:27:42 INFO  : 'jtag frequency' command is executed.
10:27:42 INFO  : Sourcing of 'C:/FPGA/Dobbelsteen_ip/Dobbelsteen_ip.sdk/design_1_wrapper_hw_platform_0/ps7_init.tcl' is done.
10:27:42 INFO  : Context for 'APU' is selected.
10:27:42 INFO  : Hardware design information is loaded from 'C:/FPGA/Dobbelsteen_ip/Dobbelsteen_ip.sdk/design_1_wrapper_hw_platform_0/system.hdf'.
10:27:42 INFO  : 'configparams force-mem-access 1' command is executed.
10:27:42 INFO  : Context for 'APU' is selected.
10:27:42 INFO  : 'stop' command is executed.
10:27:43 INFO  : 'ps7_init' command is executed.
10:27:43 INFO  : 'ps7_post_config' command is executed.
10:27:43 INFO  : Context for processor 'ps7_cortexa9_0' is selected.
10:27:43 INFO  : Processor reset is completed for 'ps7_cortexa9_0'.
10:27:43 INFO  : Context for processor 'ps7_cortexa9_0' is selected.
10:27:44 INFO  : The application 'C:/FPGA/Dobbelsteen_ip/Dobbelsteen_ip.sdk/Dobbelsteen/Debug/Dobbelsteen.elf' is downloaded to processor 'ps7_cortexa9_0'.
10:27:44 INFO  : 'configparams force-mem-access 0' command is executed.
10:27:44 INFO  : ----------------XSDB Script----------------
connect -url tcp:127.0.0.1:3121
source C:/FPGA/Dobbelsteen_ip/Dobbelsteen_ip.sdk/design_1_wrapper_hw_platform_0/ps7_init.tcl
targets -set -nocase -filter {name =~"APU*" && jtag_cable_name =~ "Avnet MiniZed V1 1234-oj1A"} -index 0
loadhw -hw C:/FPGA/Dobbelsteen_ip/Dobbelsteen_ip.sdk/design_1_wrapper_hw_platform_0/system.hdf -mem-ranges [list {0x40000000 0xbfffffff}]
configparams force-mem-access 1
targets -set -nocase -filter {name =~"APU*" && jtag_cable_name =~ "Avnet MiniZed V1 1234-oj1A"} -index 0
stop
ps7_init
ps7_post_config
targets -set -nocase -filter {name =~ "ARM*#0" && jtag_cable_name =~ "Avnet MiniZed V1 1234-oj1A"} -index 0
rst -processor
targets -set -nocase -filter {name =~ "ARM*#0" && jtag_cable_name =~ "Avnet MiniZed V1 1234-oj1A"} -index 0
dow C:/FPGA/Dobbelsteen_ip/Dobbelsteen_ip.sdk/Dobbelsteen/Debug/Dobbelsteen.elf
configparams force-mem-access 0
----------------End of Script----------------

10:27:44 INFO  : Memory regions updated for context APU
10:27:44 INFO  : Context for processor 'ps7_cortexa9_0' is selected.
10:27:44 INFO  : 'con' command is executed.
10:27:44 INFO  : ----------------XSDB Script (After Launch)----------------
targets -set -nocase -filter {name =~ "ARM*#0" && jtag_cable_name =~ "Avnet MiniZed V1 1234-oj1A"} -index 0
con
----------------End of Script----------------

10:27:44 INFO  : Launch script is exported to file 'C:\FPGA\Dobbelsteen_ip\Dobbelsteen_ip.sdk\.sdk\launch_scripts\xilinx_c-c++_application_(system_debugger)\system_debugger_using_debug_dobbelsteen.elf_on_local.tcl'
10:27:55 INFO  : Disconnected from the channel tcfchan#1.
10:30:54 INFO  : Registering command handlers for SDK TCF services
10:30:57 INFO  : Launching XSCT server: xsct.bat -interactive C:\FPGA\Dobbelsteen_ip\Dobbelsteen_ip.sdk\temp_xsdb_launch_script.tcl
10:31:03 INFO  : XSCT server has started successfully.
10:31:04 INFO  : Processing command line option -hwspec C:/FPGA/Dobbelsteen_ip/Dobbelsteen_ip.sdk/design_1_wrapper.hdf.
10:31:09 INFO  : Successfully done setting XSCT server connection channel  
10:31:09 INFO  : Successfully done setting SDK workspace  
10:31:10 INFO  : Checking for hwspec changes in the project design_1_wrapper_hw_platform_0.
10:34:36 INFO  : 'targets -set -filter {jtag_cable_name =~ "Avnet MiniZed V1 1234-oj1A" && level==0} -index 1' command is executed.
10:34:36 INFO  : 'fpga -state' command is executed.
10:34:36 INFO  : Connected to target on host '127.0.0.1' and port '3121'.
10:34:36 INFO  : Jtag cable 'Avnet MiniZed V1 1234-oj1A' is selected.
10:34:36 INFO  : 'jtag frequency' command is executed.
10:34:36 INFO  : Sourcing of 'C:/FPGA/Dobbelsteen_ip/Dobbelsteen_ip.sdk/design_1_wrapper_hw_platform_0/ps7_init.tcl' is done.
10:34:36 INFO  : Context for 'APU' is selected.
10:34:36 INFO  : Hardware design information is loaded from 'C:/FPGA/Dobbelsteen_ip/Dobbelsteen_ip.sdk/design_1_wrapper_hw_platform_0/system.hdf'.
10:34:36 INFO  : 'configparams force-mem-access 1' command is executed.
10:34:36 INFO  : Context for 'APU' is selected.
10:34:36 INFO  : 'stop' command is executed.
10:34:37 INFO  : 'ps7_init' command is executed.
10:34:37 INFO  : 'ps7_post_config' command is executed.
10:34:37 INFO  : Context for processor 'ps7_cortexa9_0' is selected.
10:34:37 INFO  : Processor reset is completed for 'ps7_cortexa9_0'.
10:34:37 INFO  : Context for processor 'ps7_cortexa9_0' is selected.
10:34:37 INFO  : The application 'C:/FPGA/Dobbelsteen_ip/Dobbelsteen_ip.sdk/Dobbelsteen/Debug/Dobbelsteen.elf' is downloaded to processor 'ps7_cortexa9_0'.
10:34:37 INFO  : 'configparams force-mem-access 0' command is executed.
10:34:37 INFO  : ----------------XSDB Script----------------
connect -url tcp:127.0.0.1:3121
source C:/FPGA/Dobbelsteen_ip/Dobbelsteen_ip.sdk/design_1_wrapper_hw_platform_0/ps7_init.tcl
targets -set -nocase -filter {name =~"APU*" && jtag_cable_name =~ "Avnet MiniZed V1 1234-oj1A"} -index 0
loadhw -hw C:/FPGA/Dobbelsteen_ip/Dobbelsteen_ip.sdk/design_1_wrapper_hw_platform_0/system.hdf -mem-ranges [list {0x40000000 0xbfffffff}]
configparams force-mem-access 1
targets -set -nocase -filter {name =~"APU*" && jtag_cable_name =~ "Avnet MiniZed V1 1234-oj1A"} -index 0
stop
ps7_init
ps7_post_config
targets -set -nocase -filter {name =~ "ARM*#0" && jtag_cable_name =~ "Avnet MiniZed V1 1234-oj1A"} -index 0
rst -processor
targets -set -nocase -filter {name =~ "ARM*#0" && jtag_cable_name =~ "Avnet MiniZed V1 1234-oj1A"} -index 0
dow C:/FPGA/Dobbelsteen_ip/Dobbelsteen_ip.sdk/Dobbelsteen/Debug/Dobbelsteen.elf
configparams force-mem-access 0
----------------End of Script----------------

10:34:37 INFO  : Memory regions updated for context APU
10:34:38 INFO  : Context for processor 'ps7_cortexa9_0' is selected.
10:34:38 INFO  : 'con' command is executed.
10:34:38 INFO  : ----------------XSDB Script (After Launch)----------------
targets -set -nocase -filter {name =~ "ARM*#0" && jtag_cable_name =~ "Avnet MiniZed V1 1234-oj1A"} -index 0
con
----------------End of Script----------------

10:34:38 INFO  : Launch script is exported to file 'C:\FPGA\Dobbelsteen_ip\Dobbelsteen_ip.sdk\.sdk\launch_scripts\xilinx_c-c++_application_(system_debugger)\system_debugger_using_debug_dobbelsteen.elf_on_local.tcl'
10:35:49 INFO  : Disconnected from the channel tcfchan#1.
