Running C:/Xilinx/Vitis/2019.2/bin/bootgen  -image C:/Github/Own/Embedded-FPGA/MiniZED/Hello_MiniZED_Vitis/Hello_MiniZED_Vitis_system/Debug/sd_card_temp/boot.bif -w -o i BOOT.BIN
Nothing to build in platform 'design_1_wrapper'

11:51:50 **** Clean-only build of configuration Debug for project Hello_MiniZED_Vitis ****
make clean 
rm -rf  ./src/helloworld.o ./src/platform.o  ./src/helloworld.d ./src/platform.d  Hello_MiniZED_Vitis.elf.size  Hello_MiniZED_Vitis.elf
' '
11:52:29 **** Build of configuration Debug for project Hello_MiniZED_Vitis ****
make all 
make --no-print-directory pre-build
a9-linaro-pre-build-step
' '
make --no-print-directory main-build
'Building file: ../src/helloworld.c'
'Invoking: ARM v7 gcc compiler'
arm-none-eabi-gcc -Wall -O0 -g3 -c -fmessage-length=0 -MT"src/helloworld.o" -mcpu=cortex-a9 -mfpu=vfpv3 -mfloat-abi=hard -IC:/Github/Own/Embedded-FPGA/MiniZED/Hello_MiniZED_Vitis/design_1_wrapper/export/design_1_wrapper/sw/design_1_wrapper/standalone_domain/bspinclude/include -MMD -MP -MF"src/helloworld.d" -MT"src/helloworld.o" -o "src/helloworld.o" "../src/helloworld.c"
'Finished building: ../src/helloworld.c'
' '
'Building file: ../src/platform.c'
'Invoking: ARM v7 gcc compiler'
arm-none-eabi-gcc -Wall -O0 -g3 -c -fmessage-length=0 -MT"src/platform.o" -mcpu=cortex-a9 -mfpu=vfpv3 -mfloat-abi=hard -IC:/Github/Own/Embedded-FPGA/MiniZED/Hello_MiniZED_Vitis/design_1_wrapper/export/design_1_wrapper/sw/design_1_wrapper/standalone_domain/bspinclude/include -MMD -MP -MF"src/platform.d" -MT"src/platform.o" -o "src/platform.o" "../src/platform.c"
'Finished building: ../src/platform.c'
' '
'Building target: Hello_MiniZED_Vitis.elf'
'Invoking: ARM v7 gcc linker'
arm-none-eabi-gcc -mcpu=cortex-a9 -mfpu=vfpv3 -mfloat-abi=hard -Wl,-build-id=none -specs=Xilinx.spec -Wl,-T -Wl,../src/lscript.ld -LC:/Github/Own/Embedded-FPGA/MiniZED/Hello_MiniZED_Vitis/design_1_wrapper/export/design_1_wrapper/sw/design_1_wrapper/standalone_domain/bsplib/lib -o "Hello_MiniZED_Vitis.elf"  ./src/helloworld.o ./src/platform.o   -Wl,--start-group,-lxil,-lgcc,-lc,--end-group
'Finished building target: Hello_MiniZED_Vitis.elf'
' '
'Invoking: ARM v7 Print Size'
arm-none-eabi-size Hello_MiniZED_Vitis.elf  |tee "Hello_MiniZED_Vitis.elf.size"
   text	   data	    bss	    dec	    hex	filename
  29372	   1544	  23256	  54172	   d39c	Hello_MiniZED_Vitis.elf
'Finished building: Hello_MiniZED_Vitis.elf.size'
' '
Nothing to build in platform 'design_1_wrapper'

11:53:28 **** Incremental Build of configuration Debug for project Hello_MiniZED_Vitis ****
make all 
make --no-print-directory pre-build
a9-linaro-pre-build-step
' '
make --no-print-directory main-build
make[1]: Nothing to be done for 'main-build'.
11:53:34 **** Incremental Build of configuration Debug for project Hello_MiniZED_Vitis_system ****
make all 
Generating bif file for the system project
generate_system_bif.bat 61358 C:/Github/Own/Embedded-FPGA/MiniZED/Hello_MiniZED_Vitis/design_1_wrapper/export/design_1_wrapper/design_1_wrapper.xpfm standalone_domain C:/Github/Own/Embedded-FPGA/MiniZED/Hello_MiniZED_Vitis/Hello_MiniZED_Vitis_system/Debug/system.bif
sdcard_gen --xpfm C:/Github/Own/Embedded-FPGA/MiniZED/Hello_MiniZED_Vitis/design_1_wrapper/export/design_1_wrapper/design_1_wrapper.xpfm --sys_config design_1_wrapper --bif C:/Github/Own/Embedded-FPGA/MiniZED/Hello_MiniZED_Vitis/Hello_MiniZED_Vitis_system/Debug/system.bif --bitstream C:/Github/Own/Embedded-FPGA/MiniZED/Hello_MiniZED_Vitis/Hello_MiniZED_Vitis/_ide/bitstream/design_1_wrapper.bit --elf C:/Github/Own/Embedded-FPGA/MiniZED/Hello_MiniZED_Vitis/Hello_MiniZED_Vitis/Debug/Hello_MiniZED_Vitis.elf,ps7_cortexa9_0
creating BOOT.BIN using C:/Github/Own/Embedded-FPGA/MiniZED/Hello_MiniZED_Vitis/Hello_MiniZED_Vitis/_ide/bitstream/design_1_wrapper.bit
Running C:/Xilinx/Vitis/2019.2/bin/bootgen  -image C:/Github/Own/Embedded-FPGA/MiniZED/Hello_MiniZED_Vitis/Hello_MiniZED_Vitis_system/Debug/sd_card_temp/boot.bif -w -o i BOOT.BIN
