10:34:14 **** Incremental Build of configuration Debug for project Dobbelsteen ****
make pre-build main-build 
a9-linaro-pre-build-step
' '
'Building file: ../src/helloworld.c'
'Invoking: ARM v7 gcc compiler'
arm-none-eabi-gcc -Wall -O0 -g3 -c -fmessage-length=0 -MT"src/helloworld.o" -mcpu=cortex-a9 -mfpu=vfpv3 -mfloat-abi=hard -I../../Dobbelsteen_bsp/ps7_cortexa9_0/include -MMD -MP -MF"src/helloworld.d" -MT"src/helloworld.o" -o "src/helloworld.o" "../src/helloworld.c"
'Finished building: ../src/helloworld.c'
' '
'Building target: Dobbelsteen.elf'
'Invoking: ARM v7 gcc linker'
arm-none-eabi-gcc -mcpu=cortex-a9 -mfpu=vfpv3 -mfloat-abi=hard -Wl,-build-id=none -specs=Xilinx.spec -Wl,-T -Wl,../src/lscript.ld -L../../Dobbelsteen_bsp/ps7_cortexa9_0/lib -o "Dobbelsteen.elf"  ./src/helloworld.o ./src/platform.o   -Wl,--start-group,-lxil,-lgcc,-lc,--end-group
'Finished building target: Dobbelsteen.elf'
' '
'Invoking: ARM v7 Print Size'
arm-none-eabi-size Dobbelsteen.elf  |tee "Dobbelsteen.elf.size"
   text	   data	    bss	    dec	    hex	filename
  22392	   1144	  22568	  46104	   b418	Dobbelsteen.elf
'Finished building: Dobbelsteen.elf.size'
' '
10:34:27 **** Incremental Build of configuration Debug for project Dobbelsteen ****
make pre-build main-build 
a9-linaro-pre-build-step
' '
make: Er is niets te doen voor 'main-build'.
