14:25:25 **** Build of project eFPGA_I2C_PL ****
buildplatform.bat 54711 eFPGA_I2C_PL  
XSDB Server Channel: tcfchan#1
Building the zynq_fsbl application.
make -C zynq_fsbl_bsp

make[1]: Entering directory 'C:/devWorks/FPGA/eFPGA_I2C_PL/eFPGA_I2C_PL/zynq_fsbl/zynq_fsbl_bsp'

"Running Make include in ps7_cortexa9_0/libsrc/coresightps_dcc_v1_6/src"

make -C ps7_cortexa9_0/libsrc/coresightps_dcc_v1_6/src -s include  "SHELL=CMD" "COMPILER=arm-none-eabi-gcc" "ASSEMBLER=arm-none
-eabi-as" "ARCHIVER=arm-none-eabi-ar" "COMPILER_FLAGS=  -O2 -c" "EXTRA_COMPILER_FLAGS=-mcpu=cortex-a9 -mfpu=vfpv3 -mfloat-abi=h
ard -nostartfiles -g -Wall -Wextra"

make[2]: Entering directory 'C:/devWorks/FPGA/eFPGA_I2C_PL/eFPGA_I2C_PL/zynq_fsbl/zynq_fsbl_bsp/ps7_cortexa9_0/libsrc/coresight
ps_dcc_v1_6/src'

make[2]: Leaving directory 'C:/devWorks/FPGA/eFPGA_I2C_PL/eFPGA_I2C_PL/zynq_fsbl/zynq_fsbl_bsp/ps7_cortexa9_0/libsrc/coresightp
s_dcc_v1_6/src'

"Running Make include in ps7_cortexa9_0/libsrc/cpu_cortexa9_v2_8/src"

make -C ps7_cortexa9_0/libsrc/cpu_cortexa9_v2_8/src -s include  "SHELL=CMD" "COMPILER=arm-none-eabi-gcc" "ASSEMBLER=arm-none-ea
bi-as" "ARCHIVER=arm-none-eabi-ar" "COMPILER_FLAGS=  -O2 -c" "EXTRA_COMPILER_FLAGS=-mcpu=cortex-a9 -mfpu=vfpv3 -mfloat-abi=hard
 -nostartfiles -g -Wall -Wextra"

make[2]: Entering directory 'C:/devWorks/FPGA/eFPGA_I2C_PL/eFPGA_I2C_PL/zynq_fsbl/zynq_fsbl_bsp/ps7_cortexa9_0/libsrc/cpu_corte
xa9_v2_8/src'

make[2]: Leaving directory 'C:/devWorks/FPGA/eFPGA_I2C_PL/eFPGA_I2C_PL/zynq_fsbl/zynq_fsbl_bsp/ps7_cortexa9_0/libsrc/cpu_cortex
a9_v2_8/src'

"Running Make include in ps7_cortexa9_0/libsrc/ddrps_v1_0/src"

make -C ps7_cortexa9_0/libsrc/ddrps_v1_0/src -s include  "SHELL=CMD" "COMPILER=arm-none-eabi-gcc" "ASSEMBLER=arm-none-eabi-as" 
"ARCHIVER=arm-none-eabi-ar" "COMPILER_FLAGS=  -O2 -c" "EXTRA_COMPILER_FLAGS=-mcpu=cortex-a9 -mfpu=vfpv3 -mfloat-abi=hard -nosta
rtfiles -g -Wall -Wextra"

make[2]: Entering directory 'C:/devWorks/FPGA/eFPGA_I2C_PL/eFPGA_I2C_PL/zynq_fsbl/zynq_fsbl_bsp/ps7_cortexa9_0/libsrc/ddrps_v1_
0/src'

make[2]: Leaving directory 'C:/devWorks/FPGA/eFPGA_I2C_PL/eFPGA_I2C_PL/zynq_fsbl/zynq_fsbl_bsp/ps7_cortexa9_0/libsrc/ddrps_v1_0
/src'

"Running Make include in ps7_cortexa9_0/libsrc/devcfg_v3_5/src"

make -C ps7_cortexa9_0/libsrc/devcfg_v3_5/src -s include  "SHELL=CMD" "COMPILER=arm-none-eabi-gcc" "ASSEMBLER=arm-none-eabi-as"
 "ARCHIVER=arm-none-eabi-ar" "COMPILER_FLAGS=  -O2 -c" "EXTRA_COMPILER_FLAGS=-mcpu=cortex-a9 -mfpu=vfpv3 -mfloat-abi=hard -nost
artfiles -g -Wall -Wextra"

make[2]: Entering directory 'C:/devWorks/FPGA/eFPGA_I2C_PL/eFPGA_I2C_PL/zynq_fsbl/zynq_fsbl_bsp/ps7_cortexa9_0/libsrc/devcfg_v3
_5/src'

make[2]: Leaving directory 'C:/devWorks/FPGA/eFPGA_I2C_PL/eFPGA_I2C_PL/zynq_fsbl/zynq_fsbl_bsp/ps7_cortexa9_0/libsrc/devcfg_v3_
5/src'

"Running Make include in ps7_cortexa9_0/libsrc/dmaps_v2_5/src"

make -C ps7_cortexa9_0/libsrc/dmaps_v2_5/src -s include  "SHELL=CMD" "COMPILER=arm-none-eabi-gcc" "ASSEMBLER=arm-none-eabi-as" 
"ARCHIVER=arm-none-eabi-ar" "COMPILER_FLAGS=  -O2 -c" "EXTRA_COMPILER_FLAGS=-mcpu=cortex-a9 -mfpu=vfpv3 -mfloat-abi=hard -nosta
rtfiles -g -Wall -Wextra"

make[2]: Entering directory 'C:/devWorks/FPGA/eFPGA_I2C_PL/eFPGA_I2C_PL/zynq_fsbl/zynq_fsbl_bsp/ps7_cortexa9_0/libsrc/dmaps_v2_
5/src'

make[2]: Leaving directory 'C:/devWorks/FPGA/eFPGA_I2C_PL/eFPGA_I2C_PL/zynq_fsbl/zynq_fsbl_bsp/ps7_cortexa9_0/libsrc/dmaps_v2_5
/src'

"Running Make include in ps7_cortexa9_0/libsrc/gpiops_v3_6/src"

make -C ps7_cortexa9_0/libsrc/gpiops_v3_6/src -s include  "SHELL=CMD" "COMPILER=arm-none-eabi-gcc" "ASSEMBLER=arm-none-eabi-as"
 "ARCHIVER=arm-none-eabi-ar" "COMPILER_FLAGS=  -O2 -c" "EXTRA_COMPILER_FLAGS=-mcpu=cortex-a9 -mfpu=vfpv3 -mfloat-abi=hard -nost
artfiles -g -Wall -Wextra"

make[2]: Entering directory 'C:/devWorks/FPGA/eFPGA_I2C_PL/eFPGA_I2C_PL/zynq_fsbl/zynq_fsbl_bsp/ps7_cortexa9_0/libsrc/gpiops_v3
_6/src'

make[2]: Leaving directory 'C:/devWorks/FPGA/eFPGA_I2C_PL/eFPGA_I2C_PL/zynq_fsbl/zynq_fsbl_bsp/ps7_cortexa9_0/libsrc/gpiops_v3_
6/src'

"Running Make include in ps7_cortexa9_0/libsrc/iicps_v3_10/src"

make -C ps7_cortexa9_0/libsrc/iicps_v3_10/src -s include  "SHELL=CMD" "COMPILER=arm-none-eabi-gcc" "ASSEMBLER=arm-none-eabi-as"
 "ARCHIVER=arm-none-eabi-ar" "COMPILER_FLAGS=  -O2 -c" "EXTRA_COMPILER_FLAGS=-mcpu=cortex-a9 -mfpu=vfpv3 -mfloat-abi=hard -nost
artfiles -g -Wall -Wextra"

make[2]: Entering directory 'C:/devWorks/FPGA/eFPGA_I2C_PL/eFPGA_I2C_PL/zynq_fsbl/zynq_fsbl_bsp/ps7_cortexa9_0/libsrc/iicps_v3_
10/src'

make[2]: Leaving directory 'C:/devWorks/FPGA/eFPGA_I2C_PL/eFPGA_I2C_PL/zynq_fsbl/zynq_fsbl_bsp/ps7_cortexa9_0/libsrc/iicps_v3_1
0/src'

"Running Make include in ps7_cortexa9_0/libsrc/iic_v3_5/src"

make -C ps7_cortexa9_0/libsrc/iic_v3_5/src -s include  "SHELL=CMD" "COMPILER=arm-none-eabi-gcc" "ASSEMBLER=arm-none-eabi-as" "A
RCHIVER=arm-none-eabi-ar" "COMPILER_FLAGS=  -O2 -c" "EXTRA_COMPILER_FLAGS=-mcpu=cortex-a9 -mfpu=vfpv3 -mfloat-abi=hard -nostart
files -g -Wall -Wextra"

make[2]: Entering directory 'C:/devWorks/FPGA/eFPGA_I2C_PL/eFPGA_I2C_PL/zynq_fsbl/zynq_fsbl_bsp/ps7_cortexa9_0/libsrc/iic_v3_5/
src'

make[2]: Leaving directory 'C:/devWorks/FPGA/eFPGA_I2C_PL/eFPGA_I2C_PL/zynq_fsbl/zynq_fsbl_bsp/ps7_cortexa9_0/libsrc/iic_v3_5/s
rc'

"Running Make include in ps7_cortexa9_0/libsrc/qspips_v3_6/src"

make -C ps7_cortexa9_0/libsrc/qspips_v3_6/src -s include  "SHELL=CMD" "COMPILER=arm-none-eabi-gcc" "ASSEMBLER=arm-none-eabi-as"
 "ARCHIVER=arm-none-eabi-ar" "COMPILER_FLAGS=  -O2 -c" "EXTRA_COMPILER_FLAGS=-mcpu=cortex-a9 -mfpu=vfpv3 -mfloat-abi=hard -nost
artfiles -g -Wall -Wextra"

make[2]: Entering directory 'C:/devWorks/FPGA/eFPGA_I2C_PL/eFPGA_I2C_PL/zynq_fsbl/zynq_fsbl_bsp/ps7_cortexa9_0/libsrc/qspips_v3
_6/src'

make[2]: Leaving directory 'C:/devWorks/FPGA/eFPGA_I2C_PL/eFPGA_I2C_PL/zynq_fsbl/zynq_fsbl_bsp/ps7_cortexa9_0/libsrc/qspips_v3_
6/src'

"Running Make include in ps7_cortexa9_0/libsrc/scugic_v4_1/src"

make -C ps7_cortexa9_0/libsrc/scugic_v4_1/src -s include  "SHELL=CMD" "COMPILER=arm-none-eabi-gcc" "ASSEMBLER=arm-none-eabi-as"
 "ARCHIVER=arm-none-eabi-ar" "COMPILER_FLAGS=  -O2 -c" "EXTRA_COMPILER_FLAGS=-mcpu=cortex-a9 -mfpu=vfpv3 -mfloat-abi=hard -nost
artfiles -g -Wall -Wextra"

make[2]: Entering directory 'C:/devWorks/FPGA/eFPGA_I2C_PL/eFPGA_I2C_PL/zynq_fsbl/zynq_fsbl_bsp/ps7_cortexa9_0/libsrc/scugic_v4
_1/src'

make[2]: Leaving directory 'C:/devWorks/FPGA/eFPGA_I2C_PL/eFPGA_I2C_PL/zynq_fsbl/zynq_fsbl_bsp/ps7_cortexa9_0/libsrc/scugic_v4_
1/src'

"Running Make include in ps7_cortexa9_0/libsrc/scutimer_v2_1/src"

make -C ps7_cortexa9_0/libsrc/scutimer_v2_1/src -s include  "SHELL=CMD" "COMPILER=arm-none-eabi-gcc" "ASSEMBLER=arm-none-eabi-a
s" "ARCHIVER=arm-none-eabi-ar" "COMPILER_FLAGS=  -O2 -c" "EXTRA_COMPILER_FLAGS=-mcpu=cortex-a9 -mfpu=vfpv3 -mfloat-abi=hard -no
startfiles -g -Wall -Wextra"

make[2]: Entering directory 'C:/devWorks/FPGA/eFPGA_I2C_PL/eFPGA_I2C_PL/zynq_fsbl/zynq_fsbl_bsp/ps7_cortexa9_0/libsrc/scutimer_
v2_1/src'

make[2]: Leaving directory 'C:/devWorks/FPGA/eFPGA_I2C_PL/eFPGA_I2C_PL/zynq_fsbl/zynq_fsbl_bsp/ps7_cortexa9_0/libsrc/scutimer_v
2_1/src'

"Running Make include in ps7_cortexa9_0/libsrc/scuwdt_v2_1/src"

make -C ps7_cortexa9_0/libsrc/scuwdt_v2_1/src -s include  "SHELL=CMD" "COMPILER=arm-none-eabi-gcc" "ASSEMBLER=arm-none-eabi-as"
 "ARCHIVER=arm-none-eabi-ar" "COMPILER_FLAGS=  -O2 -c" "EXTRA_COMPILER_FLAGS=-mcpu=cortex-a9 -mfpu=vfpv3 -mfloat-abi=hard -nost
artfiles -g -Wall -Wextra"

make[2]: Entering directory 'C:/devWorks/FPGA/eFPGA_I2C_PL/eFPGA_I2C_PL/zynq_fsbl/zynq_fsbl_bsp/ps7_cortexa9_0/libsrc/scuwdt_v2
_1/src'

make[2]: Leaving directory 'C:/devWorks/FPGA/eFPGA_I2C_PL/eFPGA_I2C_PL/zynq_fsbl/zynq_fsbl_bsp/ps7_cortexa9_0/libsrc/scuwdt_v2_
1/src'

"Running Make include in ps7_cortexa9_0/libsrc/sdps_v3_8/src"

make -C ps7_cortexa9_0/libsrc/sdps_v3_8/src -s include  "SHELL=CMD" "COMPILER=arm-none-eabi-gcc" "ASSEMBLER=arm-none-eabi-as" "
ARCHIVER=arm-none-eabi-ar" "COMPILER_FLAGS=  -O2 -c" "EXTRA_COMPILER_FLAGS=-mcpu=cortex-a9 -mfpu=vfpv3 -mfloat-abi=hard -nostar
tfiles -g -Wall -Wextra"

make[2]: Entering directory 'C:/devWorks/FPGA/eFPGA_I2C_PL/eFPGA_I2C_PL/zynq_fsbl/zynq_fsbl_bsp/ps7_cortexa9_0/libsrc/sdps_v3_8
/src'

make[2]: Leaving directory 'C:/devWorks/FPGA/eFPGA_I2C_PL/eFPGA_I2C_PL/zynq_fsbl/zynq_fsbl_bsp/ps7_cortexa9_0/libsrc/sdps_v3_8/
src'

"Running Make include in ps7_cortexa9_0/libsrc/standalone_v7_1/src"

make -C ps7_cortexa9_0/libsrc/standalone_v7_1/src -s include  "SHELL=CMD" "COMPILER=arm-none-eabi-gcc" "ASSEMBLER=arm-none-eabi
-as" "ARCHIVER=arm-none-eabi-ar" "COMPILER_FLAGS=  -O2 -c" "EXTRA_COMPILER_FLAGS=-mcpu=cortex-a9 -mfpu=vfpv3 -mfloat-abi=hard -
nostartfiles -g -Wall -Wextra"

make[2]: Entering directory 'C:/devWorks/FPGA/eFPGA_I2C_PL/eFPGA_I2C_PL/zynq_fsbl/zynq_fsbl_bsp/ps7_cortexa9_0/libsrc/standalon
e_v7_1/src'

make[3]: Entering directory 'C:/devWorks/FPGA/eFPGA_I2C_PL/eFPGA_I2C_PL/zynq_fsbl/zynq_fsbl_bsp/ps7_cortexa9_0/libsrc/standalon
e_v7_1/src/profile'

make[3]: Leaving directory 'C:/devWorks/FPGA/eFPGA_I2C_PL/eFPGA_I2C_PL/zynq_fsbl/zynq_fsbl_bsp/ps7_cortexa9_0/libsrc/standalone
_v7_1/src/profile'

make[2]: Leaving directory 'C:/devWorks/FPGA/eFPGA_I2C_PL/eFPGA_I2C_PL/zynq_fsbl/zynq_fsbl_bsp/ps7_cortexa9_0/libsrc/standalone
_v7_1/src'

"Running Make include in ps7_cortexa9_0/libsrc/uartps_v3_8/src"

make -C ps7_cortexa9_0/libsrc/uartps_v3_8/src -s include  "SHELL=CMD" "COMPILER=arm-none-eabi-gcc" "ASSEMBLER=arm-none-eabi-as"
 "ARCHIVER=arm-none-eabi-ar" "COMPILER_FLAGS=  -O2 -c" "EXTRA_COMPILER_FLAGS=-mcpu=cortex-a9 -mfpu=vfpv3 -mfloat-abi=hard -nost
artfiles -g -Wall -Wextra"

make[2]: Entering directory 'C:/devWorks/FPGA/eFPGA_I2C_PL/eFPGA_I2C_PL/zynq_fsbl/zynq_fsbl_bsp/ps7_cortexa9_0/libsrc/uartps_v3
_8/src'

make[2]: Leaving directory 'C:/devWorks/FPGA/eFPGA_I2C_PL/eFPGA_I2C_PL/zynq_fsbl/zynq_fsbl_bsp/ps7_cortexa9_0/libsrc/uartps_v3_
8/src'

"Running Make include in ps7_cortexa9_0/libsrc/usbps_v2_4/src"

make -C ps7_cortexa9_0/libsrc/usbps_v2_4/src -s include  "SHELL=CMD" "COMPILER=arm-none-eabi-gcc" "ASSEMBLER=arm-none-eabi-as" 
"ARCHIVER=arm-none-eabi-ar" "COMPILER_FLAGS=  -O2 -c" "EXTRA_COMPILER_FLAGS=-mcpu=cortex-a9 -mfpu=vfpv3 -mfloat-abi=hard -nosta
rtfiles -g -Wall -Wextra"

make[2]: Entering directory 'C:/devWorks/FPGA/eFPGA_I2C_PL/eFPGA_I2C_PL/zynq_fsbl/zynq_fsbl_bsp/ps7_cortexa9_0/libsrc/usbps_v2_
4/src'

make[2]: Leaving directory 'C:/devWorks/FPGA/eFPGA_I2C_PL/eFPGA_I2C_PL/zynq_fsbl/zynq_fsbl_bsp/ps7_cortexa9_0/libsrc/usbps_v2_4
/src'

"Running Make include in ps7_cortexa9_0/libsrc/xadcps_v2_3/src"

make -C ps7_cortexa9_0/libsrc/xadcps_v2_3/src -s include  "SHELL=CMD" "COMPILER=arm-none-eabi-gcc" "ASSEMBLER=arm-none-eabi-as"
 "ARCHIVER=arm-none-eabi-ar" "COMPILER_FLAGS=  -O2 -c" "EXTRA_COMPILER_FLAGS=-mcpu=cortex-a9 -mfpu=vfpv3 -mfloat-abi=hard -nost
artfiles -g -Wall -Wextra"

make[2]: Entering directory 'C:/devWorks/FPGA/eFPGA_I2C_PL/eFPGA_I2C_PL/zynq_fsbl/zynq_fsbl_bsp/ps7_cortexa9_0/libsrc/xadcps_v2
_3/src'

make[2]: Leaving directory 'C:/devWorks/FPGA/eFPGA_I2C_PL/eFPGA_I2C_PL/zynq_fsbl/zynq_fsbl_bsp/ps7_cortexa9_0/libsrc/xadcps_v2_
3/src'

"Running Make include in ps7_cortexa9_0/libsrc/xilffs_v4_2/src"

make -C ps7_cortexa9_0/libsrc/xilffs_v4_2/src -s include  "SHELL=CMD" "COMPILER=arm-none-eabi-gcc" "ASSEMBLER=arm-none-eabi-as"
 "ARCHIVER=arm-none-eabi-ar" "COMPILER_FLAGS=  -O2 -c" "EXTRA_COMPILER_FLAGS=-mcpu=cortex-a9 -mfpu=vfpv3 -mfloat-abi=hard -nost
artfiles -g -Wall -Wextra"

make[2]: Entering directory 'C:/devWorks/FPGA/eFPGA_I2C_PL/eFPGA_I2C_PL/zynq_fsbl/zynq_fsbl_bsp/ps7_cortexa9_0/libsrc/xilffs_v4
_2/src'

make[2]: Leaving directory 'C:/devWorks/FPGA/eFPGA_I2C_PL/eFPGA_I2C_PL/zynq_fsbl/zynq_fsbl_bsp/ps7_cortexa9_0/libsrc/xilffs_v4_
2/src'

"Running Make include in ps7_cortexa9_0/libsrc/xilrsa_v1_5/src"

make -C ps7_cortexa9_0/libsrc/xilrsa_v1_5/src -s include  "SHELL=CMD" "COMPILER=arm-none-eabi-gcc" "ASSEMBLER=arm-none-eabi-as"
 "ARCHIVER=arm-none-eabi-ar" "COMPILER_FLAGS=  -O2 -c" "EXTRA_COMPILER_FLAGS=-mcpu=cortex-a9 -mfpu=vfpv3 -mfloat-abi=hard -nost
artfiles -g -Wall -Wextra"

make[2]: Entering directory 'C:/devWorks/FPGA/eFPGA_I2C_PL/eFPGA_I2C_PL/zynq_fsbl/zynq_fsbl_bsp/ps7_cortexa9_0/libsrc/xilrsa_v1
_5/src'

make[2]: Leaving directory 'C:/devWorks/FPGA/eFPGA_I2C_PL/eFPGA_I2C_PL/zynq_fsbl/zynq_fsbl_bsp/ps7_cortexa9_0/libsrc/xilrsa_v1_
5/src'

"Running Make libs in ps7_cortexa9_0/libsrc/coresightps_dcc_v1_6/src"

make -C ps7_cortexa9_0/libsrc/coresightps_dcc_v1_6/src -s libs  "SHELL=CMD" "COMPILER=arm-none-eabi-gcc" "ASSEMBLER=arm-none-ea
bi-as" "ARCHIVER=arm-none-eabi-ar" "COMPILER_FLAGS=  -O2 -c" "EXTRA_COMPILER_FLAGS=-mcpu=cortex-a9 -mfpu=vfpv3 -mfloat-abi=hard
 -nostartfiles -g -Wall -Wextra"

make[2]: Entering directory 'C:/devWorks/FPGA/eFPGA_I2C_PL/eFPGA_I2C_PL/zynq_fsbl/zynq_fsbl_bsp/ps7_cortexa9_0/libsrc/coresight
ps_dcc_v1_6/src'

"Compiling coresightps_dcc"

arm-none-eabi-ar: creating ../../../lib/libxil.a
make[2]: Leaving directory 'C:/devWorks/FPGA/eFPGA_I2C_PL/eFPGA_I2C_PL/zynq_fsbl/zynq_fsbl_bsp/ps7_cortexa9_0/libsrc/coresightp
s_dcc_v1_6/src'

"Running Make libs in ps7_cortexa9_0/libsrc/cpu_cortexa9_v2_8/src"

make -C ps7_cortexa9_0/libsrc/cpu_cortexa9_v2_8/src -s libs  "SHELL=CMD" "COMPILER=arm-none-eabi-gcc" "ASSEMBLER=arm-none-eabi-
as" "ARCHIVER=arm-none-eabi-ar" "COMPILER_FLAGS=  -O2 -c" "EXTRA_COMPILER_FLAGS=-mcpu=cortex-a9 -mfpu=vfpv3 -mfloat-abi=hard -n
ostartfiles -g -Wall -Wextra"

make[2]: Entering directory 'C:/devWorks/FPGA/eFPGA_I2C_PL/eFPGA_I2C_PL/zynq_fsbl/zynq_fsbl_bsp/ps7_cortexa9_0/libsrc/cpu_corte
xa9_v2_8/src'

"Compiling cpu_cortexa9"

make[2]: Leaving directory 'C:/devWorks/FPGA/eFPGA_I2C_PL/eFPGA_I2C_PL/zynq_fsbl/zynq_fsbl_bsp/ps7_cortexa9_0/libsrc/cpu_cortex
a9_v2_8/src'

"Running Make libs in ps7_cortexa9_0/libsrc/ddrps_v1_0/src"

make -C ps7_cortexa9_0/libsrc/ddrps_v1_0/src -s libs  "SHELL=CMD" "COMPILER=arm-none-eabi-gcc" "ASSEMBLER=arm-none-eabi-as" "AR
CHIVER=arm-none-eabi-ar" "COMPILER_FLAGS=  -O2 -c" "EXTRA_COMPILER_FLAGS=-mcpu=cortex-a9 -mfpu=vfpv3 -mfloat-abi=hard -nostartf
iles -g -Wall -Wextra"

make[2]: Entering directory 'C:/devWorks/FPGA/eFPGA_I2C_PL/eFPGA_I2C_PL/zynq_fsbl/zynq_fsbl_bsp/ps7_cortexa9_0/libsrc/ddrps_v1_
0/src'

"Compiling ddrps"

make[2]: Leaving directory 'C:/devWorks/FPGA/eFPGA_I2C_PL/eFPGA_I2C_PL/zynq_fsbl/zynq_fsbl_bsp/ps7_cortexa9_0/libsrc/ddrps_v1_0
/src'

"Running Make libs in ps7_cortexa9_0/libsrc/devcfg_v3_5/src"

make -C ps7_cortexa9_0/libsrc/devcfg_v3_5/src -s libs  "SHELL=CMD" "COMPILER=arm-none-eabi-gcc" "ASSEMBLER=arm-none-eabi-as" "A
RCHIVER=arm-none-eabi-ar" "COMPILER_FLAGS=  -O2 -c" "EXTRA_COMPILER_FLAGS=-mcpu=cortex-a9 -mfpu=vfpv3 -mfloat-abi=hard -nostart
files -g -Wall -Wextra"

make[2]: Entering directory 'C:/devWorks/FPGA/eFPGA_I2C_PL/eFPGA_I2C_PL/zynq_fsbl/zynq_fsbl_bsp/ps7_cortexa9_0/libsrc/devcfg_v3
_5/src'

"Compiling devcfg"

make[2]: Leaving directory 'C:/devWorks/FPGA/eFPGA_I2C_PL/eFPGA_I2C_PL/zynq_fsbl/zynq_fsbl_bsp/ps7_cortexa9_0/libsrc/devcfg_v3_
5/src'

"Running Make libs in ps7_cortexa9_0/libsrc/dmaps_v2_5/src"

make -C ps7_cortexa9_0/libsrc/dmaps_v2_5/src -s libs  "SHELL=CMD" "COMPILER=arm-none-eabi-gcc" "ASSEMBLER=arm-none-eabi-as" "AR
CHIVER=arm-none-eabi-ar" "COMPILER_FLAGS=  -O2 -c" "EXTRA_COMPILER_FLAGS=-mcpu=cortex-a9 -mfpu=vfpv3 -mfloat-abi=hard -nostartf
iles -g -Wall -Wextra"

make[2]: Entering directory 'C:/devWorks/FPGA/eFPGA_I2C_PL/eFPGA_I2C_PL/zynq_fsbl/zynq_fsbl_bsp/ps7_cortexa9_0/libsrc/dmaps_v2_
5/src'

"Compiling dmaps"

make[2]: Leaving directory 'C:/devWorks/FPGA/eFPGA_I2C_PL/eFPGA_I2C_PL/zynq_fsbl/zynq_fsbl_bsp/ps7_cortexa9_0/libsrc/dmaps_v2_5
/src'

"Running Make libs in ps7_cortexa9_0/libsrc/gpiops_v3_6/src"

make -C ps7_cortexa9_0/libsrc/gpiops_v3_6/src -s libs  "SHELL=CMD" "COMPILER=arm-none-eabi-gcc" "ASSEMBLER=arm-none-eabi-as" "A
RCHIVER=arm-none-eabi-ar" "COMPILER_FLAGS=  -O2 -c" "EXTRA_COMPILER_FLAGS=-mcpu=cortex-a9 -mfpu=vfpv3 -mfloat-abi=hard -nostart
files -g -Wall -Wextra"

make[2]: Entering directory 'C:/devWorks/FPGA/eFPGA_I2C_PL/eFPGA_I2C_PL/zynq_fsbl/zynq_fsbl_bsp/ps7_cortexa9_0/libsrc/gpiops_v3
_6/src'

"Compiling gpiops"

make[2]: Leaving directory 'C:/devWorks/FPGA/eFPGA_I2C_PL/eFPGA_I2C_PL/zynq_fsbl/zynq_fsbl_bsp/ps7_cortexa9_0/libsrc/gpiops_v3_
6/src'

"Running Make libs in ps7_cortexa9_0/libsrc/iicps_v3_10/src"

make -C ps7_cortexa9_0/libsrc/iicps_v3_10/src -s libs  "SHELL=CMD" "COMPILER=arm-none-eabi-gcc" "ASSEMBLER=arm-none-eabi-as" "A
RCHIVER=arm-none-eabi-ar" "COMPILER_FLAGS=  -O2 -c" "EXTRA_COMPILER_FLAGS=-mcpu=cortex-a9 -mfpu=vfpv3 -mfloat-abi=hard -nostart
files -g -Wall -Wextra"

make[2]: Entering directory 'C:/devWorks/FPGA/eFPGA_I2C_PL/eFPGA_I2C_PL/zynq_fsbl/zynq_fsbl_bsp/ps7_cortexa9_0/libsrc/iicps_v3_
10/src'

"Compiling iicps"

make[2]: Leaving directory 'C:/devWorks/FPGA/eFPGA_I2C_PL/eFPGA_I2C_PL/zynq_fsbl/zynq_fsbl_bsp/ps7_cortexa9_0/libsrc/iicps_v3_1
0/src'

"Running Make libs in ps7_cortexa9_0/libsrc/iic_v3_5/src"

make -C ps7_cortexa9_0/libsrc/iic_v3_5/src -s libs  "SHELL=CMD" "COMPILER=arm-none-eabi-gcc" "ASSEMBLER=arm-none-eabi-as" "ARCH
IVER=arm-none-eabi-ar" "COMPILER_FLAGS=  -O2 -c" "EXTRA_COMPILER_FLAGS=-mcpu=cortex-a9 -mfpu=vfpv3 -mfloat-abi=hard -nostartfil
es -g -Wall -Wextra"

make[2]: Entering directory 'C:/devWorks/FPGA/eFPGA_I2C_PL/eFPGA_I2C_PL/zynq_fsbl/zynq_fsbl_bsp/ps7_cortexa9_0/libsrc/iic_v3_5/
src'

"Compiling iic"

make[3]: Entering directory 'C:/devWorks/FPGA/eFPGA_I2C_PL/eFPGA_I2C_PL/zynq_fsbl/zynq_fsbl_bsp/ps7_cortexa9_0/libsrc/iic_v3_5/
src'

make[3]: Leaving directory 'C:/devWorks/FPGA/eFPGA_I2C_PL/eFPGA_I2C_PL/zynq_fsbl/zynq_fsbl_bsp/ps7_cortexa9_0/libsrc/iic_v3_5/s
rc'

make[2]: Leaving directory 'C:/devWorks/FPGA/eFPGA_I2C_PL/eFPGA_I2C_PL/zynq_fsbl/zynq_fsbl_bsp/ps7_cortexa9_0/libsrc/iic_v3_5/s
rc'

"Running Make libs in ps7_cortexa9_0/libsrc/qspips_v3_6/src"

make -C ps7_cortexa9_0/libsrc/qspips_v3_6/src -s libs  "SHELL=CMD" "COMPILER=arm-none-eabi-gcc" "ASSEMBLER=arm-none-eabi-as" "A
RCHIVER=arm-none-eabi-ar" "COMPILER_FLAGS=  -O2 -c" "EXTRA_COMPILER_FLAGS=-mcpu=cortex-a9 -mfpu=vfpv3 -mfloat-abi=hard -nostart
files -g -Wall -Wextra"

make[2]: Entering directory 'C:/devWorks/FPGA/eFPGA_I2C_PL/eFPGA_I2C_PL/zynq_fsbl/zynq_fsbl_bsp/ps7_cortexa9_0/libsrc/qspips_v3
_6/src'

"Compiling qspips"

make[2]: Leaving directory 'C:/devWorks/FPGA/eFPGA_I2C_PL/eFPGA_I2C_PL/zynq_fsbl/zynq_fsbl_bsp/ps7_cortexa9_0/libsrc/qspips_v3_
6/src'

"Running Make libs in ps7_cortexa9_0/libsrc/scugic_v4_1/src"

make -C ps7_cortexa9_0/libsrc/scugic_v4_1/src -s libs  "SHELL=CMD" "COMPILER=arm-none-eabi-gcc" "ASSEMBLER=arm-none-eabi-as" "A
RCHIVER=arm-none-eabi-ar" "COMPILER_FLAGS=  -O2 -c" "EXTRA_COMPILER_FLAGS=-mcpu=cortex-a9 -mfpu=vfpv3 -mfloat-abi=hard -nostart
files -g -Wall -Wextra"

make[2]: Entering directory 'C:/devWorks/FPGA/eFPGA_I2C_PL/eFPGA_I2C_PL/zynq_fsbl/zynq_fsbl_bsp/ps7_cortexa9_0/libsrc/scugic_v4
_1/src'

"Compiling scugic"

make[2]: Leaving directory 'C:/devWorks/FPGA/eFPGA_I2C_PL/eFPGA_I2C_PL/zynq_fsbl/zynq_fsbl_bsp/ps7_cortexa9_0/libsrc/scugic_v4_
1/src'

"Running Make libs in ps7_cortexa9_0/libsrc/scutimer_v2_1/src"

make -C ps7_cortexa9_0/libsrc/scutimer_v2_1/src -s libs  "SHELL=CMD" "COMPILER=arm-none-eabi-gcc" "ASSEMBLER=arm-none-eabi-as" 
"ARCHIVER=arm-none-eabi-ar" "COMPILER_FLAGS=  -O2 -c" "EXTRA_COMPILER_FLAGS=-mcpu=cortex-a9 -mfpu=vfpv3 -mfloat-abi=hard -nosta
rtfiles -g -Wall -Wextra"

make[2]: Entering directory 'C:/devWorks/FPGA/eFPGA_I2C_PL/eFPGA_I2C_PL/zynq_fsbl/zynq_fsbl_bsp/ps7_cortexa9_0/libsrc/scutimer_
v2_1/src'

"Compiling scutimer"

make[2]: Leaving directory 'C:/devWorks/FPGA/eFPGA_I2C_PL/eFPGA_I2C_PL/zynq_fsbl/zynq_fsbl_bsp/ps7_cortexa9_0/libsrc/scutimer_v
2_1/src'

"Running Make libs in ps7_cortexa9_0/libsrc/scuwdt_v2_1/src"

make -C ps7_cortexa9_0/libsrc/scuwdt_v2_1/src -s libs  "SHELL=CMD" "COMPILER=arm-none-eabi-gcc" "ASSEMBLER=arm-none-eabi-as" "A
RCHIVER=arm-none-eabi-ar" "COMPILER_FLAGS=  -O2 -c" "EXTRA_COMPILER_FLAGS=-mcpu=cortex-a9 -mfpu=vfpv3 -mfloat-abi=hard -nostart
files -g -Wall -Wextra"

make[2]: Entering directory 'C:/devWorks/FPGA/eFPGA_I2C_PL/eFPGA_I2C_PL/zynq_fsbl/zynq_fsbl_bsp/ps7_cortexa9_0/libsrc/scuwdt_v2
_1/src'

"Compiling scuwdt"

make[2]: Leaving directory 'C:/devWorks/FPGA/eFPGA_I2C_PL/eFPGA_I2C_PL/zynq_fsbl/zynq_fsbl_bsp/ps7_cortexa9_0/libsrc/scuwdt_v2_
1/src'

"Running Make libs in ps7_cortexa9_0/libsrc/sdps_v3_8/src"

make -C ps7_cortexa9_0/libsrc/sdps_v3_8/src -s libs  "SHELL=CMD" "COMPILER=arm-none-eabi-gcc" "ASSEMBLER=arm-none-eabi-as" "ARC
HIVER=arm-none-eabi-ar" "COMPILER_FLAGS=  -O2 -c" "EXTRA_COMPILER_FLAGS=-mcpu=cortex-a9 -mfpu=vfpv3 -mfloat-abi=hard -nostartfi
les -g -Wall -Wextra"

make[2]: Entering directory 'C:/devWorks/FPGA/eFPGA_I2C_PL/eFPGA_I2C_PL/zynq_fsbl/zynq_fsbl_bsp/ps7_cortexa9_0/libsrc/sdps_v3_8
/src'

"Compiling sdps"

make[2]: Leaving directory 'C:/devWorks/FPGA/eFPGA_I2C_PL/eFPGA_I2C_PL/zynq_fsbl/zynq_fsbl_bsp/ps7_cortexa9_0/libsrc/sdps_v3_8/
src'

"Running Make libs in ps7_cortexa9_0/libsrc/standalone_v7_1/src"

make -C ps7_cortexa9_0/libsrc/standalone_v7_1/src -s libs  "SHELL=CMD" "COMPILER=arm-none-eabi-gcc" "ASSEMBLER=arm-none-eabi-as
" "ARCHIVER=arm-none-eabi-ar" "COMPILER_FLAGS=  -O2 -c" "EXTRA_COMPILER_FLAGS=-mcpu=cortex-a9 -mfpu=vfpv3 -mfloat-abi=hard -nos
tartfiles -g -Wall -Wextra"

make[2]: Entering directory 'C:/devWorks/FPGA/eFPGA_I2C_PL/eFPGA_I2C_PL/zynq_fsbl/zynq_fsbl_bsp/ps7_cortexa9_0/libsrc/standalon
e_v7_1/src'

"Compiling standalone"

In file included from usleep.c:54:
xtime_l.h:85:9: note: #pragma message: For the sleep routines, Global timer is being used
 #pragma message ("For the sleep routines, Global timer is being used")
         ^~~~~~~
In file included from xil_sleeptimer.c:52:
xtime_l.h:85:9: note: #pragma message: For the sleep routines, Global timer is being used
 #pragma message ("For the sleep routines, Global timer is being used")
         ^~~~~~~
In file included from xtime_l.c:47:
xtime_l.h:85:9: note: #pragma message: For the sleep routines, Global timer is being used
 #pragma message ("For the sleep routines, Global timer is being used")
         ^~~~~~~
In file included from sleep.c:51:
xtime_l.h:85:9: note: #pragma message: For the sleep routines, Global timer is being used
 #pragma message ("For the sleep routines, Global timer is being used")
         ^~~~~~~
make[2]: Leaving directory 'C:/devWorks/FPGA/eFPGA_I2C_PL/eFPGA_I2C_PL/zynq_fsbl/zynq_fsbl_bsp/ps7_cortexa9_0/libsrc/standalone
_v7_1/src'

"Running Make libs in ps7_cortexa9_0/libsrc/uartps_v3_8/src"

make -C ps7_cortexa9_0/libsrc/uartps_v3_8/src -s libs  "SHELL=CMD" "COMPILER=arm-none-eabi-gcc" "ASSEMBLER=arm-none-eabi-as" "A
RCHIVER=arm-none-eabi-ar" "COMPILER_FLAGS=  -O2 -c" "EXTRA_COMPILER_FLAGS=-mcpu=cortex-a9 -mfpu=vfpv3 -mfloat-abi=hard -nostart
files -g -Wall -Wextra"

make[2]: Entering directory 'C:/devWorks/FPGA/eFPGA_I2C_PL/eFPGA_I2C_PL/zynq_fsbl/zynq_fsbl_bsp/ps7_cortexa9_0/libsrc/uartps_v3
_8/src'

"Compiling uartps"

make[2]: Leaving directory 'C:/devWorks/FPGA/eFPGA_I2C_PL/eFPGA_I2C_PL/zynq_fsbl/zynq_fsbl_bsp/ps7_cortexa9_0/libsrc/uartps_v3_
8/src'

"Running Make libs in ps7_cortexa9_0/libsrc/usbps_v2_4/src"

make -C ps7_cortexa9_0/libsrc/usbps_v2_4/src -s libs  "SHELL=CMD" "COMPILER=arm-none-eabi-gcc" "ASSEMBLER=arm-none-eabi-as" "AR
CHIVER=arm-none-eabi-ar" "COMPILER_FLAGS=  -O2 -c" "EXTRA_COMPILER_FLAGS=-mcpu=cortex-a9 -mfpu=vfpv3 -mfloat-abi=hard -nostartf
iles -g -Wall -Wextra"

make[2]: Entering directory 'C:/devWorks/FPGA/eFPGA_I2C_PL/eFPGA_I2C_PL/zynq_fsbl/zynq_fsbl_bsp/ps7_cortexa9_0/libsrc/usbps_v2_
4/src'

"Compiling usbps"

make[2]: Leaving directory 'C:/devWorks/FPGA/eFPGA_I2C_PL/eFPGA_I2C_PL/zynq_fsbl/zynq_fsbl_bsp/ps7_cortexa9_0/libsrc/usbps_v2_4
/src'

"Running Make libs in ps7_cortexa9_0/libsrc/xadcps_v2_3/src"

make -C ps7_cortexa9_0/libsrc/xadcps_v2_3/src -s libs  "SHELL=CMD" "COMPILER=arm-none-eabi-gcc" "ASSEMBLER=arm-none-eabi-as" "A
RCHIVER=arm-none-eabi-ar" "COMPILER_FLAGS=  -O2 -c" "EXTRA_COMPILER_FLAGS=-mcpu=cortex-a9 -mfpu=vfpv3 -mfloat-abi=hard -nostart
files -g -Wall -Wextra"

make[2]: Entering directory 'C:/devWorks/FPGA/eFPGA_I2C_PL/eFPGA_I2C_PL/zynq_fsbl/zynq_fsbl_bsp/ps7_cortexa9_0/libsrc/xadcps_v2
_3/src'

"Compiling xadcps"

make[2]: Leaving directory 'C:/devWorks/FPGA/eFPGA_I2C_PL/eFPGA_I2C_PL/zynq_fsbl/zynq_fsbl_bsp/ps7_cortexa9_0/libsrc/xadcps_v2_
3/src'

"Running Make libs in ps7_cortexa9_0/libsrc/xilffs_v4_2/src"

make -C ps7_cortexa9_0/libsrc/xilffs_v4_2/src -s libs  "SHELL=CMD" "COMPILER=arm-none-eabi-gcc" "ASSEMBLER=arm-none-eabi-as" "A
RCHIVER=arm-none-eabi-ar" "COMPILER_FLAGS=  -O2 -c" "EXTRA_COMPILER_FLAGS=-mcpu=cortex-a9 -mfpu=vfpv3 -mfloat-abi=hard -nostart
files -g -Wall -Wextra"

make[2]: Entering directory 'C:/devWorks/FPGA/eFPGA_I2C_PL/eFPGA_I2C_PL/zynq_fsbl/zynq_fsbl_bsp/ps7_cortexa9_0/libsrc/xilffs_v4
_2/src'

"Compiling XilFFs Library"

make[2]: Leaving directory 'C:/devWorks/FPGA/eFPGA_I2C_PL/eFPGA_I2C_PL/zynq_fsbl/zynq_fsbl_bsp/ps7_cortexa9_0/libsrc/xilffs_v4_
2/src'

"Running Make libs in ps7_cortexa9_0/libsrc/xilrsa_v1_5/src"

make -C ps7_cortexa9_0/libsrc/xilrsa_v1_5/src -s libs  "SHELL=CMD" "COMPILER=arm-none-eabi-gcc" "ASSEMBLER=arm-none-eabi-as" "A
RCHIVER=arm-none-eabi-ar" "COMPILER_FLAGS=  -O2 -c" "EXTRA_COMPILER_FLAGS=-mcpu=cortex-a9 -mfpu=vfpv3 -mfloat-abi=hard -nostart
files -g -Wall -Wextra"

make[2]: Entering directory 'C:/devWorks/FPGA/eFPGA_I2C_PL/eFPGA_I2C_PL/zynq_fsbl/zynq_fsbl_bsp/ps7_cortexa9_0/libsrc/xilrsa_v1
_5/src'

make[2]: Leaving directory 'C:/devWorks/FPGA/eFPGA_I2C_PL/eFPGA_I2C_PL/zynq_fsbl/zynq_fsbl_bsp/ps7_cortexa9_0/libsrc/xilrsa_v1_
5/src'

'Finished building libraries'

make[1]: Leaving directory 'C:/devWorks/FPGA/eFPGA_I2C_PL/eFPGA_I2C_PL/zynq_fsbl/zynq_fsbl_bsp'

arm-none-eabi-gcc -MMD -MP       -mcpu=cortex-a9 -mfpu=vfpv3 -mfloat-abi=hard   -c sd.c -o sd.o -Izynq_fsbl_bsp/ps7_cortexa9_0/
include -I.

arm-none-eabi-gcc -MMD -MP       -mcpu=cortex-a9 -mfpu=vfpv3 -mfloat-abi=hard   -c nand.c -o nand.o -Izynq_fsbl_bsp/ps7_cortexa
9_0/include -I.

arm-none-eabi-gcc -MMD -MP       -mcpu=cortex-a9 -mfpu=vfpv3 -mfloat-abi=hard   -c nor.c -o nor.o -Izynq_fsbl_bsp/ps7_cortexa9_
0/include -I.

arm-none-eabi-gcc -MMD -MP       -mcpu=cortex-a9 -mfpu=vfpv3 -mfloat-abi=hard   -c image_mover.c -o image_mover.o -Izynq_fsbl_b
sp/ps7_cortexa9_0/include -I.

arm-none-eabi-gcc -MMD -MP       -mcpu=cortex-a9 -mfpu=vfpv3 -mfloat-abi=hard   -c md5.c -o md5.o -Izynq_fsbl_bsp/ps7_cortexa9_
0/include -I.

arm-none-eabi-gcc -MMD -MP       -mcpu=cortex-a9 -mfpu=vfpv3 -mfloat-abi=hard   -c fsbl_hooks.c -o fsbl_hooks.o -Izynq_fsbl_bsp
/ps7_cortexa9_0/include -I.

arm-none-eabi-gcc -MMD -MP       -mcpu=cortex-a9 -mfpu=vfpv3 -mfloat-abi=hard   -c main.c -o main.o -Izynq_fsbl_bsp/ps7_cortexa
9_0/include -I.

In file included from main.c:135:
zynq_fsbl_bsp/ps7_cortexa9_0/include/xtime_l.h:85:9: note: #pragma message: For the sleep routines, Global timer is being used
 #pragma message ("For the sleep routines, Global timer is being used")
         ^~~~~~~
arm-none-eabi-gcc -MMD -MP       -mcpu=cortex-a9 -mfpu=vfpv3 -mfloat-abi=hard   -c rsa.c -o rsa.o -Izynq_fsbl_bsp/ps7_cortexa9_
0/include -I.

arm-none-eabi-gcc -MMD -MP       -mcpu=cortex-a9 -mfpu=vfpv3 -mfloat-abi=hard   -c qspi.c -o qspi.o -Izynq_fsbl_bsp/ps7_cortexa
9_0/include -I.

arm-none-eabi-gcc -MMD -MP       -mcpu=cortex-a9 -mfpu=vfpv3 -mfloat-abi=hard   -c ps7_init.c -o ps7_init.o -Izynq_fsbl_bsp/ps7
_cortexa9_0/include -I.

arm-none-eabi-gcc -MMD -MP       -mcpu=cortex-a9 -mfpu=vfpv3 -mfloat-abi=hard   -c pcap.c -o pcap.o -Izynq_fsbl_bsp/ps7_cortexa
9_0/include -I.

In file included from pcap.c:98:
zynq_fsbl_bsp/ps7_cortexa9_0/include/xtime_l.h:85:9: note: #pragma message: For the sleep routines, Global timer is being used
 #pragma message ("For the sleep routines, Global timer is being used")
         ^~~~~~~
arm-none-eabi-gcc -MMD -MP       -mcpu=cortex-a9 -mfpu=vfpv3 -mfloat-abi=hard   -c fsbl_handoff.S -o fsbl_handoff.o -Izynq_fsbl
_bsp/ps7_cortexa9_0/include -I.

arm-none-eabi-gcc -o executable.elf  sd.o  nand.o  nor.o  image_mover.o  md5.o  fsbl_hooks.o  main.o  rsa.o  qspi.o  ps7_init.o
  pcap.o  fsbl_handoff.o -MMD -MP       -mcpu=cortex-a9 -mfpu=vfpv3 -mfloat-abi=hard   -mcpu=cortex-a9 -mfpu=vfpv3 -mfloat-abi=
hard -Wl,-build-id=none -specs=Xilinx.spec  -lrsa -Wl,--start-group,-lxil,-lgcc,-lc,--end-group -Wl,--start-group,-lxilffs,-lxi
l,-lgcc,-lc,--end-group -Wl,--start-group,-lrsa,-lxil,-lgcc,-lc,--end-group                                      -Wl,--gc-secti
ons -Lzynq_fsbl_bsp/ps7_cortexa9_0/lib -L./ -Tlscript.ld

Building the BSP Library for domain  - standalone_domain on processor ps7_cortexa9_0
"Running Make include in ps7_cortexa9_0/libsrc/coresightps_dcc_v1_6/src"

make -C ps7_cortexa9_0/libsrc/coresightps_dcc_v1_6/src -s include  "SHELL=CMD" "COMPILER=arm-none-eabi-gcc" "ASSEMBLER=arm-none
-eabi-as" "ARCHIVER=arm-none-eabi-ar" "COMPILER_FLAGS=  -O2 -c" "EXTRA_COMPILER_FLAGS=-mcpu=cortex-a9 -mfpu=vfpv3 -mfloat-abi=h
ard -nostartfiles -g -Wall -Wextra"

"Running Make include in ps7_cortexa9_0/libsrc/cpu_cortexa9_v2_8/src"

make -C ps7_cortexa9_0/libsrc/cpu_cortexa9_v2_8/src -s include  "SHELL=CMD" "COMPILER=arm-none-eabi-gcc" "ASSEMBLER=arm-none-ea
bi-as" "ARCHIVER=arm-none-eabi-ar" "COMPILER_FLAGS=  -O2 -c" "EXTRA_COMPILER_FLAGS=-mcpu=cortex-a9 -mfpu=vfpv3 -mfloat-abi=hard
 -nostartfiles -g -Wall -Wextra"

"Running Make include in ps7_cortexa9_0/libsrc/ddrps_v1_0/src"

make -C ps7_cortexa9_0/libsrc/ddrps_v1_0/src -s include  "SHELL=CMD" "COMPILER=arm-none-eabi-gcc" "ASSEMBLER=arm-none-eabi-as" 
"ARCHIVER=arm-none-eabi-ar" "COMPILER_FLAGS=  -O2 -c" "EXTRA_COMPILER_FLAGS=-mcpu=cortex-a9 -mfpu=vfpv3 -mfloat-abi=hard -nosta
rtfiles -g -Wall -Wextra"

"Running Make include in ps7_cortexa9_0/libsrc/devcfg_v3_5/src"

make -C ps7_cortexa9_0/libsrc/devcfg_v3_5/src -s include  "SHELL=CMD" "COMPILER=arm-none-eabi-gcc" "ASSEMBLER=arm-none-eabi-as"
 "ARCHIVER=arm-none-eabi-ar" "COMPILER_FLAGS=  -O2 -c" "EXTRA_COMPILER_FLAGS=-mcpu=cortex-a9 -mfpu=vfpv3 -mfloat-abi=hard -nost
artfiles -g -Wall -Wextra"

"Running Make include in ps7_cortexa9_0/libsrc/dmaps_v2_5/src"

make -C ps7_cortexa9_0/libsrc/dmaps_v2_5/src -s include  "SHELL=CMD" "COMPILER=arm-none-eabi-gcc" "ASSEMBLER=arm-none-eabi-as" 
"ARCHIVER=arm-none-eabi-ar" "COMPILER_FLAGS=  -O2 -c" "EXTRA_COMPILER_FLAGS=-mcpu=cortex-a9 -mfpu=vfpv3 -mfloat-abi=hard -nosta
rtfiles -g -Wall -Wextra"

"Running Make include in ps7_cortexa9_0/libsrc/gpiops_v3_6/src"

make -C ps7_cortexa9_0/libsrc/gpiops_v3_6/src -s include  "SHELL=CMD" "COMPILER=arm-none-eabi-gcc" "ASSEMBLER=arm-none-eabi-as"
 "ARCHIVER=arm-none-eabi-ar" "COMPILER_FLAGS=  -O2 -c" "EXTRA_COMPILER_FLAGS=-mcpu=cortex-a9 -mfpu=vfpv3 -mfloat-abi=hard -nost
artfiles -g -Wall -Wextra"

"Running Make include in ps7_cortexa9_0/libsrc/iicps_v3_10/src"

make -C ps7_cortexa9_0/libsrc/iicps_v3_10/src -s include  "SHELL=CMD" "COMPILER=arm-none-eabi-gcc" "ASSEMBLER=arm-none-eabi-as"
 "ARCHIVER=arm-none-eabi-ar" "COMPILER_FLAGS=  -O2 -c" "EXTRA_COMPILER_FLAGS=-mcpu=cortex-a9 -mfpu=vfpv3 -mfloat-abi=hard -nost
artfiles -g -Wall -Wextra"

"Running Make include in ps7_cortexa9_0/libsrc/iic_v3_5/src"

make -C ps7_cortexa9_0/libsrc/iic_v3_5/src -s include  "SHELL=CMD" "COMPILER=arm-none-eabi-gcc" "ASSEMBLER=arm-none-eabi-as" "A
RCHIVER=arm-none-eabi-ar" "COMPILER_FLAGS=  -O2 -c" "EXTRA_COMPILER_FLAGS=-mcpu=cortex-a9 -mfpu=vfpv3 -mfloat-abi=hard -nostart
files -g -Wall -Wextra"

"Running Make include in ps7_cortexa9_0/libsrc/qspips_v3_6/src"

make -C ps7_cortexa9_0/libsrc/qspips_v3_6/src -s include  "SHELL=CMD" "COMPILER=arm-none-eabi-gcc" "ASSEMBLER=arm-none-eabi-as"
 "ARCHIVER=arm-none-eabi-ar" "COMPILER_FLAGS=  -O2 -c" "EXTRA_COMPILER_FLAGS=-mcpu=cortex-a9 -mfpu=vfpv3 -mfloat-abi=hard -nost
artfiles -g -Wall -Wextra"

"Running Make include in ps7_cortexa9_0/libsrc/scugic_v4_1/src"

make -C ps7_cortexa9_0/libsrc/scugic_v4_1/src -s include  "SHELL=CMD" "COMPILER=arm-none-eabi-gcc" "ASSEMBLER=arm-none-eabi-as"
 "ARCHIVER=arm-none-eabi-ar" "COMPILER_FLAGS=  -O2 -c" "EXTRA_COMPILER_FLAGS=-mcpu=cortex-a9 -mfpu=vfpv3 -mfloat-abi=hard -nost
artfiles -g -Wall -Wextra"

"Running Make include in ps7_cortexa9_0/libsrc/scutimer_v2_1/src"

make -C ps7_cortexa9_0/libsrc/scutimer_v2_1/src -s include  "SHELL=CMD" "COMPILER=arm-none-eabi-gcc" "ASSEMBLER=arm-none-eabi-a
s" "ARCHIVER=arm-none-eabi-ar" "COMPILER_FLAGS=  -O2 -c" "EXTRA_COMPILER_FLAGS=-mcpu=cortex-a9 -mfpu=vfpv3 -mfloat-abi=hard -no
startfiles -g -Wall -Wextra"

"Running Make include in ps7_cortexa9_0/libsrc/scuwdt_v2_1/src"

make -C ps7_cortexa9_0/libsrc/scuwdt_v2_1/src -s include  "SHELL=CMD" "COMPILER=arm-none-eabi-gcc" "ASSEMBLER=arm-none-eabi-as"
 "ARCHIVER=arm-none-eabi-ar" "COMPILER_FLAGS=  -O2 -c" "EXTRA_COMPILER_FLAGS=-mcpu=cortex-a9 -mfpu=vfpv3 -mfloat-abi=hard -nost
artfiles -g -Wall -Wextra"

"Running Make include in ps7_cortexa9_0/libsrc/sdps_v3_8/src"

make -C ps7_cortexa9_0/libsrc/sdps_v3_8/src -s include  "SHELL=CMD" "COMPILER=arm-none-eabi-gcc" "ASSEMBLER=arm-none-eabi-as" "
ARCHIVER=arm-none-eabi-ar" "COMPILER_FLAGS=  -O2 -c" "EXTRA_COMPILER_FLAGS=-mcpu=cortex-a9 -mfpu=vfpv3 -mfloat-abi=hard -nostar
tfiles -g -Wall -Wextra"

"Running Make include in ps7_cortexa9_0/libsrc/standalone_v7_1/src"

make -C ps7_cortexa9_0/libsrc/standalone_v7_1/src -s include  "SHELL=CMD" "COMPILER=arm-none-eabi-gcc" "ASSEMBLER=arm-none-eabi
-as" "ARCHIVER=arm-none-eabi-ar" "COMPILER_FLAGS=  -O2 -c" "EXTRA_COMPILER_FLAGS=-mcpu=cortex-a9 -mfpu=vfpv3 -mfloat-abi=hard -
nostartfiles -g -Wall -Wextra"

"Running Make include in ps7_cortexa9_0/libsrc/uartps_v3_8/src"

make -C ps7_cortexa9_0/libsrc/uartps_v3_8/src -s include  "SHELL=CMD" "COMPILER=arm-none-eabi-gcc" "ASSEMBLER=arm-none-eabi-as"
 "ARCHIVER=arm-none-eabi-ar" "COMPILER_FLAGS=  -O2 -c" "EXTRA_COMPILER_FLAGS=-mcpu=cortex-a9 -mfpu=vfpv3 -mfloat-abi=hard -nost
artfiles -g -Wall -Wextra"

"Running Make include in ps7_cortexa9_0/libsrc/usbps_v2_4/src"

make -C ps7_cortexa9_0/libsrc/usbps_v2_4/src -s include  "SHELL=CMD" "COMPILER=arm-none-eabi-gcc" "ASSEMBLER=arm-none-eabi-as" 
"ARCHIVER=arm-none-eabi-ar" "COMPILER_FLAGS=  -O2 -c" "EXTRA_COMPILER_FLAGS=-mcpu=cortex-a9 -mfpu=vfpv3 -mfloat-abi=hard -nosta
rtfiles -g -Wall -Wextra"

"Running Make include in ps7_cortexa9_0/libsrc/xadcps_v2_3/src"

make -C ps7_cortexa9_0/libsrc/xadcps_v2_3/src -s include  "SHELL=CMD" "COMPILER=arm-none-eabi-gcc" "ASSEMBLER=arm-none-eabi-as"
 "ARCHIVER=arm-none-eabi-ar" "COMPILER_FLAGS=  -O2 -c" "EXTRA_COMPILER_FLAGS=-mcpu=cortex-a9 -mfpu=vfpv3 -mfloat-abi=hard -nost
artfiles -g -Wall -Wextra"

"Running Make libs in ps7_cortexa9_0/libsrc/coresightps_dcc_v1_6/src"

make -C ps7_cortexa9_0/libsrc/coresightps_dcc_v1_6/src -s libs  "SHELL=CMD" "COMPILER=arm-none-eabi-gcc" "ASSEMBLER=arm-none-ea
bi-as" "ARCHIVER=arm-none-eabi-ar" "COMPILER_FLAGS=  -O2 -c" "EXTRA_COMPILER_FLAGS=-mcpu=cortex-a9 -mfpu=vfpv3 -mfloat-abi=hard
 -nostartfiles -g -Wall -Wextra"

"Compiling coresightps_dcc"

arm-none-eabi-ar: creating ../../../lib/libxil.a
"Running Make libs in ps7_cortexa9_0/libsrc/cpu_cortexa9_v2_8/src"

make -C ps7_cortexa9_0/libsrc/cpu_cortexa9_v2_8/src -s libs  "SHELL=CMD" "COMPILER=arm-none-eabi-gcc" "ASSEMBLER=arm-none-eabi-
as" "ARCHIVER=arm-none-eabi-ar" "COMPILER_FLAGS=  -O2 -c" "EXTRA_COMPILER_FLAGS=-mcpu=cortex-a9 -mfpu=vfpv3 -mfloat-abi=hard -n
ostartfiles -g -Wall -Wextra"

"Compiling cpu_cortexa9"

"Running Make libs in ps7_cortexa9_0/libsrc/ddrps_v1_0/src"

make -C ps7_cortexa9_0/libsrc/ddrps_v1_0/src -s libs  "SHELL=CMD" "COMPILER=arm-none-eabi-gcc" "ASSEMBLER=arm-none-eabi-as" "AR
CHIVER=arm-none-eabi-ar" "COMPILER_FLAGS=  -O2 -c" "EXTRA_COMPILER_FLAGS=-mcpu=cortex-a9 -mfpu=vfpv3 -mfloat-abi=hard -nostartf
iles -g -Wall -Wextra"

"Compiling ddrps"

"Running Make libs in ps7_cortexa9_0/libsrc/devcfg_v3_5/src"

make -C ps7_cortexa9_0/libsrc/devcfg_v3_5/src -s libs  "SHELL=CMD" "COMPILER=arm-none-eabi-gcc" "ASSEMBLER=arm-none-eabi-as" "A
RCHIVER=arm-none-eabi-ar" "COMPILER_FLAGS=  -O2 -c" "EXTRA_COMPILER_FLAGS=-mcpu=cortex-a9 -mfpu=vfpv3 -mfloat-abi=hard -nostart
files -g -Wall -Wextra"

"Compiling devcfg"

"Running Make libs in ps7_cortexa9_0/libsrc/dmaps_v2_5/src"

make -C ps7_cortexa9_0/libsrc/dmaps_v2_5/src -s libs  "SHELL=CMD" "COMPILER=arm-none-eabi-gcc" "ASSEMBLER=arm-none-eabi-as" "AR
CHIVER=arm-none-eabi-ar" "COMPILER_FLAGS=  -O2 -c" "EXTRA_COMPILER_FLAGS=-mcpu=cortex-a9 -mfpu=vfpv3 -mfloat-abi=hard -nostartf
iles -g -Wall -Wextra"

"Compiling dmaps"

"Running Make libs in ps7_cortexa9_0/libsrc/gpiops_v3_6/src"

make -C ps7_cortexa9_0/libsrc/gpiops_v3_6/src -s libs  "SHELL=CMD" "COMPILER=arm-none-eabi-gcc" "ASSEMBLER=arm-none-eabi-as" "A
RCHIVER=arm-none-eabi-ar" "COMPILER_FLAGS=  -O2 -c" "EXTRA_COMPILER_FLAGS=-mcpu=cortex-a9 -mfpu=vfpv3 -mfloat-abi=hard -nostart
files -g -Wall -Wextra"

"Compiling gpiops"

"Running Make libs in ps7_cortexa9_0/libsrc/iicps_v3_10/src"

make -C ps7_cortexa9_0/libsrc/iicps_v3_10/src -s libs  "SHELL=CMD" "COMPILER=arm-none-eabi-gcc" "ASSEMBLER=arm-none-eabi-as" "A
RCHIVER=arm-none-eabi-ar" "COMPILER_FLAGS=  -O2 -c" "EXTRA_COMPILER_FLAGS=-mcpu=cortex-a9 -mfpu=vfpv3 -mfloat-abi=hard -nostart
files -g -Wall -Wextra"

"Compiling iicps"

"Running Make libs in ps7_cortexa9_0/libsrc/iic_v3_5/src"

make -C ps7_cortexa9_0/libsrc/iic_v3_5/src -s libs  "SHELL=CMD" "COMPILER=arm-none-eabi-gcc" "ASSEMBLER=arm-none-eabi-as" "ARCH
IVER=arm-none-eabi-ar" "COMPILER_FLAGS=  -O2 -c" "EXTRA_COMPILER_FLAGS=-mcpu=cortex-a9 -mfpu=vfpv3 -mfloat-abi=hard -nostartfil
es -g -Wall -Wextra"

"Compiling iic"

"Running Make libs in ps7_cortexa9_0/libsrc/qspips_v3_6/src"

make -C ps7_cortexa9_0/libsrc/qspips_v3_6/src -s libs  "SHELL=CMD" "COMPILER=arm-none-eabi-gcc" "ASSEMBLER=arm-none-eabi-as" "A
RCHIVER=arm-none-eabi-ar" "COMPILER_FLAGS=  -O2 -c" "EXTRA_COMPILER_FLAGS=-mcpu=cortex-a9 -mfpu=vfpv3 -mfloat-abi=hard -nostart
files -g -Wall -Wextra"

"Compiling qspips"

"Running Make libs in ps7_cortexa9_0/libsrc/scugic_v4_1/src"

make -C ps7_cortexa9_0/libsrc/scugic_v4_1/src -s libs  "SHELL=CMD" "COMPILER=arm-none-eabi-gcc" "ASSEMBLER=arm-none-eabi-as" "A
RCHIVER=arm-none-eabi-ar" "COMPILER_FLAGS=  -O2 -c" "EXTRA_COMPILER_FLAGS=-mcpu=cortex-a9 -mfpu=vfpv3 -mfloat-abi=hard -nostart
files -g -Wall -Wextra"

"Compiling scugic"

"Running Make libs in ps7_cortexa9_0/libsrc/scutimer_v2_1/src"

make -C ps7_cortexa9_0/libsrc/scutimer_v2_1/src -s libs  "SHELL=CMD" "COMPILER=arm-none-eabi-gcc" "ASSEMBLER=arm-none-eabi-as" 
"ARCHIVER=arm-none-eabi-ar" "COMPILER_FLAGS=  -O2 -c" "EXTRA_COMPILER_FLAGS=-mcpu=cortex-a9 -mfpu=vfpv3 -mfloat-abi=hard -nosta
rtfiles -g -Wall -Wextra"

"Compiling scutimer"

"Running Make libs in ps7_cortexa9_0/libsrc/scuwdt_v2_1/src"

make -C ps7_cortexa9_0/libsrc/scuwdt_v2_1/src -s libs  "SHELL=CMD" "COMPILER=arm-none-eabi-gcc" "ASSEMBLER=arm-none-eabi-as" "A
RCHIVER=arm-none-eabi-ar" "COMPILER_FLAGS=  -O2 -c" "EXTRA_COMPILER_FLAGS=-mcpu=cortex-a9 -mfpu=vfpv3 -mfloat-abi=hard -nostart
files -g -Wall -Wextra"

"Compiling scuwdt"

"Running Make libs in ps7_cortexa9_0/libsrc/sdps_v3_8/src"

make -C ps7_cortexa9_0/libsrc/sdps_v3_8/src -s libs  "SHELL=CMD" "COMPILER=arm-none-eabi-gcc" "ASSEMBLER=arm-none-eabi-as" "ARC
HIVER=arm-none-eabi-ar" "COMPILER_FLAGS=  -O2 -c" "EXTRA_COMPILER_FLAGS=-mcpu=cortex-a9 -mfpu=vfpv3 -mfloat-abi=hard -nostartfi
les -g -Wall -Wextra"

"Compiling sdps"

"Running Make libs in ps7_cortexa9_0/libsrc/standalone_v7_1/src"

make -C ps7_cortexa9_0/libsrc/standalone_v7_1/src -s libs  "SHELL=CMD" "COMPILER=arm-none-eabi-gcc" "ASSEMBLER=arm-none-eabi-as
" "ARCHIVER=arm-none-eabi-ar" "COMPILER_FLAGS=  -O2 -c" "EXTRA_COMPILER_FLAGS=-mcpu=cortex-a9 -mfpu=vfpv3 -mfloat-abi=hard -nos
tartfiles -g -Wall -Wextra"

"Compiling standalone"

In file included from usleep.c:54:
xtime_l.h:85:9: note: #pragma message: For the sleep routines, Global timer is being used
 #pragma message ("For the sleep routines, Global timer is being used")
         ^~~~~~~
In file included from xil_sleeptimer.c:52:
xtime_l.h:85:9: note: #pragma message: For the sleep routines, Global timer is being used
 #pragma message ("For the sleep routines, Global timer is being used")
         ^~~~~~~
In file included from xtime_l.c:47:
xtime_l.h:85:9: note: #pragma message: For the sleep routines, Global timer is being used
 #pragma message ("For the sleep routines, Global timer is being used")
         ^~~~~~~
In file included from sleep.c:51:
xtime_l.h:85:9: note: #pragma message: For the sleep routines, Global timer is being used
 #pragma message ("For the sleep routines, Global timer is being used")
         ^~~~~~~
"Running Make libs in ps7_cortexa9_0/libsrc/uartps_v3_8/src"

make -C ps7_cortexa9_0/libsrc/uartps_v3_8/src -s libs  "SHELL=CMD" "COMPILER=arm-none-eabi-gcc" "ASSEMBLER=arm-none-eabi-as" "A
RCHIVER=arm-none-eabi-ar" "COMPILER_FLAGS=  -O2 -c" "EXTRA_COMPILER_FLAGS=-mcpu=cortex-a9 -mfpu=vfpv3 -mfloat-abi=hard -nostart
files -g -Wall -Wextra"

"Compiling uartps"

"Running Make libs in ps7_cortexa9_0/libsrc/usbps_v2_4/src"

make -C ps7_cortexa9_0/libsrc/usbps_v2_4/src -s libs  "SHELL=CMD" "COMPILER=arm-none-eabi-gcc" "ASSEMBLER=arm-none-eabi-as" "AR
CHIVER=arm-none-eabi-ar" "COMPILER_FLAGS=  -O2 -c" "EXTRA_COMPILER_FLAGS=-mcpu=cortex-a9 -mfpu=vfpv3 -mfloat-abi=hard -nostartf
iles -g -Wall -Wextra"

"Compiling usbps"

"Running Make libs in ps7_cortexa9_0/libsrc/xadcps_v2_3/src"

make -C ps7_cortexa9_0/libsrc/xadcps_v2_3/src -s libs  "SHELL=CMD" "COMPILER=arm-none-eabi-gcc" "ASSEMBLER=arm-none-eabi-as" "A
RCHIVER=arm-none-eabi-ar" "COMPILER_FLAGS=  -O2 -c" "EXTRA_COMPILER_FLAGS=-mcpu=cortex-a9 -mfpu=vfpv3 -mfloat-abi=hard -nostart
files -g -Wall -Wextra"

"Compiling xadcps"

'Finished building libraries'

14:37:00 **** Build of configuration Debug for project eFPGA_I2C_PL_Application ****
make all 
make --no-print-directory pre-build
a9-linaro-pre-build-step
' '
make --no-print-directory main-build
'Building file: ../src/helloworld.c'
'Invoking: ARM v7 gcc compiler'
arm-none-eabi-gcc -Wall -O0 -g3 -c -fmessage-length=0 -MT"src/helloworld.o" -mcpu=cortex-a9 -mfpu=vfpv3 -mfloat-abi=hard -IC:/devWorks/FPGA/eFPGA_I2C_PL/eFPGA_I2C_PL/export/eFPGA_I2C_PL/sw/eFPGA_I2C_PL/standalone_domain/bspinclude/include -MMD -MP -MF"src/helloworld.d" -MT"src/helloworld.o" -o "src/helloworld.o" "../src/helloworld.c"
'Finished building: ../src/helloworld.c'
' '
'Building file: ../src/lis2ds12.c'
'Invoking: ARM v7 gcc compiler'
arm-none-eabi-gcc -Wall -O0 -g3 -c -fmessage-length=0 -MT"src/lis2ds12.o" -mcpu=cortex-a9 -mfpu=vfpv3 -mfloat-abi=hard -IC:/devWorks/FPGA/eFPGA_I2C_PL/eFPGA_I2C_PL/export/eFPGA_I2C_PL/sw/eFPGA_I2C_PL/standalone_domain/bspinclude/include -MMD -MP -MF"src/lis2ds12.d" -MT"src/lis2ds12.o" -o "src/lis2ds12.o" "../src/lis2ds12.c"
../src/lis2ds12.c:36:1: error: unknown type name 'XIicPs'; did you mean 'XIic'?
 XIicPs Iic;  /**< Instance of the IIC Device */
 ^~~~~~
 XIic
../src/lis2ds12.c: In function 'IicPsMasterPolledExample':
../src/lis2ds12.c:53:2: error: unknown type name 'XIicPs_Config'; did you mean 'XIic_Config'?
  XIicPs_Config *Config;
  ^~~~~~~~~~~~~
  XIic_Config
../src/lis2ds12.c:61:11: warning: implicit declaration of function 'XIicPs_LookupConfig'; did you mean 'XIic_LookupConfig'? [-Wimplicit-function-declaration]
  Config = XIicPs_LookupConfig(IIC_DEVICE_ID);
           ^~~~~~~~~~~~~~~~~~~
           XIic_LookupConfig
../src/lis2ds12.c:61:9: warning: assignment to 'int *' from 'int' makes pointer from integer without a cast [-Wint-conversion]
  Config = XIicPs_LookupConfig(IIC_DEVICE_ID);
         ^
../src/lis2ds12.c:66:11: warning: implicit declaration of function 'XIicPs_CfgInitialize'; did you mean 'XIic_CfgInitialize'? [-Wimplicit-function-declaration]
  Status = XIicPs_CfgInitialize(&Iic, Config, Config->BaseAddress);
           ^~~~~~~~~~~~~~~~~~~~
           XIic_CfgInitialize
../src/lis2ds12.c:66:52: error: request for member 'BaseAddress' in something not a structure or union
  Status = XIicPs_CfgInitialize(&Iic, Config, Config->BaseAddress);
                                                    ^~
../src/lis2ds12.c:74:11: warning: implicit declaration of function 'XIicPs_SelfTest'; did you mean 'XIic_SelfTest'? [-Wimplicit-function-declaration]
  Status = XIicPs_SelfTest(&Iic);
           ^~~~~~~~~~~~~~~
           XIic_SelfTest
../src/lis2ds12.c:82:2: warning: implicit declaration of function 'XIicPs_SetSClk'; did you mean 'XIic_GetStats'? [-Wimplicit-function-declaration]
  XIicPs_SetSClk(&Iic, IIC_SCLK_RATE);
  ^~~~~~~~~~~~~~
  XIic_GetStats
../src/lis2ds12.c:54:6: warning: unused variable 'Index' [-Wunused-variable]
  int Index;
      ^~~~~
../src/lis2ds12.c: In function 'LIS2DS12_WriteReg':
../src/lis2ds12.c:103:11: warning: implicit declaration of function 'XIicPs_MasterSendPolled'; did you mean 'XIic_MasterSend'? [-Wimplicit-function-declaration]
  Status = XIicPs_MasterSendPolled(&Iic, SendBuffer,  (len+1), MINIZED_MOTION_SENSOR_ADDRESS_SA0_HI);
           ^~~~~~~~~~~~~~~~~~~~~~~
           XIic_MasterSend
../src/lis2ds12.c:111:9: warning: implicit declaration of function 'XIicPs_BusIsBusy'; did you mean 'XIic_IsIicBusy'? [-Wimplicit-function-declaration]
  while (XIicPs_BusIsBusy(&Iic)) {
         ^~~~~~~~~~~~~~~~
         XIic_IsIicBusy
../src/lis2ds12.c: In function 'LIS2DS12_ReadReg':
../src/lis2ds12.c:139:11: warning: implicit declaration of function 'XIicPs_MasterRecvPolled'; did you mean 'XIic_MasterRecv'? [-Wimplicit-function-declaration]
  Status = XIicPs_MasterRecvPolled(&Iic, Bufp, len, MINIZED_MOTION_SENSOR_ADDRESS_SA0_HI);
           ^~~~~~~~~~~~~~~~~~~~~~~
           XIic_MasterRecv
../src/lis2ds12.c: In function 'pollForAccel':
../src/lis2ds12.c:222:7: warning: variable 'iacceleration_Z' set but not used [-Wunused-but-set-variable]
   int iacceleration_Z;
       ^~~~~~~~~~~~~~~
make[1]: *** [src/subdir.mk:29: src/lis2ds12.o] Error 1
make: *** [makefile:34: all] Error 2
14:38:26 **** Incremental Build of configuration Debug for project eFPGA_I2C_PL_Application ****
make all 
make --no-print-directory pre-build
a9-linaro-pre-build-step
' '
make --no-print-directory main-build
'Building file: ../src/lis2ds12.c'
'Invoking: ARM v7 gcc compiler'
arm-none-eabi-gcc -Wall -O0 -g3 -c -fmessage-length=0 -MT"src/lis2ds12.o" -mcpu=cortex-a9 -mfpu=vfpv3 -mfloat-abi=hard -IC:/devWorks/FPGA/eFPGA_I2C_PL/eFPGA_I2C_PL/export/eFPGA_I2C_PL/sw/eFPGA_I2C_PL/standalone_domain/bspinclude/include -MMD -MP -MF"src/lis2ds12.d" -MT"src/lis2ds12.o" -o "src/lis2ds12.o" "../src/lis2ds12.c"
../src/lis2ds12.c: In function 'IicPsMasterPolledExample':
../src/lis2ds12.c:83:2: warning: implicit declaration of function 'XIic_SetSClk'; did you mean 'XIic_GetStats'? [-Wimplicit-function-declaration]
  XIic_SetSClk(&Iic, IIC_SCLK_RATE);
  ^~~~~~~~~~~~
  XIic_GetStats
../src/lis2ds12.c:55:6: warning: unused variable 'Index' [-Wunused-variable]
  int Index;
      ^~~~~
../src/lis2ds12.c: In function 'LIS2DS12_WriteReg':
../src/lis2ds12.c:104:11: warning: implicit declaration of function 'XIic_MasterSendPolled'; did you mean 'XIic_MasterSend'? [-Wimplicit-function-declaration]
  Status = XIic_MasterSendPolled(&Iic, SendBuffer,  (len+1), MINIZED_MOTION_SENSOR_ADDRESS_SA0_HI);
           ^~~~~~~~~~~~~~~~~~~~~
           XIic_MasterSend
../src/lis2ds12.c:112:9: warning: implicit declaration of function 'XIic_BusIsBusy'; did you mean 'XIic_IsIicBusy'? [-Wimplicit-function-declaration]
  while (XIic_BusIsBusy(&Iic)) {
         ^~~~~~~~~~~~~~
         XIic_IsIicBusy
../src/lis2ds12.c: In function 'LIS2DS12_ReadReg':
../src/lis2ds12.c:128:11: warning: implicit declaration of function 'XIicPs_MasterSendPolled'; did you mean 'XIic_MasterSend'? [-Wimplicit-function-declaration]
  Status = XIicPs_MasterSendPolled(&Iic, SendBuffer,1, MINIZED_MOTION_SENSOR_ADDRESS_SA0_HI);
           ^~~~~~~~~~~~~~~~~~~~~~~
           XIic_MasterSend
../src/lis2ds12.c:136:9: warning: implicit declaration of function 'XIicPs_BusIsBusy'; did you mean 'XIic_IsIicBusy'? [-Wimplicit-function-declaration]
  while (XIicPs_BusIsBusy(&Iic)) {
         ^~~~~~~~~~~~~~~~
         XIic_IsIicBusy
../src/lis2ds12.c:140:11: warning: implicit declaration of function 'XIic_MasterRecvPolled'; did you mean 'XIic_MasterRecv'? [-Wimplicit-function-declaration]
  Status = XIic_MasterRecvPolled(&Iic, Bufp, len, MINIZED_MOTION_SENSOR_ADDRESS_SA0_HI);
           ^~~~~~~~~~~~~~~~~~~~~
           XIic_MasterRecv
../src/lis2ds12.c: In function 'pollForAccel':
../src/lis2ds12.c:223:7: warning: variable 'iacceleration_Z' set but not used [-Wunused-but-set-variable]
   int iacceleration_Z;
       ^~~~~~~~~~~~~~~
'Finished building: ../src/lis2ds12.c'
' '
'Building file: ../src/platform.c'
'Invoking: ARM v7 gcc compiler'
arm-none-eabi-gcc -Wall -O0 -g3 -c -fmessage-length=0 -MT"src/platform.o" -mcpu=cortex-a9 -mfpu=vfpv3 -mfloat-abi=hard -IC:/devWorks/FPGA/eFPGA_I2C_PL/eFPGA_I2C_PL/export/eFPGA_I2C_PL/sw/eFPGA_I2C_PL/standalone_domain/bspinclude/include -MMD -MP -MF"src/platform.d" -MT"src/platform.o" -o "src/platform.o" "../src/platform.c"
'Finished building: ../src/platform.c'
' '
'Building target: eFPGA_I2C_PL_Application.elf'
'Invoking: ARM v7 gcc linker'
arm-none-eabi-gcc -mcpu=cortex-a9 -mfpu=vfpv3 -mfloat-abi=hard -Wl,-build-id=none -specs=Xilinx.spec -Wl,-T -Wl,../src/lscript.ld -LC:/devWorks/FPGA/eFPGA_I2C_PL/eFPGA_I2C_PL/export/eFPGA_I2C_PL/sw/eFPGA_I2C_PL/standalone_domain/bsplib/lib -o "eFPGA_I2C_PL_Application.elf"  ./src/helloworld.o ./src/lis2ds12.o ./src/platform.o   -Wl,--start-group,-lxil,-lgcc,-lc,--end-group
c:/xilinx/vitis/2019.2/gnu/aarch32/nt/gcc-arm-none-eabi/bin/../lib/gcc/arm-none-eabi/8.2.0/../../../../arm-none-eabi/bin/ld.exe: ./src/lis2ds12.o: in function `IicPsMasterPolledExample':
C:\devWorks\FPGA\eFPGA_I2C_PL\eFPGA_I2C_PL_Application\Debug/../src/lis2ds12.c:83: undefined reference to `XIic_SetSClk'
c:/xilinx/vitis/2019.2/gnu/aarch32/nt/gcc-arm-none-eabi/bin/../lib/gcc/arm-none-eabi/8.2.0/../../../../arm-none-eabi/bin/ld.exe: ./src/lis2ds12.o: in function `LIS2DS12_WriteReg':
C:\devWorks\FPGA\eFPGA_I2C_PL\eFPGA_I2C_PL_Application\Debug/../src/lis2ds12.c:104: undefined reference to `XIic_MasterSendPolled'
c:/xilinx/vitis/2019.2/gnu/aarch32/nt/gcc-arm-none-eabi/bin/../lib/gcc/arm-none-eabi/8.2.0/../../../../arm-none-eabi/bin/ld.exe: C:\devWorks\FPGA\eFPGA_I2C_PL\eFPGA_I2C_PL_Application\Debug/../src/lis2ds12.c:112: undefined reference to `XIic_BusIsBusy'
c:/xilinx/vitis/2019.2/gnu/aarch32/nt/gcc-arm-none-eabi/bin/../lib/gcc/arm-none-eabi/8.2.0/../../../../arm-none-eabi/bin/ld.exe: ./src/lis2ds12.o: in function `LIS2DS12_ReadReg':
C:\devWorks\FPGA\eFPGA_I2C_PL\eFPGA_I2C_PL_Application\Debug/../src/lis2ds12.c:140: undefined reference to `XIic_MasterRecvPolled'
collect2.exe: error: ld returned 1 exit status
make[1]: *** [makefile:43: eFPGA_I2C_PL_Application.elf] Error 1
make: *** [makefile:34: all] Error 2
15:20:00 **** Clean-only build of configuration Debug for project eFPGA_I2C_PL_Application ****
make clean 
rm -rf  ./src/helloworld.o ./src/lis2ds12.o ./src/platform.o  ./src/helloworld.d ./src/lis2ds12.d ./src/platform.d  eFPGA_I2C_PL_Application.elf.size  eFPGA_I2C_PL_Application.elf
' '
15:20:01 **** Incremental Build of configuration Debug for project eFPGA_I2C_PL_Application ****
make all 
make --no-print-directory pre-build
a9-linaro-pre-build-step
' '
make --no-print-directory main-build
'Building file: ../src/helloworld.c'
'Invoking: ARM v7 gcc compiler'
arm-none-eabi-gcc -Wall -O0 -g3 -c -fmessage-length=0 -MT"src/helloworld.o" -mcpu=cortex-a9 -mfpu=vfpv3 -mfloat-abi=hard -IC:/devWorks/FPGA/eFPGA_I2C_PL/eFPGA_I2C_PL/export/eFPGA_I2C_PL/sw/eFPGA_I2C_PL/standalone_domain/bspinclude/include -MMD -MP -MF"src/helloworld.d" -MT"src/helloworld.o" -o "src/helloworld.o" "../src/helloworld.c"
'Finished building: ../src/helloworld.c'
' '
'Building file: ../src/lis2ds12_pl.c'
'Invoking: ARM v7 gcc compiler'
arm-none-eabi-gcc -Wall -O0 -g3 -c -fmessage-length=0 -MT"src/lis2ds12_pl.o" -mcpu=cortex-a9 -mfpu=vfpv3 -mfloat-abi=hard -IC:/devWorks/FPGA/eFPGA_I2C_PL/eFPGA_I2C_PL/export/eFPGA_I2C_PL/sw/eFPGA_I2C_PL/standalone_domain/bspinclude/include -MMD -MP -MF"src/lis2ds12_pl.d" -MT"src/lis2ds12_pl.o" -o "src/lis2ds12_pl.o" "../src/lis2ds12_pl.c"
../src/lis2ds12_pl.c: In function 'IicPsMasterPolledExample':
../src/lis2ds12_pl.c:53:6: warning: unused variable 'Index' [-Wunused-variable]
  int Index;
      ^~~~~
../src/lis2ds12_pl.c: In function 'pollForAccel':
../src/lis2ds12_pl.c:221:7: warning: variable 'iacceleration_Z' set but not used [-Wunused-but-set-variable]
   int iacceleration_Z;
       ^~~~~~~~~~~~~~~
'Finished building: ../src/lis2ds12_pl.c'
' '
'Building file: ../src/platform.c'
'Invoking: ARM v7 gcc compiler'
arm-none-eabi-gcc -Wall -O0 -g3 -c -fmessage-length=0 -MT"src/platform.o" -mcpu=cortex-a9 -mfpu=vfpv3 -mfloat-abi=hard -IC:/devWorks/FPGA/eFPGA_I2C_PL/eFPGA_I2C_PL/export/eFPGA_I2C_PL/sw/eFPGA_I2C_PL/standalone_domain/bspinclude/include -MMD -MP -MF"src/platform.d" -MT"src/platform.o" -o "src/platform.o" "../src/platform.c"
'Finished building: ../src/platform.c'
' '
'Building target: eFPGA_I2C_PL_Application.elf'
'Invoking: ARM v7 gcc linker'
arm-none-eabi-gcc -mcpu=cortex-a9 -mfpu=vfpv3 -mfloat-abi=hard -Wl,-build-id=none -specs=Xilinx.spec -Wl,-T -Wl,../src/lscript.ld -LC:/devWorks/FPGA/eFPGA_I2C_PL/eFPGA_I2C_PL/export/eFPGA_I2C_PL/sw/eFPGA_I2C_PL/standalone_domain/bsplib/lib -o "eFPGA_I2C_PL_Application.elf"  ./src/helloworld.o ./src/lis2ds12_pl.o ./src/platform.o   -Wl,--start-group,-lxil,-lgcc,-lc,--end-group
'Finished building target: eFPGA_I2C_PL_Application.elf'
' '
'Invoking: ARM v7 Print Size'
arm-none-eabi-size eFPGA_I2C_PL_Application.elf  |tee "eFPGA_I2C_PL_Application.elf.size"
   text	   data	    bss	    dec	    hex	filename
  64168	   2600	  23456	  90224	  16070	eFPGA_I2C_PL_Application.elf
'Finished building: eFPGA_I2C_PL_Application.elf.size'
' '
15:28:39 **** Incremental Build of configuration Debug for project eFPGA_I2C_PL_Application ****
make all 
make --no-print-directory pre-build
a9-linaro-pre-build-step
' '
make --no-print-directory main-build
'Building file: ../src/lis2ds12_pl.c'
'Invoking: ARM v7 gcc compiler'
arm-none-eabi-gcc -Wall -O0 -g3 -c -fmessage-length=0 -MT"src/lis2ds12_pl.o" -mcpu=cortex-a9 -mfpu=vfpv3 -mfloat-abi=hard -IC:/devWorks/FPGA/eFPGA_I2C_PL/eFPGA_I2C_PL/export/eFPGA_I2C_PL/sw/eFPGA_I2C_PL/standalone_domain/bspinclude/include -MMD -MP -MF"src/lis2ds12_pl.d" -MT"src/lis2ds12_pl.o" -o "src/lis2ds12_pl.o" "../src/lis2ds12_pl.c"
../src/lis2ds12_pl.c:37:1: error: unknown type name 'XIicPs'; did you mean 'XIic'?
 XIicPs Iic;  /**< Instance of the IIC Device */
 ^~~~~~
 XIic
../src/lis2ds12_pl.c: In function 'IicPsMasterPolledExample':
../src/lis2ds12_pl.c:63:43: error: expected ';' before 'if'
  Config = XIic_LookupConfig(IIC_DEVICE_ID)
                                           ^
                                           ;
../src/lis2ds12_pl.c:65:2:
  if (NULL == Config) {
  ~~                                        
../src/lis2ds12_pl.c:80:25: warning: passing argument 1 of 'XIic_SelfTest' from incompatible pointer type [-Wincompatible-pointer-types]
  Status = XIic_SelfTest(&Iic);
                         ^~~~
In file included from ../src/lis2ds12_pl.c:9:
C:/devWorks/FPGA/eFPGA_I2C_PL/eFPGA_I2C_PL/export/eFPGA_I2C_PL/sw/eFPGA_I2C_PL/standalone_domain/bspinclude/include/xiic.h:586:25: note: expected 'XIic *' {aka 'struct <anonymous> *'} but argument is of type 'int *'
 int XIic_SelfTest(XIic *InstancePtr);
                   ~~~~~~^~~~~~~~~~~
../src/lis2ds12_pl.c:54:15: warning: variable 'Config' set but not used [-Wunused-but-set-variable]
  XIic_Config *Config;
               ^~~~~~
../src/lis2ds12_pl.c: In function 'LIS2DS12_WriteReg':
../src/lis2ds12_pl.c:111:11: warning: implicit declaration of function 'XIicPs_MasterSendPolled'; did you mean 'XIic_MasterSend'? [-Wimplicit-function-declaration]
  Status = XIicPs_MasterSendPolled(&Iic, SendBuffer,  (len+1), MINIZED_MOTION_SENSOR_ADDRESS_SA0_HI);
           ^~~~~~~~~~~~~~~~~~~~~~~
           XIic_MasterSend
../src/lis2ds12_pl.c:122:9: warning: implicit declaration of function 'XIicPs_BusIsBusy'; did you mean 'XIic_IsIicBusy'? [-Wimplicit-function-declaration]
  while (XIicPs_BusIsBusy(&Iic)) {
         ^~~~~~~~~~~~~~~~
         XIic_IsIicBusy
../src/lis2ds12_pl.c: In function 'LIS2DS12_ReadReg':
../src/lis2ds12_pl.c:150:11: warning: implicit declaration of function 'XIicPs_MasterRecvPolled'; did you mean 'XIic_MasterRecv'? [-Wimplicit-function-declaration]
  Status = XIicPs_MasterRecvPolled(&Iic, Bufp, len, MINIZED_MOTION_SENSOR_ADDRESS_SA0_HI);
           ^~~~~~~~~~~~~~~~~~~~~~~
           XIic_MasterRecv
../src/lis2ds12_pl.c: In function 'pollForAccel':
../src/lis2ds12_pl.c:233:7: warning: variable 'iacceleration_Z' set but not used [-Wunused-but-set-variable]
   int iacceleration_Z;
       ^~~~~~~~~~~~~~~
make[1]: *** [src/subdir.mk:29: src/lis2ds12_pl.o] Error 1
make: *** [makefile:34: all] Error 2
15:28:47 **** Incremental Build of configuration Debug for project eFPGA_I2C_PL_Application ****
make all 
make --no-print-directory pre-build
a9-linaro-pre-build-step
' '
make --no-print-directory main-build
'Building file: ../src/lis2ds12_pl.c'
'Invoking: ARM v7 gcc compiler'
arm-none-eabi-gcc -Wall -O0 -g3 -c -fmessage-length=0 -MT"src/lis2ds12_pl.o" -mcpu=cortex-a9 -mfpu=vfpv3 -mfloat-abi=hard -IC:/devWorks/FPGA/eFPGA_I2C_PL/eFPGA_I2C_PL/export/eFPGA_I2C_PL/sw/eFPGA_I2C_PL/standalone_domain/bspinclude/include -MMD -MP -MF"src/lis2ds12_pl.d" -MT"src/lis2ds12_pl.o" -o "src/lis2ds12_pl.o" "../src/lis2ds12_pl.c"
../src/lis2ds12_pl.c:37:1: error: unknown type name 'XIicPs'; did you mean 'XIic'?
 XIicPs Iic;  /**< Instance of the IIC Device */
 ^~~~~~
 XIic
../src/lis2ds12_pl.c: In function 'IicPsMasterPolledExample':
../src/lis2ds12_pl.c:70:30: warning: passing argument 1 of 'XIic_CfgInitialize' from incompatible pointer type [-Wincompatible-pointer-types]
  Status = XIic_CfgInitialize(&Iic, Config, Config->BaseAddress);
                              ^~~~
In file included from ../src/lis2ds12_pl.c:9:
C:/devWorks/FPGA/eFPGA_I2C_PL/eFPGA_I2C_PL/export/eFPGA_I2C_PL/sw/eFPGA_I2C_PL/standalone_domain/bspinclude/include/xiic.h:525:30: note: expected 'XIic *' {aka 'struct <anonymous> *'} but argument is of type 'int *'
 int XIic_CfgInitialize(XIic *InstancePtr, XIic_Config *Config,
                        ~~~~~~^~~~~~~~~~~
../src/lis2ds12_pl.c:80:25: warning: passing argument 1 of 'XIic_SelfTest' from incompatible pointer type [-Wincompatible-pointer-types]
  Status = XIic_SelfTest(&Iic);
                         ^~~~
In file included from ../src/lis2ds12_pl.c:9:
C:/devWorks/FPGA/eFPGA_I2C_PL/eFPGA_I2C_PL/export/eFPGA_I2C_PL/sw/eFPGA_I2C_PL/standalone_domain/bspinclude/include/xiic.h:586:25: note: expected 'XIic *' {aka 'struct <anonymous> *'} but argument is of type 'int *'
 int XIic_SelfTest(XIic *InstancePtr);
                   ~~~~~~^~~~~~~~~~~
../src/lis2ds12_pl.c: In function 'LIS2DS12_WriteReg':
../src/lis2ds12_pl.c:111:11: warning: implicit declaration of function 'XIicPs_MasterSendPolled'; did you mean 'XIic_MasterSend'? [-Wimplicit-function-declaration]
  Status = XIicPs_MasterSendPolled(&Iic, SendBuffer,  (len+1), MINIZED_MOTION_SENSOR_ADDRESS_SA0_HI);
           ^~~~~~~~~~~~~~~~~~~~~~~
           XIic_MasterSend
../src/lis2ds12_pl.c:122:9: warning: implicit declaration of function 'XIicPs_BusIsBusy'; did you mean 'XIic_IsIicBusy'? [-Wimplicit-function-declaration]
  while (XIicPs_BusIsBusy(&Iic)) {
         ^~~~~~~~~~~~~~~~
         XIic_IsIicBusy
../src/lis2ds12_pl.c: In function 'LIS2DS12_ReadReg':
../src/lis2ds12_pl.c:150:11: warning: implicit declaration of function 'XIicPs_MasterRecvPolled'; did you mean 'XIic_MasterRecv'? [-Wimplicit-function-declaration]
  Status = XIicPs_MasterRecvPolled(&Iic, Bufp, len, MINIZED_MOTION_SENSOR_ADDRESS_SA0_HI);
           ^~~~~~~~~~~~~~~~~~~~~~~
           XIic_MasterRecv
../src/lis2ds12_pl.c: In function 'pollForAccel':
../src/lis2ds12_pl.c:233:7: warning: variable 'iacceleration_Z' set but not used [-Wunused-but-set-variable]
   int iacceleration_Z;
       ^~~~~~~~~~~~~~~
make[1]: *** [src/subdir.mk:29: src/lis2ds12_pl.o] Error 1
make: *** [makefile:34: all] Error 2
15:29:30 **** Incremental Build of configuration Debug for project eFPGA_I2C_PL_Application ****
make all 
make --no-print-directory pre-build
a9-linaro-pre-build-step
' '
make --no-print-directory main-build
'Building file: ../src/lis2ds12_pl.c'
'Invoking: ARM v7 gcc compiler'
arm-none-eabi-gcc -Wall -O0 -g3 -c -fmessage-length=0 -MT"src/lis2ds12_pl.o" -mcpu=cortex-a9 -mfpu=vfpv3 -mfloat-abi=hard -IC:/devWorks/FPGA/eFPGA_I2C_PL/eFPGA_I2C_PL/export/eFPGA_I2C_PL/sw/eFPGA_I2C_PL/standalone_domain/bspinclude/include -MMD -MP -MF"src/lis2ds12_pl.d" -MT"src/lis2ds12_pl.o" -o "src/lis2ds12_pl.o" "../src/lis2ds12_pl.c"
../src/lis2ds12_pl.c: In function 'LIS2DS12_WriteReg':
../src/lis2ds12_pl.c:111:11: warning: implicit declaration of function 'XIicPs_MasterSendPolled'; did you mean 'XIic_MasterSend'? [-Wimplicit-function-declaration]
  Status = XIicPs_MasterSendPolled(&Iic, SendBuffer,  (len+1), MINIZED_MOTION_SENSOR_ADDRESS_SA0_HI);
           ^~~~~~~~~~~~~~~~~~~~~~~
           XIic_MasterSend
../src/lis2ds12_pl.c:122:9: warning: implicit declaration of function 'XIicPs_BusIsBusy'; did you mean 'XIic_IsIicBusy'? [-Wimplicit-function-declaration]
  while (XIicPs_BusIsBusy(&Iic)) {
         ^~~~~~~~~~~~~~~~
         XIic_IsIicBusy
../src/lis2ds12_pl.c: In function 'LIS2DS12_ReadReg':
../src/lis2ds12_pl.c:150:11: warning: implicit declaration of function 'XIicPs_MasterRecvPolled'; did you mean 'XIic_MasterRecv'? [-Wimplicit-function-declaration]
  Status = XIicPs_MasterRecvPolled(&Iic, Bufp, len, MINIZED_MOTION_SENSOR_ADDRESS_SA0_HI);
           ^~~~~~~~~~~~~~~~~~~~~~~
           XIic_MasterRecv
../src/lis2ds12_pl.c: In function 'pollForAccel':
../src/lis2ds12_pl.c:233:7: warning: variable 'iacceleration_Z' set but not used [-Wunused-but-set-variable]
   int iacceleration_Z;
       ^~~~~~~~~~~~~~~
'Finished building: ../src/lis2ds12_pl.c'
' '
'Building target: eFPGA_I2C_PL_Application.elf'
'Invoking: ARM v7 gcc linker'
arm-none-eabi-gcc -mcpu=cortex-a9 -mfpu=vfpv3 -mfloat-abi=hard -Wl,-build-id=none -specs=Xilinx.spec -Wl,-T -Wl,../src/lscript.ld -LC:/devWorks/FPGA/eFPGA_I2C_PL/eFPGA_I2C_PL/export/eFPGA_I2C_PL/sw/eFPGA_I2C_PL/standalone_domain/bsplib/lib -o "eFPGA_I2C_PL_Application.elf"  ./src/helloworld.o ./src/lis2ds12_pl.o ./src/platform.o   -Wl,--start-group,-lxil,-lgcc,-lc,--end-group
'Finished building target: eFPGA_I2C_PL_Application.elf'
' '
'Invoking: ARM v7 Print Size'
arm-none-eabi-size eFPGA_I2C_PL_Application.elf  |tee "eFPGA_I2C_PL_Application.elf.size"
   text	   data	    bss	    dec	    hex	filename
  66380	   2600	  23488	  92468	  16934	eFPGA_I2C_PL_Application.elf
'Finished building: eFPGA_I2C_PL_Application.elf.size'
' '
15:43:31 **** Incremental Build of configuration Debug for project eFPGA_I2C_PL_Application ****
make all 
make --no-print-directory pre-build
a9-linaro-pre-build-step
' '
make --no-print-directory main-build
'Building file: ../src/helloworld.c'
'Invoking: ARM v7 gcc compiler'
arm-none-eabi-gcc -Wall -O0 -g3 -c -fmessage-length=0 -MT"src/helloworld.o" -mcpu=cortex-a9 -mfpu=vfpv3 -mfloat-abi=hard -IC:/devWorks/FPGA/eFPGA_I2C_PL/eFPGA_I2C_PL/export/eFPGA_I2C_PL/sw/eFPGA_I2C_PL/standalone_domain/bspinclude/include -MMD -MP -MF"src/helloworld.d" -MT"src/helloworld.o" -o "src/helloworld.o" "../src/helloworld.c"
'Finished building: ../src/helloworld.c'
' '
'Building file: ../src/lis2ds12_pl.c'
'Invoking: ARM v7 gcc compiler'
arm-none-eabi-gcc -Wall -O0 -g3 -c -fmessage-length=0 -MT"src/lis2ds12_pl.o" -mcpu=cortex-a9 -mfpu=vfpv3 -mfloat-abi=hard -IC:/devWorks/FPGA/eFPGA_I2C_PL/eFPGA_I2C_PL/export/eFPGA_I2C_PL/sw/eFPGA_I2C_PL/standalone_domain/bspinclude/include -MMD -MP -MF"src/lis2ds12_pl.d" -MT"src/lis2ds12_pl.o" -o "src/lis2ds12_pl.o" "../src/lis2ds12_pl.c"
../src/lis2ds12_pl.c: In function 'LIS2DS12_WriteReg':
../src/lis2ds12_pl.c:53:2: error: 'write_data' undeclared (first use in this function); did you mean 'write'?
  write_data[0] = Reg;
  ^~~~~~~~~~
  write
../src/lis2ds12_pl.c:53:2: note: each undeclared identifier is reported only once for each function it appears in
../src/lis2ds12_pl.c:58:24: error: 'IIC_BASE_ADDRESS' undeclared (first use in this function); did you mean 'STDIN_BASEADDRESS'?
  ByteCount = XIic_Send(IIC_BASE_ADDRESS, i2c_device_addr, &write_data[0], (len+1), XIIC_STOP);
                        ^~~~~~~~~~~~~~~~
                        STDIN_BASEADDRESS
../src/lis2ds12_pl.c:58:42: error: 'i2c_device_addr' undeclared (first use in this function)
  ByteCount = XIic_Send(IIC_BASE_ADDRESS, i2c_device_addr, &write_data[0], (len+1), XIIC_STOP);
                                          ^~~~~~~~~~~~~~~
../src/lis2ds12_pl.c: In function 'LIS2DS12_ReadReg':
../src/lis2ds12_pl.c:66:2: error: 'write_data' undeclared (first use in this function); did you mean 'write'?
  write_data[0] = Reg;
  ^~~~~~~~~~
  write
../src/lis2ds12_pl.c:67:24: error: 'IIC_BASE_ADDRESS' undeclared (first use in this function); did you mean 'STDIN_BASEADDRESS'?
  ByteCount = XIic_Send(IIC_BASE_ADDRESS, i2c_device_addr, (u8*)&write_data, 1, XIIC_REPEATED_START);
                        ^~~~~~~~~~~~~~~~
                        STDIN_BASEADDRESS
../src/lis2ds12_pl.c:67:42: error: 'i2c_device_addr' undeclared (first use in this function)
  ByteCount = XIic_Send(IIC_BASE_ADDRESS, i2c_device_addr, (u8*)&write_data, 1, XIIC_REPEATED_START);
                                          ^~~~~~~~~~~~~~~
../src/lis2ds12_pl.c: In function 'sensor_init':
../src/lis2ds12_pl.c:106:2: error: 'i2c_device_addr' undeclared (first use in this function)
  i2c_device_addr = MINIZED_MOTION_SENSOR_ADDRESS_SA0_HI; //default
  ^~~~~~~~~~~~~~~
../src/lis2ds12_pl.c:116:2: error: 'send_byte' undeclared (first use in this function); did you mean 'inbyte'?
  send_byte = 0x00; //No auto increment
  ^~~~~~~~~
  inbyte
../src/lis2ds12_pl.c: In function 'pollForAccel':
../src/lis2ds12_pl.c:177:7: warning: variable 'iacceleration_Z' set but not used [-Wunused-but-set-variable]
   int iacceleration_Z;
       ^~~~~~~~~~~~~~~
make[1]: *** [src/subdir.mk:29: src/lis2ds12_pl.o] Error 1
make: *** [makefile:34: all] Error 2
15:43:43 **** Incremental Build of configuration Debug for project eFPGA_I2C_PL_Application ****
make all 
make --no-print-directory pre-build
a9-linaro-pre-build-step
' '
make --no-print-directory main-build
'Building file: ../src/lis2ds12_pl.c'
'Invoking: ARM v7 gcc compiler'
arm-none-eabi-gcc -Wall -O0 -g3 -c -fmessage-length=0 -MT"src/lis2ds12_pl.o" -mcpu=cortex-a9 -mfpu=vfpv3 -mfloat-abi=hard -IC:/devWorks/FPGA/eFPGA_I2C_PL/eFPGA_I2C_PL/export/eFPGA_I2C_PL/sw/eFPGA_I2C_PL/standalone_domain/bspinclude/include -MMD -MP -MF"src/lis2ds12_pl.d" -MT"src/lis2ds12_pl.o" -o "src/lis2ds12_pl.o" "../src/lis2ds12_pl.c"
../src/lis2ds12_pl.c: In function 'LIS2DS12_WriteReg':
../src/lis2ds12_pl.c:53:2: error: 'write_data' undeclared (first use in this function); did you mean 'write'?
  write_data[0] = Reg;
  ^~~~~~~~~~
  write
../src/lis2ds12_pl.c:53:2: note: each undeclared identifier is reported only once for each function it appears in
../src/lis2ds12_pl.c:58:24: error: 'IIC_BASE_ADDRESS' undeclared (first use in this function); did you mean 'STDIN_BASEADDRESS'?
  ByteCount = XIic_Send(IIC_BASE_ADDRESS, i2c_device_addr, &write_data[0], (len+1), XIIC_STOP);
                        ^~~~~~~~~~~~~~~~
                        STDIN_BASEADDRESS
../src/lis2ds12_pl.c:58:42: error: 'i2c_device_addr' undeclared (first use in this function)
  ByteCount = XIic_Send(IIC_BASE_ADDRESS, i2c_device_addr, &write_data[0], (len+1), XIIC_STOP);
                                          ^~~~~~~~~~~~~~~
../src/lis2ds12_pl.c: In function 'LIS2DS12_ReadReg':
../src/lis2ds12_pl.c:66:2: error: 'write_data' undeclared (first use in this function); did you mean 'write'?
  write_data[0] = Reg;
  ^~~~~~~~~~
  write
../src/lis2ds12_pl.c:67:24: error: 'IIC_BASE_ADDRESS' undeclared (first use in this function); did you mean 'STDIN_BASEADDRESS'?
  ByteCount = XIic_Send(IIC_BASE_ADDRESS, i2c_device_addr, (u8*)&write_data, 1, XIIC_REPEATED_START);
                        ^~~~~~~~~~~~~~~~
                        STDIN_BASEADDRESS
../src/lis2ds12_pl.c:67:42: error: 'i2c_device_addr' undeclared (first use in this function)
  ByteCount = XIic_Send(IIC_BASE_ADDRESS, i2c_device_addr, (u8*)&write_data, 1, XIIC_REPEATED_START);
                                          ^~~~~~~~~~~~~~~
../src/lis2ds12_pl.c: In function 'sensor_init':
../src/lis2ds12_pl.c:106:2: error: 'i2c_device_addr' undeclared (first use in this function)
  i2c_device_addr = MINIZED_MOTION_SENSOR_ADDRESS_SA0_HI; //default
  ^~~~~~~~~~~~~~~
../src/lis2ds12_pl.c:116:2: error: 'send_byte' undeclared (first use in this function); did you mean 'inbyte'?
  send_byte = 0x00; //No auto increment
  ^~~~~~~~~
  inbyte
../src/lis2ds12_pl.c: In function 'pollForAccel':
../src/lis2ds12_pl.c:211:3: error: 'iacceleration_Z' undeclared (first use in this function); did you mean 'iacceleration_Y'?
   iacceleration_Z = u16_2s_complement_to_int(accel_Z);
   ^~~~~~~~~~~~~~~
   iacceleration_Y
make[1]: *** [src/subdir.mk:29: src/lis2ds12_pl.o] Error 1
make: *** [makefile:34: all] Error 2
15:44:08 **** Incremental Build of configuration Debug for project eFPGA_I2C_PL_Application ****
make all 
make --no-print-directory pre-build
a9-linaro-pre-build-step
' '
make --no-print-directory main-build
'Building file: ../src/lis2ds12_pl.c'
'Invoking: ARM v7 gcc compiler'
arm-none-eabi-gcc -Wall -O0 -g3 -c -fmessage-length=0 -MT"src/lis2ds12_pl.o" -mcpu=cortex-a9 -mfpu=vfpv3 -mfloat-abi=hard -IC:/devWorks/FPGA/eFPGA_I2C_PL/eFPGA_I2C_PL/export/eFPGA_I2C_PL/sw/eFPGA_I2C_PL/standalone_domain/bspinclude/include -MMD -MP -MF"src/lis2ds12_pl.d" -MT"src/lis2ds12_pl.o" -o "src/lis2ds12_pl.o" "../src/lis2ds12_pl.c"
../src/lis2ds12_pl.c: In function 'LIS2DS12_WriteReg':
../src/lis2ds12_pl.c:53:2: error: 'write_data' undeclared (first use in this function); did you mean 'write'?
  write_data[0] = Reg;
  ^~~~~~~~~~
  write
../src/lis2ds12_pl.c:53:2: note: each undeclared identifier is reported only once for each function it appears in
../src/lis2ds12_pl.c:58:24: error: 'IIC_BASE_ADDRESS' undeclared (first use in this function); did you mean 'STDIN_BASEADDRESS'?
  ByteCount = XIic_Send(IIC_BASE_ADDRESS, i2c_device_addr, &write_data[0], (len+1), XIIC_STOP);
                        ^~~~~~~~~~~~~~~~
                        STDIN_BASEADDRESS
../src/lis2ds12_pl.c:58:42: error: 'i2c_device_addr' undeclared (first use in this function)
  ByteCount = XIic_Send(IIC_BASE_ADDRESS, i2c_device_addr, &write_data[0], (len+1), XIIC_STOP);
                                          ^~~~~~~~~~~~~~~
../src/lis2ds12_pl.c: In function 'LIS2DS12_ReadReg':
../src/lis2ds12_pl.c:66:2: error: 'write_data' undeclared (first use in this function); did you mean 'write'?
  write_data[0] = Reg;
  ^~~~~~~~~~
  write
../src/lis2ds12_pl.c:67:24: error: 'IIC_BASE_ADDRESS' undeclared (first use in this function); did you mean 'STDIN_BASEADDRESS'?
  ByteCount = XIic_Send(IIC_BASE_ADDRESS, i2c_device_addr, (u8*)&write_data, 1, XIIC_REPEATED_START);
                        ^~~~~~~~~~~~~~~~
                        STDIN_BASEADDRESS
../src/lis2ds12_pl.c:67:42: error: 'i2c_device_addr' undeclared (first use in this function)
  ByteCount = XIic_Send(IIC_BASE_ADDRESS, i2c_device_addr, (u8*)&write_data, 1, XIIC_REPEATED_START);
                                          ^~~~~~~~~~~~~~~
../src/lis2ds12_pl.c: In function 'sensor_init':
../src/lis2ds12_pl.c:106:2: error: 'i2c_device_addr' undeclared (first use in this function)
  i2c_device_addr = MINIZED_MOTION_SENSOR_ADDRESS_SA0_HI; //default
  ^~~~~~~~~~~~~~~
../src/lis2ds12_pl.c:116:2: error: 'send_byte' undeclared (first use in this function); did you mean 'inbyte'?
  send_byte = 0x00; //No auto increment
  ^~~~~~~~~
  inbyte
../src/lis2ds12_pl.c: In function 'pollForAccel':
../src/lis2ds12_pl.c:177:7: warning: variable 'iacceleration_Z' set but not used [-Wunused-but-set-variable]
   int iacceleration_Z;
       ^~~~~~~~~~~~~~~
make[1]: *** [src/subdir.mk:29: src/lis2ds12_pl.o] Error 1
make: *** [makefile:34: all] Error 2
15:45:37 **** Incremental Build of configuration Debug for project eFPGA_I2C_PL_Application ****
make all 
make --no-print-directory pre-build
a9-linaro-pre-build-step
' '
make --no-print-directory main-build
'Building file: ../src/lis2ds12_pl.c'
'Invoking: ARM v7 gcc compiler'
arm-none-eabi-gcc -Wall -O0 -g3 -c -fmessage-length=0 -MT"src/lis2ds12_pl.o" -mcpu=cortex-a9 -mfpu=vfpv3 -mfloat-abi=hard -IC:/devWorks/FPGA/eFPGA_I2C_PL/eFPGA_I2C_PL/export/eFPGA_I2C_PL/sw/eFPGA_I2C_PL/standalone_domain/bspinclude/include -MMD -MP -MF"src/lis2ds12_pl.d" -MT"src/lis2ds12_pl.o" -o "src/lis2ds12_pl.o" "../src/lis2ds12_pl.c"
../src/lis2ds12_pl.c: In function 'LIS2DS12_WriteReg':
../src/lis2ds12_pl.c:62:24: error: 'IIC_BASE_ADDRESS' undeclared (first use in this function); did you mean 'STDIN_BASEADDRESS'?
  ByteCount = XIic_Send(IIC_BASE_ADDRESS, i2c_device_addr, &write_data[0], (len+1), XIIC_STOP);
                        ^~~~~~~~~~~~~~~~
                        STDIN_BASEADDRESS
../src/lis2ds12_pl.c:62:24: note: each undeclared identifier is reported only once for each function it appears in
../src/lis2ds12_pl.c: In function 'LIS2DS12_ReadReg':
../src/lis2ds12_pl.c:71:24: error: 'IIC_BASE_ADDRESS' undeclared (first use in this function); did you mean 'STDIN_BASEADDRESS'?
  ByteCount = XIic_Send(IIC_BASE_ADDRESS, i2c_device_addr, (u8*)&write_data, 1, XIIC_REPEATED_START);
                        ^~~~~~~~~~~~~~~~
                        STDIN_BASEADDRESS
../src/lis2ds12_pl.c: In function 'pollForAccel':
../src/lis2ds12_pl.c:181:7: warning: variable 'iacceleration_Z' set but not used [-Wunused-but-set-variable]
   int iacceleration_Z;
       ^~~~~~~~~~~~~~~
make[1]: *** [src/subdir.mk:29: src/lis2ds12_pl.o] Error 1
make: *** [makefile:34: all] Error 2
15:46:09 **** Incremental Build of configuration Debug for project eFPGA_I2C_PL_Application ****
make all 
make --no-print-directory pre-build
a9-linaro-pre-build-step
' '
make --no-print-directory main-build
'Building file: ../src/lis2ds12_pl.c'
'Invoking: ARM v7 gcc compiler'
arm-none-eabi-gcc -Wall -O0 -g3 -c -fmessage-length=0 -MT"src/lis2ds12_pl.o" -mcpu=cortex-a9 -mfpu=vfpv3 -mfloat-abi=hard -IC:/devWorks/FPGA/eFPGA_I2C_PL/eFPGA_I2C_PL/export/eFPGA_I2C_PL/sw/eFPGA_I2C_PL/standalone_domain/bspinclude/include -MMD -MP -MF"src/lis2ds12_pl.d" -MT"src/lis2ds12_pl.o" -o "src/lis2ds12_pl.o" "../src/lis2ds12_pl.c"
../src/lis2ds12_pl.c: In function 'pollForAccel':
../src/lis2ds12_pl.c:181:7: warning: variable 'iacceleration_Z' set but not used [-Wunused-but-set-variable]
   int iacceleration_Z;
       ^~~~~~~~~~~~~~~
'Finished building: ../src/lis2ds12_pl.c'
' '
'Building target: eFPGA_I2C_PL_Application.elf'
'Invoking: ARM v7 gcc linker'
arm-none-eabi-gcc -mcpu=cortex-a9 -mfpu=vfpv3 -mfloat-abi=hard -Wl,-build-id=none -specs=Xilinx.spec -Wl,-T -Wl,../src/lscript.ld -LC:/devWorks/FPGA/eFPGA_I2C_PL/eFPGA_I2C_PL/export/eFPGA_I2C_PL/sw/eFPGA_I2C_PL/standalone_domain/bsplib/lib -o "eFPGA_I2C_PL_Application.elf"  ./src/helloworld.o ./src/lis2ds12_pl.o ./src/platform.o   -Wl,--start-group,-lxil,-lgcc,-lc,--end-group
'Finished building target: eFPGA_I2C_PL_Application.elf'
' '
'Invoking: ARM v7 Print Size'
arm-none-eabi-size eFPGA_I2C_PL_Application.elf  |tee "eFPGA_I2C_PL_Application.elf.size"
   text	   data	    bss	    dec	    hex	filename
  60344	   2584	  24000	  86928	  15390	eFPGA_I2C_PL_Application.elf
'Finished building: eFPGA_I2C_PL_Application.elf.size'
' '
15:47:07 **** Incremental Build of configuration Debug for project eFPGA_I2C_PL_Application ****
make all 
make --no-print-directory pre-build
a9-linaro-pre-build-step
' '
make --no-print-directory main-build
make[1]: Nothing to be done for 'main-build'.
