08:55:22 INFO  : Launching XSCT server: xsct.bat -n  -interactive C:\Users\20002890\Minized_XADC\Vitis\temp_xsdb_launch_script.tcl
08:55:24 INFO  : Registering command handlers for Vitis TCF services
08:55:29 INFO  : XSCT server has started successfully.
08:55:31 INFO  : Platform repository initialization has completed.
08:55:33 INFO  : Successfully done setting XSCT server connection channel  
08:55:33 INFO  : plnx-install-location is set to ''
08:55:33 INFO  : Successfully done query RDI_DATADIR 
08:55:33 INFO  : Successfully done setting workspace for the tool. 
08:57:02 INFO  : Result from executing command 'getProjects': MiniZED_XADC
08:57:02 INFO  : Result from executing command 'getPlatforms': 
08:57:03 INFO  : Platform 'MiniZED_XADC' is added to custom repositories.
08:57:21 INFO  : Platform 'MiniZED_XADC' is added to custom repositories.
08:58:39 INFO  : Successfully done sdx_reload_mss "C:/Users/20002890/Minized_XADC/Vitis/MiniZED_XADC/ps7_cortexa9_0/domain_ps7_cortexa9_0/bsp/system.mss"
08:58:47 INFO  : (SwPlaform) Successfully done setParamInSpec 
08:58:50 INFO  : (SwPlaform) Successfully done setParamInSpec 
08:58:55 INFO  : (SwPlatform) Successfully done update_mss 
08:58:55 INFO  : Successfully done sdx_reload_mss "C:/Users/20002890/Minized_XADC/Vitis/MiniZED_XADC/ps7_cortexa9_0/domain_ps7_cortexa9_0/bsp/system.mss"
09:02:53 INFO  : Result from executing command 'getProjects': MiniZED_XADC
09:02:53 INFO  : Result from executing command 'getPlatforms': MiniZED_XADC|C:/Users/20002890/Minized_XADC/Vitis/MiniZED_XADC/export/MiniZED_XADC/MiniZED_XADC.xpfm
10:38:11 INFO  : Successfully done sdx_reload_mss "C:/Users/20002890/Minized_XADC/Vitis/MiniZED_XADC/zynq_fsbl/zynq_fsbl_bsp/system.mss"
10:53:00 INFO  : Successfully done sdx_reload_mss "C:/Users/20002890/Minized_XADC/Vitis/MiniZED_XADC/ps7_cortexa9_0/domain_ps7_cortexa9_0/bsp/system.mss"
10:53:00 INFO  : No changes in MSS file content so sources will not be generated.
10:55:21 INFO  : Checking for BSP changes to sync application flags for project 'MiniZED_XADC_Temp'...
10:55:21 INFO  : Updating application flags with new BSP settings...
10:55:21 INFO  : Successfully updated application flags for project MiniZED_XADC_Temp.
10:55:50 INFO  : Checking for BSP changes to sync application flags for project 'MiniZED_XADC_Temp'...
10:58:35 INFO  : Checking for BSP changes to sync application flags for project 'MiniZED_XADC_Temp'...
10:59:52 INFO  : Checking for BSP changes to sync application flags for project 'MiniZED_XADC_Temp'...
11:00:11 INFO  : Connected to target on host '127.0.0.1' and port '3121'.
11:00:30 INFO  : ----------------XSDB Script----------------
connect -url tcp:127.0.0.1:3121
----------------End of Script----------------

11:00:30 ERROR : Could not find ARM device on the board for connection 'Local'.
Check if the target is in:
1. Split JTAG - No operations are possible with ARM DAP.
2. Non JTAG bootmode - Bootrom may need time to enable DAP.
Please try again.


Troubleshooting hints:
1. Check whether board is connected to system properly.
2. In case of zynq board, check whether Digilent/Xilinx cable switch settings are correct.
3. If you are using Xilinx Platform Cable USB, ensure that status LED is green.
11:01:02 INFO  : Connected to target on host '127.0.0.1' and port '3121'.
11:01:03 INFO  : Jtag cable 'Avnet MiniZed V1 1234-oj1A' is selected.
11:01:03 INFO  : 'jtag frequency' command is executed.
11:01:03 INFO  : Context for 'APU' is selected.
11:01:04 INFO  : System reset is completed.
11:01:07 INFO  : 'after 3000' command is executed.
11:01:07 INFO  : 'targets -set -filter {jtag_cable_name =~ "Avnet MiniZed V1 1234-oj1A" && level==0 && jtag_device_ctx=="jsn-MiniZed V1-1234-oj1A-13723093-0"}' command is executed.
11:01:09 INFO  : FPGA configured successfully with bitstream "C:/Users/20002890/Minized_XADC/Vitis/MiniZED_XADC_Temp/_ide/bitstream/MiniZED_XADC.bit"
11:01:09 INFO  : Context for 'APU' is selected.
11:01:09 INFO  : Hardware design and registers information is loaded from 'C:/Users/20002890/Minized_XADC/Vitis/MiniZED_XADC/export/MiniZED_XADC/hw/MiniZED_XADC.xsa'.
11:01:09 INFO  : 'configparams force-mem-access 1' command is executed.
11:01:09 INFO  : Context for 'APU' is selected.
11:01:09 INFO  : Sourcing of 'C:/Users/20002890/Minized_XADC/Vitis/MiniZED_XADC_Temp/_ide/psinit/ps7_init.tcl' is done.
11:01:10 INFO  : 'ps7_init' command is executed.
11:01:11 INFO  : 'ps7_post_config' command is executed.
11:01:11 INFO  : Context for processor 'ps7_cortexa9_0' is selected.
11:01:11 INFO  : The application 'C:/Users/20002890/Minized_XADC/Vitis/MiniZED_XADC_Temp/Debug/MiniZED_XADC_Temp.elf' is downloaded to processor 'ps7_cortexa9_0'.
11:01:11 INFO  : 'configparams force-mem-access 0' command is executed.
11:01:11 INFO  : ----------------XSDB Script----------------
connect -url tcp:127.0.0.1:3121
targets -set -nocase -filter {name =~"APU*"}
rst -system
after 3000
targets -set -filter {jtag_cable_name =~ "Avnet MiniZed V1 1234-oj1A" && level==0 && jtag_device_ctx=="jsn-MiniZed V1-1234-oj1A-13723093-0"}
fpga -file C:/Users/20002890/Minized_XADC/Vitis/MiniZED_XADC_Temp/_ide/bitstream/MiniZED_XADC.bit
targets -set -nocase -filter {name =~"APU*"}
loadhw -hw C:/Users/20002890/Minized_XADC/Vitis/MiniZED_XADC/export/MiniZED_XADC/hw/MiniZED_XADC.xsa -mem-ranges [list {0x40000000 0xbfffffff}] -regs
configparams force-mem-access 1
targets -set -nocase -filter {name =~"APU*"}
source C:/Users/20002890/Minized_XADC/Vitis/MiniZED_XADC_Temp/_ide/psinit/ps7_init.tcl
ps7_init
ps7_post_config
targets -set -nocase -filter {name =~ "*A9*#0"}
dow C:/Users/20002890/Minized_XADC/Vitis/MiniZED_XADC_Temp/Debug/MiniZED_XADC_Temp.elf
configparams force-mem-access 0
----------------End of Script----------------

11:01:12 INFO  : Context for processor 'ps7_cortexa9_0' is selected.
11:01:12 INFO  : 'con' command is executed.
11:01:12 INFO  : ----------------XSDB Script (After Launch)----------------
targets -set -nocase -filter {name =~ "*A9*#0"}
con
----------------End of Script----------------

11:01:12 INFO  : Launch script is exported to file 'C:\Users\20002890\Minized_XADC\Vitis\.sdk\launch_scripts\single_application_debug\debugger_minized_xadc_temp-default.tcl'
11:05:22 INFO  : Checking for BSP changes to sync application flags for project 'MiniZED_XADC_Temp'...
11:05:32 INFO  : Disconnected from the channel tcfchan#4.
11:05:33 INFO  : Connected to target on host '127.0.0.1' and port '3121'.
11:05:33 INFO  : Jtag cable 'Avnet MiniZed V1 1234-oj1A' is selected.
11:05:33 INFO  : 'jtag frequency' command is executed.
11:05:33 INFO  : Context for 'APU' is selected.
11:05:33 INFO  : System reset is completed.
11:05:36 INFO  : 'after 3000' command is executed.
11:05:37 INFO  : 'targets -set -filter {jtag_cable_name =~ "Avnet MiniZed V1 1234-oj1A" && level==0 && jtag_device_ctx=="jsn-MiniZed V1-1234-oj1A-13723093-0"}' command is executed.
11:05:38 INFO  : FPGA configured successfully with bitstream "C:/Users/20002890/Minized_XADC/Vitis/MiniZED_XADC_Temp/_ide/bitstream/MiniZED_XADC.bit"
11:05:38 INFO  : Context for 'APU' is selected.
11:05:38 INFO  : Hardware design and registers information is loaded from 'C:/Users/20002890/Minized_XADC/Vitis/MiniZED_XADC/export/MiniZED_XADC/hw/MiniZED_XADC.xsa'.
11:05:38 INFO  : 'configparams force-mem-access 1' command is executed.
11:05:38 INFO  : Context for 'APU' is selected.
11:05:38 INFO  : Sourcing of 'C:/Users/20002890/Minized_XADC/Vitis/MiniZED_XADC_Temp/_ide/psinit/ps7_init.tcl' is done.
11:05:38 INFO  : 'ps7_init' command is executed.
11:05:38 INFO  : 'ps7_post_config' command is executed.
11:05:38 INFO  : Context for processor 'ps7_cortexa9_0' is selected.
11:05:39 INFO  : The application 'C:/Users/20002890/Minized_XADC/Vitis/MiniZED_XADC_Temp/Debug/MiniZED_XADC_Temp.elf' is downloaded to processor 'ps7_cortexa9_0'.
11:05:39 INFO  : 'configparams force-mem-access 0' command is executed.
11:05:39 INFO  : ----------------XSDB Script----------------
connect -url tcp:127.0.0.1:3121
targets -set -nocase -filter {name =~"APU*"}
rst -system
after 3000
targets -set -filter {jtag_cable_name =~ "Avnet MiniZed V1 1234-oj1A" && level==0 && jtag_device_ctx=="jsn-MiniZed V1-1234-oj1A-13723093-0"}
fpga -file C:/Users/20002890/Minized_XADC/Vitis/MiniZED_XADC_Temp/_ide/bitstream/MiniZED_XADC.bit
targets -set -nocase -filter {name =~"APU*"}
loadhw -hw C:/Users/20002890/Minized_XADC/Vitis/MiniZED_XADC/export/MiniZED_XADC/hw/MiniZED_XADC.xsa -mem-ranges [list {0x40000000 0xbfffffff}] -regs
configparams force-mem-access 1
targets -set -nocase -filter {name =~"APU*"}
source C:/Users/20002890/Minized_XADC/Vitis/MiniZED_XADC_Temp/_ide/psinit/ps7_init.tcl
ps7_init
ps7_post_config
targets -set -nocase -filter {name =~ "*A9*#0"}
dow C:/Users/20002890/Minized_XADC/Vitis/MiniZED_XADC_Temp/Debug/MiniZED_XADC_Temp.elf
configparams force-mem-access 0
----------------End of Script----------------

11:05:39 INFO  : Context for processor 'ps7_cortexa9_0' is selected.
11:05:39 INFO  : 'con' command is executed.
11:05:39 INFO  : ----------------XSDB Script (After Launch)----------------
targets -set -nocase -filter {name =~ "*A9*#0"}
con
----------------End of Script----------------

11:05:39 INFO  : Launch script is exported to file 'C:\Users\20002890\Minized_XADC\Vitis\.sdk\launch_scripts\single_application_debug\debugger_minized_xadc_temp-default.tcl'
11:05:55 INFO  : Checking for BSP changes to sync application flags for project 'MiniZED_XADC_Temp'...
11:06:04 INFO  : Disconnected from the channel tcfchan#5.
11:06:05 INFO  : Connected to target on host '127.0.0.1' and port '3121'.
11:06:05 INFO  : Jtag cable 'Avnet MiniZed V1 1234-oj1A' is selected.
11:06:05 INFO  : 'jtag frequency' command is executed.
11:06:06 INFO  : Context for 'APU' is selected.
11:06:06 INFO  : System reset is completed.
11:06:09 INFO  : 'after 3000' command is executed.
11:06:09 INFO  : 'targets -set -filter {jtag_cable_name =~ "Avnet MiniZed V1 1234-oj1A" && level==0 && jtag_device_ctx=="jsn-MiniZed V1-1234-oj1A-13723093-0"}' command is executed.
11:06:10 INFO  : FPGA configured successfully with bitstream "C:/Users/20002890/Minized_XADC/Vitis/MiniZED_XADC_Temp/_ide/bitstream/MiniZED_XADC.bit"
11:06:10 INFO  : Context for 'APU' is selected.
11:06:10 INFO  : Hardware design and registers information is loaded from 'C:/Users/20002890/Minized_XADC/Vitis/MiniZED_XADC/export/MiniZED_XADC/hw/MiniZED_XADC.xsa'.
11:06:10 INFO  : 'configparams force-mem-access 1' command is executed.
11:06:10 INFO  : Context for 'APU' is selected.
11:06:10 INFO  : Sourcing of 'C:/Users/20002890/Minized_XADC/Vitis/MiniZED_XADC_Temp/_ide/psinit/ps7_init.tcl' is done.
11:06:11 INFO  : 'ps7_init' command is executed.
11:06:11 INFO  : 'ps7_post_config' command is executed.
11:06:11 INFO  : Context for processor 'ps7_cortexa9_0' is selected.
11:06:11 INFO  : The application 'C:/Users/20002890/Minized_XADC/Vitis/MiniZED_XADC_Temp/Debug/MiniZED_XADC_Temp.elf' is downloaded to processor 'ps7_cortexa9_0'.
11:06:12 INFO  : 'configparams force-mem-access 0' command is executed.
11:06:12 INFO  : ----------------XSDB Script----------------
connect -url tcp:127.0.0.1:3121
targets -set -nocase -filter {name =~"APU*"}
rst -system
after 3000
targets -set -filter {jtag_cable_name =~ "Avnet MiniZed V1 1234-oj1A" && level==0 && jtag_device_ctx=="jsn-MiniZed V1-1234-oj1A-13723093-0"}
fpga -file C:/Users/20002890/Minized_XADC/Vitis/MiniZED_XADC_Temp/_ide/bitstream/MiniZED_XADC.bit
targets -set -nocase -filter {name =~"APU*"}
loadhw -hw C:/Users/20002890/Minized_XADC/Vitis/MiniZED_XADC/export/MiniZED_XADC/hw/MiniZED_XADC.xsa -mem-ranges [list {0x40000000 0xbfffffff}] -regs
configparams force-mem-access 1
targets -set -nocase -filter {name =~"APU*"}
source C:/Users/20002890/Minized_XADC/Vitis/MiniZED_XADC_Temp/_ide/psinit/ps7_init.tcl
ps7_init
ps7_post_config
targets -set -nocase -filter {name =~ "*A9*#0"}
dow C:/Users/20002890/Minized_XADC/Vitis/MiniZED_XADC_Temp/Debug/MiniZED_XADC_Temp.elf
configparams force-mem-access 0
----------------End of Script----------------

11:06:12 INFO  : Context for processor 'ps7_cortexa9_0' is selected.
11:06:12 INFO  : 'con' command is executed.
11:06:12 INFO  : ----------------XSDB Script (After Launch)----------------
targets -set -nocase -filter {name =~ "*A9*#0"}
con
----------------End of Script----------------

11:06:12 INFO  : Launch script is exported to file 'C:\Users\20002890\Minized_XADC\Vitis\.sdk\launch_scripts\single_application_debug\debugger_minized_xadc_temp-default.tcl'
11:12:44 INFO  : Disconnected from the channel tcfchan#6.
