15:20:45 **** Auto Build of configuration Debug for project ZYNQ_PS1 ****
make pre-build main-build 
a9-linaro-pre-build-step
' '
'Building file: ../src/helloworld.c'
'Invoking: ARM v7 gcc compiler'
arm-none-eabi-gcc -Wall -O0 -g3 -c -fmessage-length=0 -MT"src/helloworld.o" -mcpu=cortex-a9 -mfpu=vfpv3 -mfloat-abi=hard -I../../ZYNQ_PS1_bsp/ps7_cortexa9_0/include -MMD -MP -MF"src/helloworld.d" -MT"src/helloworld.o" -o "src/helloworld.o" "../src/helloworld.c"
'Finished building: ../src/helloworld.c'
' '
'Building target: ZYNQ_PS1.elf'
'Invoking: ARM v7 gcc linker'
arm-none-eabi-gcc -mcpu=cortex-a9 -mfpu=vfpv3 -mfloat-abi=hard -Wl,-build-id=none -specs=Xilinx.spec -Wl,-T -Wl,../src/lscript.ld -L../../ZYNQ_PS1_bsp/ps7_cortexa9_0/lib -o "ZYNQ_PS1.elf"  ./src/helloworld.o ./src/platform.o   -Wl,--start-group,-lxil,-lgcc,-lc,--end-group
'Finished building target: ZYNQ_PS1.elf'
' '
'Invoking: ARM v7 Print Size'
arm-none-eabi-size ZYNQ_PS1.elf  |tee "ZYNQ_PS1.elf.size"
   text	   data	    bss	    dec	    hex	filename
  77884	   2596	  23376	 103856	  195b0	ZYNQ_PS1.elf
'Finished building: ZYNQ_PS1.elf.size'
' '

15:20:50 Build Finished (took 5s.31ms)

