
*** Running vivado
    with args -log design_1_eFPGA_AXI_Core1_0_0.vds -m64 -product Vivado -mode batch -messageDb vivado.pb -notrace -source design_1_eFPGA_AXI_Core1_0_0.tcl


****** Vivado v2019.2 (64-bit)
  **** SW Build 2708876 on Wed Nov  6 21:40:23 MST 2019
  **** IP Build 2700528 on Thu Nov  7 00:09:20 MST 2019
    ** Copyright 1986-2019 Xilinx, Inc. All Rights Reserved.

source design_1_eFPGA_AXI_Core1_0_0.tcl -notrace
create_project: Time (s): cpu = 00:00:04 ; elapsed = 00:00:06 . Memory (MB): peak = 384.430 ; gain = 102.105
INFO: [IP_Flow 19-234] Refreshing IP repositories
INFO: [IP_Flow 19-1700] Loaded user IP repository 'c:/devWorks/FPGA/ip_repo'.
INFO: [IP_Flow 19-2313] Loaded Vivado IP repository 'C:/Xilinx/Vivado/2019.2/data/ip'.
Command: synth_design -top design_1_eFPGA_AXI_Core1_0_0 -part xc7z007sclg225-1 -mode out_of_context
Starting synth_design
Attempting to get a license for feature 'Synthesis' and/or device 'xc7z007s'
INFO: [Common 17-349] Got license for feature 'Synthesis' and/or device 'xc7z007s'
INFO: [Device 21-403] Loading part xc7z007sclg225-1
INFO: Launching helper process for spawning children vivado processes
INFO: Helper process launched with PID 52188 
---------------------------------------------------------------------------------
Starting RTL Elaboration : Time (s): cpu = 00:00:13 ; elapsed = 00:00:19 . Memory (MB): peak = 1172.695 ; gain = 230.840
---------------------------------------------------------------------------------
INFO: [Synth 8-638] synthesizing module 'design_1_eFPGA_AXI_Core1_0_0' [c:/devWorks/FPGA/eFPGA_AXI_Project/eFPGA_AXI_Project.srcs/sources_1/bd/design_1/ip/design_1_eFPGA_AXI_Core1_0_0/synth/design_1_eFPGA_AXI_Core1_0_0.vhd:84]
	Parameter C_S00_AXI_DATA_WIDTH bound to: 32 - type: integer 
	Parameter C_S00_AXI_ADDR_WIDTH bound to: 4 - type: integer 
INFO: [Synth 8-3491] module 'eFPGA_AXI_Core1_v1_0' declared at 'c:/devWorks/FPGA/eFPGA_AXI_Project/eFPGA_AXI_Project.srcs/sources_1/bd/design_1/ipshared/c768/hdl/eFPGA_AXI_Core1_v1_0.vhd:5' bound to instance 'U0' of component 'eFPGA_AXI_Core1_v1_0' [c:/devWorks/FPGA/eFPGA_AXI_Project/eFPGA_AXI_Project.srcs/sources_1/bd/design_1/ip/design_1_eFPGA_AXI_Core1_0_0/synth/design_1_eFPGA_AXI_Core1_0_0.vhd:150]
INFO: [Synth 8-638] synthesizing module 'eFPGA_AXI_Core1_v1_0' [c:/devWorks/FPGA/eFPGA_AXI_Project/eFPGA_AXI_Project.srcs/sources_1/bd/design_1/ipshared/c768/hdl/eFPGA_AXI_Core1_v1_0.vhd:50]
	Parameter C_S00_AXI_DATA_WIDTH bound to: 32 - type: integer 
	Parameter C_S00_AXI_ADDR_WIDTH bound to: 4 - type: integer 
	Parameter C_S_AXI_DATA_WIDTH bound to: 32 - type: integer 
	Parameter C_S_AXI_ADDR_WIDTH bound to: 4 - type: integer 
INFO: [Synth 8-3491] module 'eFPGA_AXI_Core1_v1_0_S00_AXI' declared at 'c:/devWorks/FPGA/eFPGA_AXI_Project/eFPGA_AXI_Project.srcs/sources_1/bd/design_1/ipshared/c768/hdl/eFPGA_AXI_Core1_v1_0_S00_AXI.vhd:5' bound to instance 'eFPGA_AXI_Core1_v1_0_S00_AXI_inst' of component 'eFPGA_AXI_Core1_v1_0_S00_AXI' [c:/devWorks/FPGA/eFPGA_AXI_Project/eFPGA_AXI_Project.srcs/sources_1/bd/design_1/ipshared/c768/hdl/eFPGA_AXI_Core1_v1_0.vhd:88]
INFO: [Synth 8-638] synthesizing module 'eFPGA_AXI_Core1_v1_0_S00_AXI' [c:/devWorks/FPGA/eFPGA_AXI_Project/eFPGA_AXI_Project.srcs/sources_1/bd/design_1/ipshared/c768/hdl/eFPGA_AXI_Core1_v1_0_S00_AXI.vhd:87]
	Parameter C_S_AXI_DATA_WIDTH bound to: 32 - type: integer 
	Parameter C_S_AXI_ADDR_WIDTH bound to: 4 - type: integer 
INFO: [Synth 8-226] default block is never used [c:/devWorks/FPGA/eFPGA_AXI_Project/eFPGA_AXI_Project.srcs/sources_1/bd/design_1/ipshared/c768/hdl/eFPGA_AXI_Core1_v1_0_S00_AXI.vhd:236]
INFO: [Synth 8-226] default block is never used [c:/devWorks/FPGA/eFPGA_AXI_Project/eFPGA_AXI_Project.srcs/sources_1/bd/design_1/ipshared/c768/hdl/eFPGA_AXI_Core1_v1_0_S00_AXI.vhd:366]
WARNING: [Synth 8-614] signal 'resultaat_i' is read in the process but is not in the sensitivity list [c:/devWorks/FPGA/eFPGA_AXI_Project/eFPGA_AXI_Project.srcs/sources_1/bd/design_1/ipshared/c768/hdl/eFPGA_AXI_Core1_v1_0_S00_AXI.vhd:361]
INFO: [Synth 8-3491] module 'eFPGA_Core1' declared at 'c:/devWorks/FPGA/eFPGA_AXI_Project/eFPGA_AXI_Project.srcs/sources_1/bd/design_1/ipshared/edit_eFPGA_AXI_Core1_v1_0.ip_user_files/eFPGA_Core1.vhd:34' bound to instance 'Core1' of component 'eFPGA_Core1' [c:/devWorks/FPGA/eFPGA_AXI_Project/eFPGA_AXI_Project.srcs/sources_1/bd/design_1/ipshared/c768/hdl/eFPGA_AXI_Core1_v1_0_S00_AXI.vhd:401]
INFO: [Synth 8-638] synthesizing module 'eFPGA_Core1' [c:/devWorks/FPGA/eFPGA_AXI_Project/eFPGA_AXI_Project.srcs/sources_1/bd/design_1/ipshared/edit_eFPGA_AXI_Core1_v1_0.ip_user_files/eFPGA_Core1.vhd:43]
INFO: [Synth 8-256] done synthesizing module 'eFPGA_Core1' (1#1) [c:/devWorks/FPGA/eFPGA_AXI_Project/eFPGA_AXI_Project.srcs/sources_1/bd/design_1/ipshared/edit_eFPGA_AXI_Core1_v1_0.ip_user_files/eFPGA_Core1.vhd:43]
WARNING: [Synth 8-6014] Unused sequential element slv_reg2_reg was removed.  [c:/devWorks/FPGA/eFPGA_AXI_Project/eFPGA_AXI_Project.srcs/sources_1/bd/design_1/ipshared/c768/hdl/eFPGA_AXI_Core1_v1_0_S00_AXI.vhd:231]
WARNING: [Synth 8-6014] Unused sequential element loc_addr_reg was removed.  [c:/devWorks/FPGA/eFPGA_AXI_Project/eFPGA_AXI_Project.srcs/sources_1/bd/design_1/ipshared/c768/hdl/eFPGA_AXI_Core1_v1_0_S00_AXI.vhd:234]
INFO: [Synth 8-256] done synthesizing module 'eFPGA_AXI_Core1_v1_0_S00_AXI' (2#1) [c:/devWorks/FPGA/eFPGA_AXI_Project/eFPGA_AXI_Project.srcs/sources_1/bd/design_1/ipshared/c768/hdl/eFPGA_AXI_Core1_v1_0_S00_AXI.vhd:87]
INFO: [Synth 8-256] done synthesizing module 'eFPGA_AXI_Core1_v1_0' (3#1) [c:/devWorks/FPGA/eFPGA_AXI_Project/eFPGA_AXI_Project.srcs/sources_1/bd/design_1/ipshared/c768/hdl/eFPGA_AXI_Core1_v1_0.vhd:50]
INFO: [Synth 8-256] done synthesizing module 'design_1_eFPGA_AXI_Core1_0_0' (4#1) [c:/devWorks/FPGA/eFPGA_AXI_Project/eFPGA_AXI_Project.srcs/sources_1/bd/design_1/ip/design_1_eFPGA_AXI_Core1_0_0/synth/design_1_eFPGA_AXI_Core1_0_0.vhd:84]
WARNING: [Synth 8-3331] design eFPGA_AXI_Core1_v1_0_S00_AXI has unconnected port S_AXI_AWPROT[2]
WARNING: [Synth 8-3331] design eFPGA_AXI_Core1_v1_0_S00_AXI has unconnected port S_AXI_AWPROT[1]
WARNING: [Synth 8-3331] design eFPGA_AXI_Core1_v1_0_S00_AXI has unconnected port S_AXI_AWPROT[0]
WARNING: [Synth 8-3331] design eFPGA_AXI_Core1_v1_0_S00_AXI has unconnected port S_AXI_ARPROT[2]
WARNING: [Synth 8-3331] design eFPGA_AXI_Core1_v1_0_S00_AXI has unconnected port S_AXI_ARPROT[1]
WARNING: [Synth 8-3331] design eFPGA_AXI_Core1_v1_0_S00_AXI has unconnected port S_AXI_ARPROT[0]
---------------------------------------------------------------------------------
Finished RTL Elaboration : Time (s): cpu = 00:00:18 ; elapsed = 00:00:25 . Memory (MB): peak = 1248.473 ; gain = 306.617
---------------------------------------------------------------------------------

Report Check Netlist: 
+------+------------------+-------+---------+-------+------------------+
|      |Item              |Errors |Warnings |Status |Description       |
+------+------------------+-------+---------+-------+------------------+
|1     |multi_driven_nets |      0|        0|Passed |Multi driven nets |
+------+------------------+-------+---------+-------+------------------+
---------------------------------------------------------------------------------
Start Handling Custom Attributes
---------------------------------------------------------------------------------
---------------------------------------------------------------------------------
Finished Handling Custom Attributes : Time (s): cpu = 00:00:19 ; elapsed = 00:00:26 . Memory (MB): peak = 1248.473 ; gain = 306.617
---------------------------------------------------------------------------------
---------------------------------------------------------------------------------
Finished RTL Optimization Phase 1 : Time (s): cpu = 00:00:19 ; elapsed = 00:00:26 . Memory (MB): peak = 1248.473 ; gain = 306.617
---------------------------------------------------------------------------------
Netlist sorting complete. Time (s): cpu = 00:00:00 ; elapsed = 00:00:00.021 . Memory (MB): peak = 1248.473 ; gain = 0.000
INFO: [Project 1-570] Preparing netlist for logic optimization

Processing XDC Constraints
Initializing timing engine
Completed Processing XDC Constraints

Netlist sorting complete. Time (s): cpu = 00:00:00 ; elapsed = 00:00:00 . Memory (MB): peak = 1331.746 ; gain = 0.000
INFO: [Project 1-111] Unisim Transformation Summary:
No Unisim elements were transformed.

WARNING: [Constraints 18-5210] No constraints selected for write.
Resolution: This message can indicate that there are no constraints for the design, or it can indicate that the used_in flags are set such that the constraints are ignored. This later case is used when running synth_design to not write synthesis constraints to the resulting checkpoint. Instead, project constraints are read when the synthesized design is opened.
Constraint Validation Runtime : Time (s): cpu = 00:00:01 ; elapsed = 00:00:00.270 . Memory (MB): peak = 1332.734 ; gain = 0.988
---------------------------------------------------------------------------------
Finished Constraint Validation : Time (s): cpu = 00:00:37 ; elapsed = 00:00:46 . Memory (MB): peak = 1332.734 ; gain = 390.879
---------------------------------------------------------------------------------
---------------------------------------------------------------------------------
Start Loading Part and Timing Information
---------------------------------------------------------------------------------
Loading part: xc7z007sclg225-1
---------------------------------------------------------------------------------
Finished Loading Part and Timing Information : Time (s): cpu = 00:00:37 ; elapsed = 00:00:46 . Memory (MB): peak = 1332.734 ; gain = 390.879
---------------------------------------------------------------------------------
---------------------------------------------------------------------------------
Start Applying 'set_property' XDC Constraints
---------------------------------------------------------------------------------
---------------------------------------------------------------------------------
Finished applying 'set_property' XDC Constraints : Time (s): cpu = 00:00:37 ; elapsed = 00:00:46 . Memory (MB): peak = 1332.734 ; gain = 390.879
---------------------------------------------------------------------------------
---------------------------------------------------------------------------------
Finished RTL Optimization Phase 2 : Time (s): cpu = 00:00:37 ; elapsed = 00:00:47 . Memory (MB): peak = 1332.734 ; gain = 390.879
---------------------------------------------------------------------------------

Report RTL Partitions: 
+-+--------------+------------+----------+
| |RTL Partition |Replication |Instances |
+-+--------------+------------+----------+
+-+--------------+------------+----------+
---------------------------------------------------------------------------------
Start RTL Component Statistics 
---------------------------------------------------------------------------------
Detailed RTL Component Info : 
+---Adders : 
	   2 Input      4 Bit       Adders := 1     
+---Registers : 
	               32 Bit    Registers := 4     
	                4 Bit    Registers := 2     
	                2 Bit    Registers := 2     
	                1 Bit    Registers := 6     
+---Muxes : 
	   2 Input     32 Bit        Muxes := 3     
	   4 Input     32 Bit        Muxes := 4     
	   2 Input      1 Bit        Muxes := 5     
---------------------------------------------------------------------------------
Finished RTL Component Statistics 
---------------------------------------------------------------------------------
---------------------------------------------------------------------------------
Start RTL Hierarchical Component Statistics 
---------------------------------------------------------------------------------
Hierarchical RTL Component report 
Module eFPGA_Core1 
Detailed RTL Component Info : 
+---Adders : 
	   2 Input      4 Bit       Adders := 1     
Module eFPGA_AXI_Core1_v1_0_S00_AXI 
Detailed RTL Component Info : 
+---Registers : 
	               32 Bit    Registers := 4     
	                4 Bit    Registers := 2     
	                2 Bit    Registers := 2     
	                1 Bit    Registers := 6     
+---Muxes : 
	   2 Input     32 Bit        Muxes := 3     
	   4 Input     32 Bit        Muxes := 4     
	   2 Input      1 Bit        Muxes := 5     
---------------------------------------------------------------------------------
Finished RTL Hierarchical Component Statistics
---------------------------------------------------------------------------------
---------------------------------------------------------------------------------
Start Part Resource Summary
---------------------------------------------------------------------------------
Part Resources:
DSPs: 66 (col length:40)
BRAMs: 100 (col length: RAMB18 40 RAMB36 20)
---------------------------------------------------------------------------------
Finished Part Resource Summary
---------------------------------------------------------------------------------
---------------------------------------------------------------------------------
Start Cross Boundary and Area Optimization
---------------------------------------------------------------------------------
Warning: Parallel synthesis criteria is not met 
WARNING: [Synth 8-3331] design design_1_eFPGA_AXI_Core1_0_0 has unconnected port s00_axi_awprot[2]
WARNING: [Synth 8-3331] design design_1_eFPGA_AXI_Core1_0_0 has unconnected port s00_axi_awprot[1]
WARNING: [Synth 8-3331] design design_1_eFPGA_AXI_Core1_0_0 has unconnected port s00_axi_awprot[0]
WARNING: [Synth 8-3331] design design_1_eFPGA_AXI_Core1_0_0 has unconnected port s00_axi_arprot[2]
WARNING: [Synth 8-3331] design design_1_eFPGA_AXI_Core1_0_0 has unconnected port s00_axi_arprot[1]
WARNING: [Synth 8-3331] design design_1_eFPGA_AXI_Core1_0_0 has unconnected port s00_axi_arprot[0]
INFO: [Synth 8-3886] merging instance 'U0/eFPGA_AXI_Core1_v1_0_S00_AXI_inst/axi_rresp_reg[0]' (FDRE) to 'U0/eFPGA_AXI_Core1_v1_0_S00_AXI_inst/axi_rresp_reg[1]'
INFO: [Synth 8-3333] propagating constant 0 across sequential element (\U0/eFPGA_AXI_Core1_v1_0_S00_AXI_inst/axi_rresp_reg[1] )
INFO: [Synth 8-3886] merging instance 'U0/eFPGA_AXI_Core1_v1_0_S00_AXI_inst/axi_bresp_reg[0]' (FDRE) to 'U0/eFPGA_AXI_Core1_v1_0_S00_AXI_inst/axi_bresp_reg[1]'
INFO: [Synth 8-3333] propagating constant 0 across sequential element (\U0/eFPGA_AXI_Core1_v1_0_S00_AXI_inst/axi_bresp_reg[1] )
---------------------------------------------------------------------------------
Finished Cross Boundary and Area Optimization : Time (s): cpu = 00:00:42 ; elapsed = 00:00:52 . Memory (MB): peak = 1332.734 ; gain = 390.879
---------------------------------------------------------------------------------

Report RTL Partitions: 
+-+--------------+------------+----------+
| |RTL Partition |Replication |Instances |
+-+--------------+------------+----------+
+-+--------------+------------+----------+
---------------------------------------------------------------------------------
Start Applying XDC Timing Constraints
---------------------------------------------------------------------------------
---------------------------------------------------------------------------------
Finished Applying XDC Timing Constraints : Time (s): cpu = 00:01:03 ; elapsed = 00:01:13 . Memory (MB): peak = 1332.734 ; gain = 390.879
---------------------------------------------------------------------------------
---------------------------------------------------------------------------------
Start Timing Optimization
---------------------------------------------------------------------------------
---------------------------------------------------------------------------------
Finished Timing Optimization : Time (s): cpu = 00:01:03 ; elapsed = 00:01:13 . Memory (MB): peak = 1332.734 ; gain = 390.879
---------------------------------------------------------------------------------

Report RTL Partitions: 
+-+--------------+------------+----------+
| |RTL Partition |Replication |Instances |
+-+--------------+------------+----------+
+-+--------------+------------+----------+
---------------------------------------------------------------------------------
Start Technology Mapping
---------------------------------------------------------------------------------
---------------------------------------------------------------------------------
Finished Technology Mapping : Time (s): cpu = 00:01:03 ; elapsed = 00:01:13 . Memory (MB): peak = 1337.777 ; gain = 395.922
---------------------------------------------------------------------------------

Report RTL Partitions: 
+-+--------------+------------+----------+
| |RTL Partition |Replication |Instances |
+-+--------------+------------+----------+
+-+--------------+------------+----------+
---------------------------------------------------------------------------------
Start IO Insertion
---------------------------------------------------------------------------------
---------------------------------------------------------------------------------
Start Flattening Before IO Insertion
---------------------------------------------------------------------------------
---------------------------------------------------------------------------------
Finished Flattening Before IO Insertion
---------------------------------------------------------------------------------
---------------------------------------------------------------------------------
Start Final Netlist Cleanup
---------------------------------------------------------------------------------
---------------------------------------------------------------------------------
Finished Final Netlist Cleanup
---------------------------------------------------------------------------------
---------------------------------------------------------------------------------
Finished IO Insertion : Time (s): cpu = 00:01:15 ; elapsed = 00:01:25 . Memory (MB): peak = 1353.551 ; gain = 411.695
---------------------------------------------------------------------------------
---------------------------------------------------------------------------------
Start Renaming Generated Instances
---------------------------------------------------------------------------------
---------------------------------------------------------------------------------
Finished Renaming Generated Instances : Time (s): cpu = 00:01:15 ; elapsed = 00:01:25 . Memory (MB): peak = 1353.551 ; gain = 411.695
---------------------------------------------------------------------------------

Report RTL Partitions: 
+-+--------------+------------+----------+
| |RTL Partition |Replication |Instances |
+-+--------------+------------+----------+
+-+--------------+------------+----------+

Report Check Netlist: 
+------+------------------+-------+---------+-------+------------------+
|      |Item              |Errors |Warnings |Status |Description       |
+------+------------------+-------+---------+-------+------------------+
|1     |multi_driven_nets |      0|        0|Passed |Multi driven nets |
+------+------------------+-------+---------+-------+------------------+
---------------------------------------------------------------------------------
Start Rebuilding User Hierarchy
---------------------------------------------------------------------------------
---------------------------------------------------------------------------------
Finished Rebuilding User Hierarchy : Time (s): cpu = 00:01:15 ; elapsed = 00:01:25 . Memory (MB): peak = 1353.551 ; gain = 411.695
---------------------------------------------------------------------------------
---------------------------------------------------------------------------------
Start Renaming Generated Ports
---------------------------------------------------------------------------------
---------------------------------------------------------------------------------
Finished Renaming Generated Ports : Time (s): cpu = 00:01:15 ; elapsed = 00:01:25 . Memory (MB): peak = 1353.551 ; gain = 411.695
---------------------------------------------------------------------------------
---------------------------------------------------------------------------------
Start Handling Custom Attributes
---------------------------------------------------------------------------------
---------------------------------------------------------------------------------
Finished Handling Custom Attributes : Time (s): cpu = 00:01:15 ; elapsed = 00:01:25 . Memory (MB): peak = 1353.551 ; gain = 411.695
---------------------------------------------------------------------------------
---------------------------------------------------------------------------------
Start Renaming Generated Nets
---------------------------------------------------------------------------------
---------------------------------------------------------------------------------
Finished Renaming Generated Nets : Time (s): cpu = 00:01:15 ; elapsed = 00:01:25 . Memory (MB): peak = 1353.551 ; gain = 411.695
---------------------------------------------------------------------------------
---------------------------------------------------------------------------------
Start Writing Synthesis Report
---------------------------------------------------------------------------------

Report BlackBoxes: 
+-+--------------+----------+
| |BlackBox name |Instances |
+-+--------------+----------+
+-+--------------+----------+

Report Cell Usage: 
+------+-----+------+
|      |Cell |Count |
+------+-----+------+
|1     |LUT1 |     1|
|2     |LUT2 |     2|
|3     |LUT3 |     2|
|4     |LUT4 |    20|
|5     |LUT5 |    29|
|6     |LUT6 |    10|
|7     |FDRE |   135|
|8     |FDSE |     3|
+------+-----+------+

Report Instance Areas: 
+------+--------------------------------------+-----------------------------+------+
|      |Instance                              |Module                       |Cells |
+------+--------------------------------------+-----------------------------+------+
|1     |top                                   |                             |   202|
|2     |  U0                                  |eFPGA_AXI_Core1_v1_0         |   202|
|3     |    eFPGA_AXI_Core1_v1_0_S00_AXI_inst |eFPGA_AXI_Core1_v1_0_S00_AXI |   202|
+------+--------------------------------------+-----------------------------+------+
---------------------------------------------------------------------------------
Finished Writing Synthesis Report : Time (s): cpu = 00:01:15 ; elapsed = 00:01:25 . Memory (MB): peak = 1353.551 ; gain = 411.695
---------------------------------------------------------------------------------
Synthesis finished with 0 errors, 0 critical warnings and 6 warnings.
Synthesis Optimization Runtime : Time (s): cpu = 00:00:50 ; elapsed = 00:01:18 . Memory (MB): peak = 1353.551 ; gain = 327.434
Synthesis Optimization Complete : Time (s): cpu = 00:01:15 ; elapsed = 00:01:25 . Memory (MB): peak = 1353.551 ; gain = 411.695
INFO: [Project 1-571] Translating synthesized netlist
Netlist sorting complete. Time (s): cpu = 00:00:00 ; elapsed = 00:00:00.016 . Memory (MB): peak = 1365.602 ; gain = 0.000
INFO: [Project 1-570] Preparing netlist for logic optimization
INFO: [Opt 31-138] Pushed 0 inverter(s) to 0 load pin(s).
Netlist sorting complete. Time (s): cpu = 00:00:00 ; elapsed = 00:00:00 . Memory (MB): peak = 1369.859 ; gain = 0.000
INFO: [Project 1-111] Unisim Transformation Summary:
No Unisim elements were transformed.

INFO: [Common 17-83] Releasing license: Synthesis
29 Infos, 16 Warnings, 0 Critical Warnings and 0 Errors encountered.
synth_design completed successfully
synth_design: Time (s): cpu = 00:01:30 ; elapsed = 00:01:55 . Memory (MB): peak = 1369.859 ; gain = 688.699
Netlist sorting complete. Time (s): cpu = 00:00:00 ; elapsed = 00:00:00 . Memory (MB): peak = 1369.859 ; gain = 0.000
WARNING: [Constraints 18-5210] No constraints selected for write.
Resolution: This message can indicate that there are no constraints for the design, or it can indicate that the used_in flags are set such that the constraints are ignored. This later case is used when running synth_design to not write synthesis constraints to the resulting checkpoint. Instead, project constraints are read when the synthesized design is opened.
INFO: [Common 17-1381] The checkpoint 'C:/devWorks/FPGA/eFPGA_AXI_Project/eFPGA_AXI_Project.runs/design_1_eFPGA_AXI_Core1_0_0_synth_1/design_1_eFPGA_AXI_Core1_0_0.dcp' has been generated.
WARNING: [Common 17-576] 'use_project_ipc' is deprecated. This option is deprecated and no longer used.
INFO: [Coretcl 2-1648] Added synthesis output to IP cache for IP design_1_eFPGA_AXI_Core1_0_0, cache-ID = a14ebe03dd6d7561
INFO: [Coretcl 2-1174] Renamed 2 cell refs.
Netlist sorting complete. Time (s): cpu = 00:00:00 ; elapsed = 00:00:00 . Memory (MB): peak = 1369.859 ; gain = 0.000
WARNING: [Constraints 18-5210] No constraints selected for write.
Resolution: This message can indicate that there are no constraints for the design, or it can indicate that the used_in flags are set such that the constraints are ignored. This later case is used when running synth_design to not write synthesis constraints to the resulting checkpoint. Instead, project constraints are read when the synthesized design is opened.
INFO: [Common 17-1381] The checkpoint 'C:/devWorks/FPGA/eFPGA_AXI_Project/eFPGA_AXI_Project.runs/design_1_eFPGA_AXI_Core1_0_0_synth_1/design_1_eFPGA_AXI_Core1_0_0.dcp' has been generated.
INFO: [runtcl-4] Executing : report_utilization -file design_1_eFPGA_AXI_Core1_0_0_utilization_synth.rpt -pb design_1_eFPGA_AXI_Core1_0_0_utilization_synth.pb
INFO: [Common 17-206] Exiting Vivado at Wed Feb 26 20:19:41 2020...
