13:17:17 INFO  : Registering command handlers for SDK TCF services
13:17:19 INFO  : Launching XSCT server: xsct.bat -interactive C:\FPGA\GPIO_PL\GPIO_PL.sdk\temp_xsdb_launch_script.tcl
13:17:24 INFO  : XSCT server has started successfully.
13:17:26 INFO  : Successfully done setting XSCT server connection channel  
13:17:26 INFO  : Processing command line option -hwspec C:/FPGA/GPIO_PL/GPIO_PL.sdk/design_1_wrapper.hdf.
13:17:26 INFO  : Successfully done setting SDK workspace  
14:51:52 INFO  : Registering command handlers for SDK TCF services
14:51:54 INFO  : Launching XSCT server: xsct.bat -interactive C:\FPGA\GPIO_PL\GPIO_PL.sdk\temp_xsdb_launch_script.tcl
14:52:01 INFO  : XSCT server has started successfully.
14:52:04 INFO  : Successfully done setting XSCT server connection channel  
14:52:04 INFO  : Successfully done setting SDK workspace  
14:52:04 INFO  : Processing command line option -hwspec C:/FPGA/GPIO_PL/GPIO_PL.sdk/design_1_wrapper.hdf.
14:52:04 INFO  : Checking for hwspec changes in the project design_1_wrapper_hw_platform_0.
15:05:49 INFO  : Connected to target on host '127.0.0.1' and port '3121'.
15:05:49 INFO  : 'targets -set -filter {jtag_cable_name =~ "Avnet MiniZed V1 1234-oj1A" && level==0} -index 1' command is executed.
15:05:50 INFO  : FPGA configured successfully with bitstream "C:/FPGA/GPIO_PL/GPIO_PL.sdk/design_1_wrapper_hw_platform_0/design_1_wrapper.bit"
15:06:07 INFO  : 'targets -set -filter {jtag_cable_name =~ "Avnet MiniZed V1 1234-oj1A" && level==0} -index 1' command is executed.
15:06:07 INFO  : 'fpga -state' command is executed.
15:06:07 INFO  : Connected to target on host '127.0.0.1' and port '3121'.
15:06:07 INFO  : Jtag cable 'Avnet MiniZed V1 1234-oj1A' is selected.
15:06:07 INFO  : 'jtag frequency' command is executed.
15:06:07 INFO  : Sourcing of 'C:/FPGA/GPIO_PL/GPIO_PL.sdk/design_1_wrapper_hw_platform_0/ps7_init.tcl' is done.
15:06:07 INFO  : Context for 'APU' is selected.
15:06:07 INFO  : Hardware design information is loaded from 'C:/FPGA/GPIO_PL/GPIO_PL.sdk/design_1_wrapper_hw_platform_0/system.hdf'.
15:06:07 INFO  : 'configparams force-mem-access 1' command is executed.
15:06:07 INFO  : Context for 'APU' is selected.
15:06:07 INFO  : 'stop' command is executed.
15:06:09 INFO  : 'ps7_init' command is executed.
15:06:09 INFO  : 'ps7_post_config' command is executed.
15:06:09 INFO  : Context for processor 'ps7_cortexa9_0' is selected.
15:06:09 INFO  : Processor reset is completed for 'ps7_cortexa9_0'.
15:06:09 INFO  : Context for processor 'ps7_cortexa9_0' is selected.
15:06:09 INFO  : The application 'C:/FPGA/GPIO_PL/GPIO_PL.sdk/gpio_pl/Debug/gpio_pl.elf' is downloaded to processor 'ps7_cortexa9_0'.
15:06:09 INFO  : 'configparams force-mem-access 0' command is executed.
15:06:09 INFO  : ----------------XSDB Script----------------
connect -url tcp:127.0.0.1:3121
source C:/FPGA/GPIO_PL/GPIO_PL.sdk/design_1_wrapper_hw_platform_0/ps7_init.tcl
targets -set -nocase -filter {name =~"APU*" && jtag_cable_name =~ "Avnet MiniZed V1 1234-oj1A"} -index 0
loadhw -hw C:/FPGA/GPIO_PL/GPIO_PL.sdk/design_1_wrapper_hw_platform_0/system.hdf -mem-ranges [list {0x40000000 0xbfffffff}]
configparams force-mem-access 1
targets -set -nocase -filter {name =~"APU*" && jtag_cable_name =~ "Avnet MiniZed V1 1234-oj1A"} -index 0
stop
ps7_init
ps7_post_config
targets -set -nocase -filter {name =~ "ARM*#0" && jtag_cable_name =~ "Avnet MiniZed V1 1234-oj1A"} -index 0
rst -processor
targets -set -nocase -filter {name =~ "ARM*#0" && jtag_cable_name =~ "Avnet MiniZed V1 1234-oj1A"} -index 0
dow C:/FPGA/GPIO_PL/GPIO_PL.sdk/gpio_pl/Debug/gpio_pl.elf
configparams force-mem-access 0
----------------End of Script----------------

15:06:09 INFO  : Memory regions updated for context APU
15:06:10 INFO  : Context for processor 'ps7_cortexa9_0' is selected.
15:06:10 INFO  : 'con' command is executed.
15:06:10 INFO  : ----------------XSDB Script (After Launch)----------------
targets -set -nocase -filter {name =~ "ARM*#0" && jtag_cable_name =~ "Avnet MiniZed V1 1234-oj1A"} -index 0
con
----------------End of Script----------------

15:06:10 INFO  : Launch script is exported to file 'C:\FPGA\GPIO_PL\GPIO_PL.sdk\.sdk\launch_scripts\xilinx_c-c++_application_(system_debugger)\system_debugger_using_debug_gpio_pl.elf_on_local.tcl'
15:07:20 INFO  : Refreshed build settings on project gpio_pl
15:10:06 INFO  : Disconnected from the channel tcfchan#1.
15:10:08 INFO  : 'targets -set -filter {jtag_cable_name =~ "Avnet MiniZed V1 1234-oj1A" && level==0} -index 1' command is executed.
15:10:08 INFO  : 'fpga -state' command is executed.
15:10:08 INFO  : Connected to target on host '127.0.0.1' and port '3121'.
15:10:08 INFO  : Jtag cable 'Avnet MiniZed V1 1234-oj1A' is selected.
15:10:08 INFO  : 'jtag frequency' command is executed.
15:10:08 INFO  : Sourcing of 'C:/FPGA/GPIO_PL/GPIO_PL.sdk/design_1_wrapper_hw_platform_0/ps7_init.tcl' is done.
15:10:08 INFO  : Context for 'APU' is selected.
15:10:11 INFO  : Hardware design information is loaded from 'C:/FPGA/GPIO_PL/GPIO_PL.sdk/design_1_wrapper_hw_platform_0/system.hdf'.
15:10:11 INFO  : 'configparams force-mem-access 1' command is executed.
15:10:11 INFO  : Context for 'APU' is selected.
15:10:11 INFO  : 'stop' command is executed.
15:10:12 INFO  : 'ps7_init' command is executed.
15:10:12 INFO  : 'ps7_post_config' command is executed.
15:10:12 INFO  : Context for processor 'ps7_cortexa9_0' is selected.
15:10:12 INFO  : Processor reset is completed for 'ps7_cortexa9_0'.
15:10:12 INFO  : Context for processor 'ps7_cortexa9_0' is selected.
15:10:12 INFO  : The application 'C:/FPGA/GPIO_PL/GPIO_PL.sdk/gpio_pl/Debug/gpio_pl.elf' is downloaded to processor 'ps7_cortexa9_0'.
15:10:12 INFO  : 'configparams force-mem-access 0' command is executed.
15:10:12 INFO  : ----------------XSDB Script----------------
connect -url tcp:127.0.0.1:3121
source C:/FPGA/GPIO_PL/GPIO_PL.sdk/design_1_wrapper_hw_platform_0/ps7_init.tcl
targets -set -nocase -filter {name =~"APU*" && jtag_cable_name =~ "Avnet MiniZed V1 1234-oj1A"} -index 0
loadhw -hw C:/FPGA/GPIO_PL/GPIO_PL.sdk/design_1_wrapper_hw_platform_0/system.hdf -mem-ranges [list {0x40000000 0xbfffffff}]
configparams force-mem-access 1
targets -set -nocase -filter {name =~"APU*" && jtag_cable_name =~ "Avnet MiniZed V1 1234-oj1A"} -index 0
stop
ps7_init
ps7_post_config
targets -set -nocase -filter {name =~ "ARM*#0" && jtag_cable_name =~ "Avnet MiniZed V1 1234-oj1A"} -index 0
rst -processor
targets -set -nocase -filter {name =~ "ARM*#0" && jtag_cable_name =~ "Avnet MiniZed V1 1234-oj1A"} -index 0
dow C:/FPGA/GPIO_PL/GPIO_PL.sdk/gpio_pl/Debug/gpio_pl.elf
configparams force-mem-access 0
----------------End of Script----------------

15:10:12 INFO  : Memory regions updated for context APU
15:10:13 INFO  : Context for processor 'ps7_cortexa9_0' is selected.
15:10:13 INFO  : 'con' command is executed.
15:10:13 INFO  : ----------------XSDB Script (After Launch)----------------
targets -set -nocase -filter {name =~ "ARM*#0" && jtag_cable_name =~ "Avnet MiniZed V1 1234-oj1A"} -index 0
con
----------------End of Script----------------

15:10:13 INFO  : Launch script is exported to file 'C:\FPGA\GPIO_PL\GPIO_PL.sdk\.sdk\launch_scripts\xilinx_c-c++_application_(system_debugger)\system_debugger_using_debug_gpio_pl.elf_on_local.tcl'
15:27:24 INFO  : Connected to target on host '127.0.0.1' and port '3121'.
15:27:24 INFO  : 'targets -set -filter {jtag_cable_name =~ "Avnet MiniZed V1 1234-oj1A" && level==0} -index 1' command is executed.
15:27:26 INFO  : FPGA configured successfully with bitstream "C:/FPGA/GPIO_PL/GPIO_PL.sdk/design_1_wrapper_hw_platform_0/design_1_wrapper.bit"
15:27:47 INFO  : Disconnected from the channel tcfchan#2.
15:27:48 INFO  : 'targets -set -filter {jtag_cable_name =~ "Avnet MiniZed V1 1234-oj1A" && level==0} -index 1' command is executed.
15:27:48 INFO  : 'fpga -state' command is executed.
15:27:48 INFO  : Connected to target on host '127.0.0.1' and port '3121'.
15:27:49 INFO  : Jtag cable 'Avnet MiniZed V1 1234-oj1A' is selected.
15:27:49 INFO  : 'jtag frequency' command is executed.
15:27:49 INFO  : Sourcing of 'C:/FPGA/GPIO_PL/GPIO_PL.sdk/design_1_wrapper_hw_platform_0/ps7_init.tcl' is done.
15:27:49 INFO  : Context for 'APU' is selected.
15:27:51 INFO  : Hardware design information is loaded from 'C:/FPGA/GPIO_PL/GPIO_PL.sdk/design_1_wrapper_hw_platform_0/system.hdf'.
15:27:51 INFO  : 'configparams force-mem-access 1' command is executed.
15:27:51 INFO  : Context for 'APU' is selected.
15:27:51 INFO  : 'stop' command is executed.
15:27:52 INFO  : 'ps7_init' command is executed.
15:27:52 INFO  : 'ps7_post_config' command is executed.
15:27:52 INFO  : Context for processor 'ps7_cortexa9_0' is selected.
15:27:52 INFO  : Processor reset is completed for 'ps7_cortexa9_0'.
15:27:52 INFO  : Context for processor 'ps7_cortexa9_0' is selected.
15:27:52 INFO  : The application 'C:/FPGA/GPIO_PL/GPIO_PL.sdk/gpio_pl/Debug/gpio_pl.elf' is downloaded to processor 'ps7_cortexa9_0'.
15:27:52 INFO  : 'configparams force-mem-access 0' command is executed.
15:27:52 INFO  : ----------------XSDB Script----------------
connect -url tcp:127.0.0.1:3121
source C:/FPGA/GPIO_PL/GPIO_PL.sdk/design_1_wrapper_hw_platform_0/ps7_init.tcl
targets -set -nocase -filter {name =~"APU*" && jtag_cable_name =~ "Avnet MiniZed V1 1234-oj1A"} -index 0
loadhw -hw C:/FPGA/GPIO_PL/GPIO_PL.sdk/design_1_wrapper_hw_platform_0/system.hdf -mem-ranges [list {0x40000000 0xbfffffff}]
configparams force-mem-access 1
targets -set -nocase -filter {name =~"APU*" && jtag_cable_name =~ "Avnet MiniZed V1 1234-oj1A"} -index 0
stop
ps7_init
ps7_post_config
targets -set -nocase -filter {name =~ "ARM*#0" && jtag_cable_name =~ "Avnet MiniZed V1 1234-oj1A"} -index 0
rst -processor
targets -set -nocase -filter {name =~ "ARM*#0" && jtag_cable_name =~ "Avnet MiniZed V1 1234-oj1A"} -index 0
dow C:/FPGA/GPIO_PL/GPIO_PL.sdk/gpio_pl/Debug/gpio_pl.elf
configparams force-mem-access 0
----------------End of Script----------------

15:27:52 INFO  : Memory regions updated for context APU
15:27:53 INFO  : Context for processor 'ps7_cortexa9_0' is selected.
15:27:53 INFO  : 'con' command is executed.
15:27:53 INFO  : ----------------XSDB Script (After Launch)----------------
targets -set -nocase -filter {name =~ "ARM*#0" && jtag_cable_name =~ "Avnet MiniZed V1 1234-oj1A"} -index 0
con
----------------End of Script----------------

15:27:53 INFO  : Launch script is exported to file 'C:\FPGA\GPIO_PL\GPIO_PL.sdk\.sdk\launch_scripts\xilinx_c-c++_application_(system_debugger)\system_debugger_using_debug_gpio_pl.elf_on_local.tcl'
15:29:51 INFO  : Disconnected from the channel tcfchan#3.
15:29:52 INFO  : 'targets -set -filter {jtag_cable_name =~ "Avnet MiniZed V1 1234-oj1A" && level==0} -index 1' command is executed.
15:29:52 INFO  : 'fpga -state' command is executed.
15:29:52 INFO  : Connected to target on host '127.0.0.1' and port '3121'.
15:29:53 INFO  : Jtag cable 'Avnet MiniZed V1 1234-oj1A' is selected.
15:29:53 INFO  : 'jtag frequency' command is executed.
15:29:53 INFO  : Sourcing of 'C:/FPGA/GPIO_PL/GPIO_PL.sdk/design_1_wrapper_hw_platform_0/ps7_init.tcl' is done.
15:29:53 INFO  : Context for 'APU' is selected.
15:29:55 INFO  : Hardware design information is loaded from 'C:/FPGA/GPIO_PL/GPIO_PL.sdk/design_1_wrapper_hw_platform_0/system.hdf'.
15:29:55 INFO  : 'configparams force-mem-access 1' command is executed.
15:29:55 INFO  : Context for 'APU' is selected.
15:29:55 INFO  : 'stop' command is executed.
15:29:56 INFO  : 'ps7_init' command is executed.
15:29:56 INFO  : 'ps7_post_config' command is executed.
15:29:56 INFO  : Context for processor 'ps7_cortexa9_0' is selected.
15:29:56 INFO  : Processor reset is completed for 'ps7_cortexa9_0'.
15:29:56 INFO  : Context for processor 'ps7_cortexa9_0' is selected.
15:29:56 INFO  : The application 'C:/FPGA/GPIO_PL/GPIO_PL.sdk/gpio_pl/Debug/gpio_pl.elf' is downloaded to processor 'ps7_cortexa9_0'.
15:29:56 INFO  : 'configparams force-mem-access 0' command is executed.
15:29:56 INFO  : ----------------XSDB Script----------------
connect -url tcp:127.0.0.1:3121
source C:/FPGA/GPIO_PL/GPIO_PL.sdk/design_1_wrapper_hw_platform_0/ps7_init.tcl
targets -set -nocase -filter {name =~"APU*" && jtag_cable_name =~ "Avnet MiniZed V1 1234-oj1A"} -index 0
loadhw -hw C:/FPGA/GPIO_PL/GPIO_PL.sdk/design_1_wrapper_hw_platform_0/system.hdf -mem-ranges [list {0x40000000 0xbfffffff}]
configparams force-mem-access 1
targets -set -nocase -filter {name =~"APU*" && jtag_cable_name =~ "Avnet MiniZed V1 1234-oj1A"} -index 0
stop
ps7_init
ps7_post_config
targets -set -nocase -filter {name =~ "ARM*#0" && jtag_cable_name =~ "Avnet MiniZed V1 1234-oj1A"} -index 0
rst -processor
targets -set -nocase -filter {name =~ "ARM*#0" && jtag_cable_name =~ "Avnet MiniZed V1 1234-oj1A"} -index 0
dow C:/FPGA/GPIO_PL/GPIO_PL.sdk/gpio_pl/Debug/gpio_pl.elf
configparams force-mem-access 0
----------------End of Script----------------

15:29:56 INFO  : Memory regions updated for context APU
15:29:57 INFO  : Context for processor 'ps7_cortexa9_0' is selected.
15:29:57 INFO  : 'con' command is executed.
15:29:57 INFO  : ----------------XSDB Script (After Launch)----------------
targets -set -nocase -filter {name =~ "ARM*#0" && jtag_cable_name =~ "Avnet MiniZed V1 1234-oj1A"} -index 0
con
----------------End of Script----------------

15:29:57 INFO  : Launch script is exported to file 'C:\FPGA\GPIO_PL\GPIO_PL.sdk\.sdk\launch_scripts\xilinx_c-c++_application_(system_debugger)\system_debugger_using_debug_gpio_pl.elf_on_local.tcl'
15:33:47 INFO  : Disconnected from the channel tcfchan#4.
