
*** Running vivado
    with args -log design_1_axi_gpio_1_0.vds -m64 -product Vivado -mode batch -messageDb vivado.pb -notrace -source design_1_axi_gpio_1_0.tcl



****** Vivado v2021.2 (64-bit)
  **** SW Build 3367213 on Tue Oct 19 02:48:09 MDT 2021
  **** IP Build 3369179 on Thu Oct 21 08:25:16 MDT 2021
    ** Copyright 1986-2021 Xilinx, Inc. All Rights Reserved.

source design_1_axi_gpio_1_0.tcl -notrace
create_project: Time (s): cpu = 00:00:15 ; elapsed = 00:00:20 . Memory (MB): peak = 1243.605 ; gain = 24.844
INFO: [IP_Flow 19-234] Refreshing IP repositories
INFO: [IP_Flow 19-1700] Loaded user IP repository 'c:/devWorks/SoC_Neopixel_VHDL/ip_repo/AXI_NeoPixel_1.0'.
INFO: [IP_Flow 19-2313] Loaded Vivado IP repository 'C:/Xilinx/Vivado/2021.2/data/ip'.
Command: synth_design -top design_1_axi_gpio_1_0 -part xc7z020clg400-1 -mode out_of_context
Starting synth_design
Attempting to get a license for feature 'Synthesis' and/or device 'xc7z020'
INFO: [Common 17-349] Got license for feature 'Synthesis' and/or device 'xc7z020'
INFO: [Device 21-403] Loading part xc7z020clg400-1
INFO: [Synth 8-7079] Multithreading enabled for synth_design using a maximum of 2 processes.
INFO: [Synth 8-7078] Launching helper process for spawning children vivado processes
INFO: [Synth 8-7075] Helper process launched with PID 17672
---------------------------------------------------------------------------------
Starting RTL Elaboration : Time (s): cpu = 00:00:21 ; elapsed = 00:01:15 . Memory (MB): peak = 1243.605 ; gain = 0.000
---------------------------------------------------------------------------------
INFO: [Synth 8-638] synthesizing module 'design_1_axi_gpio_1_0' [c:/devWorks/SoC_Neopixel_VHDL/SoC_AXI_NeoPixel/SoC_AXI_NeoPixel.gen/sources_1/bd/design_1/ip/design_1_axi_gpio_1_0/synth/design_1_axi_gpio_1_0.vhd:87]
	Parameter C_FAMILY bound to: zynq - type: string 
	Parameter C_S_AXI_ADDR_WIDTH bound to: 9 - type: integer 
	Parameter C_S_AXI_DATA_WIDTH bound to: 32 - type: integer 
	Parameter C_GPIO_WIDTH bound to: 2 - type: integer 
	Parameter C_GPIO2_WIDTH bound to: 6 - type: integer 
	Parameter C_ALL_INPUTS bound to: 1 - type: integer 
	Parameter C_ALL_INPUTS_2 bound to: 0 - type: integer 
	Parameter C_ALL_OUTPUTS bound to: 0 - type: integer 
	Parameter C_ALL_OUTPUTS_2 bound to: 0 - type: integer 
	Parameter C_INTERRUPT_PRESENT bound to: 0 - type: integer 
	Parameter C_DOUT_DEFAULT bound to: 32'b00000000000000000000000000000000 
	Parameter C_TRI_DEFAULT bound to: 32'b11111111111111111111111111111111 
	Parameter C_IS_DUAL bound to: 1 - type: integer 
	Parameter C_DOUT_DEFAULT_2 bound to: 32'b00000000000000000000000000000000 
	Parameter C_TRI_DEFAULT_2 bound to: 32'b11111111111111111111111111111111 
INFO: [Synth 8-3491] module 'axi_gpio' declared at 'c:/devWorks/SoC_Neopixel_VHDL/SoC_AXI_NeoPixel/SoC_AXI_NeoPixel.gen/sources_1/bd/design_1/ipshared/a5bb/hdl/axi_gpio_v2_0_vh_rfs.vhd:1265' bound to instance 'U0' of component 'axi_gpio' [c:/devWorks/SoC_Neopixel_VHDL/SoC_AXI_NeoPixel/SoC_AXI_NeoPixel.gen/sources_1/bd/design_1/ip/design_1_axi_gpio_1_0/synth/design_1_axi_gpio_1_0.vhd:175]
INFO: [Synth 8-638] synthesizing module 'axi_gpio' [c:/devWorks/SoC_Neopixel_VHDL/SoC_AXI_NeoPixel/SoC_AXI_NeoPixel.gen/sources_1/bd/design_1/ipshared/a5bb/hdl/axi_gpio_v2_0_vh_rfs.vhd:1351]
INFO: [Synth 8-638] synthesizing module 'axi_lite_ipif' [c:/devWorks/SoC_Neopixel_VHDL/SoC_AXI_NeoPixel/SoC_AXI_NeoPixel.gen/sources_1/bd/design_1/ipshared/66ea/hdl/axi_lite_ipif_v3_0_vh_rfs.vhd:2948]
INFO: [Synth 8-638] synthesizing module 'slave_attachment' [c:/devWorks/SoC_Neopixel_VHDL/SoC_AXI_NeoPixel/SoC_AXI_NeoPixel.gen/sources_1/bd/design_1/ipshared/66ea/hdl/axi_lite_ipif_v3_0_vh_rfs.vhd:2341]
INFO: [Synth 8-638] synthesizing module 'address_decoder' [c:/devWorks/SoC_Neopixel_VHDL/SoC_AXI_NeoPixel/SoC_AXI_NeoPixel.gen/sources_1/bd/design_1/ipshared/66ea/hdl/axi_lite_ipif_v3_0_vh_rfs.vhd:1775]
INFO: [Synth 8-638] synthesizing module 'pselect_f' [c:/devWorks/SoC_Neopixel_VHDL/SoC_AXI_NeoPixel/SoC_AXI_NeoPixel.gen/sources_1/bd/design_1/ipshared/66ea/hdl/axi_lite_ipif_v3_0_vh_rfs.vhd:1534]
INFO: [Synth 8-256] done synthesizing module 'pselect_f' (1#1) [c:/devWorks/SoC_Neopixel_VHDL/SoC_AXI_NeoPixel/SoC_AXI_NeoPixel.gen/sources_1/bd/design_1/ipshared/66ea/hdl/axi_lite_ipif_v3_0_vh_rfs.vhd:1534]
INFO: [Synth 8-638] synthesizing module 'pselect_f__parameterized0' [c:/devWorks/SoC_Neopixel_VHDL/SoC_AXI_NeoPixel/SoC_AXI_NeoPixel.gen/sources_1/bd/design_1/ipshared/66ea/hdl/axi_lite_ipif_v3_0_vh_rfs.vhd:1534]
INFO: [Synth 8-256] done synthesizing module 'pselect_f__parameterized0' (1#1) [c:/devWorks/SoC_Neopixel_VHDL/SoC_AXI_NeoPixel/SoC_AXI_NeoPixel.gen/sources_1/bd/design_1/ipshared/66ea/hdl/axi_lite_ipif_v3_0_vh_rfs.vhd:1534]
INFO: [Synth 8-638] synthesizing module 'pselect_f__parameterized1' [c:/devWorks/SoC_Neopixel_VHDL/SoC_AXI_NeoPixel/SoC_AXI_NeoPixel.gen/sources_1/bd/design_1/ipshared/66ea/hdl/axi_lite_ipif_v3_0_vh_rfs.vhd:1534]
INFO: [Synth 8-256] done synthesizing module 'pselect_f__parameterized1' (1#1) [c:/devWorks/SoC_Neopixel_VHDL/SoC_AXI_NeoPixel/SoC_AXI_NeoPixel.gen/sources_1/bd/design_1/ipshared/66ea/hdl/axi_lite_ipif_v3_0_vh_rfs.vhd:1534]
INFO: [Synth 8-638] synthesizing module 'pselect_f__parameterized2' [c:/devWorks/SoC_Neopixel_VHDL/SoC_AXI_NeoPixel/SoC_AXI_NeoPixel.gen/sources_1/bd/design_1/ipshared/66ea/hdl/axi_lite_ipif_v3_0_vh_rfs.vhd:1534]
INFO: [Synth 8-256] done synthesizing module 'pselect_f__parameterized2' (1#1) [c:/devWorks/SoC_Neopixel_VHDL/SoC_AXI_NeoPixel/SoC_AXI_NeoPixel.gen/sources_1/bd/design_1/ipshared/66ea/hdl/axi_lite_ipif_v3_0_vh_rfs.vhd:1534]
INFO: [Synth 8-256] done synthesizing module 'address_decoder' (2#1) [c:/devWorks/SoC_Neopixel_VHDL/SoC_AXI_NeoPixel/SoC_AXI_NeoPixel.gen/sources_1/bd/design_1/ipshared/66ea/hdl/axi_lite_ipif_v3_0_vh_rfs.vhd:1775]
INFO: [Synth 8-226] default block is never used [c:/devWorks/SoC_Neopixel_VHDL/SoC_AXI_NeoPixel/SoC_AXI_NeoPixel.gen/sources_1/bd/design_1/ipshared/66ea/hdl/axi_lite_ipif_v3_0_vh_rfs.vhd:2550]
INFO: [Synth 8-256] done synthesizing module 'slave_attachment' (3#1) [c:/devWorks/SoC_Neopixel_VHDL/SoC_AXI_NeoPixel/SoC_AXI_NeoPixel.gen/sources_1/bd/design_1/ipshared/66ea/hdl/axi_lite_ipif_v3_0_vh_rfs.vhd:2341]
INFO: [Synth 8-256] done synthesizing module 'axi_lite_ipif' (4#1) [c:/devWorks/SoC_Neopixel_VHDL/SoC_AXI_NeoPixel/SoC_AXI_NeoPixel.gen/sources_1/bd/design_1/ipshared/66ea/hdl/axi_lite_ipif_v3_0_vh_rfs.vhd:2948]
INFO: [Synth 8-638] synthesizing module 'GPIO_Core' [c:/devWorks/SoC_Neopixel_VHDL/SoC_AXI_NeoPixel/SoC_AXI_NeoPixel.gen/sources_1/bd/design_1/ipshared/a5bb/hdl/axi_gpio_v2_0_vh_rfs.vhd:178]
INFO: [Synth 8-226] default block is never used [c:/devWorks/SoC_Neopixel_VHDL/SoC_AXI_NeoPixel/SoC_AXI_NeoPixel.gen/sources_1/bd/design_1/ipshared/a5bb/hdl/axi_gpio_v2_0_vh_rfs.vhd:835]
INFO: [Synth 8-638] synthesizing module 'cdc_sync' [c:/devWorks/SoC_Neopixel_VHDL/SoC_AXI_NeoPixel/SoC_AXI_NeoPixel.gen/sources_1/bd/design_1/ipshared/ef1e/hdl/lib_cdc_v1_0_rfs.vhd:106]
	Parameter INIT bound to: 1'b0 
INFO: [Synth 8-113] binding component instance 'CROSS2_PLEVEL_IN2SCNDRY_IN_cdc_to' to cell 'FDR' [c:/devWorks/SoC_Neopixel_VHDL/SoC_AXI_NeoPixel/SoC_AXI_NeoPixel.gen/sources_1/bd/design_1/ipshared/ef1e/hdl/lib_cdc_v1_0_rfs.vhd:736]
	Parameter INIT bound to: 1'b0 
INFO: [Synth 8-113] binding component instance 'CROSS2_PLEVEL_IN2SCNDRY_IN_cdc_to' to cell 'FDR' [c:/devWorks/SoC_Neopixel_VHDL/SoC_AXI_NeoPixel/SoC_AXI_NeoPixel.gen/sources_1/bd/design_1/ipshared/ef1e/hdl/lib_cdc_v1_0_rfs.vhd:736]
	Parameter INIT bound to: 1'b0 
INFO: [Synth 8-113] binding component instance 'CROSS2_PLEVEL_IN2SCNDRY_s_level_out_bus_d2' to cell 'FDR' [c:/devWorks/SoC_Neopixel_VHDL/SoC_AXI_NeoPixel/SoC_AXI_NeoPixel.gen/sources_1/bd/design_1/ipshared/ef1e/hdl/lib_cdc_v1_0_rfs.vhd:772]
	Parameter INIT bound to: 1'b0 
INFO: [Synth 8-113] binding component instance 'CROSS2_PLEVEL_IN2SCNDRY_s_level_out_bus_d2' to cell 'FDR' [c:/devWorks/SoC_Neopixel_VHDL/SoC_AXI_NeoPixel/SoC_AXI_NeoPixel.gen/sources_1/bd/design_1/ipshared/ef1e/hdl/lib_cdc_v1_0_rfs.vhd:772]
	Parameter INIT bound to: 1'b0 
INFO: [Synth 8-113] binding component instance 'CROSS2_PLEVEL_IN2SCNDRY_s_level_out_bus_d3' to cell 'FDR' [c:/devWorks/SoC_Neopixel_VHDL/SoC_AXI_NeoPixel/SoC_AXI_NeoPixel.gen/sources_1/bd/design_1/ipshared/ef1e/hdl/lib_cdc_v1_0_rfs.vhd:788]
	Parameter INIT bound to: 1'b0 
INFO: [Synth 8-113] binding component instance 'CROSS2_PLEVEL_IN2SCNDRY_s_level_out_bus_d3' to cell 'FDR' [c:/devWorks/SoC_Neopixel_VHDL/SoC_AXI_NeoPixel/SoC_AXI_NeoPixel.gen/sources_1/bd/design_1/ipshared/ef1e/hdl/lib_cdc_v1_0_rfs.vhd:788]
	Parameter INIT bound to: 1'b0 
INFO: [Synth 8-113] binding component instance 'CROSS2_PLEVEL_IN2SCNDRY_s_level_out_bus_d4' to cell 'FDR' [c:/devWorks/SoC_Neopixel_VHDL/SoC_AXI_NeoPixel/SoC_AXI_NeoPixel.gen/sources_1/bd/design_1/ipshared/ef1e/hdl/lib_cdc_v1_0_rfs.vhd:804]
	Parameter INIT bound to: 1'b0 
INFO: [Synth 8-113] binding component instance 'CROSS2_PLEVEL_IN2SCNDRY_s_level_out_bus_d4' to cell 'FDR' [c:/devWorks/SoC_Neopixel_VHDL/SoC_AXI_NeoPixel/SoC_AXI_NeoPixel.gen/sources_1/bd/design_1/ipshared/ef1e/hdl/lib_cdc_v1_0_rfs.vhd:804]
	Parameter INIT bound to: 1'b0 
INFO: [Synth 8-113] binding component instance 'CROSS2_PLEVEL_IN2SCNDRY_s_level_out_bus_d5' to cell 'FDR' [c:/devWorks/SoC_Neopixel_VHDL/SoC_AXI_NeoPixel/SoC_AXI_NeoPixel.gen/sources_1/bd/design_1/ipshared/ef1e/hdl/lib_cdc_v1_0_rfs.vhd:821]
	Parameter INIT bound to: 1'b0 
INFO: [Synth 8-113] binding component instance 'CROSS2_PLEVEL_IN2SCNDRY_s_level_out_bus_d5' to cell 'FDR' [c:/devWorks/SoC_Neopixel_VHDL/SoC_AXI_NeoPixel/SoC_AXI_NeoPixel.gen/sources_1/bd/design_1/ipshared/ef1e/hdl/lib_cdc_v1_0_rfs.vhd:821]
	Parameter INIT bound to: 1'b0 
INFO: [Synth 8-113] binding component instance 'CROSS2_PLEVEL_IN2SCNDRY_s_level_out_bus_d6' to cell 'FDR' [c:/devWorks/SoC_Neopixel_VHDL/SoC_AXI_NeoPixel/SoC_AXI_NeoPixel.gen/sources_1/bd/design_1/ipshared/ef1e/hdl/lib_cdc_v1_0_rfs.vhd:837]
	Parameter INIT bound to: 1'b0 
INFO: [Synth 8-113] binding component instance 'CROSS2_PLEVEL_IN2SCNDRY_s_level_out_bus_d6' to cell 'FDR' [c:/devWorks/SoC_Neopixel_VHDL/SoC_AXI_NeoPixel/SoC_AXI_NeoPixel.gen/sources_1/bd/design_1/ipshared/ef1e/hdl/lib_cdc_v1_0_rfs.vhd:837]
INFO: [Synth 8-256] done synthesizing module 'cdc_sync' (5#1) [c:/devWorks/SoC_Neopixel_VHDL/SoC_AXI_NeoPixel/SoC_AXI_NeoPixel.gen/sources_1/bd/design_1/ipshared/ef1e/hdl/lib_cdc_v1_0_rfs.vhd:106]
INFO: [Synth 8-638] synthesizing module 'cdc_sync__parameterized0' [c:/devWorks/SoC_Neopixel_VHDL/SoC_AXI_NeoPixel/SoC_AXI_NeoPixel.gen/sources_1/bd/design_1/ipshared/ef1e/hdl/lib_cdc_v1_0_rfs.vhd:106]
	Parameter INIT bound to: 1'b0 
INFO: [Synth 8-113] binding component instance 'CROSS2_PLEVEL_IN2SCNDRY_IN_cdc_to' to cell 'FDR' [c:/devWorks/SoC_Neopixel_VHDL/SoC_AXI_NeoPixel/SoC_AXI_NeoPixel.gen/sources_1/bd/design_1/ipshared/ef1e/hdl/lib_cdc_v1_0_rfs.vhd:736]
	Parameter INIT bound to: 1'b0 
INFO: [Synth 8-113] binding component instance 'CROSS2_PLEVEL_IN2SCNDRY_IN_cdc_to' to cell 'FDR' [c:/devWorks/SoC_Neopixel_VHDL/SoC_AXI_NeoPixel/SoC_AXI_NeoPixel.gen/sources_1/bd/design_1/ipshared/ef1e/hdl/lib_cdc_v1_0_rfs.vhd:736]
	Parameter INIT bound to: 1'b0 
INFO: [Synth 8-113] binding component instance 'CROSS2_PLEVEL_IN2SCNDRY_IN_cdc_to' to cell 'FDR' [c:/devWorks/SoC_Neopixel_VHDL/SoC_AXI_NeoPixel/SoC_AXI_NeoPixel.gen/sources_1/bd/design_1/ipshared/ef1e/hdl/lib_cdc_v1_0_rfs.vhd:736]
	Parameter INIT bound to: 1'b0 
INFO: [Synth 8-113] binding component instance 'CROSS2_PLEVEL_IN2SCNDRY_IN_cdc_to' to cell 'FDR' [c:/devWorks/SoC_Neopixel_VHDL/SoC_AXI_NeoPixel/SoC_AXI_NeoPixel.gen/sources_1/bd/design_1/ipshared/ef1e/hdl/lib_cdc_v1_0_rfs.vhd:736]
	Parameter INIT bound to: 1'b0 
INFO: [Synth 8-113] binding component instance 'CROSS2_PLEVEL_IN2SCNDRY_IN_cdc_to' to cell 'FDR' [c:/devWorks/SoC_Neopixel_VHDL/SoC_AXI_NeoPixel/SoC_AXI_NeoPixel.gen/sources_1/bd/design_1/ipshared/ef1e/hdl/lib_cdc_v1_0_rfs.vhd:736]
	Parameter INIT bound to: 1'b0 
INFO: [Synth 8-113] binding component instance 'CROSS2_PLEVEL_IN2SCNDRY_IN_cdc_to' to cell 'FDR' [c:/devWorks/SoC_Neopixel_VHDL/SoC_AXI_NeoPixel/SoC_AXI_NeoPixel.gen/sources_1/bd/design_1/ipshared/ef1e/hdl/lib_cdc_v1_0_rfs.vhd:736]
	Parameter INIT bound to: 1'b0 
INFO: [Synth 8-113] binding component instance 'CROSS2_PLEVEL_IN2SCNDRY_s_level_out_bus_d2' to cell 'FDR' [c:/devWorks/SoC_Neopixel_VHDL/SoC_AXI_NeoPixel/SoC_AXI_NeoPixel.gen/sources_1/bd/design_1/ipshared/ef1e/hdl/lib_cdc_v1_0_rfs.vhd:772]
	Parameter INIT bound to: 1'b0 
INFO: [Synth 8-113] binding component instance 'CROSS2_PLEVEL_IN2SCNDRY_s_level_out_bus_d2' to cell 'FDR' [c:/devWorks/SoC_Neopixel_VHDL/SoC_AXI_NeoPixel/SoC_AXI_NeoPixel.gen/sources_1/bd/design_1/ipshared/ef1e/hdl/lib_cdc_v1_0_rfs.vhd:772]
	Parameter INIT bound to: 1'b0 
INFO: [Synth 8-113] binding component instance 'CROSS2_PLEVEL_IN2SCNDRY_s_level_out_bus_d2' to cell 'FDR' [c:/devWorks/SoC_Neopixel_VHDL/SoC_AXI_NeoPixel/SoC_AXI_NeoPixel.gen/sources_1/bd/design_1/ipshared/ef1e/hdl/lib_cdc_v1_0_rfs.vhd:772]
	Parameter INIT bound to: 1'b0 
INFO: [Synth 8-113] binding component instance 'CROSS2_PLEVEL_IN2SCNDRY_s_level_out_bus_d2' to cell 'FDR' [c:/devWorks/SoC_Neopixel_VHDL/SoC_AXI_NeoPixel/SoC_AXI_NeoPixel.gen/sources_1/bd/design_1/ipshared/ef1e/hdl/lib_cdc_v1_0_rfs.vhd:772]
	Parameter INIT bound to: 1'b0 
INFO: [Synth 8-113] binding component instance 'CROSS2_PLEVEL_IN2SCNDRY_s_level_out_bus_d2' to cell 'FDR' [c:/devWorks/SoC_Neopixel_VHDL/SoC_AXI_NeoPixel/SoC_AXI_NeoPixel.gen/sources_1/bd/design_1/ipshared/ef1e/hdl/lib_cdc_v1_0_rfs.vhd:772]
	Parameter INIT bound to: 1'b0 
INFO: [Synth 8-113] binding component instance 'CROSS2_PLEVEL_IN2SCNDRY_s_level_out_bus_d2' to cell 'FDR' [c:/devWorks/SoC_Neopixel_VHDL/SoC_AXI_NeoPixel/SoC_AXI_NeoPixel.gen/sources_1/bd/design_1/ipshared/ef1e/hdl/lib_cdc_v1_0_rfs.vhd:772]
	Parameter INIT bound to: 1'b0 
INFO: [Synth 8-113] binding component instance 'CROSS2_PLEVEL_IN2SCNDRY_s_level_out_bus_d3' to cell 'FDR' [c:/devWorks/SoC_Neopixel_VHDL/SoC_AXI_NeoPixel/SoC_AXI_NeoPixel.gen/sources_1/bd/design_1/ipshared/ef1e/hdl/lib_cdc_v1_0_rfs.vhd:788]
	Parameter INIT bound to: 1'b0 
INFO: [Synth 8-113] binding component instance 'CROSS2_PLEVEL_IN2SCNDRY_s_level_out_bus_d3' to cell 'FDR' [c:/devWorks/SoC_Neopixel_VHDL/SoC_AXI_NeoPixel/SoC_AXI_NeoPixel.gen/sources_1/bd/design_1/ipshared/ef1e/hdl/lib_cdc_v1_0_rfs.vhd:788]
	Parameter INIT bound to: 1'b0 
INFO: [Synth 8-113] binding component instance 'CROSS2_PLEVEL_IN2SCNDRY_s_level_out_bus_d3' to cell 'FDR' [c:/devWorks/SoC_Neopixel_VHDL/SoC_AXI_NeoPixel/SoC_AXI_NeoPixel.gen/sources_1/bd/design_1/ipshared/ef1e/hdl/lib_cdc_v1_0_rfs.vhd:788]
	Parameter INIT bound to: 1'b0 
INFO: [Synth 8-113] binding component instance 'CROSS2_PLEVEL_IN2SCNDRY_s_level_out_bus_d3' to cell 'FDR' [c:/devWorks/SoC_Neopixel_VHDL/SoC_AXI_NeoPixel/SoC_AXI_NeoPixel.gen/sources_1/bd/design_1/ipshared/ef1e/hdl/lib_cdc_v1_0_rfs.vhd:788]
	Parameter INIT bound to: 1'b0 
INFO: [Synth 8-113] binding component instance 'CROSS2_PLEVEL_IN2SCNDRY_s_level_out_bus_d3' to cell 'FDR' [c:/devWorks/SoC_Neopixel_VHDL/SoC_AXI_NeoPixel/SoC_AXI_NeoPixel.gen/sources_1/bd/design_1/ipshared/ef1e/hdl/lib_cdc_v1_0_rfs.vhd:788]
	Parameter INIT bound to: 1'b0 
INFO: [Synth 8-113] binding component instance 'CROSS2_PLEVEL_IN2SCNDRY_s_level_out_bus_d3' to cell 'FDR' [c:/devWorks/SoC_Neopixel_VHDL/SoC_AXI_NeoPixel/SoC_AXI_NeoPixel.gen/sources_1/bd/design_1/ipshared/ef1e/hdl/lib_cdc_v1_0_rfs.vhd:788]
	Parameter INIT bound to: 1'b0 
INFO: [Synth 8-113] binding component instance 'CROSS2_PLEVEL_IN2SCNDRY_s_level_out_bus_d4' to cell 'FDR' [c:/devWorks/SoC_Neopixel_VHDL/SoC_AXI_NeoPixel/SoC_AXI_NeoPixel.gen/sources_1/bd/design_1/ipshared/ef1e/hdl/lib_cdc_v1_0_rfs.vhd:804]
	Parameter INIT bound to: 1'b0 
INFO: [Synth 8-113] binding component instance 'CROSS2_PLEVEL_IN2SCNDRY_s_level_out_bus_d4' to cell 'FDR' [c:/devWorks/SoC_Neopixel_VHDL/SoC_AXI_NeoPixel/SoC_AXI_NeoPixel.gen/sources_1/bd/design_1/ipshared/ef1e/hdl/lib_cdc_v1_0_rfs.vhd:804]
	Parameter INIT bound to: 1'b0 
INFO: [Synth 8-113] binding component instance 'CROSS2_PLEVEL_IN2SCNDRY_s_level_out_bus_d4' to cell 'FDR' [c:/devWorks/SoC_Neopixel_VHDL/SoC_AXI_NeoPixel/SoC_AXI_NeoPixel.gen/sources_1/bd/design_1/ipshared/ef1e/hdl/lib_cdc_v1_0_rfs.vhd:804]
	Parameter INIT bound to: 1'b0 
INFO: [Synth 8-113] binding component instance 'CROSS2_PLEVEL_IN2SCNDRY_s_level_out_bus_d4' to cell 'FDR' [c:/devWorks/SoC_Neopixel_VHDL/SoC_AXI_NeoPixel/SoC_AXI_NeoPixel.gen/sources_1/bd/design_1/ipshared/ef1e/hdl/lib_cdc_v1_0_rfs.vhd:804]
	Parameter INIT bound to: 1'b0 
INFO: [Synth 8-113] binding component instance 'CROSS2_PLEVEL_IN2SCNDRY_s_level_out_bus_d4' to cell 'FDR' [c:/devWorks/SoC_Neopixel_VHDL/SoC_AXI_NeoPixel/SoC_AXI_NeoPixel.gen/sources_1/bd/design_1/ipshared/ef1e/hdl/lib_cdc_v1_0_rfs.vhd:804]
	Parameter INIT bound to: 1'b0 
INFO: [Synth 8-113] binding component instance 'CROSS2_PLEVEL_IN2SCNDRY_s_level_out_bus_d4' to cell 'FDR' [c:/devWorks/SoC_Neopixel_VHDL/SoC_AXI_NeoPixel/SoC_AXI_NeoPixel.gen/sources_1/bd/design_1/ipshared/ef1e/hdl/lib_cdc_v1_0_rfs.vhd:804]
	Parameter INIT bound to: 1'b0 
INFO: [Synth 8-113] binding component instance 'CROSS2_PLEVEL_IN2SCNDRY_s_level_out_bus_d5' to cell 'FDR' [c:/devWorks/SoC_Neopixel_VHDL/SoC_AXI_NeoPixel/SoC_AXI_NeoPixel.gen/sources_1/bd/design_1/ipshared/ef1e/hdl/lib_cdc_v1_0_rfs.vhd:821]
	Parameter INIT bound to: 1'b0 
INFO: [Synth 8-113] binding component instance 'CROSS2_PLEVEL_IN2SCNDRY_s_level_out_bus_d5' to cell 'FDR' [c:/devWorks/SoC_Neopixel_VHDL/SoC_AXI_NeoPixel/SoC_AXI_NeoPixel.gen/sources_1/bd/design_1/ipshared/ef1e/hdl/lib_cdc_v1_0_rfs.vhd:821]
	Parameter INIT bound to: 1'b0 
INFO: [Synth 8-113] binding component instance 'CROSS2_PLEVEL_IN2SCNDRY_s_level_out_bus_d5' to cell 'FDR' [c:/devWorks/SoC_Neopixel_VHDL/SoC_AXI_NeoPixel/SoC_AXI_NeoPixel.gen/sources_1/bd/design_1/ipshared/ef1e/hdl/lib_cdc_v1_0_rfs.vhd:821]
	Parameter INIT bound to: 1'b0 
INFO: [Synth 8-113] binding component instance 'CROSS2_PLEVEL_IN2SCNDRY_s_level_out_bus_d5' to cell 'FDR' [c:/devWorks/SoC_Neopixel_VHDL/SoC_AXI_NeoPixel/SoC_AXI_NeoPixel.gen/sources_1/bd/design_1/ipshared/ef1e/hdl/lib_cdc_v1_0_rfs.vhd:821]
	Parameter INIT bound to: 1'b0 
INFO: [Synth 8-113] binding component instance 'CROSS2_PLEVEL_IN2SCNDRY_s_level_out_bus_d5' to cell 'FDR' [c:/devWorks/SoC_Neopixel_VHDL/SoC_AXI_NeoPixel/SoC_AXI_NeoPixel.gen/sources_1/bd/design_1/ipshared/ef1e/hdl/lib_cdc_v1_0_rfs.vhd:821]
	Parameter INIT bound to: 1'b0 
INFO: [Synth 8-113] binding component instance 'CROSS2_PLEVEL_IN2SCNDRY_s_level_out_bus_d5' to cell 'FDR' [c:/devWorks/SoC_Neopixel_VHDL/SoC_AXI_NeoPixel/SoC_AXI_NeoPixel.gen/sources_1/bd/design_1/ipshared/ef1e/hdl/lib_cdc_v1_0_rfs.vhd:821]
	Parameter INIT bound to: 1'b0 
INFO: [Synth 8-113] binding component instance 'CROSS2_PLEVEL_IN2SCNDRY_s_level_out_bus_d6' to cell 'FDR' [c:/devWorks/SoC_Neopixel_VHDL/SoC_AXI_NeoPixel/SoC_AXI_NeoPixel.gen/sources_1/bd/design_1/ipshared/ef1e/hdl/lib_cdc_v1_0_rfs.vhd:837]
	Parameter INIT bound to: 1'b0 
INFO: [Synth 8-113] binding component instance 'CROSS2_PLEVEL_IN2SCNDRY_s_level_out_bus_d6' to cell 'FDR' [c:/devWorks/SoC_Neopixel_VHDL/SoC_AXI_NeoPixel/SoC_AXI_NeoPixel.gen/sources_1/bd/design_1/ipshared/ef1e/hdl/lib_cdc_v1_0_rfs.vhd:837]
	Parameter INIT bound to: 1'b0 
INFO: [Synth 8-113] binding component instance 'CROSS2_PLEVEL_IN2SCNDRY_s_level_out_bus_d6' to cell 'FDR' [c:/devWorks/SoC_Neopixel_VHDL/SoC_AXI_NeoPixel/SoC_AXI_NeoPixel.gen/sources_1/bd/design_1/ipshared/ef1e/hdl/lib_cdc_v1_0_rfs.vhd:837]
	Parameter INIT bound to: 1'b0 
INFO: [Synth 8-113] binding component instance 'CROSS2_PLEVEL_IN2SCNDRY_s_level_out_bus_d6' to cell 'FDR' [c:/devWorks/SoC_Neopixel_VHDL/SoC_AXI_NeoPixel/SoC_AXI_NeoPixel.gen/sources_1/bd/design_1/ipshared/ef1e/hdl/lib_cdc_v1_0_rfs.vhd:837]
	Parameter INIT bound to: 1'b0 
INFO: [Synth 8-113] binding component instance 'CROSS2_PLEVEL_IN2SCNDRY_s_level_out_bus_d6' to cell 'FDR' [c:/devWorks/SoC_Neopixel_VHDL/SoC_AXI_NeoPixel/SoC_AXI_NeoPixel.gen/sources_1/bd/design_1/ipshared/ef1e/hdl/lib_cdc_v1_0_rfs.vhd:837]
	Parameter INIT bound to: 1'b0 
INFO: [Synth 8-113] binding component instance 'CROSS2_PLEVEL_IN2SCNDRY_s_level_out_bus_d6' to cell 'FDR' [c:/devWorks/SoC_Neopixel_VHDL/SoC_AXI_NeoPixel/SoC_AXI_NeoPixel.gen/sources_1/bd/design_1/ipshared/ef1e/hdl/lib_cdc_v1_0_rfs.vhd:837]
INFO: [Synth 8-256] done synthesizing module 'cdc_sync__parameterized0' (5#1) [c:/devWorks/SoC_Neopixel_VHDL/SoC_AXI_NeoPixel/SoC_AXI_NeoPixel.gen/sources_1/bd/design_1/ipshared/ef1e/hdl/lib_cdc_v1_0_rfs.vhd:106]
WARNING: [Synth 8-6014] Unused sequential element Dual.ALLIN0_ND_G0.READ_REG_GEN[0].GPIO_DBus_i_reg was removed.  [c:/devWorks/SoC_Neopixel_VHDL/SoC_AXI_NeoPixel/SoC_AXI_NeoPixel.gen/sources_1/bd/design_1/ipshared/a5bb/hdl/axi_gpio_v2_0_vh_rfs.vhd:658]
WARNING: [Synth 8-6014] Unused sequential element Dual.ALLIN0_ND_G0.READ_REG_GEN[1].GPIO_DBus_i_reg was removed.  [c:/devWorks/SoC_Neopixel_VHDL/SoC_AXI_NeoPixel/SoC_AXI_NeoPixel.gen/sources_1/bd/design_1/ipshared/a5bb/hdl/axi_gpio_v2_0_vh_rfs.vhd:658]
WARNING: [Synth 8-6014] Unused sequential element Dual.ALLOUT0_ND_G2.READ_REG2_GEN[0].GPIO2_DBus_i_reg was removed.  [c:/devWorks/SoC_Neopixel_VHDL/SoC_AXI_NeoPixel/SoC_AXI_NeoPixel.gen/sources_1/bd/design_1/ipshared/a5bb/hdl/axi_gpio_v2_0_vh_rfs.vhd:750]
WARNING: [Synth 8-6014] Unused sequential element Dual.ALLOUT0_ND_G2.READ_REG2_GEN[1].GPIO2_DBus_i_reg was removed.  [c:/devWorks/SoC_Neopixel_VHDL/SoC_AXI_NeoPixel/SoC_AXI_NeoPixel.gen/sources_1/bd/design_1/ipshared/a5bb/hdl/axi_gpio_v2_0_vh_rfs.vhd:750]
WARNING: [Synth 8-6014] Unused sequential element Dual.ALLOUT0_ND_G2.READ_REG2_GEN[2].GPIO2_DBus_i_reg was removed.  [c:/devWorks/SoC_Neopixel_VHDL/SoC_AXI_NeoPixel/SoC_AXI_NeoPixel.gen/sources_1/bd/design_1/ipshared/a5bb/hdl/axi_gpio_v2_0_vh_rfs.vhd:750]
WARNING: [Synth 8-6014] Unused sequential element Dual.ALLOUT0_ND_G2.READ_REG2_GEN[3].GPIO2_DBus_i_reg was removed.  [c:/devWorks/SoC_Neopixel_VHDL/SoC_AXI_NeoPixel/SoC_AXI_NeoPixel.gen/sources_1/bd/design_1/ipshared/a5bb/hdl/axi_gpio_v2_0_vh_rfs.vhd:750]
WARNING: [Synth 8-6014] Unused sequential element Dual.ALLOUT0_ND_G2.READ_REG2_GEN[4].GPIO2_DBus_i_reg was removed.  [c:/devWorks/SoC_Neopixel_VHDL/SoC_AXI_NeoPixel/SoC_AXI_NeoPixel.gen/sources_1/bd/design_1/ipshared/a5bb/hdl/axi_gpio_v2_0_vh_rfs.vhd:750]
WARNING: [Synth 8-6014] Unused sequential element Dual.ALLOUT0_ND_G2.READ_REG2_GEN[5].GPIO2_DBus_i_reg was removed.  [c:/devWorks/SoC_Neopixel_VHDL/SoC_AXI_NeoPixel/SoC_AXI_NeoPixel.gen/sources_1/bd/design_1/ipshared/a5bb/hdl/axi_gpio_v2_0_vh_rfs.vhd:750]
INFO: [Synth 8-256] done synthesizing module 'GPIO_Core' (6#1) [c:/devWorks/SoC_Neopixel_VHDL/SoC_AXI_NeoPixel/SoC_AXI_NeoPixel.gen/sources_1/bd/design_1/ipshared/a5bb/hdl/axi_gpio_v2_0_vh_rfs.vhd:178]
INFO: [Synth 8-256] done synthesizing module 'axi_gpio' (7#1) [c:/devWorks/SoC_Neopixel_VHDL/SoC_AXI_NeoPixel/SoC_AXI_NeoPixel.gen/sources_1/bd/design_1/ipshared/a5bb/hdl/axi_gpio_v2_0_vh_rfs.vhd:1351]
INFO: [Synth 8-256] done synthesizing module 'design_1_axi_gpio_1_0' (8#1) [c:/devWorks/SoC_Neopixel_VHDL/SoC_AXI_NeoPixel/SoC_AXI_NeoPixel.gen/sources_1/bd/design_1/ip/design_1_axi_gpio_1_0/synth/design_1_axi_gpio_1_0.vhd:87]
WARNING: [Synth 8-7129] Port prmry_aclk in module cdc_sync__parameterized0 is either unconnected or has no load
WARNING: [Synth 8-7129] Port prmry_resetn in module cdc_sync__parameterized0 is either unconnected or has no load
WARNING: [Synth 8-7129] Port prmry_in in module cdc_sync__parameterized0 is either unconnected or has no load
WARNING: [Synth 8-7129] Port scndry_resetn in module cdc_sync__parameterized0 is either unconnected or has no load
WARNING: [Synth 8-7129] Port prmry_aclk in module cdc_sync is either unconnected or has no load
WARNING: [Synth 8-7129] Port prmry_resetn in module cdc_sync is either unconnected or has no load
WARNING: [Synth 8-7129] Port prmry_in in module cdc_sync is either unconnected or has no load
WARNING: [Synth 8-7129] Port scndry_resetn in module cdc_sync is either unconnected or has no load
WARNING: [Synth 8-7129] Port ABus_Reg[1] in module GPIO_Core is either unconnected or has no load
WARNING: [Synth 8-7129] Port ABus_Reg[2] in module GPIO_Core is either unconnected or has no load
WARNING: [Synth 8-7129] Port ABus_Reg[3] in module GPIO_Core is either unconnected or has no load
WARNING: [Synth 8-7129] Port ABus_Reg[4] in module GPIO_Core is either unconnected or has no load
WARNING: [Synth 8-7129] Port ABus_Reg[7] in module GPIO_Core is either unconnected or has no load
WARNING: [Synth 8-7129] Port ABus_Reg[8] in module GPIO_Core is either unconnected or has no load
WARNING: [Synth 8-7129] Port BE_Reg[0] in module GPIO_Core is either unconnected or has no load
WARNING: [Synth 8-7129] Port BE_Reg[1] in module GPIO_Core is either unconnected or has no load
WARNING: [Synth 8-7129] Port BE_Reg[2] in module GPIO_Core is either unconnected or has no load
WARNING: [Synth 8-7129] Port BE_Reg[3] in module GPIO_Core is either unconnected or has no load
WARNING: [Synth 8-7129] Port Address_In_Erly[0] in module address_decoder is either unconnected or has no load
WARNING: [Synth 8-7129] Port Address_In_Erly[1] in module address_decoder is either unconnected or has no load
WARNING: [Synth 8-7129] Port Address_In_Erly[2] in module address_decoder is either unconnected or has no load
WARNING: [Synth 8-7129] Port Address_In_Erly[3] in module address_decoder is either unconnected or has no load
WARNING: [Synth 8-7129] Port Address_In_Erly[4] in module address_decoder is either unconnected or has no load
WARNING: [Synth 8-7129] Port Address_In_Erly[7] in module address_decoder is either unconnected or has no load
WARNING: [Synth 8-7129] Port Address_In_Erly[8] in module address_decoder is either unconnected or has no load
WARNING: [Synth 8-7129] Port Bus_RNW in module address_decoder is either unconnected or has no load
WARNING: [Synth 8-7129] Port S_AXI_WSTRB[3] in module slave_attachment is either unconnected or has no load
WARNING: [Synth 8-7129] Port S_AXI_WSTRB[2] in module slave_attachment is either unconnected or has no load
WARNING: [Synth 8-7129] Port S_AXI_WSTRB[1] in module slave_attachment is either unconnected or has no load
WARNING: [Synth 8-7129] Port S_AXI_WSTRB[0] in module slave_attachment is either unconnected or has no load
---------------------------------------------------------------------------------
Finished RTL Elaboration : Time (s): cpu = 00:00:26 ; elapsed = 00:01:25 . Memory (MB): peak = 1243.605 ; gain = 0.000
---------------------------------------------------------------------------------
---------------------------------------------------------------------------------
Start Handling Custom Attributes
---------------------------------------------------------------------------------
---------------------------------------------------------------------------------
Finished Handling Custom Attributes : Time (s): cpu = 00:00:29 ; elapsed = 00:01:27 . Memory (MB): peak = 1243.605 ; gain = 0.000
---------------------------------------------------------------------------------
---------------------------------------------------------------------------------
Finished RTL Optimization Phase 1 : Time (s): cpu = 00:00:29 ; elapsed = 00:01:27 . Memory (MB): peak = 1243.605 ; gain = 0.000
---------------------------------------------------------------------------------
Netlist sorting complete. Time (s): cpu = 00:00:00 ; elapsed = 00:00:00.070 . Memory (MB): peak = 1243.605 ; gain = 0.000
INFO: [Netlist 29-17] Analyzing 48 Unisim elements for replacement
INFO: [Netlist 29-28] Unisim Transformation completed in 0 CPU seconds
INFO: [Project 1-570] Preparing netlist for logic optimization

Processing XDC Constraints
Initializing timing engine
Parsing XDC File [c:/devWorks/SoC_Neopixel_VHDL/SoC_AXI_NeoPixel/SoC_AXI_NeoPixel.gen/sources_1/bd/design_1/ip/design_1_axi_gpio_1_0/design_1_axi_gpio_1_0_ooc.xdc] for cell 'U0'
Finished Parsing XDC File [c:/devWorks/SoC_Neopixel_VHDL/SoC_AXI_NeoPixel/SoC_AXI_NeoPixel.gen/sources_1/bd/design_1/ip/design_1_axi_gpio_1_0/design_1_axi_gpio_1_0_ooc.xdc] for cell 'U0'
Parsing XDC File [c:/devWorks/SoC_Neopixel_VHDL/SoC_AXI_NeoPixel/SoC_AXI_NeoPixel.gen/sources_1/bd/design_1/ip/design_1_axi_gpio_1_0/design_1_axi_gpio_1_0_board.xdc] for cell 'U0'
Finished Parsing XDC File [c:/devWorks/SoC_Neopixel_VHDL/SoC_AXI_NeoPixel/SoC_AXI_NeoPixel.gen/sources_1/bd/design_1/ip/design_1_axi_gpio_1_0/design_1_axi_gpio_1_0_board.xdc] for cell 'U0'
Parsing XDC File [c:/devWorks/SoC_Neopixel_VHDL/SoC_AXI_NeoPixel/SoC_AXI_NeoPixel.gen/sources_1/bd/design_1/ip/design_1_axi_gpio_1_0/design_1_axi_gpio_1_0.xdc] for cell 'U0'
Finished Parsing XDC File [c:/devWorks/SoC_Neopixel_VHDL/SoC_AXI_NeoPixel/SoC_AXI_NeoPixel.gen/sources_1/bd/design_1/ip/design_1_axi_gpio_1_0/design_1_axi_gpio_1_0.xdc] for cell 'U0'
Parsing XDC File [C:/devWorks/SoC_Neopixel_VHDL/SoC_AXI_NeoPixel/SoC_AXI_NeoPixel.runs/design_1_axi_gpio_1_0_synth_1/dont_touch.xdc]
Finished Parsing XDC File [C:/devWorks/SoC_Neopixel_VHDL/SoC_AXI_NeoPixel/SoC_AXI_NeoPixel.runs/design_1_axi_gpio_1_0_synth_1/dont_touch.xdc]
Completed Processing XDC Constraints

Netlist sorting complete. Time (s): cpu = 00:00:00 ; elapsed = 00:00:00.002 . Memory (MB): peak = 1281.336 ; gain = 0.000
INFO: [Project 1-111] Unisim Transformation Summary:
  A total of 48 instances were transformed.
  FDR => FDRE: 48 instances

Constraint Validation Runtime : Time (s): cpu = 00:00:00 ; elapsed = 00:00:00.118 . Memory (MB): peak = 1284.301 ; gain = 2.965
---------------------------------------------------------------------------------
Finished Constraint Validation : Time (s): cpu = 00:00:56 ; elapsed = 00:01:58 . Memory (MB): peak = 1284.301 ; gain = 40.695
---------------------------------------------------------------------------------
---------------------------------------------------------------------------------
Start Loading Part and Timing Information
---------------------------------------------------------------------------------
Loading part: xc7z020clg400-1
---------------------------------------------------------------------------------
Finished Loading Part and Timing Information : Time (s): cpu = 00:00:56 ; elapsed = 00:01:58 . Memory (MB): peak = 1284.301 ; gain = 40.695
---------------------------------------------------------------------------------
---------------------------------------------------------------------------------
Start Applying 'set_property' XDC Constraints
---------------------------------------------------------------------------------
Applied set_property KEEP_HIERARCHY = SOFT for U0. (constraint file  C:/devWorks/SoC_Neopixel_VHDL/SoC_AXI_NeoPixel/SoC_AXI_NeoPixel.runs/design_1_axi_gpio_1_0_synth_1/dont_touch.xdc, line 9).
Applied set_property KEEP = true for U0/gpio_core_1/GPIO2_IO_T[5]. (constraint file  auto generated constraint).
Applied set_property KEEP = true for gpio_io_i[0]. (constraint file  auto generated constraint).
---------------------------------------------------------------------------------
Finished applying 'set_property' XDC Constraints : Time (s): cpu = 00:00:56 ; elapsed = 00:01:58 . Memory (MB): peak = 1284.301 ; gain = 40.695
---------------------------------------------------------------------------------
INFO: [Synth 8-802] inferred FSM for state register 'state_reg' in module 'slave_attachment'
---------------------------------------------------------------------------------------------------
                   State |                     New Encoding |                Previous Encoding 
---------------------------------------------------------------------------------------------------
                 iSTATE2 |                             0001 |                               00
                  iSTATE |                             0010 |                               01
                 iSTATE0 |                             0100 |                               10
                 iSTATE1 |                             1000 |                               11
---------------------------------------------------------------------------------------------------
INFO: [Synth 8-3354] encoded FSM with state register 'state_reg' using encoding 'one-hot' in module 'slave_attachment'
---------------------------------------------------------------------------------
Finished RTL Optimization Phase 2 : Time (s): cpu = 00:00:58 ; elapsed = 00:02:00 . Memory (MB): peak = 1284.301 ; gain = 40.695
---------------------------------------------------------------------------------
---------------------------------------------------------------------------------
Start RTL Component Statistics 
---------------------------------------------------------------------------------
Detailed RTL Component Info : 
+---Adders : 
	   2 Input    4 Bit       Adders := 1     
+---Registers : 
	               32 Bit    Registers := 2     
	                9 Bit    Registers := 1     
	                6 Bit    Registers := 3     
	                4 Bit    Registers := 1     
	                2 Bit    Registers := 6     
	                1 Bit    Registers := 18    
+---Muxes : 
	   2 Input   32 Bit        Muxes := 1     
	   2 Input    9 Bit        Muxes := 1     
	   2 Input    6 Bit        Muxes := 3     
	   4 Input    4 Bit        Muxes := 1     
	   2 Input    4 Bit        Muxes := 5     
	   2 Input    2 Bit        Muxes := 5     
	   3 Input    2 Bit        Muxes := 1     
	   4 Input    2 Bit        Muxes := 3     
	   2 Input    1 Bit        Muxes := 24    
	   4 Input    1 Bit        Muxes := 3     
---------------------------------------------------------------------------------
Finished RTL Component Statistics 
---------------------------------------------------------------------------------
---------------------------------------------------------------------------------
Start Part Resource Summary
---------------------------------------------------------------------------------
Part Resources:
DSPs: 220 (col length:60)
BRAMs: 280 (col length: RAMB18 60 RAMB36 30)
---------------------------------------------------------------------------------
Finished Part Resource Summary
---------------------------------------------------------------------------------
---------------------------------------------------------------------------------
Start Cross Boundary and Area Optimization
---------------------------------------------------------------------------------
WARNING: [Synth 8-7080] Parallel synthesis criteria is not met
WARNING: [Synth 8-7129] Port s_axi_wdata[31] in module axi_gpio is either unconnected or has no load
WARNING: [Synth 8-7129] Port s_axi_wdata[30] in module axi_gpio is either unconnected or has no load
WARNING: [Synth 8-7129] Port s_axi_wdata[29] in module axi_gpio is either unconnected or has no load
WARNING: [Synth 8-7129] Port s_axi_wdata[28] in module axi_gpio is either unconnected or has no load
WARNING: [Synth 8-7129] Port s_axi_wdata[27] in module axi_gpio is either unconnected or has no load
WARNING: [Synth 8-7129] Port s_axi_wdata[26] in module axi_gpio is either unconnected or has no load
WARNING: [Synth 8-7129] Port s_axi_wdata[25] in module axi_gpio is either unconnected or has no load
WARNING: [Synth 8-7129] Port s_axi_wdata[24] in module axi_gpio is either unconnected or has no load
WARNING: [Synth 8-7129] Port s_axi_wdata[23] in module axi_gpio is either unconnected or has no load
WARNING: [Synth 8-7129] Port s_axi_wdata[22] in module axi_gpio is either unconnected or has no load
WARNING: [Synth 8-7129] Port s_axi_wdata[21] in module axi_gpio is either unconnected or has no load
WARNING: [Synth 8-7129] Port s_axi_wdata[20] in module axi_gpio is either unconnected or has no load
WARNING: [Synth 8-7129] Port s_axi_wdata[19] in module axi_gpio is either unconnected or has no load
WARNING: [Synth 8-7129] Port s_axi_wdata[18] in module axi_gpio is either unconnected or has no load
WARNING: [Synth 8-7129] Port s_axi_wdata[17] in module axi_gpio is either unconnected or has no load
WARNING: [Synth 8-7129] Port s_axi_wdata[16] in module axi_gpio is either unconnected or has no load
WARNING: [Synth 8-7129] Port s_axi_wdata[15] in module axi_gpio is either unconnected or has no load
WARNING: [Synth 8-7129] Port s_axi_wdata[14] in module axi_gpio is either unconnected or has no load
WARNING: [Synth 8-7129] Port s_axi_wdata[13] in module axi_gpio is either unconnected or has no load
WARNING: [Synth 8-7129] Port s_axi_wdata[12] in module axi_gpio is either unconnected or has no load
WARNING: [Synth 8-7129] Port s_axi_wdata[11] in module axi_gpio is either unconnected or has no load
WARNING: [Synth 8-7129] Port s_axi_wdata[10] in module axi_gpio is either unconnected or has no load
WARNING: [Synth 8-7129] Port s_axi_wdata[9] in module axi_gpio is either unconnected or has no load
WARNING: [Synth 8-7129] Port s_axi_wdata[8] in module axi_gpio is either unconnected or has no load
WARNING: [Synth 8-7129] Port s_axi_wdata[7] in module axi_gpio is either unconnected or has no load
WARNING: [Synth 8-7129] Port s_axi_wdata[6] in module axi_gpio is either unconnected or has no load
WARNING: [Synth 8-7129] Port s_axi_wstrb[3] in module axi_gpio is either unconnected or has no load
WARNING: [Synth 8-7129] Port s_axi_wstrb[2] in module axi_gpio is either unconnected or has no load
WARNING: [Synth 8-7129] Port s_axi_wstrb[1] in module axi_gpio is either unconnected or has no load
WARNING: [Synth 8-7129] Port s_axi_wstrb[0] in module axi_gpio is either unconnected or has no load
INFO: [Synth 8-3332] Sequential element (gpio_core_1/Dual.INPUT_DOUBLE_REGS4/GENERATE_LEVEL_P_S_CDC.MULTI_BIT.FOR_CROSS_PLEVEL_IN2SCNDRY_bus_d5[0].CROSS2_PLEVEL_IN2SCNDRY_s_level_out_bus_d5) is unused and will be removed from module axi_gpio.
INFO: [Synth 8-3332] Sequential element (gpio_core_1/Dual.INPUT_DOUBLE_REGS4/GENERATE_LEVEL_P_S_CDC.MULTI_BIT.FOR_CROSS_PLEVEL_IN2SCNDRY_bus_d5[1].CROSS2_PLEVEL_IN2SCNDRY_s_level_out_bus_d5) is unused and will be removed from module axi_gpio.
INFO: [Synth 8-3332] Sequential element (gpio_core_1/Dual.INPUT_DOUBLE_REGS4/GENERATE_LEVEL_P_S_CDC.MULTI_BIT.FOR_CROSS_PLEVEL_IN2SCNDRY_bus_d6[0].CROSS2_PLEVEL_IN2SCNDRY_s_level_out_bus_d6) is unused and will be removed from module axi_gpio.
INFO: [Synth 8-3332] Sequential element (gpio_core_1/Dual.INPUT_DOUBLE_REGS4/GENERATE_LEVEL_P_S_CDC.MULTI_BIT.FOR_CROSS_PLEVEL_IN2SCNDRY_bus_d6[1].CROSS2_PLEVEL_IN2SCNDRY_s_level_out_bus_d6) is unused and will be removed from module axi_gpio.
INFO: [Synth 8-3332] Sequential element (gpio_core_1/Dual.INPUT_DOUBLE_REGS5/GENERATE_LEVEL_P_S_CDC.MULTI_BIT.FOR_CROSS_PLEVEL_IN2SCNDRY_bus_d5[0].CROSS2_PLEVEL_IN2SCNDRY_s_level_out_bus_d5) is unused and will be removed from module axi_gpio.
INFO: [Synth 8-3332] Sequential element (gpio_core_1/Dual.INPUT_DOUBLE_REGS5/GENERATE_LEVEL_P_S_CDC.MULTI_BIT.FOR_CROSS_PLEVEL_IN2SCNDRY_bus_d5[1].CROSS2_PLEVEL_IN2SCNDRY_s_level_out_bus_d5) is unused and will be removed from module axi_gpio.
INFO: [Synth 8-3332] Sequential element (gpio_core_1/Dual.INPUT_DOUBLE_REGS5/GENERATE_LEVEL_P_S_CDC.MULTI_BIT.FOR_CROSS_PLEVEL_IN2SCNDRY_bus_d5[2].CROSS2_PLEVEL_IN2SCNDRY_s_level_out_bus_d5) is unused and will be removed from module axi_gpio.
INFO: [Synth 8-3332] Sequential element (gpio_core_1/Dual.INPUT_DOUBLE_REGS5/GENERATE_LEVEL_P_S_CDC.MULTI_BIT.FOR_CROSS_PLEVEL_IN2SCNDRY_bus_d5[3].CROSS2_PLEVEL_IN2SCNDRY_s_level_out_bus_d5) is unused and will be removed from module axi_gpio.
INFO: [Synth 8-3332] Sequential element (gpio_core_1/Dual.INPUT_DOUBLE_REGS5/GENERATE_LEVEL_P_S_CDC.MULTI_BIT.FOR_CROSS_PLEVEL_IN2SCNDRY_bus_d5[4].CROSS2_PLEVEL_IN2SCNDRY_s_level_out_bus_d5) is unused and will be removed from module axi_gpio.
INFO: [Synth 8-3332] Sequential element (gpio_core_1/Dual.INPUT_DOUBLE_REGS5/GENERATE_LEVEL_P_S_CDC.MULTI_BIT.FOR_CROSS_PLEVEL_IN2SCNDRY_bus_d5[5].CROSS2_PLEVEL_IN2SCNDRY_s_level_out_bus_d5) is unused and will be removed from module axi_gpio.
INFO: [Synth 8-3332] Sequential element (gpio_core_1/Dual.INPUT_DOUBLE_REGS5/GENERATE_LEVEL_P_S_CDC.MULTI_BIT.FOR_CROSS_PLEVEL_IN2SCNDRY_bus_d6[0].CROSS2_PLEVEL_IN2SCNDRY_s_level_out_bus_d6) is unused and will be removed from module axi_gpio.
INFO: [Synth 8-3332] Sequential element (gpio_core_1/Dual.INPUT_DOUBLE_REGS5/GENERATE_LEVEL_P_S_CDC.MULTI_BIT.FOR_CROSS_PLEVEL_IN2SCNDRY_bus_d6[1].CROSS2_PLEVEL_IN2SCNDRY_s_level_out_bus_d6) is unused and will be removed from module axi_gpio.
INFO: [Synth 8-3332] Sequential element (gpio_core_1/Dual.INPUT_DOUBLE_REGS5/GENERATE_LEVEL_P_S_CDC.MULTI_BIT.FOR_CROSS_PLEVEL_IN2SCNDRY_bus_d6[2].CROSS2_PLEVEL_IN2SCNDRY_s_level_out_bus_d6) is unused and will be removed from module axi_gpio.
INFO: [Synth 8-3332] Sequential element (gpio_core_1/Dual.INPUT_DOUBLE_REGS5/GENERATE_LEVEL_P_S_CDC.MULTI_BIT.FOR_CROSS_PLEVEL_IN2SCNDRY_bus_d6[3].CROSS2_PLEVEL_IN2SCNDRY_s_level_out_bus_d6) is unused and will be removed from module axi_gpio.
INFO: [Synth 8-3332] Sequential element (gpio_core_1/Dual.INPUT_DOUBLE_REGS5/GENERATE_LEVEL_P_S_CDC.MULTI_BIT.FOR_CROSS_PLEVEL_IN2SCNDRY_bus_d6[4].CROSS2_PLEVEL_IN2SCNDRY_s_level_out_bus_d6) is unused and will be removed from module axi_gpio.
INFO: [Synth 8-3332] Sequential element (gpio_core_1/Dual.INPUT_DOUBLE_REGS5/GENERATE_LEVEL_P_S_CDC.MULTI_BIT.FOR_CROSS_PLEVEL_IN2SCNDRY_bus_d6[5].CROSS2_PLEVEL_IN2SCNDRY_s_level_out_bus_d6) is unused and will be removed from module axi_gpio.
---------------------------------------------------------------------------------
Finished Cross Boundary and Area Optimization : Time (s): cpu = 00:01:07 ; elapsed = 00:02:10 . Memory (MB): peak = 1284.301 ; gain = 40.695
---------------------------------------------------------------------------------
---------------------------------------------------------------------------------
Start Applying XDC Timing Constraints
---------------------------------------------------------------------------------
---------------------------------------------------------------------------------
Finished Applying XDC Timing Constraints : Time (s): cpu = 00:01:30 ; elapsed = 00:02:34 . Memory (MB): peak = 1284.301 ; gain = 40.695
---------------------------------------------------------------------------------
---------------------------------------------------------------------------------
Start Timing Optimization
---------------------------------------------------------------------------------
---------------------------------------------------------------------------------
Finished Timing Optimization : Time (s): cpu = 00:01:30 ; elapsed = 00:02:34 . Memory (MB): peak = 1284.301 ; gain = 40.695
---------------------------------------------------------------------------------
---------------------------------------------------------------------------------
Start Technology Mapping
---------------------------------------------------------------------------------
---------------------------------------------------------------------------------
Finished Technology Mapping : Time (s): cpu = 00:01:31 ; elapsed = 00:02:35 . Memory (MB): peak = 1284.301 ; gain = 40.695
---------------------------------------------------------------------------------
---------------------------------------------------------------------------------
Start IO Insertion
---------------------------------------------------------------------------------
---------------------------------------------------------------------------------
Start Flattening Before IO Insertion
---------------------------------------------------------------------------------
---------------------------------------------------------------------------------
Finished Flattening Before IO Insertion
---------------------------------------------------------------------------------
---------------------------------------------------------------------------------
Start Final Netlist Cleanup
---------------------------------------------------------------------------------
---------------------------------------------------------------------------------
Finished Final Netlist Cleanup
---------------------------------------------------------------------------------
---------------------------------------------------------------------------------
Finished IO Insertion : Time (s): cpu = 00:01:50 ; elapsed = 00:02:54 . Memory (MB): peak = 1284.301 ; gain = 40.695
---------------------------------------------------------------------------------
---------------------------------------------------------------------------------
Start Renaming Generated Instances
---------------------------------------------------------------------------------
---------------------------------------------------------------------------------
Finished Renaming Generated Instances : Time (s): cpu = 00:01:50 ; elapsed = 00:02:54 . Memory (MB): peak = 1284.301 ; gain = 40.695
---------------------------------------------------------------------------------
---------------------------------------------------------------------------------
Start Rebuilding User Hierarchy
---------------------------------------------------------------------------------
---------------------------------------------------------------------------------
Finished Rebuilding User Hierarchy : Time (s): cpu = 00:01:50 ; elapsed = 00:02:54 . Memory (MB): peak = 1284.301 ; gain = 40.695
---------------------------------------------------------------------------------
---------------------------------------------------------------------------------
Start Renaming Generated Ports
---------------------------------------------------------------------------------
---------------------------------------------------------------------------------
Finished Renaming Generated Ports : Time (s): cpu = 00:01:50 ; elapsed = 00:02:54 . Memory (MB): peak = 1284.301 ; gain = 40.695
---------------------------------------------------------------------------------
---------------------------------------------------------------------------------
Start Handling Custom Attributes
---------------------------------------------------------------------------------
---------------------------------------------------------------------------------
Finished Handling Custom Attributes : Time (s): cpu = 00:01:50 ; elapsed = 00:02:54 . Memory (MB): peak = 1284.301 ; gain = 40.695
---------------------------------------------------------------------------------
---------------------------------------------------------------------------------
Start Renaming Generated Nets
---------------------------------------------------------------------------------
---------------------------------------------------------------------------------
Finished Renaming Generated Nets : Time (s): cpu = 00:01:50 ; elapsed = 00:02:54 . Memory (MB): peak = 1284.301 ; gain = 40.695
---------------------------------------------------------------------------------
---------------------------------------------------------------------------------
Start Writing Synthesis Report
---------------------------------------------------------------------------------

Report BlackBoxes: 
+-+--------------+----------+
| |BlackBox name |Instances |
+-+--------------+----------+
+-+--------------+----------+

Report Cell Usage: 
+------+-----+------+
|      |Cell |Count |
+------+-----+------+
|1     |LUT1 |     2|
|2     |LUT2 |    10|
|3     |LUT3 |    11|
|4     |LUT4 |     9|
|5     |LUT5 |    13|
|6     |LUT6 |    28|
|7     |FDR  |    32|
|8     |FDRE |    71|
|9     |FDSE |     9|
+------+-----+------+
---------------------------------------------------------------------------------
Finished Writing Synthesis Report : Time (s): cpu = 00:01:50 ; elapsed = 00:02:54 . Memory (MB): peak = 1284.301 ; gain = 40.695
---------------------------------------------------------------------------------
Synthesis finished with 0 errors, 0 critical warnings and 31 warnings.
Synthesis Optimization Runtime : Time (s): cpu = 00:01:12 ; elapsed = 00:02:44 . Memory (MB): peak = 1284.301 ; gain = 0.000
Synthesis Optimization Complete : Time (s): cpu = 00:01:50 ; elapsed = 00:02:55 . Memory (MB): peak = 1284.301 ; gain = 40.695
INFO: [Project 1-571] Translating synthesized netlist
Netlist sorting complete. Time (s): cpu = 00:00:00 ; elapsed = 00:00:00.027 . Memory (MB): peak = 1284.301 ; gain = 0.000
INFO: [Netlist 29-17] Analyzing 32 Unisim elements for replacement
INFO: [Netlist 29-28] Unisim Transformation completed in 0 CPU seconds
INFO: [Project 1-570] Preparing netlist for logic optimization
INFO: [Opt 31-138] Pushed 0 inverter(s) to 0 load pin(s).
Netlist sorting complete. Time (s): cpu = 00:00:00 ; elapsed = 00:00:00.001 . Memory (MB): peak = 1284.301 ; gain = 0.000
INFO: [Project 1-111] Unisim Transformation Summary:
  A total of 32 instances were transformed.
  FDR => FDRE: 32 instances

Synth Design complete, checksum: 2080d4ec
INFO: [Common 17-83] Releasing license: Synthesis
112 Infos, 69 Warnings, 0 Critical Warnings and 0 Errors encountered.
synth_design completed successfully
synth_design: Time (s): cpu = 00:02:07 ; elapsed = 00:03:21 . Memory (MB): peak = 1284.301 ; gain = 40.695
INFO: [Common 17-1381] The checkpoint 'C:/devWorks/SoC_Neopixel_VHDL/SoC_AXI_NeoPixel/SoC_AXI_NeoPixel.runs/design_1_axi_gpio_1_0_synth_1/design_1_axi_gpio_1_0.dcp' has been generated.
INFO: [Coretcl 2-1648] Added synthesis output to IP cache for IP design_1_axi_gpio_1_0, cache-ID = 7d77b9b26ccb8575
INFO: [Coretcl 2-1174] Renamed 7 cell refs.
INFO: [Common 17-1381] The checkpoint 'C:/devWorks/SoC_Neopixel_VHDL/SoC_AXI_NeoPixel/SoC_AXI_NeoPixel.runs/design_1_axi_gpio_1_0_synth_1/design_1_axi_gpio_1_0.dcp' has been generated.
INFO: [runtcl-4] Executing : report_utilization -file design_1_axi_gpio_1_0_utilization_synth.rpt -pb design_1_axi_gpio_1_0_utilization_synth.pb
INFO: [Common 17-206] Exiting Vivado at Tue Jun  7 15:13:27 2022...
