Copyright 1986-2022 Xilinx, Inc. All Rights Reserved.
----------------------------------------------------------------------------------------------------------------------------------------------------------------------
| Tool Version     : Vivado v.2022.1 (win64) Build 3526262 Mon Apr 18 15:48:16 MDT 2022
| Date             : Fri Mar 10 15:26:47 2023
| Host             : PF1K6K4W running 64-bit major release  (build 9200)
| Command          : report_power -file design_1_wrapper_power_routed.rpt -pb design_1_wrapper_power_summary_routed.pb -rpx design_1_wrapper_power_routed.rpx
| Design           : design_1_wrapper
| Device           : xc7z020clg400-1
| Design State     : routed
| Grade            : commercial
| Process          : typical
| Characterization : Production
----------------------------------------------------------------------------------------------------------------------------------------------------------------------

Power Report

Table of Contents
-----------------
1. Summary
1.1 On-Chip Components
1.2 Power Supply Summary
1.3 Confidence Level
2. Settings
2.1 Environment
2.2 Clock Constraints
3. Detailed Reports
3.1 By Hierarchy

1. Summary
----------

+--------------------------+--------------+
| Total On-Chip Power (W)  | 0.244        |
| Design Power Budget (W)  | Unspecified* |
| Power Budget Margin (W)  | NA           |
| Dynamic (W)              | 0.139        |
| Device Static (W)        | 0.105        |
| Effective TJA (C/W)      | 11.5         |
| Max Ambient (C)          | 82.2         |
| Junction Temperature (C) | 27.8         |
| Confidence Level         | Medium       |
| Setting File             | ---          |
| Simulation Activity File | ---          |
| Design Nets Matched      | NA           |
+--------------------------+--------------+
* Specify Design Power Budget using, set_operating_conditions -design_power_budget <value in Watts>


1.1 On-Chip Components
----------------------

+--------------------------+-----------+----------+-----------+-----------------+
| On-Chip                  | Power (W) | Used     | Available | Utilization (%) |
+--------------------------+-----------+----------+-----------+-----------------+
| Clocks                   |     0.011 |        7 |       --- |             --- |
| Slice Logic              |     0.001 |     2052 |       --- |             --- |
|   LUT as Logic           |     0.001 |      642 |     53200 |            1.21 |
|   Register               |    <0.001 |     1125 |    106400 |            1.06 |
|   CARRY4                 |    <0.001 |       20 |     13300 |            0.15 |
|   LUT as Distributed RAM |    <0.001 |       24 |     17400 |            0.14 |
|   Others                 |     0.000 |      106 |       --- |             --- |
| Signals                  |     0.002 |     1469 |       --- |             --- |
| MMCM                     |     0.126 |        1 |         4 |           25.00 |
| I/O                      |    <0.001 |        3 |       125 |            2.40 |
| Static Power             |     0.105 |          |           |                 |
| Total                    |     0.244 |          |           |                 |
+--------------------------+-----------+----------+-----------+-----------------+


1.2 Power Supply Summary
------------------------

+-----------+-------------+-----------+-------------+------------+-------------+-------------+------------+
| Source    | Voltage (V) | Total (A) | Dynamic (A) | Static (A) | Powerup (A) | Budget (A)  | Margin (A) |
+-----------+-------------+-----------+-------------+------------+-------------+-------------+------------+
| Vccint    |       1.000 |     0.022 |       0.014 |      0.008 |       NA    | Unspecified | NA         |
| Vccaux    |       1.800 |     0.080 |       0.069 |      0.011 |       NA    | Unspecified | NA         |
| Vcco33    |       3.300 |     0.000 |       0.000 |      0.000 |       NA    | Unspecified | NA         |
| Vcco25    |       2.500 |     0.000 |       0.000 |      0.000 |       NA    | Unspecified | NA         |
| Vcco18    |       1.800 |     0.000 |       0.000 |      0.000 |       NA    | Unspecified | NA         |
| Vcco15    |       1.500 |     0.000 |       0.000 |      0.000 |       NA    | Unspecified | NA         |
| Vcco135   |       1.350 |     0.000 |       0.000 |      0.000 |       NA    | Unspecified | NA         |
| Vcco12    |       1.200 |     0.000 |       0.000 |      0.000 |       NA    | Unspecified | NA         |
| Vccaux_io |       1.800 |     0.000 |       0.000 |      0.000 |       NA    | Unspecified | NA         |
| Vccbram   |       1.000 |     0.000 |       0.000 |      0.000 |       NA    | Unspecified | NA         |
| MGTAVcc   |       1.000 |     0.000 |       0.000 |      0.000 |       NA    | Unspecified | NA         |
| MGTAVtt   |       1.200 |     0.000 |       0.000 |      0.000 |       NA    | Unspecified | NA         |
| MGTVccaux |       1.800 |     0.000 |       0.000 |      0.000 |       NA    | Unspecified | NA         |
| Vccpint   |       1.000 |     0.017 |       0.000 |      0.017 |       NA    | Unspecified | NA         |
| Vccpaux   |       1.800 |     0.010 |       0.000 |      0.010 |       NA    | Unspecified | NA         |
| Vccpll    |       1.800 |     0.003 |       0.000 |      0.003 |       NA    | Unspecified | NA         |
| Vcco_ddr  |       1.500 |     0.000 |       0.000 |      0.000 |       NA    | Unspecified | NA         |
| Vcco_mio0 |       1.800 |     0.000 |       0.000 |      0.000 |       NA    | Unspecified | NA         |
| Vcco_mio1 |       1.800 |     0.000 |       0.000 |      0.000 |       NA    | Unspecified | NA         |
| Vccadc    |       1.800 |     0.020 |       0.000 |      0.020 |       NA    | Unspecified | NA         |
+-----------+-------------+-----------+-------------+------------+-------------+-------------+------------+


1.3 Confidence Level
--------------------

+-----------------------------+------------+-------------------------------------------------------+------------------------------------------------------------------------------------------------------------+
| User Input Data             | Confidence | Details                                               | Action                                                                                                     |
+-----------------------------+------------+-------------------------------------------------------+------------------------------------------------------------------------------------------------------------+
| Design implementation state | High       | Design is routed                                      |                                                                                                            |
| Clock nodes activity        | High       | User specified more than 95% of clocks                |                                                                                                            |
| I/O nodes activity          | Medium     | More than 5% of inputs are missing user specification | Provide missing input activity with simulation results or by editing the "By Resource Type -> I/Os" view   |
| Internal nodes activity     | Medium     | User specified less than 25% of internal nodes        | Provide missing internal nodes activity with simulation results or by editing the "By Resource Type" views |
| Device models               | High       | Device models are Production                          |                                                                                                            |
|                             |            |                                                       |                                                                                                            |
| Overall confidence level    | Medium     |                                                       |                                                                                                            |
+-----------------------------+------------+-------------------------------------------------------+------------------------------------------------------------------------------------------------------------+


2. Settings
-----------

2.1 Environment
---------------

+-----------------------+------------------------+
| Ambient Temp (C)      | 25.0                   |
| ThetaJA (C/W)         | 11.5                   |
| Airflow (LFM)         | 250                    |
| Heat Sink             | none                   |
| ThetaSA (C/W)         | 0.0                    |
| Board Selection       | medium (10"x10")       |
| # of Board Layers     | 8to11 (8 to 11 Layers) |
| Board Temperature (C) | 25.0                   |
+-----------------------+------------------------+


2.2 Clock Constraints
---------------------

+--------------------------------------------------------------------------------------------+-------------------------------------------------------------------+-----------------+
| Clock                                                                                      | Domain                                                            | Constraint (ns) |
+--------------------------------------------------------------------------------------------+-------------------------------------------------------------------+-----------------+
| clk_in1_0                                                                                  | clk_in1_0                                                         |             8.0 |
| clk_out1_design_1_clk_wiz_0_0                                                              | design_1_i/clk_wiz_0/inst/clk_out1_design_1_clk_wiz_0_0           |            10.0 |
| clk_out2_design_1_clk_wiz_0_0                                                              | design_1_i/clk_wiz_0/inst/clk_out2_design_1_clk_wiz_0_0           |             4.8 |
| clkfbout_design_1_clk_wiz_0_0                                                              | design_1_i/clk_wiz_0/inst/clkfbout_design_1_clk_wiz_0_0           |            40.0 |
| dbg_hub/inst/BSCANID.u_xsdbm_id/SWITCH_N_EXT_BSCAN.bscan_inst/SERIES7_BSCAN.bscan_inst/TCK | dbg_hub/inst/BSCANID.u_xsdbm_id/SWITCH_N_EXT_BSCAN.bscan_inst/TCK |            33.0 |
+--------------------------------------------------------------------------------------------+-------------------------------------------------------------------+-----------------+


3. Detailed Reports
-------------------

3.1 By Hierarchy
----------------

+--------------------------+-----------+
| Name                     | Power (W) |
+--------------------------+-----------+
| design_1_wrapper         |     0.139 |
|   dbg_hub                |     0.006 |
|     inst                 |     0.006 |
|       BSCANID.u_xsdbm_id |     0.006 |
|   design_1_i             |     0.133 |
|     HC_SR04_0            |     0.001 |
|       U0                 |     0.001 |
|     clk_wiz_0            |     0.126 |
|       inst               |     0.126 |
|     vio_0                |     0.005 |
|       inst               |     0.005 |
+--------------------------+-----------+


