
*** Running vivado
    with args -log design_1_dobbelsteen_0_0.vds -m64 -product Vivado -mode batch -messageDb vivado.pb -notrace -source design_1_dobbelsteen_0_0.tcl


****** Vivado v2018.2 (64-bit)
  **** SW Build 2258646 on Thu Jun 14 20:03:12 MDT 2018
  **** IP Build 2256618 on Thu Jun 14 22:10:49 MDT 2018
    ** Copyright 1986-2018 Xilinx, Inc. All Rights Reserved.

source design_1_dobbelsteen_0_0.tcl -notrace
Command: synth_design -top design_1_dobbelsteen_0_0 -part xc7z007sclg225-1 -mode out_of_context
Starting synth_design
Attempting to get a license for feature 'Synthesis' and/or device 'xc7z007s'
INFO: [Common 17-349] Got license for feature 'Synthesis' and/or device 'xc7z007s'
INFO: Launching helper process for spawning children vivado processes
INFO: Helper process launched with PID 14436 
---------------------------------------------------------------------------------
Starting RTL Elaboration : Time (s): cpu = 00:00:05 ; elapsed = 00:00:06 . Memory (MB): peak = 378.621 ; gain = 100.332
---------------------------------------------------------------------------------
INFO: [Synth 8-638] synthesizing module 'design_1_dobbelsteen_0_0' [c:/FPGA/Dobbelsteen_ip/Dobbelsteen_ip.srcs/sources_1/bd/design_1/ip/design_1_dobbelsteen_0_0/synth/design_1_dobbelsteen_0_0.vhd:83]
	Parameter C_S00_AXI_DATA_WIDTH bound to: 32 - type: integer 
	Parameter C_S00_AXI_ADDR_WIDTH bound to: 4 - type: integer 
INFO: [Synth 8-3491] module 'dobbelsteen_v1_0' declared at 'c:/FPGA/Dobbelsteen_ip/Dobbelsteen_ip.srcs/sources_1/bd/design_1/ipshared/2494/hdl/dobbelsteen_v1_0.vhd:5' bound to instance 'U0' of component 'dobbelsteen_v1_0' [c:/FPGA/Dobbelsteen_ip/Dobbelsteen_ip.srcs/sources_1/bd/design_1/ip/design_1_dobbelsteen_0_0/synth/design_1_dobbelsteen_0_0.vhd:148]
INFO: [Synth 8-638] synthesizing module 'dobbelsteen_v1_0' [c:/FPGA/Dobbelsteen_ip/Dobbelsteen_ip.srcs/sources_1/bd/design_1/ipshared/2494/hdl/dobbelsteen_v1_0.vhd:49]
	Parameter C_S00_AXI_DATA_WIDTH bound to: 32 - type: integer 
	Parameter C_S00_AXI_ADDR_WIDTH bound to: 4 - type: integer 
	Parameter C_S_AXI_DATA_WIDTH bound to: 32 - type: integer 
	Parameter C_S_AXI_ADDR_WIDTH bound to: 4 - type: integer 
INFO: [Synth 8-3491] module 'dobbelsteen_v1_0_S00_AXI' declared at 'c:/FPGA/Dobbelsteen_ip/Dobbelsteen_ip.srcs/sources_1/bd/design_1/ipshared/2494/hdl/dobbelsteen_v1_0_S00_AXI.vhd:5' bound to instance 'dobbelsteen_v1_0_S00_AXI_inst' of component 'dobbelsteen_v1_0_S00_AXI' [c:/FPGA/Dobbelsteen_ip/Dobbelsteen_ip.srcs/sources_1/bd/design_1/ipshared/2494/hdl/dobbelsteen_v1_0.vhd:86]
INFO: [Synth 8-638] synthesizing module 'dobbelsteen_v1_0_S00_AXI' [c:/FPGA/Dobbelsteen_ip/Dobbelsteen_ip.srcs/sources_1/bd/design_1/ipshared/2494/hdl/dobbelsteen_v1_0_S00_AXI.vhd:86]
	Parameter C_S_AXI_DATA_WIDTH bound to: 32 - type: integer 
	Parameter C_S_AXI_ADDR_WIDTH bound to: 4 - type: integer 
INFO: [Synth 8-226] default block is never used [c:/FPGA/Dobbelsteen_ip/Dobbelsteen_ip.srcs/sources_1/bd/design_1/ipshared/2494/hdl/dobbelsteen_v1_0_S00_AXI.vhd:229]
INFO: [Synth 8-226] default block is never used [c:/FPGA/Dobbelsteen_ip/Dobbelsteen_ip.srcs/sources_1/bd/design_1/ipshared/2494/hdl/dobbelsteen_v1_0_S00_AXI.vhd:359]
INFO: [Synth 8-3491] module 'Dobbelsteen' declared at 'c:/FPGA/Dobbelsteen_ip/Dobbelsteen_ip.srcs/sources_1/bd/design_1/ipshared/2494/src/Dobbelsteen.vhd:78' bound to instance 'dobbel' of component 'Dobbelsteen' [c:/FPGA/Dobbelsteen_ip/Dobbelsteen_ip.srcs/sources_1/bd/design_1/ipshared/2494/hdl/dobbelsteen_v1_0_S00_AXI.vhd:393]
INFO: [Synth 8-638] synthesizing module 'Dobbelsteen' [c:/FPGA/Dobbelsteen_ip/Dobbelsteen_ip.srcs/sources_1/bd/design_1/ipshared/2494/src/Dobbelsteen.vhd:83]
INFO: [Synth 8-256] done synthesizing module 'Dobbelsteen' (1#1) [c:/FPGA/Dobbelsteen_ip/Dobbelsteen_ip.srcs/sources_1/bd/design_1/ipshared/2494/src/Dobbelsteen.vhd:83]
WARNING: [Synth 8-6014] Unused sequential element loc_addr_reg was removed.  [c:/FPGA/Dobbelsteen_ip/Dobbelsteen_ip.srcs/sources_1/bd/design_1/ipshared/2494/hdl/dobbelsteen_v1_0_S00_AXI.vhd:227]
INFO: [Synth 8-256] done synthesizing module 'dobbelsteen_v1_0_S00_AXI' (2#1) [c:/FPGA/Dobbelsteen_ip/Dobbelsteen_ip.srcs/sources_1/bd/design_1/ipshared/2494/hdl/dobbelsteen_v1_0_S00_AXI.vhd:86]
INFO: [Synth 8-256] done synthesizing module 'dobbelsteen_v1_0' (3#1) [c:/FPGA/Dobbelsteen_ip/Dobbelsteen_ip.srcs/sources_1/bd/design_1/ipshared/2494/hdl/dobbelsteen_v1_0.vhd:49]
INFO: [Synth 8-256] done synthesizing module 'design_1_dobbelsteen_0_0' (4#1) [c:/FPGA/Dobbelsteen_ip/Dobbelsteen_ip.srcs/sources_1/bd/design_1/ip/design_1_dobbelsteen_0_0/synth/design_1_dobbelsteen_0_0.vhd:83]
WARNING: [Synth 8-3331] design dobbelsteen_v1_0_S00_AXI has unconnected port S_AXI_AWPROT[2]
WARNING: [Synth 8-3331] design dobbelsteen_v1_0_S00_AXI has unconnected port S_AXI_AWPROT[1]
WARNING: [Synth 8-3331] design dobbelsteen_v1_0_S00_AXI has unconnected port S_AXI_AWPROT[0]
WARNING: [Synth 8-3331] design dobbelsteen_v1_0_S00_AXI has unconnected port S_AXI_ARPROT[2]
WARNING: [Synth 8-3331] design dobbelsteen_v1_0_S00_AXI has unconnected port S_AXI_ARPROT[1]
WARNING: [Synth 8-3331] design dobbelsteen_v1_0_S00_AXI has unconnected port S_AXI_ARPROT[0]
---------------------------------------------------------------------------------
Finished RTL Elaboration : Time (s): cpu = 00:00:07 ; elapsed = 00:00:08 . Memory (MB): peak = 433.902 ; gain = 155.613
---------------------------------------------------------------------------------

Report Check Netlist: 
+------+------------------+-------+---------+-------+------------------+
|      |Item              |Errors |Warnings |Status |Description       |
+------+------------------+-------+---------+-------+------------------+
|1     |multi_driven_nets |      0|        0|Passed |Multi driven nets |
+------+------------------+-------+---------+-------+------------------+
---------------------------------------------------------------------------------
Start Handling Custom Attributes
---------------------------------------------------------------------------------
---------------------------------------------------------------------------------
Finished Handling Custom Attributes : Time (s): cpu = 00:00:07 ; elapsed = 00:00:08 . Memory (MB): peak = 433.902 ; gain = 155.613
---------------------------------------------------------------------------------
---------------------------------------------------------------------------------
Finished RTL Optimization Phase 1 : Time (s): cpu = 00:00:07 ; elapsed = 00:00:08 . Memory (MB): peak = 433.902 ; gain = 155.613
---------------------------------------------------------------------------------
INFO: [Device 21-403] Loading part xc7z007sclg225-1
INFO: [Project 1-570] Preparing netlist for logic optimization

Processing XDC Constraints
Initializing timing engine
Completed Processing XDC Constraints

INFO: [Project 1-111] Unisim Transformation Summary:
No Unisim elements were transformed.

WARNING: [Constraints 18-5210] No constraint will be written out.
Constraint Validation Runtime : Time (s): cpu = 00:00:00 ; elapsed = 00:00:00.189 . Memory (MB): peak = 755.605 ; gain = 2.258
---------------------------------------------------------------------------------
Finished Constraint Validation : Time (s): cpu = 00:00:25 ; elapsed = 00:00:34 . Memory (MB): peak = 755.605 ; gain = 477.316
---------------------------------------------------------------------------------
---------------------------------------------------------------------------------
Start Loading Part and Timing Information
---------------------------------------------------------------------------------
Loading part: xc7z007sclg225-1
---------------------------------------------------------------------------------
Finished Loading Part and Timing Information : Time (s): cpu = 00:00:25 ; elapsed = 00:00:34 . Memory (MB): peak = 755.605 ; gain = 477.316
---------------------------------------------------------------------------------
---------------------------------------------------------------------------------
Start Applying 'set_property' XDC Constraints
---------------------------------------------------------------------------------
---------------------------------------------------------------------------------
Finished applying 'set_property' XDC Constraints : Time (s): cpu = 00:00:25 ; elapsed = 00:00:34 . Memory (MB): peak = 755.605 ; gain = 477.316
---------------------------------------------------------------------------------
INFO: [Synth 8-5544] ROM "je" won't be mapped to Block RAM because address size (4) smaller than threshold (5)
---------------------------------------------------------------------------------
Finished RTL Optimization Phase 2 : Time (s): cpu = 00:00:25 ; elapsed = 00:00:34 . Memory (MB): peak = 755.605 ; gain = 477.316
---------------------------------------------------------------------------------

Report RTL Partitions: 
+-+--------------+------------+----------+
| |RTL Partition |Replication |Instances |
+-+--------------+------------+----------+
+-+--------------+------------+----------+
---------------------------------------------------------------------------------
Start RTL Component Statistics 
---------------------------------------------------------------------------------
Detailed RTL Component Info : 
+---Registers : 
	               32 Bit    Registers := 5     
	                4 Bit    Registers := 2     
	                2 Bit    Registers := 2     
	                1 Bit    Registers := 6     
+---Muxes : 
	   2 Input     32 Bit        Muxes := 4     
	   4 Input     32 Bit        Muxes := 5     
	   2 Input      8 Bit        Muxes := 1     
	   7 Input      8 Bit        Muxes := 1     
	   2 Input      1 Bit        Muxes := 5     
---------------------------------------------------------------------------------
Finished RTL Component Statistics 
---------------------------------------------------------------------------------
---------------------------------------------------------------------------------
Start RTL Hierarchical Component Statistics 
---------------------------------------------------------------------------------
Hierarchical RTL Component report 
Module Dobbelsteen 
Detailed RTL Component Info : 
+---Muxes : 
	   2 Input      8 Bit        Muxes := 1     
	   7 Input      8 Bit        Muxes := 1     
Module dobbelsteen_v1_0_S00_AXI 
Detailed RTL Component Info : 
+---Registers : 
	               32 Bit    Registers := 5     
	                4 Bit    Registers := 2     
	                2 Bit    Registers := 2     
	                1 Bit    Registers := 6     
+---Muxes : 
	   2 Input     32 Bit        Muxes := 4     
	   4 Input     32 Bit        Muxes := 5     
	   2 Input      1 Bit        Muxes := 5     
---------------------------------------------------------------------------------
Finished RTL Hierarchical Component Statistics
---------------------------------------------------------------------------------
---------------------------------------------------------------------------------
Start Part Resource Summary
---------------------------------------------------------------------------------
Part Resources:
DSPs: 66 (col length:40)
BRAMs: 100 (col length: RAMB18 40 RAMB36 20)
---------------------------------------------------------------------------------
Finished Part Resource Summary
---------------------------------------------------------------------------------
---------------------------------------------------------------------------------
Start Cross Boundary and Area Optimization
---------------------------------------------------------------------------------
Warning: Parallel synthesis criteria is not met 
INFO: [Synth 8-3917] design design_1_dobbelsteen_0_0 has port je[3] driven by constant 0
WARNING: [Synth 8-3331] design design_1_dobbelsteen_0_0 has unconnected port s00_axi_awprot[2]
WARNING: [Synth 8-3331] design design_1_dobbelsteen_0_0 has unconnected port s00_axi_awprot[1]
WARNING: [Synth 8-3331] design design_1_dobbelsteen_0_0 has unconnected port s00_axi_awprot[0]
WARNING: [Synth 8-3331] design design_1_dobbelsteen_0_0 has unconnected port s00_axi_arprot[2]
WARNING: [Synth 8-3331] design design_1_dobbelsteen_0_0 has unconnected port s00_axi_arprot[1]
WARNING: [Synth 8-3331] design design_1_dobbelsteen_0_0 has unconnected port s00_axi_arprot[0]
INFO: [Synth 8-3333] propagating constant 1 across sequential element (\U0/dobbelsteen_v1_0_S00_AXI_inst/aw_en_reg )
INFO: [Synth 8-3886] merging instance 'U0/dobbelsteen_v1_0_S00_AXI_inst/axi_rresp_reg[0]' (FDRE) to 'U0/dobbelsteen_v1_0_S00_AXI_inst/axi_rresp_reg[1]'
INFO: [Synth 8-3333] propagating constant 0 across sequential element (\U0/dobbelsteen_v1_0_S00_AXI_inst/axi_rresp_reg[1] )
INFO: [Synth 8-3886] merging instance 'U0/dobbelsteen_v1_0_S00_AXI_inst/axi_bresp_reg[0]' (FDRE) to 'U0/dobbelsteen_v1_0_S00_AXI_inst/axi_bresp_reg[1]'
INFO: [Synth 8-3333] propagating constant 0 across sequential element (\U0/dobbelsteen_v1_0_S00_AXI_inst/axi_bresp_reg[1] )
INFO: [Synth 8-3332] Sequential element (U0/dobbelsteen_v1_0_S00_AXI_inst/axi_awaddr_reg[1]) is unused and will be removed from module design_1_dobbelsteen_0_0.
INFO: [Synth 8-3332] Sequential element (U0/dobbelsteen_v1_0_S00_AXI_inst/axi_awaddr_reg[0]) is unused and will be removed from module design_1_dobbelsteen_0_0.
INFO: [Synth 8-3332] Sequential element (U0/dobbelsteen_v1_0_S00_AXI_inst/aw_en_reg) is unused and will be removed from module design_1_dobbelsteen_0_0.
INFO: [Synth 8-3332] Sequential element (U0/dobbelsteen_v1_0_S00_AXI_inst/axi_bresp_reg[1]) is unused and will be removed from module design_1_dobbelsteen_0_0.
INFO: [Synth 8-3332] Sequential element (U0/dobbelsteen_v1_0_S00_AXI_inst/axi_araddr_reg[1]) is unused and will be removed from module design_1_dobbelsteen_0_0.
INFO: [Synth 8-3332] Sequential element (U0/dobbelsteen_v1_0_S00_AXI_inst/axi_araddr_reg[0]) is unused and will be removed from module design_1_dobbelsteen_0_0.
INFO: [Synth 8-3332] Sequential element (U0/dobbelsteen_v1_0_S00_AXI_inst/axi_rresp_reg[1]) is unused and will be removed from module design_1_dobbelsteen_0_0.
---------------------------------------------------------------------------------
Finished Cross Boundary and Area Optimization : Time (s): cpu = 00:00:27 ; elapsed = 00:00:38 . Memory (MB): peak = 755.605 ; gain = 477.316
---------------------------------------------------------------------------------

Report RTL Partitions: 
+-+--------------+------------+----------+
| |RTL Partition |Replication |Instances |
+-+--------------+------------+----------+
+-+--------------+------------+----------+
---------------------------------------------------------------------------------
Start Applying XDC Timing Constraints
---------------------------------------------------------------------------------
---------------------------------------------------------------------------------
Finished Applying XDC Timing Constraints : Time (s): cpu = 00:00:46 ; elapsed = 00:01:04 . Memory (MB): peak = 760.473 ; gain = 482.184
---------------------------------------------------------------------------------
---------------------------------------------------------------------------------
Start Timing Optimization
---------------------------------------------------------------------------------
---------------------------------------------------------------------------------
Finished Timing Optimization : Time (s): cpu = 00:00:46 ; elapsed = 00:01:04 . Memory (MB): peak = 760.688 ; gain = 482.398
---------------------------------------------------------------------------------

Report RTL Partitions: 
+-+--------------+------------+----------+
| |RTL Partition |Replication |Instances |
+-+--------------+------------+----------+
+-+--------------+------------+----------+
---------------------------------------------------------------------------------
Start Technology Mapping
---------------------------------------------------------------------------------
---------------------------------------------------------------------------------
Finished Technology Mapping : Time (s): cpu = 00:00:47 ; elapsed = 00:01:04 . Memory (MB): peak = 771.520 ; gain = 493.230
---------------------------------------------------------------------------------

Report RTL Partitions: 
+-+--------------+------------+----------+
| |RTL Partition |Replication |Instances |
+-+--------------+------------+----------+
+-+--------------+------------+----------+
---------------------------------------------------------------------------------
Start IO Insertion
---------------------------------------------------------------------------------
---------------------------------------------------------------------------------
Start Flattening Before IO Insertion
---------------------------------------------------------------------------------
---------------------------------------------------------------------------------
Finished Flattening Before IO Insertion
---------------------------------------------------------------------------------
---------------------------------------------------------------------------------
Start Final Netlist Cleanup
---------------------------------------------------------------------------------
---------------------------------------------------------------------------------
Finished Final Netlist Cleanup
---------------------------------------------------------------------------------
---------------------------------------------------------------------------------
Finished IO Insertion : Time (s): cpu = 00:00:49 ; elapsed = 00:01:06 . Memory (MB): peak = 771.520 ; gain = 493.230
---------------------------------------------------------------------------------

Report Check Netlist: 
+------+------------------+-------+---------+-------+------------------+
|      |Item              |Errors |Warnings |Status |Description       |
+------+------------------+-------+---------+-------+------------------+
|1     |multi_driven_nets |      0|        0|Passed |Multi driven nets |
+------+------------------+-------+---------+-------+------------------+
---------------------------------------------------------------------------------
Start Renaming Generated Instances
---------------------------------------------------------------------------------
---------------------------------------------------------------------------------
Finished Renaming Generated Instances : Time (s): cpu = 00:00:49 ; elapsed = 00:01:06 . Memory (MB): peak = 771.520 ; gain = 493.230
---------------------------------------------------------------------------------

Report RTL Partitions: 
+-+--------------+------------+----------+
| |RTL Partition |Replication |Instances |
+-+--------------+------------+----------+
+-+--------------+------------+----------+
---------------------------------------------------------------------------------
Start Rebuilding User Hierarchy
---------------------------------------------------------------------------------
---------------------------------------------------------------------------------
Finished Rebuilding User Hierarchy : Time (s): cpu = 00:00:49 ; elapsed = 00:01:06 . Memory (MB): peak = 771.520 ; gain = 493.230
---------------------------------------------------------------------------------
---------------------------------------------------------------------------------
Start Renaming Generated Ports
---------------------------------------------------------------------------------
---------------------------------------------------------------------------------
Finished Renaming Generated Ports : Time (s): cpu = 00:00:49 ; elapsed = 00:01:06 . Memory (MB): peak = 771.520 ; gain = 493.230
---------------------------------------------------------------------------------
---------------------------------------------------------------------------------
Start Handling Custom Attributes
---------------------------------------------------------------------------------
---------------------------------------------------------------------------------
Finished Handling Custom Attributes : Time (s): cpu = 00:00:49 ; elapsed = 00:01:06 . Memory (MB): peak = 771.520 ; gain = 493.230
---------------------------------------------------------------------------------
---------------------------------------------------------------------------------
Start Renaming Generated Nets
---------------------------------------------------------------------------------
---------------------------------------------------------------------------------
Finished Renaming Generated Nets : Time (s): cpu = 00:00:49 ; elapsed = 00:01:06 . Memory (MB): peak = 771.520 ; gain = 493.230
---------------------------------------------------------------------------------
---------------------------------------------------------------------------------
Start Writing Synthesis Report
---------------------------------------------------------------------------------

Report BlackBoxes: 
+-+--------------+----------+
| |BlackBox name |Instances |
+-+--------------+----------+
+-+--------------+----------+

Report Cell Usage: 
+------+-----+------+
|      |Cell |Count |
+------+-----+------+
|1     |LUT1 |     1|
|2     |LUT2 |     1|
|3     |LUT3 |     3|
|4     |LUT4 |    24|
|5     |LUT5 |     2|
|6     |LUT6 |    33|
|7     |FDRE |   167|
|8     |FDSE |     2|
+------+-----+------+

Report Instance Areas: 
+------+----------------------------------+-------------------------+------+
|      |Instance                          |Module                   |Cells |
+------+----------------------------------+-------------------------+------+
|1     |top                               |                         |   233|
|2     |  U0                              |dobbelsteen_v1_0         |   233|
|3     |    dobbelsteen_v1_0_S00_AXI_inst |dobbelsteen_v1_0_S00_AXI |   233|
+------+----------------------------------+-------------------------+------+
---------------------------------------------------------------------------------
Finished Writing Synthesis Report : Time (s): cpu = 00:00:49 ; elapsed = 00:01:06 . Memory (MB): peak = 771.520 ; gain = 493.230
---------------------------------------------------------------------------------
Synthesis finished with 0 errors, 0 critical warnings and 6 warnings.
Synthesis Optimization Runtime : Time (s): cpu = 00:00:29 ; elapsed = 00:00:46 . Memory (MB): peak = 771.520 ; gain = 171.527
Synthesis Optimization Complete : Time (s): cpu = 00:00:49 ; elapsed = 00:01:06 . Memory (MB): peak = 771.520 ; gain = 493.230
INFO: [Project 1-571] Translating synthesized netlist
INFO: [Project 1-570] Preparing netlist for logic optimization
INFO: [Opt 31-138] Pushed 0 inverter(s) to 0 load pin(s).
INFO: [Project 1-111] Unisim Transformation Summary:
No Unisim elements were transformed.

INFO: [Common 17-83] Releasing license: Synthesis
36 Infos, 14 Warnings, 0 Critical Warnings and 0 Errors encountered.
synth_design completed successfully
synth_design: Time (s): cpu = 00:00:51 ; elapsed = 00:01:11 . Memory (MB): peak = 785.113 ; gain = 511.723
WARNING: [Constraints 18-5210] No constraint will be written out.
INFO: [Common 17-1381] The checkpoint 'C:/FPGA/Dobbelsteen_ip/Dobbelsteen_ip.runs/design_1_dobbelsteen_0_0_synth_1/design_1_dobbelsteen_0_0.dcp' has been generated.
