Copyright 1986-2018 Xilinx, Inc. All Rights Reserved.
---------------------------------------------------------------------------------------------
| Tool Version : Vivado v.2018.2 (win64) Build 2258646 Thu Jun 14 20:03:12 MDT 2018
| Date         : Thu Oct  4 16:38:50 2018
| Host         : 5CG64360W4 running 64-bit major release  (build 9200)
| Command      : report_control_sets -verbose -file design_1_wrapper_control_sets_placed.rpt
| Design       : design_1_wrapper
| Device       : xc7z007s
---------------------------------------------------------------------------------------------

Control Set Information

Table of Contents
-----------------
1. Summary
2. Histogram
3. Flip-Flop Distribution
4. Detailed Control Set Information

1. Summary
----------

+----------------------------------------------------------+-------+
|                          Status                          | Count |
+----------------------------------------------------------+-------+
| Number of unique control sets                            |    39 |
| Unused register locations in slices containing registers |    44 |
+----------------------------------------------------------+-------+


2. Histogram
------------

+--------+--------------+
| Fanout | Control Sets |
+--------+--------------+
|      4 |            2 |
|      6 |            1 |
|      8 |            7 |
|     10 |            1 |
|     12 |            1 |
|    16+ |           27 |
+--------+--------------+


3. Flip-Flop Distribution
-------------------------

+--------------+-----------------------+------------------------+-----------------+--------------+
| Clock Enable | Synchronous Set/Reset | Asynchronous Set/Reset | Total Registers | Total Slices |
+--------------+-----------------------+------------------------+-----------------+--------------+
| No           | No                    | No                     |             328 |           58 |
| No           | No                    | Yes                    |               0 |            0 |
| No           | Yes                   | No                     |             240 |           41 |
| Yes          | No                    | No                     |             874 |          107 |
| Yes          | No                    | Yes                    |               0 |            0 |
| Yes          | Yes                   | No                     |             154 |           27 |
+--------------+-----------------------+------------------------+-----------------+--------------+


4. Detailed Control Set Information
-----------------------------------

+-------------------------------------------------+----------------------------------------------------------------------------------------------------------------------------------------------------------------+--------------------------------------------------------------------------------------------------------------------------------------------+------------------+----------------+
|                   Clock Signal                  |                                                                          Enable Signal                                                                         |                                                              Set/Reset Signal                                                              | Slice Load Count | Bel Load Count |
+-------------------------------------------------+----------------------------------------------------------------------------------------------------------------------------------------------------------------+--------------------------------------------------------------------------------------------------------------------------------------------+------------------+----------------+
|  design_1_i/processing_system7_0/inst/FCLK_CLK0 |                                                                                                                                                                | design_1_i/ps7_0_axi_periph/xbar/inst/gen_sasd.crossbar_sasd_0/addr_arbiter_inst/s_arvalid_reg                                             |                1 |              4 |
|  design_1_i/processing_system7_0/inst/FCLK_CLK0 | design_1_i/ps7_0_axi_periph/s01_couplers/auto_pc/inst/gen_axilite.gen_b2s_conv.axilite_b2s/WR.b_channel_0/bid_fifo_0/bresp_push                                |                                                                                                                                            |                1 |              4 |
|  design_1_i/processing_system7_0/inst/FCLK_CLK0 | design_1_i/ps7_0_axi_periph/xbar/inst/gen_sasd.crossbar_sasd_0/addr_arbiter_inst/m_grant_enc_i                                                                 | design_1_i/ps7_0_axi_periph/xbar/inst/gen_sasd.crossbar_sasd_0/addr_arbiter_inst/SR[0]                                                     |                1 |              6 |
|  design_1_i/processing_system7_0/inst/FCLK_CLK0 |                                                                                                                                                                | design_1_i/axi_gpio_0/U0/AXI_LITE_IPIF_I/I_SLAVE_ATTACHMENT/clear                                                                          |                2 |              8 |
|  design_1_i/processing_system7_0/inst/FCLK_CLK0 |                                                                                                                                                                | design_1_i/ps7_0_axi_periph/s01_couplers/auto_pc/inst/gen_axilite.gen_b2s_conv.axilite_b2s/SI_REG/ar.ar_pipe/m_valid_i_reg_0               |                3 |              8 |
|  design_1_i/processing_system7_0/inst/FCLK_CLK0 |                                                                                                                                                                | design_1_i/ps7_0_axi_periph/s01_couplers/auto_pc/inst/gen_axilite.gen_b2s_conv.axilite_b2s/SI_REG/aw.aw_pipe/s_ready_i_reg_0               |                2 |              8 |
|  design_1_i/processing_system7_0/inst/FCLK_CLK0 | design_1_i/axi_gpio_0/U0/AXI_LITE_IPIF_I/I_SLAVE_ATTACHMENT/bus2ip_addr_i[8]_i_1_n_0                                                                           | design_1_i/axi_gpio_0/U0/AXI_LITE_IPIF_I/I_SLAVE_ATTACHMENT/SR[0]                                                                          |                1 |              8 |
|  design_1_i/processing_system7_0/inst/FCLK_CLK0 | design_1_i/axi_gpio_0/U0/AXI_LITE_IPIF_I/I_SLAVE_ATTACHMENT/start2                                                                                             | design_1_i/axi_gpio_0/U0/AXI_LITE_IPIF_I/I_SLAVE_ATTACHMENT/I_DECODER/cs_ce_clr                                                            |                1 |              8 |
|  design_1_i/processing_system7_0/inst/FCLK_CLK0 | design_1_i/ps7_0_axi_periph/s01_couplers/auto_pc/inst/gen_axilite.gen_b2s_conv.axilite_b2s/WR.aw_channel_0/aw_cmd_fsm_0/axaddr_wrap_reg[11][0]                 | design_1_i/ps7_0_axi_periph/s01_couplers/auto_pc/inst/gen_axilite.gen_b2s_conv.axilite_b2s/WR.aw_channel_0/aw_cmd_fsm_0/axlen_cnt_reg[7]_1 |                3 |              8 |
|  design_1_i/processing_system7_0/inst/FCLK_CLK0 | design_1_i/ps7_0_axi_periph/s01_couplers/auto_pc/inst/gen_axilite.gen_b2s_conv.axilite_b2s/RD.ar_channel_0/ar_cmd_fsm_0/E[0]                                   | design_1_i/ps7_0_axi_periph/s01_couplers/auto_pc/inst/gen_axilite.gen_b2s_conv.axilite_b2s/RD.ar_channel_0/ar_cmd_fsm_0/axlen_cnt_reg[7]   |                2 |              8 |
|  design_1_i/processing_system7_0/inst/FCLK_CLK0 |                                                                                                                                                                | design_1_i/rst_ps7_0_50M/U0/EXT_LPF/lpf_int                                                                                                |                4 |             10 |
|  design_1_i/processing_system7_0/inst/FCLK_CLK0 | design_1_i/rst_ps7_0_50M/U0/SEQ/seq_cnt_en                                                                                                                     | design_1_i/rst_ps7_0_50M/U0/SEQ/SEQ_COUNTER/clear                                                                                          |                1 |             12 |
|  design_1_i/processing_system7_0/inst/FCLK_CLK0 |                                                                                                                                                                | design_1_i/axi_gpio_0/U0/gpio_core_1/Read_Reg_Rst__0                                                                                       |                1 |             16 |
|  design_1_i/processing_system7_0/inst/FCLK_CLK0 | design_1_i/ps7_0_axi_periph/s01_couplers/auto_pc/inst/gen_axilite.gen_b2s_conv.axilite_b2s/WR.b_channel_0/mhandshake_r                                         | design_1_i/ps7_0_axi_periph/s01_couplers/auto_pc/inst/gen_axilite.gen_b2s_conv.axilite_b2s/WR.b_channel_0/bid_fifo_0/SR[0]                 |                3 |             16 |
|  design_1_i/processing_system7_0/inst/FCLK_CLK0 |                                                                                                                                                                | design_1_i/ps7_0_axi_periph/xbar/inst/gen_sasd.crossbar_sasd_0/addr_arbiter_inst/SR[0]                                                     |                4 |             18 |
|  design_1_i/processing_system7_0/inst/FCLK_CLK0 | design_1_i/axi_gpio_0/U0/AXI_LITE_IPIF_I/I_SLAVE_ATTACHMENT/s_axi_rresp_i                                                                                      | design_1_i/axi_gpio_0/U0/AXI_LITE_IPIF_I/I_SLAVE_ATTACHMENT/SR[0]                                                                          |                3 |             18 |
|  design_1_i/processing_system7_0/inst/FCLK_CLK0 | design_1_i/ps7_0_axi_periph/s01_couplers/auto_pc/inst/gen_axilite.gen_b2s_conv.axilite_b2s/RD.ar_channel_0/ar_cmd_fsm_0/wrap_boundary_axaddr_r_reg[11][0]      |                                                                                                                                            |                5 |             24 |
|  design_1_i/processing_system7_0/inst/FCLK_CLK0 | design_1_i/ps7_0_axi_periph/s01_couplers/auto_pc/inst/gen_axilite.gen_b2s_conv.axilite_b2s/WR.aw_channel_0/aw_cmd_fsm_0/E[0]                                   |                                                                                                                                            |                6 |             24 |
|  design_1_i/processing_system7_0/inst/FCLK_CLK0 | design_1_i/ps7_0_axi_periph/s01_couplers/auto_pc/inst/gen_axilite.gen_b2s_conv.axilite_b2s/WR.aw_channel_0/cmd_translator_0/incr_cmd_0/axaddr_incr[11]_i_1_n_0 |                                                                                                                                            |                2 |             24 |
|  design_1_i/processing_system7_0/inst/FCLK_CLK0 | design_1_i/ps7_0_axi_periph/s01_couplers/auto_pc/inst/gen_axilite.gen_b2s_conv.axilite_b2s/RD.ar_channel_0/ar_cmd_fsm_0/axaddr_incr_reg[0][0]                  |                                                                                                                                            |                2 |             24 |
|  design_1_i/processing_system7_0/inst/FCLK_CLK0 | design_1_i/ps7_0_axi_periph/s01_couplers/auto_pc/inst/gen_axilite.gen_b2s_conv.axilite_b2s/RD.r_channel_0/r_push_r                                             |                                                                                                                                            |                4 |             26 |
|  design_1_i/processing_system7_0/inst/FCLK_CLK0 | design_1_i/ps7_0_axi_periph/s01_couplers/auto_pc/inst/gen_axilite.gen_b2s_conv.axilite_b2s/SI_REG/b.b_pipe/p_1_in                                              |                                                                                                                                            |                4 |             28 |
|  design_1_i/processing_system7_0/inst/FCLK_CLK0 | design_1_i/ps7_0_axi_periph/s01_couplers/auto_pc/inst/gen_axilite.gen_b2s_conv.axilite_b2s/SI_REG/b.b_pipe/skid_buffer_reg[0]_0                                |                                                                                                                                            |                4 |             28 |
|  design_1_i/processing_system7_0/inst/FCLK_CLK0 | design_1_i/axi_gpio_0/U0/AXI_LITE_IPIF_I/I_SLAVE_ATTACHMENT/I_DECODER/E[0]                                                                                     | design_1_i/axi_gpio_0/U0/AXI_LITE_IPIF_I/I_SLAVE_ATTACHMENT/SR[0]                                                                          |                6 |             32 |
|  design_1_i/processing_system7_0/inst/FCLK_CLK0 | design_1_i/ps7_0_axi_periph/s01_couplers/auto_pc/inst/gen_axilite.gen_b2s_conv.axilite_b2s/WR.aw_channel_0/aw_cmd_fsm_0/b_push                                 |                                                                                                                                            |                3 |             32 |
|  design_1_i/processing_system7_0/inst/FCLK_CLK0 | design_1_i/ps7_0_axi_periph/xbar/inst/gen_sasd.crossbar_sasd_0/addr_arbiter_inst/p_0_in                                                                        | design_1_i/ps7_0_axi_periph/xbar/inst/gen_sasd.crossbar_sasd_0/addr_arbiter_inst/SR[0]                                                     |                6 |             38 |
|  design_1_i/processing_system7_0/inst/FCLK_CLK0 | design_1_i/ps7_0_axi_periph/s01_couplers/auto_pc/inst/gen_axilite.gen_b2s_conv.axilite_b2s/WR.aw_channel_0/aw_cmd_fsm_0/axaddr_wrap_reg[11][0]                 |                                                                                                                                            |                8 |             40 |
|  design_1_i/processing_system7_0/inst/FCLK_CLK0 | design_1_i/ps7_0_axi_periph/s01_couplers/auto_pc/inst/gen_axilite.gen_b2s_conv.axilite_b2s/RD.ar_channel_0/ar_cmd_fsm_0/E[0]                                   |                                                                                                                                            |                7 |             40 |
|  design_1_i/processing_system7_0/inst/FCLK_CLK0 |                                                                                                                                                                | design_1_i/axi_gpio_0/U0/AXI_LITE_IPIF_I/I_SLAVE_ATTACHMENT/SR[0]                                                                          |                8 |             48 |
|  design_1_i/processing_system7_0/inst/FCLK_CLK0 | design_1_i/ps7_0_axi_periph/s01_couplers/auto_pc/inst/gen_axilite.gen_b2s_conv.axilite_b2s/RD.r_channel_0/rd_data_fifo_0/wr_en0                                |                                                                                                                                            |                9 |             68 |
|  design_1_i/processing_system7_0/inst/FCLK_CLK0 | design_1_i/ps7_0_axi_periph/xbar/inst/gen_sasd.crossbar_sasd_0/addr_arbiter_inst/E[0]                                                                          |                                                                                                                                            |               11 |             70 |
|  design_1_i/processing_system7_0/inst/FCLK_CLK0 | design_1_i/ps7_0_axi_periph/s01_couplers/auto_pc/inst/gen_axilite.gen_b2s_conv.axilite_b2s/SI_REG/r.r_pipe/skid_buffer_reg[0]_0                                |                                                                                                                                            |                9 |             94 |
|  design_1_i/processing_system7_0/inst/FCLK_CLK0 | design_1_i/ps7_0_axi_periph/s01_couplers/auto_pc/inst/gen_axilite.gen_b2s_conv.axilite_b2s/SI_REG/r.r_pipe/p_1_in                                              |                                                                                                                                            |               10 |             94 |
|  design_1_i/processing_system7_0/inst/FCLK_CLK0 | design_1_i/ps7_0_axi_periph/s01_couplers/auto_pc/inst/gen_axilite.gen_b2s_conv.axilite_b2s/SI_REG/aw.aw_pipe/s_axi_awready                                     |                                                                                                                                            |               10 |             96 |
|  design_1_i/processing_system7_0/inst/FCLK_CLK0 | design_1_i/ps7_0_axi_periph/s01_couplers/auto_pc/inst/gen_axilite.gen_b2s_conv.axilite_b2s/WR.aw_channel_0/aw_cmd_fsm_0/m_payload_i_reg[0][0]                  |                                                                                                                                            |               10 |             96 |
|  design_1_i/processing_system7_0/inst/FCLK_CLK0 | design_1_i/ps7_0_axi_periph/s01_couplers/auto_pc/inst/gen_axilite.gen_b2s_conv.axilite_b2s/SI_REG/ar.ar_pipe/s_axi_arready                                     |                                                                                                                                            |               10 |             96 |
|  design_1_i/processing_system7_0/inst/FCLK_CLK0 | design_1_i/ps7_0_axi_periph/s01_couplers/auto_pc/inst/gen_axilite.gen_b2s_conv.axilite_b2s/RD.ar_channel_0/ar_cmd_fsm_0/m_payload_i_reg[0]_1[0]                |                                                                                                                                            |                9 |             96 |
|  design_1_i/processing_system7_0/inst/FCLK_CLK0 |                                                                                                                                                                | design_1_i/ps7_0_axi_periph/s01_couplers/auto_pc/inst/gen_axilite.gen_b2s_conv.axilite_b2s/areset_d1                                       |               16 |            120 |
|  design_1_i/processing_system7_0/inst/FCLK_CLK0 |                                                                                                                                                                |                                                                                                                                            |               59 |            330 |
+-------------------------------------------------+----------------------------------------------------------------------------------------------------------------------------------------------------------------+--------------------------------------------------------------------------------------------------------------------------------------------+------------------+----------------+


