20:23:39 INFO  : Registering command handlers for SDK TCF services
20:23:41 INFO  : Launching XSCT server: xsct.bat -interactive C:\Users\20002890\WS2812\WS2812.sdk\temp_xsdb_launch_script.tcl
20:23:45 INFO  : XSCT server has started successfully.
20:23:45 INFO  : Successfully done setting XSCT server connection channel  
20:23:57 INFO  : Successfully done setting SDK workspace  
20:23:57 INFO  : Processing command line option -hwspec C:/Users/20002890/WS2812/WS2812.sdk/design_1_wrapper.hdf.
20:26:03 INFO  : Connected to target on host '127.0.0.1' and port '3121'.
20:26:04 INFO  : 'targets -set -filter {jtag_cable_name =~ "Avnet MiniZed V1 1234-oj1A" && level==0} -index 1' command is executed.
20:26:05 INFO  : FPGA configured successfully with bitstream "C:/Users/20002890/WS2812/WS2812.sdk/design_1_wrapper_hw_platform_0/design_1_wrapper.bit"
20:28:09 INFO  : Connected to target on host '127.0.0.1' and port '3121'.
20:28:09 INFO  : 'targets -set -filter {jtag_cable_name =~ "Avnet MiniZed V1 1234-oj1A" && level==0} -index 1' command is executed.
20:28:11 INFO  : FPGA configured successfully with bitstream "C:/Users/20002890/WS2812/WS2812.sdk/design_1_wrapper_hw_platform_0/design_1_wrapper.bit"
20:29:40 INFO  : 'targets -set -filter {jtag_cable_name =~ "Avnet MiniZed V1 1234-oj1A" && level==0} -index 1' command is executed.
20:29:40 INFO  : 'fpga -state' command is executed.
20:29:40 INFO  : Connected to target on host '127.0.0.1' and port '3121'.
20:29:40 INFO  : Jtag cable 'Avnet MiniZed V1 1234-oj1A' is selected.
20:29:40 INFO  : 'jtag frequency' command is executed.
20:29:41 INFO  : Sourcing of 'C:/Users/20002890/WS2812/WS2812.sdk/design_1_wrapper_hw_platform_0/ps7_init.tcl' is done.
20:29:41 INFO  : Context for 'APU' is selected.
20:29:41 INFO  : Hardware design information is loaded from 'C:/Users/20002890/WS2812/WS2812.sdk/design_1_wrapper_hw_platform_0/system.hdf'.
20:29:41 INFO  : 'configparams force-mem-access 1' command is executed.
20:29:41 INFO  : Context for 'APU' is selected.
20:29:41 INFO  : 'stop' command is executed.
20:29:41 INFO  : 'ps7_init' command is executed.
20:29:41 INFO  : 'ps7_post_config' command is executed.
20:29:41 INFO  : Context for processor 'ps7_cortexa9_0' is selected.
20:29:41 INFO  : Processor reset is completed for 'ps7_cortexa9_0'.
20:29:42 INFO  : Context for processor 'ps7_cortexa9_0' is selected.
20:29:42 INFO  : The application 'C:/Users/20002890/WS2812/WS2812.sdk/test/Debug/test.elf' is downloaded to processor 'ps7_cortexa9_0'.
20:29:42 INFO  : 'configparams force-mem-access 0' command is executed.
20:29:42 INFO  : ----------------XSDB Script----------------
connect -url tcp:127.0.0.1:3121
source C:/Users/20002890/WS2812/WS2812.sdk/design_1_wrapper_hw_platform_0/ps7_init.tcl
targets -set -nocase -filter {name =~"APU*" && jtag_cable_name =~ "Avnet MiniZed V1 1234-oj1A"} -index 0
loadhw -hw C:/Users/20002890/WS2812/WS2812.sdk/design_1_wrapper_hw_platform_0/system.hdf -mem-ranges [list {0x40000000 0xbfffffff}]
configparams force-mem-access 1
targets -set -nocase -filter {name =~"APU*" && jtag_cable_name =~ "Avnet MiniZed V1 1234-oj1A"} -index 0
stop
ps7_init
ps7_post_config
targets -set -nocase -filter {name =~ "ARM*#0" && jtag_cable_name =~ "Avnet MiniZed V1 1234-oj1A"} -index 0
rst -processor
targets -set -nocase -filter {name =~ "ARM*#0" && jtag_cable_name =~ "Avnet MiniZed V1 1234-oj1A"} -index 0
dow C:/Users/20002890/WS2812/WS2812.sdk/test/Debug/test.elf
configparams force-mem-access 0
----------------End of Script----------------

20:29:42 INFO  : Memory regions updated for context APU
20:29:42 INFO  : Context for processor 'ps7_cortexa9_0' is selected.
20:29:42 INFO  : 'con' command is executed.
20:29:42 INFO  : ----------------XSDB Script (After Launch)----------------
targets -set -nocase -filter {name =~ "ARM*#0" && jtag_cable_name =~ "Avnet MiniZed V1 1234-oj1A"} -index 0
con
----------------End of Script----------------

20:29:42 INFO  : Launch script is exported to file 'C:\Users\20002890\WS2812\WS2812.sdk\.sdk\launch_scripts\xilinx_c-c++_application_(system_debugger)\system_debugger_using_debug_test.elf_on_local.tcl'
20:30:23 INFO  : Disconnected from the channel tcfchan#1.
20:30:24 INFO  : 'targets -set -filter {jtag_cable_name =~ "Avnet MiniZed V1 1234-oj1A" && level==0} -index 1' command is executed.
20:30:24 INFO  : 'fpga -state' command is executed.
20:30:24 INFO  : Connected to target on host '127.0.0.1' and port '3121'.
20:30:25 INFO  : Jtag cable 'Avnet MiniZed V1 1234-oj1A' is selected.
20:30:25 INFO  : 'jtag frequency' command is executed.
20:30:25 INFO  : Sourcing of 'C:/Users/20002890/WS2812/WS2812.sdk/design_1_wrapper_hw_platform_0/ps7_init.tcl' is done.
20:30:25 INFO  : Context for 'APU' is selected.
20:30:27 INFO  : Hardware design information is loaded from 'C:/Users/20002890/WS2812/WS2812.sdk/design_1_wrapper_hw_platform_0/system.hdf'.
20:30:27 INFO  : 'configparams force-mem-access 1' command is executed.
20:30:27 INFO  : Context for 'APU' is selected.
20:30:27 INFO  : 'stop' command is executed.
20:30:28 INFO  : 'ps7_init' command is executed.
20:30:28 INFO  : 'ps7_post_config' command is executed.
20:30:28 INFO  : Context for processor 'ps7_cortexa9_0' is selected.
20:30:28 INFO  : Processor reset is completed for 'ps7_cortexa9_0'.
20:30:28 INFO  : Context for processor 'ps7_cortexa9_0' is selected.
20:30:28 INFO  : The application 'C:/Users/20002890/WS2812/WS2812.sdk/test/Debug/test.elf' is downloaded to processor 'ps7_cortexa9_0'.
20:30:28 INFO  : 'configparams force-mem-access 0' command is executed.
20:30:28 INFO  : ----------------XSDB Script----------------
connect -url tcp:127.0.0.1:3121
source C:/Users/20002890/WS2812/WS2812.sdk/design_1_wrapper_hw_platform_0/ps7_init.tcl
targets -set -nocase -filter {name =~"APU*" && jtag_cable_name =~ "Avnet MiniZed V1 1234-oj1A"} -index 0
loadhw -hw C:/Users/20002890/WS2812/WS2812.sdk/design_1_wrapper_hw_platform_0/system.hdf -mem-ranges [list {0x40000000 0xbfffffff}]
configparams force-mem-access 1
targets -set -nocase -filter {name =~"APU*" && jtag_cable_name =~ "Avnet MiniZed V1 1234-oj1A"} -index 0
stop
ps7_init
ps7_post_config
targets -set -nocase -filter {name =~ "ARM*#0" && jtag_cable_name =~ "Avnet MiniZed V1 1234-oj1A"} -index 0
rst -processor
targets -set -nocase -filter {name =~ "ARM*#0" && jtag_cable_name =~ "Avnet MiniZed V1 1234-oj1A"} -index 0
dow C:/Users/20002890/WS2812/WS2812.sdk/test/Debug/test.elf
configparams force-mem-access 0
----------------End of Script----------------

20:30:28 INFO  : Memory regions updated for context APU
20:30:28 INFO  : Context for processor 'ps7_cortexa9_0' is selected.
20:30:28 INFO  : 'con' command is executed.
20:30:28 INFO  : ----------------XSDB Script (After Launch)----------------
targets -set -nocase -filter {name =~ "ARM*#0" && jtag_cable_name =~ "Avnet MiniZed V1 1234-oj1A"} -index 0
con
----------------End of Script----------------

20:30:28 INFO  : Launch script is exported to file 'C:\Users\20002890\WS2812\WS2812.sdk\.sdk\launch_scripts\xilinx_c-c++_application_(system_debugger)\system_debugger_using_debug_test.elf_on_local.tcl'
20:31:27 INFO  : Refreshed build settings on project test
20:34:24 INFO  : Connected to target on host '127.0.0.1' and port '3121'.
20:34:24 INFO  : 'targets -set -filter {jtag_cable_name =~ "Avnet MiniZed V1 1234-oj1A" && level==0} -index 1' command is executed.
20:34:25 INFO  : FPGA configured successfully with bitstream "C:/Users/20002890/WS2812/WS2812.sdk/design_1_wrapper_hw_platform_0/design_1_wrapper.bit"
20:34:41 INFO  : Disconnected from the channel tcfchan#2.
20:34:43 INFO  : 'targets -set -filter {jtag_cable_name =~ "Avnet MiniZed V1 1234-oj1A" && level==0} -index 1' command is executed.
20:34:43 INFO  : 'fpga -state' command is executed.
20:34:43 INFO  : Connected to target on host '127.0.0.1' and port '3121'.
20:34:43 INFO  : Jtag cable 'Avnet MiniZed V1 1234-oj1A' is selected.
20:34:43 INFO  : 'jtag frequency' command is executed.
20:34:43 INFO  : Sourcing of 'C:/Users/20002890/WS2812/WS2812.sdk/design_1_wrapper_hw_platform_0/ps7_init.tcl' is done.
20:34:43 INFO  : Context for 'APU' is selected.
20:34:46 INFO  : Hardware design information is loaded from 'C:/Users/20002890/WS2812/WS2812.sdk/design_1_wrapper_hw_platform_0/system.hdf'.
20:34:46 INFO  : 'configparams force-mem-access 1' command is executed.
20:34:46 INFO  : Context for 'APU' is selected.
20:34:46 INFO  : 'stop' command is executed.
20:34:47 INFO  : 'ps7_init' command is executed.
20:34:47 INFO  : 'ps7_post_config' command is executed.
20:34:47 INFO  : Context for processor 'ps7_cortexa9_0' is selected.
20:34:47 INFO  : Processor reset is completed for 'ps7_cortexa9_0'.
20:34:47 INFO  : Context for processor 'ps7_cortexa9_0' is selected.
20:34:48 INFO  : The application 'C:/Users/20002890/WS2812/WS2812.sdk/test/Debug/test.elf' is downloaded to processor 'ps7_cortexa9_0'.
20:34:48 INFO  : 'configparams force-mem-access 0' command is executed.
20:34:48 INFO  : ----------------XSDB Script----------------
connect -url tcp:127.0.0.1:3121
source C:/Users/20002890/WS2812/WS2812.sdk/design_1_wrapper_hw_platform_0/ps7_init.tcl
targets -set -nocase -filter {name =~"APU*" && jtag_cable_name =~ "Avnet MiniZed V1 1234-oj1A"} -index 0
loadhw -hw C:/Users/20002890/WS2812/WS2812.sdk/design_1_wrapper_hw_platform_0/system.hdf -mem-ranges [list {0x40000000 0xbfffffff}]
configparams force-mem-access 1
targets -set -nocase -filter {name =~"APU*" && jtag_cable_name =~ "Avnet MiniZed V1 1234-oj1A"} -index 0
stop
ps7_init
ps7_post_config
targets -set -nocase -filter {name =~ "ARM*#0" && jtag_cable_name =~ "Avnet MiniZed V1 1234-oj1A"} -index 0
rst -processor
targets -set -nocase -filter {name =~ "ARM*#0" && jtag_cable_name =~ "Avnet MiniZed V1 1234-oj1A"} -index 0
dow C:/Users/20002890/WS2812/WS2812.sdk/test/Debug/test.elf
configparams force-mem-access 0
----------------End of Script----------------

20:34:48 INFO  : Memory regions updated for context APU
20:34:48 INFO  : Context for processor 'ps7_cortexa9_0' is selected.
20:34:48 INFO  : 'con' command is executed.
20:34:48 INFO  : ----------------XSDB Script (After Launch)----------------
targets -set -nocase -filter {name =~ "ARM*#0" && jtag_cable_name =~ "Avnet MiniZed V1 1234-oj1A"} -index 0
con
----------------End of Script----------------

20:34:48 INFO  : Launch script is exported to file 'C:\Users\20002890\WS2812\WS2812.sdk\.sdk\launch_scripts\xilinx_c-c++_application_(system_debugger)\system_debugger_using_debug_test.elf_on_local.tcl'
20:40:02 INFO  : Connected to target on host '127.0.0.1' and port '3121'.
20:40:02 INFO  : 'targets -set -filter {jtag_cable_name =~ "Avnet MiniZed V1 1234-oj1A" && level==0} -index 1' command is executed.
20:40:03 INFO  : FPGA configured successfully with bitstream "C:/Users/20002890/WS2812/WS2812.sdk/design_1_wrapper_hw_platform_0/design_1_wrapper.bit"
20:40:11 INFO  : Disconnected from the channel tcfchan#3.
20:40:12 INFO  : 'targets -set -filter {jtag_cable_name =~ "Avnet MiniZed V1 1234-oj1A" && level==0} -index 1' command is executed.
20:40:12 INFO  : 'fpga -state' command is executed.
20:40:12 INFO  : Connected to target on host '127.0.0.1' and port '3121'.
20:40:13 INFO  : Jtag cable 'Avnet MiniZed V1 1234-oj1A' is selected.
20:40:13 INFO  : 'jtag frequency' command is executed.
20:40:13 INFO  : Sourcing of 'C:/Users/20002890/WS2812/WS2812.sdk/design_1_wrapper_hw_platform_0/ps7_init.tcl' is done.
20:40:13 INFO  : Context for 'APU' is selected.
20:40:15 INFO  : Hardware design information is loaded from 'C:/Users/20002890/WS2812/WS2812.sdk/design_1_wrapper_hw_platform_0/system.hdf'.
20:40:15 INFO  : 'configparams force-mem-access 1' command is executed.
20:40:15 INFO  : Context for 'APU' is selected.
20:40:15 INFO  : 'stop' command is executed.
20:40:16 INFO  : 'ps7_init' command is executed.
20:40:16 INFO  : 'ps7_post_config' command is executed.
20:40:16 INFO  : Context for processor 'ps7_cortexa9_0' is selected.
20:40:16 INFO  : Processor reset is completed for 'ps7_cortexa9_0'.
20:40:16 INFO  : Context for processor 'ps7_cortexa9_0' is selected.
20:40:16 INFO  : The application 'C:/Users/20002890/WS2812/WS2812.sdk/test/Debug/test.elf' is downloaded to processor 'ps7_cortexa9_0'.
20:40:16 INFO  : 'configparams force-mem-access 0' command is executed.
20:40:16 INFO  : ----------------XSDB Script----------------
connect -url tcp:127.0.0.1:3121
source C:/Users/20002890/WS2812/WS2812.sdk/design_1_wrapper_hw_platform_0/ps7_init.tcl
targets -set -nocase -filter {name =~"APU*" && jtag_cable_name =~ "Avnet MiniZed V1 1234-oj1A"} -index 0
loadhw -hw C:/Users/20002890/WS2812/WS2812.sdk/design_1_wrapper_hw_platform_0/system.hdf -mem-ranges [list {0x40000000 0xbfffffff}]
configparams force-mem-access 1
targets -set -nocase -filter {name =~"APU*" && jtag_cable_name =~ "Avnet MiniZed V1 1234-oj1A"} -index 0
stop
ps7_init
ps7_post_config
targets -set -nocase -filter {name =~ "ARM*#0" && jtag_cable_name =~ "Avnet MiniZed V1 1234-oj1A"} -index 0
rst -processor
targets -set -nocase -filter {name =~ "ARM*#0" && jtag_cable_name =~ "Avnet MiniZed V1 1234-oj1A"} -index 0
dow C:/Users/20002890/WS2812/WS2812.sdk/test/Debug/test.elf
configparams force-mem-access 0
----------------End of Script----------------

20:40:16 INFO  : Memory regions updated for context APU
20:40:16 INFO  : Context for processor 'ps7_cortexa9_0' is selected.
20:40:16 INFO  : 'con' command is executed.
20:40:16 INFO  : ----------------XSDB Script (After Launch)----------------
targets -set -nocase -filter {name =~ "ARM*#0" && jtag_cable_name =~ "Avnet MiniZed V1 1234-oj1A"} -index 0
con
----------------End of Script----------------

20:40:16 INFO  : Launch script is exported to file 'C:\Users\20002890\WS2812\WS2812.sdk\.sdk\launch_scripts\xilinx_c-c++_application_(system_debugger)\system_debugger_using_debug_test.elf_on_local.tcl'
20:40:53 INFO  : Connected to target on host '127.0.0.1' and port '3121'.
20:40:53 INFO  : 'targets -set -filter {jtag_cable_name =~ "Avnet MiniZed V1 1234-oj1A" && level==0} -index 1' command is executed.
20:40:54 INFO  : FPGA configured successfully with bitstream "C:/Users/20002890/WS2812/WS2812.sdk/design_1_wrapper_hw_platform_0/design_1_wrapper.bit"
20:41:02 INFO  : Disconnected from the channel tcfchan#4.
20:41:03 INFO  : 'targets -set -filter {jtag_cable_name =~ "Avnet MiniZed V1 1234-oj1A" && level==0} -index 1' command is executed.
20:41:03 INFO  : 'fpga -state' command is executed.
20:41:03 INFO  : Connected to target on host '127.0.0.1' and port '3121'.
20:41:04 INFO  : Jtag cable 'Avnet MiniZed V1 1234-oj1A' is selected.
20:41:04 INFO  : 'jtag frequency' command is executed.
20:41:04 INFO  : Sourcing of 'C:/Users/20002890/WS2812/WS2812.sdk/design_1_wrapper_hw_platform_0/ps7_init.tcl' is done.
20:41:04 INFO  : Context for 'APU' is selected.
20:41:07 INFO  : Hardware design information is loaded from 'C:/Users/20002890/WS2812/WS2812.sdk/design_1_wrapper_hw_platform_0/system.hdf'.
20:41:07 INFO  : 'configparams force-mem-access 1' command is executed.
20:41:07 INFO  : Context for 'APU' is selected.
20:41:07 INFO  : 'stop' command is executed.
20:41:08 INFO  : 'ps7_init' command is executed.
20:41:08 INFO  : 'ps7_post_config' command is executed.
20:41:08 INFO  : Context for processor 'ps7_cortexa9_0' is selected.
20:41:08 INFO  : Processor reset is completed for 'ps7_cortexa9_0'.
20:41:08 INFO  : Context for processor 'ps7_cortexa9_0' is selected.
20:41:08 INFO  : The application 'C:/Users/20002890/WS2812/WS2812.sdk/test/Debug/test.elf' is downloaded to processor 'ps7_cortexa9_0'.
20:41:08 INFO  : 'configparams force-mem-access 0' command is executed.
20:41:08 INFO  : ----------------XSDB Script----------------
connect -url tcp:127.0.0.1:3121
source C:/Users/20002890/WS2812/WS2812.sdk/design_1_wrapper_hw_platform_0/ps7_init.tcl
targets -set -nocase -filter {name =~"APU*" && jtag_cable_name =~ "Avnet MiniZed V1 1234-oj1A"} -index 0
loadhw -hw C:/Users/20002890/WS2812/WS2812.sdk/design_1_wrapper_hw_platform_0/system.hdf -mem-ranges [list {0x40000000 0xbfffffff}]
configparams force-mem-access 1
targets -set -nocase -filter {name =~"APU*" && jtag_cable_name =~ "Avnet MiniZed V1 1234-oj1A"} -index 0
stop
ps7_init
ps7_post_config
targets -set -nocase -filter {name =~ "ARM*#0" && jtag_cable_name =~ "Avnet MiniZed V1 1234-oj1A"} -index 0
rst -processor
targets -set -nocase -filter {name =~ "ARM*#0" && jtag_cable_name =~ "Avnet MiniZed V1 1234-oj1A"} -index 0
dow C:/Users/20002890/WS2812/WS2812.sdk/test/Debug/test.elf
configparams force-mem-access 0
----------------End of Script----------------

20:41:08 INFO  : Memory regions updated for context APU
20:41:08 INFO  : Context for processor 'ps7_cortexa9_0' is selected.
20:41:08 INFO  : 'con' command is executed.
20:41:08 INFO  : ----------------XSDB Script (After Launch)----------------
targets -set -nocase -filter {name =~ "ARM*#0" && jtag_cable_name =~ "Avnet MiniZed V1 1234-oj1A"} -index 0
con
----------------End of Script----------------

20:41:08 INFO  : Launch script is exported to file 'C:\Users\20002890\WS2812\WS2812.sdk\.sdk\launch_scripts\xilinx_c-c++_application_(system_debugger)\system_debugger_using_debug_test.elf_on_local.tcl'
20:41:42 INFO  : Disconnected from the channel tcfchan#5.
20:41:44 INFO  : 'targets -set -filter {jtag_cable_name =~ "Avnet MiniZed V1 1234-oj1A" && level==0} -index 1' command is executed.
20:41:44 INFO  : 'fpga -state' command is executed.
20:41:44 INFO  : Connected to target on host '127.0.0.1' and port '3121'.
20:41:44 INFO  : Jtag cable 'Avnet MiniZed V1 1234-oj1A' is selected.
20:41:44 INFO  : 'jtag frequency' command is executed.
20:41:44 INFO  : Sourcing of 'C:/Users/20002890/WS2812/WS2812.sdk/design_1_wrapper_hw_platform_0/ps7_init.tcl' is done.
20:41:44 INFO  : Context for 'APU' is selected.
20:41:47 INFO  : Hardware design information is loaded from 'C:/Users/20002890/WS2812/WS2812.sdk/design_1_wrapper_hw_platform_0/system.hdf'.
20:41:47 INFO  : 'configparams force-mem-access 1' command is executed.
20:41:47 INFO  : Context for 'APU' is selected.
20:41:47 INFO  : 'stop' command is executed.
20:41:48 INFO  : 'ps7_init' command is executed.
20:41:48 INFO  : 'ps7_post_config' command is executed.
20:41:48 INFO  : Context for processor 'ps7_cortexa9_0' is selected.
20:41:48 INFO  : Processor reset is completed for 'ps7_cortexa9_0'.
20:41:48 INFO  : Context for processor 'ps7_cortexa9_0' is selected.
20:41:48 INFO  : The application 'C:/Users/20002890/WS2812/WS2812.sdk/test/Debug/test.elf' is downloaded to processor 'ps7_cortexa9_0'.
20:41:48 INFO  : 'configparams force-mem-access 0' command is executed.
20:41:48 INFO  : ----------------XSDB Script----------------
connect -url tcp:127.0.0.1:3121
source C:/Users/20002890/WS2812/WS2812.sdk/design_1_wrapper_hw_platform_0/ps7_init.tcl
targets -set -nocase -filter {name =~"APU*" && jtag_cable_name =~ "Avnet MiniZed V1 1234-oj1A"} -index 0
loadhw -hw C:/Users/20002890/WS2812/WS2812.sdk/design_1_wrapper_hw_platform_0/system.hdf -mem-ranges [list {0x40000000 0xbfffffff}]
configparams force-mem-access 1
targets -set -nocase -filter {name =~"APU*" && jtag_cable_name =~ "Avnet MiniZed V1 1234-oj1A"} -index 0
stop
ps7_init
ps7_post_config
targets -set -nocase -filter {name =~ "ARM*#0" && jtag_cable_name =~ "Avnet MiniZed V1 1234-oj1A"} -index 0
rst -processor
targets -set -nocase -filter {name =~ "ARM*#0" && jtag_cable_name =~ "Avnet MiniZed V1 1234-oj1A"} -index 0
dow C:/Users/20002890/WS2812/WS2812.sdk/test/Debug/test.elf
configparams force-mem-access 0
----------------End of Script----------------

20:41:48 INFO  : Memory regions updated for context APU
20:41:48 INFO  : Context for processor 'ps7_cortexa9_0' is selected.
20:41:48 INFO  : 'con' command is executed.
20:41:48 INFO  : ----------------XSDB Script (After Launch)----------------
targets -set -nocase -filter {name =~ "ARM*#0" && jtag_cable_name =~ "Avnet MiniZed V1 1234-oj1A"} -index 0
con
----------------End of Script----------------

20:41:48 INFO  : Launch script is exported to file 'C:\Users\20002890\WS2812\WS2812.sdk\.sdk\launch_scripts\xilinx_c-c++_application_(system_debugger)\system_debugger_using_debug_test.elf_on_local.tcl'
20:42:14 INFO  : Connected to target on host '127.0.0.1' and port '3121'.
20:42:14 INFO  : 'targets -set -filter {jtag_cable_name =~ "Avnet MiniZed V1 1234-oj1A" && level==0} -index 1' command is executed.
20:42:15 INFO  : FPGA configured successfully with bitstream "C:/Users/20002890/WS2812/WS2812.sdk/design_1_wrapper_hw_platform_0/design_1_wrapper.bit"
20:42:22 INFO  : Disconnected from the channel tcfchan#6.
20:42:24 INFO  : 'targets -set -filter {jtag_cable_name =~ "Avnet MiniZed V1 1234-oj1A" && level==0} -index 1' command is executed.
20:42:24 INFO  : 'fpga -state' command is executed.
20:42:24 INFO  : Connected to target on host '127.0.0.1' and port '3121'.
20:42:24 INFO  : Jtag cable 'Avnet MiniZed V1 1234-oj1A' is selected.
20:42:24 INFO  : 'jtag frequency' command is executed.
20:42:24 INFO  : Sourcing of 'C:/Users/20002890/WS2812/WS2812.sdk/design_1_wrapper_hw_platform_0/ps7_init.tcl' is done.
20:42:24 INFO  : Context for 'APU' is selected.
20:42:27 INFO  : Hardware design information is loaded from 'C:/Users/20002890/WS2812/WS2812.sdk/design_1_wrapper_hw_platform_0/system.hdf'.
20:42:27 INFO  : 'configparams force-mem-access 1' command is executed.
20:42:27 INFO  : Context for 'APU' is selected.
20:42:27 INFO  : 'stop' command is executed.
20:42:28 INFO  : 'ps7_init' command is executed.
20:42:28 INFO  : 'ps7_post_config' command is executed.
20:42:28 INFO  : Context for processor 'ps7_cortexa9_0' is selected.
20:42:28 INFO  : Processor reset is completed for 'ps7_cortexa9_0'.
20:42:28 INFO  : Context for processor 'ps7_cortexa9_0' is selected.
20:42:28 INFO  : The application 'C:/Users/20002890/WS2812/WS2812.sdk/test/Debug/test.elf' is downloaded to processor 'ps7_cortexa9_0'.
20:42:28 INFO  : 'configparams force-mem-access 0' command is executed.
20:42:28 INFO  : ----------------XSDB Script----------------
connect -url tcp:127.0.0.1:3121
source C:/Users/20002890/WS2812/WS2812.sdk/design_1_wrapper_hw_platform_0/ps7_init.tcl
targets -set -nocase -filter {name =~"APU*" && jtag_cable_name =~ "Avnet MiniZed V1 1234-oj1A"} -index 0
loadhw -hw C:/Users/20002890/WS2812/WS2812.sdk/design_1_wrapper_hw_platform_0/system.hdf -mem-ranges [list {0x40000000 0xbfffffff}]
configparams force-mem-access 1
targets -set -nocase -filter {name =~"APU*" && jtag_cable_name =~ "Avnet MiniZed V1 1234-oj1A"} -index 0
stop
ps7_init
ps7_post_config
targets -set -nocase -filter {name =~ "ARM*#0" && jtag_cable_name =~ "Avnet MiniZed V1 1234-oj1A"} -index 0
rst -processor
targets -set -nocase -filter {name =~ "ARM*#0" && jtag_cable_name =~ "Avnet MiniZed V1 1234-oj1A"} -index 0
dow C:/Users/20002890/WS2812/WS2812.sdk/test/Debug/test.elf
configparams force-mem-access 0
----------------End of Script----------------

20:42:28 INFO  : Memory regions updated for context APU
20:42:28 INFO  : Context for processor 'ps7_cortexa9_0' is selected.
20:42:28 INFO  : 'con' command is executed.
20:42:28 INFO  : ----------------XSDB Script (After Launch)----------------
targets -set -nocase -filter {name =~ "ARM*#0" && jtag_cable_name =~ "Avnet MiniZed V1 1234-oj1A"} -index 0
con
----------------End of Script----------------

20:42:28 INFO  : Launch script is exported to file 'C:\Users\20002890\WS2812\WS2812.sdk\.sdk\launch_scripts\xilinx_c-c++_application_(system_debugger)\system_debugger_using_debug_test.elf_on_local.tcl'
21:03:53 INFO  : Disconnected from the channel tcfchan#7.
21:09:36 INFO  : Registering command handlers for SDK TCF services
21:09:38 INFO  : Launching XSCT server: xsct.bat -interactive C:\Users\20002890\WS2812\WS2812.sdk\temp_xsdb_launch_script.tcl
21:09:43 INFO  : XSCT server has started successfully.
21:09:56 INFO  : Successfully done setting XSCT server connection channel  
21:09:56 INFO  : Processing command line option -hwspec C:/Users/20002890/WS2812/WS2812.sdk/design_1_wrapper.hdf.
21:09:56 INFO  : Successfully done setting SDK workspace  
21:09:56 INFO  : Checking for hwspec changes in the project design_1_wrapper_hw_platform_0.
21:09:58 INFO  : SDK has detected change in the last modified timestamps for source hardware specification file Source:1511899744032,  Project:1511896921390
21:09:58 INFO  : The hardware specification for project 'design_1_wrapper_hw_platform_0' is different from C:/Users/20002890/WS2812/WS2812.sdk/design_1_wrapper.hdf.
21:09:58 INFO  : Copied contents of C:/Users/20002890/WS2812/WS2812.sdk/design_1_wrapper.hdf into \design_1_wrapper_hw_platform_0\system.hdf.
21:10:03 INFO  : Synchronizing projects in the workspace with the hardware platform specification changes.
21:10:07 INFO  : 
21:10:08 INFO  : Updating hardware inferred compiler options for test.
21:10:08 INFO  : Clearing existing target manager status.
21:10:35 INFO  : Connected to target on host '127.0.0.1' and port '3121'.
21:10:36 INFO  : 'targets -set -filter {jtag_cable_name =~ "Avnet MiniZed V1 1234-oj1A" && level==0} -index 1' command is executed.
21:10:37 INFO  : FPGA configured successfully with bitstream "C:/Users/20002890/WS2812/WS2812.sdk/design_1_wrapper_hw_platform_0/design_1_wrapper.bit"
21:10:51 INFO  : 'targets -set -filter {jtag_cable_name =~ "Avnet MiniZed V1 1234-oj1A" && level==0} -index 1' command is executed.
21:10:51 INFO  : 'fpga -state' command is executed.
21:10:51 INFO  : Connected to target on host '127.0.0.1' and port '3121'.
21:10:52 INFO  : Jtag cable 'Avnet MiniZed V1 1234-oj1A' is selected.
21:10:52 INFO  : 'jtag frequency' command is executed.
21:10:52 INFO  : Sourcing of 'C:/Users/20002890/WS2812/WS2812.sdk/design_1_wrapper_hw_platform_0/ps7_init.tcl' is done.
21:10:52 INFO  : Context for 'APU' is selected.
21:10:52 INFO  : Hardware design information is loaded from 'C:/Users/20002890/WS2812/WS2812.sdk/design_1_wrapper_hw_platform_0/system.hdf'.
21:10:52 INFO  : 'configparams force-mem-access 1' command is executed.
21:10:52 INFO  : Context for 'APU' is selected.
21:10:52 INFO  : 'stop' command is executed.
21:10:53 INFO  : 'ps7_init' command is executed.
21:10:53 INFO  : 'ps7_post_config' command is executed.
21:10:53 INFO  : Context for processor 'ps7_cortexa9_0' is selected.
21:10:53 INFO  : Processor reset is completed for 'ps7_cortexa9_0'.
21:10:53 INFO  : Context for processor 'ps7_cortexa9_0' is selected.
21:10:53 INFO  : The application 'C:/Users/20002890/WS2812/WS2812.sdk/test/Debug/test.elf' is downloaded to processor 'ps7_cortexa9_0'.
21:10:53 INFO  : 'configparams force-mem-access 0' command is executed.
21:10:53 INFO  : ----------------XSDB Script----------------
connect -url tcp:127.0.0.1:3121
source C:/Users/20002890/WS2812/WS2812.sdk/design_1_wrapper_hw_platform_0/ps7_init.tcl
targets -set -nocase -filter {name =~"APU*" && jtag_cable_name =~ "Avnet MiniZed V1 1234-oj1A"} -index 0
loadhw -hw C:/Users/20002890/WS2812/WS2812.sdk/design_1_wrapper_hw_platform_0/system.hdf -mem-ranges [list {0x40000000 0xbfffffff}]
configparams force-mem-access 1
targets -set -nocase -filter {name =~"APU*" && jtag_cable_name =~ "Avnet MiniZed V1 1234-oj1A"} -index 0
stop
ps7_init
ps7_post_config
targets -set -nocase -filter {name =~ "ARM*#0" && jtag_cable_name =~ "Avnet MiniZed V1 1234-oj1A"} -index 0
rst -processor
targets -set -nocase -filter {name =~ "ARM*#0" && jtag_cable_name =~ "Avnet MiniZed V1 1234-oj1A"} -index 0
dow C:/Users/20002890/WS2812/WS2812.sdk/test/Debug/test.elf
configparams force-mem-access 0
----------------End of Script----------------

21:10:53 INFO  : Memory regions updated for context APU
21:10:53 INFO  : Context for processor 'ps7_cortexa9_0' is selected.
21:10:53 INFO  : 'con' command is executed.
21:10:53 INFO  : ----------------XSDB Script (After Launch)----------------
targets -set -nocase -filter {name =~ "ARM*#0" && jtag_cable_name =~ "Avnet MiniZed V1 1234-oj1A"} -index 0
con
----------------End of Script----------------

21:10:53 INFO  : Launch script is exported to file 'C:\Users\20002890\WS2812\WS2812.sdk\.sdk\launch_scripts\xilinx_c-c++_application_(system_debugger)\system_debugger_using_debug_test.elf_on_local.tcl'
21:11:14 INFO  : Connected to target on host '127.0.0.1' and port '3121'.
21:11:14 INFO  : 'targets -set -filter {jtag_cable_name =~ "Avnet MiniZed V1 1234-oj1A" && level==0} -index 1' command is executed.
21:11:16 INFO  : FPGA configured successfully with bitstream "C:/Users/20002890/WS2812/WS2812.sdk/design_1_wrapper_hw_platform_0/design_1_wrapper.bit"
21:11:24 INFO  : Disconnected from the channel tcfchan#1.
21:11:25 INFO  : 'targets -set -filter {jtag_cable_name =~ "Avnet MiniZed V1 1234-oj1A" && level==0} -index 1' command is executed.
21:11:25 INFO  : 'fpga -state' command is executed.
21:11:25 INFO  : Connected to target on host '127.0.0.1' and port '3121'.
21:11:25 INFO  : Jtag cable 'Avnet MiniZed V1 1234-oj1A' is selected.
21:11:25 INFO  : 'jtag frequency' command is executed.
21:11:25 INFO  : Sourcing of 'C:/Users/20002890/WS2812/WS2812.sdk/design_1_wrapper_hw_platform_0/ps7_init.tcl' is done.
21:11:25 INFO  : Context for 'APU' is selected.
21:11:28 INFO  : Hardware design information is loaded from 'C:/Users/20002890/WS2812/WS2812.sdk/design_1_wrapper_hw_platform_0/system.hdf'.
21:11:28 INFO  : 'configparams force-mem-access 1' command is executed.
21:11:28 INFO  : Context for 'APU' is selected.
21:11:28 INFO  : 'stop' command is executed.
21:11:28 INFO  : 'ps7_init' command is executed.
21:11:28 INFO  : 'ps7_post_config' command is executed.
21:11:29 INFO  : Context for processor 'ps7_cortexa9_0' is selected.
21:11:29 INFO  : Processor reset is completed for 'ps7_cortexa9_0'.
21:11:29 INFO  : Context for processor 'ps7_cortexa9_0' is selected.
21:11:29 INFO  : The application 'C:/Users/20002890/WS2812/WS2812.sdk/test/Debug/test.elf' is downloaded to processor 'ps7_cortexa9_0'.
21:11:29 INFO  : 'configparams force-mem-access 0' command is executed.
21:11:29 INFO  : ----------------XSDB Script----------------
connect -url tcp:127.0.0.1:3121
source C:/Users/20002890/WS2812/WS2812.sdk/design_1_wrapper_hw_platform_0/ps7_init.tcl
targets -set -nocase -filter {name =~"APU*" && jtag_cable_name =~ "Avnet MiniZed V1 1234-oj1A"} -index 0
loadhw -hw C:/Users/20002890/WS2812/WS2812.sdk/design_1_wrapper_hw_platform_0/system.hdf -mem-ranges [list {0x40000000 0xbfffffff}]
configparams force-mem-access 1
targets -set -nocase -filter {name =~"APU*" && jtag_cable_name =~ "Avnet MiniZed V1 1234-oj1A"} -index 0
stop
ps7_init
ps7_post_config
targets -set -nocase -filter {name =~ "ARM*#0" && jtag_cable_name =~ "Avnet MiniZed V1 1234-oj1A"} -index 0
rst -processor
targets -set -nocase -filter {name =~ "ARM*#0" && jtag_cable_name =~ "Avnet MiniZed V1 1234-oj1A"} -index 0
dow C:/Users/20002890/WS2812/WS2812.sdk/test/Debug/test.elf
configparams force-mem-access 0
----------------End of Script----------------

21:11:29 INFO  : Memory regions updated for context APU
21:11:29 INFO  : Context for processor 'ps7_cortexa9_0' is selected.
21:11:29 INFO  : 'con' command is executed.
21:11:29 INFO  : ----------------XSDB Script (After Launch)----------------
targets -set -nocase -filter {name =~ "ARM*#0" && jtag_cable_name =~ "Avnet MiniZed V1 1234-oj1A"} -index 0
con
----------------End of Script----------------

21:11:29 INFO  : Launch script is exported to file 'C:\Users\20002890\WS2812\WS2812.sdk\.sdk\launch_scripts\xilinx_c-c++_application_(system_debugger)\system_debugger_using_debug_test.elf_on_local.tcl'
21:15:14 INFO  : Connected to target on host '127.0.0.1' and port '3121'.
21:15:14 INFO  : 'targets -set -filter {jtag_cable_name =~ "Avnet MiniZed V1 1234-oj1A" && level==0} -index 1' command is executed.
21:15:15 INFO  : FPGA configured successfully with bitstream "C:/Users/20002890/WS2812/WS2812.sdk/design_1_wrapper_hw_platform_0/design_1_wrapper.bit"
21:15:39 INFO  : Connected to target on host '127.0.0.1' and port '3121'.
21:15:39 INFO  : 'targets -set -filter {jtag_cable_name =~ "Avnet MiniZed V1 1234-oj1A" && level==0} -index 1' command is executed.
21:15:41 INFO  : FPGA configured successfully with bitstream "C:/Users/20002890/WS2812/WS2812.sdk/design_1_wrapper_hw_platform_0/design_1_wrapper.bit"
21:15:54 INFO  : Connected to target on host '127.0.0.1' and port '3121'.
21:15:55 INFO  : 'targets -set -filter {jtag_cable_name =~ "Avnet MiniZed V1 1234-oj1A" && level==0} -index 1' command is executed.
21:15:56 INFO  : FPGA configured successfully with bitstream "C:/Users/20002890/WS2812/WS2812.sdk/design_1_wrapper_hw_platform_0/design_1_wrapper.bit"
21:16:10 INFO  : Disconnected from the channel tcfchan#2.
21:16:11 INFO  : 'targets -set -filter {jtag_cable_name =~ "Avnet MiniZed V1 1234-oj1A" && level==0} -index 1' command is executed.
21:16:11 INFO  : 'fpga -state' command is executed.
21:16:11 INFO  : Connected to target on host '127.0.0.1' and port '3121'.
21:16:11 INFO  : Jtag cable 'Avnet MiniZed V1 1234-oj1A' is selected.
21:16:11 INFO  : 'jtag frequency' command is executed.
21:16:11 INFO  : Sourcing of 'C:/Users/20002890/WS2812/WS2812.sdk/design_1_wrapper_hw_platform_0/ps7_init.tcl' is done.
21:16:11 INFO  : Context for 'APU' is selected.
21:16:11 INFO  : Hardware design information is loaded from 'C:/Users/20002890/WS2812/WS2812.sdk/design_1_wrapper_hw_platform_0/system.hdf'.
21:16:11 INFO  : 'configparams force-mem-access 1' command is executed.
21:16:11 INFO  : Context for 'APU' is selected.
21:16:11 INFO  : 'stop' command is executed.
21:16:12 INFO  : 'ps7_init' command is executed.
21:16:12 INFO  : 'ps7_post_config' command is executed.
21:16:12 INFO  : Context for processor 'ps7_cortexa9_0' is selected.
21:16:12 INFO  : Processor reset is completed for 'ps7_cortexa9_0'.
21:16:12 INFO  : Context for processor 'ps7_cortexa9_0' is selected.
21:16:12 INFO  : The application 'C:/Users/20002890/WS2812/WS2812.sdk/test/Debug/test.elf' is downloaded to processor 'ps7_cortexa9_0'.
21:16:12 INFO  : 'configparams force-mem-access 0' command is executed.
21:16:12 INFO  : ----------------XSDB Script----------------
connect -url tcp:127.0.0.1:3121
source C:/Users/20002890/WS2812/WS2812.sdk/design_1_wrapper_hw_platform_0/ps7_init.tcl
targets -set -nocase -filter {name =~"APU*" && jtag_cable_name =~ "Avnet MiniZed V1 1234-oj1A"} -index 0
loadhw -hw C:/Users/20002890/WS2812/WS2812.sdk/design_1_wrapper_hw_platform_0/system.hdf -mem-ranges [list {0x40000000 0xbfffffff}]
configparams force-mem-access 1
targets -set -nocase -filter {name =~"APU*" && jtag_cable_name =~ "Avnet MiniZed V1 1234-oj1A"} -index 0
stop
ps7_init
ps7_post_config
targets -set -nocase -filter {name =~ "ARM*#0" && jtag_cable_name =~ "Avnet MiniZed V1 1234-oj1A"} -index 0
rst -processor
targets -set -nocase -filter {name =~ "ARM*#0" && jtag_cable_name =~ "Avnet MiniZed V1 1234-oj1A"} -index 0
dow C:/Users/20002890/WS2812/WS2812.sdk/test/Debug/test.elf
configparams force-mem-access 0
----------------End of Script----------------

21:16:12 INFO  : Memory regions updated for context APU
21:16:12 INFO  : Context for processor 'ps7_cortexa9_0' is selected.
21:16:12 INFO  : 'con' command is executed.
21:16:12 INFO  : ----------------XSDB Script (After Launch)----------------
targets -set -nocase -filter {name =~ "ARM*#0" && jtag_cable_name =~ "Avnet MiniZed V1 1234-oj1A"} -index 0
con
----------------End of Script----------------

21:16:12 INFO  : Launch script is exported to file 'C:\Users\20002890\WS2812\WS2812.sdk\.sdk\launch_scripts\xilinx_c-c++_application_(system_debugger)\system_debugger_using_debug_test.elf_on_local.tcl'
21:18:19 INFO  : Disconnected from the channel tcfchan#3.
21:18:20 INFO  : 'targets -set -filter {jtag_cable_name =~ "Avnet MiniZed V1 1234-oj1A" && level==0} -index 1' command is executed.
21:18:20 INFO  : 'fpga -state' command is executed.
21:18:20 INFO  : Connected to target on host '127.0.0.1' and port '3121'.
21:18:20 INFO  : Jtag cable 'Avnet MiniZed V1 1234-oj1A' is selected.
21:18:20 INFO  : 'jtag frequency' command is executed.
21:18:20 INFO  : Sourcing of 'C:/Users/20002890/WS2812/WS2812.sdk/design_1_wrapper_hw_platform_0/ps7_init.tcl' is done.
21:18:21 INFO  : Context for 'APU' is selected.
21:18:21 INFO  : Hardware design information is loaded from 'C:/Users/20002890/WS2812/WS2812.sdk/design_1_wrapper_hw_platform_0/system.hdf'.
21:18:21 INFO  : 'configparams force-mem-access 1' command is executed.
21:18:21 INFO  : Context for 'APU' is selected.
21:18:21 INFO  : 'stop' command is executed.
21:18:21 INFO  : 'ps7_init' command is executed.
21:18:21 INFO  : 'ps7_post_config' command is executed.
21:18:21 INFO  : Context for processor 'ps7_cortexa9_0' is selected.
21:18:21 INFO  : Processor reset is completed for 'ps7_cortexa9_0'.
21:18:21 INFO  : Context for processor 'ps7_cortexa9_0' is selected.
21:18:21 INFO  : The application 'C:/Users/20002890/WS2812/WS2812.sdk/test/Debug/test.elf' is downloaded to processor 'ps7_cortexa9_0'.
21:18:21 INFO  : 'configparams force-mem-access 0' command is executed.
21:18:21 INFO  : ----------------XSDB Script----------------
connect -url tcp:127.0.0.1:3121
source C:/Users/20002890/WS2812/WS2812.sdk/design_1_wrapper_hw_platform_0/ps7_init.tcl
targets -set -nocase -filter {name =~"APU*" && jtag_cable_name =~ "Avnet MiniZed V1 1234-oj1A"} -index 0
loadhw -hw C:/Users/20002890/WS2812/WS2812.sdk/design_1_wrapper_hw_platform_0/system.hdf -mem-ranges [list {0x40000000 0xbfffffff}]
configparams force-mem-access 1
targets -set -nocase -filter {name =~"APU*" && jtag_cable_name =~ "Avnet MiniZed V1 1234-oj1A"} -index 0
stop
ps7_init
ps7_post_config
targets -set -nocase -filter {name =~ "ARM*#0" && jtag_cable_name =~ "Avnet MiniZed V1 1234-oj1A"} -index 0
rst -processor
targets -set -nocase -filter {name =~ "ARM*#0" && jtag_cable_name =~ "Avnet MiniZed V1 1234-oj1A"} -index 0
dow C:/Users/20002890/WS2812/WS2812.sdk/test/Debug/test.elf
configparams force-mem-access 0
----------------End of Script----------------

21:18:21 INFO  : Memory regions updated for context APU
21:18:22 INFO  : Context for processor 'ps7_cortexa9_0' is selected.
21:18:22 INFO  : 'con' command is executed.
21:18:22 INFO  : ----------------XSDB Script (After Launch)----------------
targets -set -nocase -filter {name =~ "ARM*#0" && jtag_cable_name =~ "Avnet MiniZed V1 1234-oj1A"} -index 0
con
----------------End of Script----------------

21:18:22 INFO  : Launch script is exported to file 'C:\Users\20002890\WS2812\WS2812.sdk\.sdk\launch_scripts\xilinx_c-c++_application_(system_debugger)\system_debugger_using_debug_test.elf_on_local.tcl'
21:18:33 INFO  : Connected to target on host '127.0.0.1' and port '3121'.
21:18:33 INFO  : 'targets -set -filter {jtag_cable_name =~ "Avnet MiniZed V1 1234-oj1A" && level==0} -index 1' command is executed.
21:18:34 INFO  : FPGA configured successfully with bitstream "C:/Users/20002890/WS2812/WS2812.sdk/design_1_wrapper_hw_platform_0/design_1_wrapper.bit"
21:18:52 INFO  : Disconnected from the channel tcfchan#4.
21:18:53 INFO  : 'targets -set -filter {jtag_cable_name =~ "Avnet MiniZed V1 1234-oj1A" && level==0} -index 1' command is executed.
21:18:53 INFO  : 'fpga -state' command is executed.
21:18:53 INFO  : Connected to target on host '127.0.0.1' and port '3121'.
21:18:53 INFO  : Jtag cable 'Avnet MiniZed V1 1234-oj1A' is selected.
21:18:53 INFO  : 'jtag frequency' command is executed.
21:18:53 INFO  : Sourcing of 'C:/Users/20002890/WS2812/WS2812.sdk/design_1_wrapper_hw_platform_0/ps7_init.tcl' is done.
21:18:53 INFO  : Context for 'APU' is selected.
21:18:53 INFO  : Hardware design information is loaded from 'C:/Users/20002890/WS2812/WS2812.sdk/design_1_wrapper_hw_platform_0/system.hdf'.
21:18:53 INFO  : 'configparams force-mem-access 1' command is executed.
21:18:53 INFO  : Context for 'APU' is selected.
21:18:53 INFO  : 'stop' command is executed.
21:18:54 INFO  : 'ps7_init' command is executed.
21:18:54 INFO  : 'ps7_post_config' command is executed.
21:18:54 INFO  : Context for processor 'ps7_cortexa9_0' is selected.
21:18:54 INFO  : Processor reset is completed for 'ps7_cortexa9_0'.
21:18:54 INFO  : Context for processor 'ps7_cortexa9_0' is selected.
21:18:54 INFO  : The application 'C:/Users/20002890/WS2812/WS2812.sdk/test/Debug/test.elf' is downloaded to processor 'ps7_cortexa9_0'.
21:18:54 INFO  : 'configparams force-mem-access 0' command is executed.
21:18:54 INFO  : ----------------XSDB Script----------------
connect -url tcp:127.0.0.1:3121
source C:/Users/20002890/WS2812/WS2812.sdk/design_1_wrapper_hw_platform_0/ps7_init.tcl
targets -set -nocase -filter {name =~"APU*" && jtag_cable_name =~ "Avnet MiniZed V1 1234-oj1A"} -index 0
loadhw -hw C:/Users/20002890/WS2812/WS2812.sdk/design_1_wrapper_hw_platform_0/system.hdf -mem-ranges [list {0x40000000 0xbfffffff}]
configparams force-mem-access 1
targets -set -nocase -filter {name =~"APU*" && jtag_cable_name =~ "Avnet MiniZed V1 1234-oj1A"} -index 0
stop
ps7_init
ps7_post_config
targets -set -nocase -filter {name =~ "ARM*#0" && jtag_cable_name =~ "Avnet MiniZed V1 1234-oj1A"} -index 0
rst -processor
targets -set -nocase -filter {name =~ "ARM*#0" && jtag_cable_name =~ "Avnet MiniZed V1 1234-oj1A"} -index 0
dow C:/Users/20002890/WS2812/WS2812.sdk/test/Debug/test.elf
configparams force-mem-access 0
----------------End of Script----------------

21:18:54 INFO  : Memory regions updated for context APU
21:18:54 INFO  : Context for processor 'ps7_cortexa9_0' is selected.
21:18:54 INFO  : 'con' command is executed.
21:18:54 INFO  : ----------------XSDB Script (After Launch)----------------
targets -set -nocase -filter {name =~ "ARM*#0" && jtag_cable_name =~ "Avnet MiniZed V1 1234-oj1A"} -index 0
con
----------------End of Script----------------

21:18:54 INFO  : Launch script is exported to file 'C:\Users\20002890\WS2812\WS2812.sdk\.sdk\launch_scripts\xilinx_c-c++_application_(system_debugger)\system_debugger_using_debug_test.elf_on_local.tcl'
21:19:06 INFO  : Connected to target on host '127.0.0.1' and port '3121'.
21:19:06 INFO  : 'targets -set -filter {jtag_cable_name =~ "Avnet MiniZed V1 1234-oj1A" && level==0} -index 1' command is executed.
21:19:07 INFO  : FPGA configured successfully with bitstream "C:/Users/20002890/WS2812/WS2812.sdk/design_1_wrapper_hw_platform_0/design_1_wrapper.bit"
21:19:15 INFO  : Connected to target on host '127.0.0.1' and port '3121'.
21:19:15 INFO  : 'targets -set -filter {jtag_cable_name =~ "Avnet MiniZed V1 1234-oj1A" && level==0} -index 1' command is executed.
21:19:16 INFO  : FPGA configured successfully with bitstream "C:/Users/20002890/WS2812/WS2812.sdk/design_1_wrapper_hw_platform_0/design_1_wrapper.bit"
21:19:29 INFO  : Connected to target on host '127.0.0.1' and port '3121'.
21:19:29 INFO  : 'targets -set -filter {jtag_cable_name =~ "Avnet MiniZed V1 1234-oj1A" && level==0} -index 1' command is executed.
21:19:30 INFO  : FPGA configured successfully with bitstream "C:/Users/20002890/WS2812/WS2812.sdk/design_1_wrapper_hw_platform_0/design_1_wrapper.bit"
21:19:39 INFO  : Disconnected from the channel tcfchan#5.
21:19:40 INFO  : 'targets -set -filter {jtag_cable_name =~ "Avnet MiniZed V1 1234-oj1A" && level==0} -index 1' command is executed.
21:19:40 INFO  : 'fpga -state' command is executed.
21:19:40 INFO  : Connected to target on host '127.0.0.1' and port '3121'.
21:19:41 INFO  : Jtag cable 'Avnet MiniZed V1 1234-oj1A' is selected.
21:19:41 INFO  : 'jtag frequency' command is executed.
21:19:41 INFO  : Sourcing of 'C:/Users/20002890/WS2812/WS2812.sdk/design_1_wrapper_hw_platform_0/ps7_init.tcl' is done.
21:19:41 INFO  : Context for 'APU' is selected.
21:19:41 INFO  : Hardware design information is loaded from 'C:/Users/20002890/WS2812/WS2812.sdk/design_1_wrapper_hw_platform_0/system.hdf'.
21:19:41 INFO  : 'configparams force-mem-access 1' command is executed.
21:19:41 INFO  : Context for 'APU' is selected.
21:19:41 INFO  : 'stop' command is executed.
21:19:41 INFO  : 'ps7_init' command is executed.
21:19:42 INFO  : 'ps7_post_config' command is executed.
21:19:42 INFO  : Context for processor 'ps7_cortexa9_0' is selected.
21:19:42 INFO  : Processor reset is completed for 'ps7_cortexa9_0'.
21:19:42 INFO  : Context for processor 'ps7_cortexa9_0' is selected.
21:19:42 INFO  : The application 'C:/Users/20002890/WS2812/WS2812.sdk/test/Debug/test.elf' is downloaded to processor 'ps7_cortexa9_0'.
21:19:42 INFO  : 'configparams force-mem-access 0' command is executed.
21:19:42 INFO  : ----------------XSDB Script----------------
connect -url tcp:127.0.0.1:3121
source C:/Users/20002890/WS2812/WS2812.sdk/design_1_wrapper_hw_platform_0/ps7_init.tcl
targets -set -nocase -filter {name =~"APU*" && jtag_cable_name =~ "Avnet MiniZed V1 1234-oj1A"} -index 0
loadhw -hw C:/Users/20002890/WS2812/WS2812.sdk/design_1_wrapper_hw_platform_0/system.hdf -mem-ranges [list {0x40000000 0xbfffffff}]
configparams force-mem-access 1
targets -set -nocase -filter {name =~"APU*" && jtag_cable_name =~ "Avnet MiniZed V1 1234-oj1A"} -index 0
stop
ps7_init
ps7_post_config
targets -set -nocase -filter {name =~ "ARM*#0" && jtag_cable_name =~ "Avnet MiniZed V1 1234-oj1A"} -index 0
rst -processor
targets -set -nocase -filter {name =~ "ARM*#0" && jtag_cable_name =~ "Avnet MiniZed V1 1234-oj1A"} -index 0
dow C:/Users/20002890/WS2812/WS2812.sdk/test/Debug/test.elf
configparams force-mem-access 0
----------------End of Script----------------

21:19:42 INFO  : Memory regions updated for context APU
21:19:42 INFO  : Context for processor 'ps7_cortexa9_0' is selected.
21:19:42 INFO  : 'con' command is executed.
21:19:42 INFO  : ----------------XSDB Script (After Launch)----------------
targets -set -nocase -filter {name =~ "ARM*#0" && jtag_cable_name =~ "Avnet MiniZed V1 1234-oj1A"} -index 0
con
----------------End of Script----------------

21:19:42 INFO  : Launch script is exported to file 'C:\Users\20002890\WS2812\WS2812.sdk\.sdk\launch_scripts\xilinx_c-c++_application_(system_debugger)\system_debugger_using_debug_test.elf_on_local.tcl'
21:21:45 INFO  : Connected to target on host '127.0.0.1' and port '3121'.
21:21:45 INFO  : 'targets -set -filter {jtag_cable_name =~ "Avnet MiniZed V1 1234-oj1A" && level==0} -index 1' command is executed.
21:21:46 INFO  : FPGA configured successfully with bitstream "C:/Users/20002890/WS2812/WS2812.sdk/design_1_wrapper_hw_platform_0/design_1_wrapper.bit"
21:21:59 INFO  : Disconnected from the channel tcfchan#6.
21:22:00 INFO  : 'targets -set -filter {jtag_cable_name =~ "Avnet MiniZed V1 1234-oj1A" && level==0} -index 1' command is executed.
21:22:00 INFO  : 'fpga -state' command is executed.
21:22:00 INFO  : Connected to target on host '127.0.0.1' and port '3121'.
21:22:00 INFO  : Jtag cable 'Avnet MiniZed V1 1234-oj1A' is selected.
21:22:00 INFO  : 'jtag frequency' command is executed.
21:22:00 INFO  : Sourcing of 'C:/Users/20002890/WS2812/WS2812.sdk/design_1_wrapper_hw_platform_0/ps7_init.tcl' is done.
21:22:00 INFO  : Context for 'APU' is selected.
21:22:00 INFO  : Hardware design information is loaded from 'C:/Users/20002890/WS2812/WS2812.sdk/design_1_wrapper_hw_platform_0/system.hdf'.
21:22:00 INFO  : 'configparams force-mem-access 1' command is executed.
21:22:00 INFO  : Context for 'APU' is selected.
21:22:00 INFO  : 'stop' command is executed.
21:22:01 INFO  : 'ps7_init' command is executed.
21:22:01 INFO  : 'ps7_post_config' command is executed.
21:22:01 INFO  : Context for processor 'ps7_cortexa9_0' is selected.
21:22:01 INFO  : Processor reset is completed for 'ps7_cortexa9_0'.
21:22:01 INFO  : Context for processor 'ps7_cortexa9_0' is selected.
21:22:01 INFO  : The application 'C:/Users/20002890/WS2812/WS2812.sdk/test/Debug/test.elf' is downloaded to processor 'ps7_cortexa9_0'.
21:22:01 INFO  : 'configparams force-mem-access 0' command is executed.
21:22:01 INFO  : ----------------XSDB Script----------------
connect -url tcp:127.0.0.1:3121
source C:/Users/20002890/WS2812/WS2812.sdk/design_1_wrapper_hw_platform_0/ps7_init.tcl
targets -set -nocase -filter {name =~"APU*" && jtag_cable_name =~ "Avnet MiniZed V1 1234-oj1A"} -index 0
loadhw -hw C:/Users/20002890/WS2812/WS2812.sdk/design_1_wrapper_hw_platform_0/system.hdf -mem-ranges [list {0x40000000 0xbfffffff}]
configparams force-mem-access 1
targets -set -nocase -filter {name =~"APU*" && jtag_cable_name =~ "Avnet MiniZed V1 1234-oj1A"} -index 0
stop
ps7_init
ps7_post_config
targets -set -nocase -filter {name =~ "ARM*#0" && jtag_cable_name =~ "Avnet MiniZed V1 1234-oj1A"} -index 0
rst -processor
targets -set -nocase -filter {name =~ "ARM*#0" && jtag_cable_name =~ "Avnet MiniZed V1 1234-oj1A"} -index 0
dow C:/Users/20002890/WS2812/WS2812.sdk/test/Debug/test.elf
configparams force-mem-access 0
----------------End of Script----------------

21:22:01 INFO  : Memory regions updated for context APU
21:22:01 INFO  : Context for processor 'ps7_cortexa9_0' is selected.
21:22:01 INFO  : 'con' command is executed.
21:22:01 INFO  : ----------------XSDB Script (After Launch)----------------
targets -set -nocase -filter {name =~ "ARM*#0" && jtag_cable_name =~ "Avnet MiniZed V1 1234-oj1A"} -index 0
con
----------------End of Script----------------

21:22:01 INFO  : Launch script is exported to file 'C:\Users\20002890\WS2812\WS2812.sdk\.sdk\launch_scripts\xilinx_c-c++_application_(system_debugger)\system_debugger_using_debug_test.elf_on_local.tcl'
21:23:39 INFO  : Disconnected from the channel tcfchan#7.
21:23:45 ERROR : Unexpected error while parsing XMD response ?: com.google.gson.JsonSyntaxException: com.google.gson.stream.MalformedJsonException: invalid number or unquoted string near 
