12:07:43 INFO  : Registering command handlers for SDK TCF services
12:07:46 INFO  : Launching XSCT server: xsct.bat -interactive D:\FPGA\ZYNQ_HW_DEBUG\ZYNQ_HW_DEBUG.sdk\temp_xsdb_launch_script.tcl
12:07:52 INFO  : XSCT server has started successfully.
12:07:54 INFO  : Successfully done setting XSCT server connection channel  
12:07:54 INFO  : Processing command line option -hwspec D:/FPGA/ZYNQ_HW_DEBUG/ZYNQ_HW_DEBUG.sdk/design_1_wrapper.hdf.
12:07:54 INFO  : Successfully done setting SDK workspace  
12:19:52 INFO  : Connected to target on host '127.0.0.1' and port '3121'.
12:19:52 INFO  : Jtag cable 'Avnet MiniZed V1 1234-oj1A' is selected.
12:19:52 INFO  : 'jtag frequency' command is executed.
12:19:52 INFO  : Sourcing of 'D:/FPGA/ZYNQ_HW_DEBUG/ZYNQ_HW_DEBUG.sdk/design_1_wrapper_hw_platform_0/ps7_init.tcl' is done.
12:19:52 INFO  : 'targets -set -filter {jtag_cable_name =~ "Avnet MiniZed V1 1234-oj1A" && level==0} -index 1' command is executed.
12:19:54 INFO  : FPGA configured successfully with bitstream "D:/FPGA/ZYNQ_HW_DEBUG/ZYNQ_HW_DEBUG.sdk/design_1_wrapper_hw_platform_0/design_1_wrapper.bit"
12:19:54 INFO  : Context for 'APU' is selected.
12:19:54 INFO  : Hardware design information is loaded from 'D:/FPGA/ZYNQ_HW_DEBUG/ZYNQ_HW_DEBUG.sdk/design_1_wrapper_hw_platform_0/system.hdf'.
12:19:54 INFO  : 'configparams force-mem-access 1' command is executed.
12:19:54 INFO  : Context for 'APU' is selected.
12:19:54 INFO  : 'stop' command is executed.
12:19:54 INFO  : 'ps7_init' command is executed.
12:19:54 INFO  : 'ps7_post_config' command is executed.
12:19:54 INFO  : Context for processor 'ps7_cortexa9_0' is selected.
12:19:54 INFO  : Processor reset is completed for 'ps7_cortexa9_0'.
12:19:54 INFO  : Context for processor 'ps7_cortexa9_0' is selected.
12:19:55 INFO  : The application 'D:/FPGA/ZYNQ_HW_DEBUG/ZYNQ_HW_DEBUG.sdk/zynq_hw_debug/Debug/zynq_hw_debug.elf' is downloaded to processor 'ps7_cortexa9_0'.
12:19:55 INFO  : 'configparams force-mem-access 0' command is executed.
12:19:55 INFO  : ----------------XSDB Script----------------
connect -url tcp:127.0.0.1:3121
source D:/FPGA/ZYNQ_HW_DEBUG/ZYNQ_HW_DEBUG.sdk/design_1_wrapper_hw_platform_0/ps7_init.tcl
targets -set -filter {jtag_cable_name =~ "Avnet MiniZed V1 1234-oj1A" && level==0} -index 1
fpga -file D:/FPGA/ZYNQ_HW_DEBUG/ZYNQ_HW_DEBUG.sdk/design_1_wrapper_hw_platform_0/design_1_wrapper.bit
targets -set -nocase -filter {name =~"APU*" && jtag_cable_name =~ "Avnet MiniZed V1 1234-oj1A"} -index 0
loadhw -hw D:/FPGA/ZYNQ_HW_DEBUG/ZYNQ_HW_DEBUG.sdk/design_1_wrapper_hw_platform_0/system.hdf -mem-ranges [list {0x40000000 0xbfffffff}]
configparams force-mem-access 1
targets -set -nocase -filter {name =~"APU*" && jtag_cable_name =~ "Avnet MiniZed V1 1234-oj1A"} -index 0
stop
ps7_init
ps7_post_config
targets -set -nocase -filter {name =~ "ARM*#0" && jtag_cable_name =~ "Avnet MiniZed V1 1234-oj1A"} -index 0
rst -processor
targets -set -nocase -filter {name =~ "ARM*#0" && jtag_cable_name =~ "Avnet MiniZed V1 1234-oj1A"} -index 0
dow D:/FPGA/ZYNQ_HW_DEBUG/ZYNQ_HW_DEBUG.sdk/zynq_hw_debug/Debug/zynq_hw_debug.elf
configparams force-mem-access 0
----------------End of Script----------------

12:19:55 INFO  : Memory regions updated for context APU
12:19:55 INFO  : Context for processor 'ps7_cortexa9_0' is selected.
12:19:55 INFO  : 'con' command is executed.
12:19:55 INFO  : ----------------XSDB Script (After Launch)----------------
targets -set -nocase -filter {name =~ "ARM*#0" && jtag_cable_name =~ "Avnet MiniZed V1 1234-oj1A"} -index 0
con
----------------End of Script----------------

12:19:55 INFO  : Launch script is exported to file 'D:\FPGA\ZYNQ_HW_DEBUG\ZYNQ_HW_DEBUG.sdk\.sdk\launch_scripts\xilinx_c-c++_application_(system_debugger)\system_debugger_using_debug_zynq_hw_debug.elf_on_local.tcl'
12:31:34 INFO  : Disconnected from the channel tcfchan#1.
12:31:35 INFO  : Connected to target on host '127.0.0.1' and port '3121'.
12:31:35 INFO  : Jtag cable 'Avnet MiniZed V1 1234-oj1A' is selected.
12:31:35 INFO  : 'jtag frequency' command is executed.
12:31:36 INFO  : 'set bp_31_35_0 [bpadd -target-id all -ct-input {0} -ct-output {24 25 26 27}]' command is executed.
12:31:36 INFO  : 'set bp_31_35_1 [bpadd -target-id all -ct-input {24 25 26 27} -ct-output {0}]' command is executed.
12:31:36 INFO  : Sourcing of 'D:/FPGA/ZYNQ_HW_DEBUG/ZYNQ_HW_DEBUG.sdk/design_1_wrapper_hw_platform_0/ps7_init.tcl' is done.
12:31:36 INFO  : 'targets -set -filter {jtag_cable_name =~ "Avnet MiniZed V1 1234-oj1A" && level==0} -index 1' command is executed.
12:31:38 INFO  : FPGA configured successfully with bitstream "D:/FPGA/ZYNQ_HW_DEBUG/ZYNQ_HW_DEBUG.sdk/design_1_wrapper_hw_platform_0/design_1_wrapper.bit"
12:31:38 INFO  : Context for 'APU' is selected.
12:31:41 INFO  : Hardware design information is loaded from 'D:/FPGA/ZYNQ_HW_DEBUG/ZYNQ_HW_DEBUG.sdk/design_1_wrapper_hw_platform_0/system.hdf'.
12:31:41 INFO  : 'configparams force-mem-access 1' command is executed.
12:31:41 INFO  : Context for 'APU' is selected.
12:31:41 INFO  : 'stop' command is executed.
12:31:42 INFO  : 'ps7_init' command is executed.
12:31:42 INFO  : 'ps7_post_config' command is executed.
12:31:42 INFO  : Context for processor 'ps7_cortexa9_0' is selected.
12:31:42 INFO  : Processor reset is completed for 'ps7_cortexa9_0'.
12:31:42 INFO  : Context for processor 'ps7_cortexa9_0' is selected.
12:31:42 INFO  : The application 'D:/FPGA/ZYNQ_HW_DEBUG/ZYNQ_HW_DEBUG.sdk/zynq_hw_debug/Debug/zynq_hw_debug.elf' is downloaded to processor 'ps7_cortexa9_0'.
12:31:42 INFO  : 'configparams force-mem-access 0' command is executed.
12:31:42 INFO  : ----------------XSDB Script----------------
connect -url tcp:127.0.0.1:3121
set bp_31_35_0 [bpadd -target-id all -ct-input {0} -ct-output {24 25 26 27}]
set bp_31_35_1 [bpadd -target-id all -ct-input {24 25 26 27} -ct-output {0}]
source D:/FPGA/ZYNQ_HW_DEBUG/ZYNQ_HW_DEBUG.sdk/design_1_wrapper_hw_platform_0/ps7_init.tcl
targets -set -filter {jtag_cable_name =~ "Avnet MiniZed V1 1234-oj1A" && level==0} -index 1
fpga -file D:/FPGA/ZYNQ_HW_DEBUG/ZYNQ_HW_DEBUG.sdk/design_1_wrapper_hw_platform_0/design_1_wrapper.bit
targets -set -nocase -filter {name =~"APU*" && jtag_cable_name =~ "Avnet MiniZed V1 1234-oj1A"} -index 0
loadhw -hw D:/FPGA/ZYNQ_HW_DEBUG/ZYNQ_HW_DEBUG.sdk/design_1_wrapper_hw_platform_0/system.hdf -mem-ranges [list {0x40000000 0xbfffffff}]
configparams force-mem-access 1
targets -set -nocase -filter {name =~"APU*" && jtag_cable_name =~ "Avnet MiniZed V1 1234-oj1A"} -index 0
stop
ps7_init
ps7_post_config
targets -set -nocase -filter {name =~ "ARM*#0" && jtag_cable_name =~ "Avnet MiniZed V1 1234-oj1A"} -index 0
rst -processor
targets -set -nocase -filter {name =~ "ARM*#0" && jtag_cable_name =~ "Avnet MiniZed V1 1234-oj1A"} -index 0
dow D:/FPGA/ZYNQ_HW_DEBUG/ZYNQ_HW_DEBUG.sdk/zynq_hw_debug/Debug/zynq_hw_debug.elf
configparams force-mem-access 0
----------------End of Script----------------

12:31:42 INFO  : Memory regions updated for context APU
12:31:42 INFO  : Context for processor 'ps7_cortexa9_0' is selected.
12:31:42 INFO  : 'con' command is executed.
12:31:42 INFO  : ----------------XSDB Script (After Launch)----------------
targets -set -nocase -filter {name =~ "ARM*#0" && jtag_cable_name =~ "Avnet MiniZed V1 1234-oj1A"} -index 0
con
----------------End of Script----------------

12:31:42 INFO  : Launch script is exported to file 'D:\FPGA\ZYNQ_HW_DEBUG\ZYNQ_HW_DEBUG.sdk\.sdk\launch_scripts\xilinx_c-c++_application_(system_debugger)\system_debugger_using_debug_zynq_hw_debug.elf_on_local.tcl'
12:41:45 INFO  : Disconnected from the channel tcfchan#2.
12:41:45 INFO  : 'bpremove $bp_31_35_0' command is executed.
12:41:45 INFO  : 'bpremove $bp_31_35_1' command is executed.
