Copyright 1986-2017 Xilinx, Inc. All Rights Reserved.
-----------------------------------------------------------------------------------------------------------------------------
| Tool Version : Vivado v.2017.2.1 (win64) Build 1957588 Wed Aug  9 16:32:24 MDT 2017
| Date         : Tue Nov 28 21:08:11 2017
| Host         : 5CG64360W4 running 64-bit major release  (build 9200)
| Command      : report_utilization -file design_1_wrapper_utilization_placed.rpt -pb design_1_wrapper_utilization_placed.pb
| Design       : design_1_wrapper
| Device       : 7z007sclg225-1
| Design State : Fully Placed
-----------------------------------------------------------------------------------------------------------------------------

Utilization Design Information

Table of Contents
-----------------
1. Slice Logic
1.1 Summary of Registers by Type
2. Slice Logic Distribution
3. Memory
4. DSP
5. IO and GT Specific
6. Clocking
7. Specific Feature
8. Primitives
9. Black Boxes
10. Instantiated Netlists

1. Slice Logic
--------------

+-------------------------+------+-------+-----------+-------+
|        Site Type        | Used | Fixed | Available | Util% |
+-------------------------+------+-------+-----------+-------+
| Slice LUTs              |  192 |     0 |     14400 |  1.33 |
|   LUT as Logic          |  192 |     0 |     14400 |  1.33 |
|   LUT as Memory         |    0 |     0 |      6000 |  0.00 |
| Slice Registers         |  133 |     0 |     28800 |  0.46 |
|   Register as Flip Flop |  133 |     0 |     28800 |  0.46 |
|   Register as Latch     |    0 |     0 |     28800 |  0.00 |
| F7 Muxes                |    3 |     0 |      8800 |  0.03 |
| F8 Muxes                |    1 |     0 |      4400 |  0.02 |
+-------------------------+------+-------+-----------+-------+


1.1 Summary of Registers by Type
--------------------------------

+-------+--------------+-------------+--------------+
| Total | Clock Enable | Synchronous | Asynchronous |
+-------+--------------+-------------+--------------+
| 0     |            _ |           - |            - |
| 0     |            _ |           - |          Set |
| 0     |            _ |           - |        Reset |
| 0     |            _ |         Set |            - |
| 0     |            _ |       Reset |            - |
| 0     |          Yes |           - |            - |
| 0     |          Yes |           - |          Set |
| 2     |          Yes |           - |        Reset |
| 2     |          Yes |         Set |            - |
| 129   |          Yes |       Reset |            - |
+-------+--------------+-------------+--------------+


2. Slice Logic Distribution
---------------------------

+-------------------------------------------+------+-------+-----------+-------+
|                 Site Type                 | Used | Fixed | Available | Util% |
+-------------------------------------------+------+-------+-----------+-------+
| Slice                                     |   62 |     0 |      4400 |  1.41 |
|   SLICEL                                  |   40 |     0 |           |       |
|   SLICEM                                  |   22 |     0 |           |       |
| LUT as Logic                              |  192 |     0 |     14400 |  1.33 |
|   using O5 output only                    |    0 |       |           |       |
|   using O6 output only                    |  139 |       |           |       |
|   using O5 and O6                         |   53 |       |           |       |
| LUT as Memory                             |    0 |     0 |      6000 |  0.00 |
|   LUT as Distributed RAM                  |    0 |     0 |           |       |
|   LUT as Shift Register                   |    0 |     0 |           |       |
| LUT Flip Flop Pairs                       |   98 |     0 |     14400 |  0.68 |
|   fully used LUT-FF pairs                 |    2 |       |           |       |
|   LUT-FF pairs with one unused LUT output |   96 |       |           |       |
|   LUT-FF pairs with one unused Flip Flop  |   96 |       |           |       |
| Unique Control Sets                       |    7 |       |           |       |
+-------------------------------------------+------+-------+-----------+-------+
* Note: Review the Control Sets Report for more information regarding control sets.


3. Memory
---------

+-------------------+------+-------+-----------+-------+
|     Site Type     | Used | Fixed | Available | Util% |
+-------------------+------+-------+-----------+-------+
| Block RAM Tile    |  0.5 |     0 |        50 |  1.00 |
|   RAMB36/FIFO*    |    0 |     0 |        50 |  0.00 |
|   RAMB18          |    1 |     0 |       100 |  1.00 |
|     RAMB18E1 only |    1 |       |           |       |
+-------------------+------+-------+-----------+-------+
* Note: Each Block RAM Tile only has one FIFO logic available and therefore can accommodate only one FIFO36E1 or one FIFO18E1. However, if a FIFO18E1 occupies a Block RAM Tile, that tile can still accommodate a RAMB18E1


4. DSP
------

+-----------+------+-------+-----------+-------+
| Site Type | Used | Fixed | Available | Util% |
+-----------+------+-------+-----------+-------+
| DSPs      |    0 |     0 |        66 |  0.00 |
+-----------+------+-------+-----------+-------+


5. IO and GT Specific
---------------------

+-----------------------------+------+-------+-----------+-------+
|          Site Type          | Used | Fixed | Available | Util% |
+-----------------------------+------+-------+-----------+-------+
| Bonded IOB                  |    2 |     2 |        54 |  3.70 |
|   IOB Master Pads           |    0 |       |           |       |
|   IOB Slave Pads            |    2 |       |           |       |
| Bonded IPADs                |    0 |     0 |         2 |  0.00 |
| Bonded IOPADs               |   86 |     0 |       130 | 66.15 |
| PHY_CONTROL                 |    0 |     0 |         2 |  0.00 |
| PHASER_REF                  |    0 |     0 |         2 |  0.00 |
| OUT_FIFO                    |    0 |     0 |         8 |  0.00 |
| IN_FIFO                     |    0 |     0 |         8 |  0.00 |
| IDELAYCTRL                  |    0 |     0 |         2 |  0.00 |
| IBUFDS                      |    0 |     0 |        54 |  0.00 |
| PHASER_OUT/PHASER_OUT_PHY   |    0 |     0 |         8 |  0.00 |
| PHASER_IN/PHASER_IN_PHY     |    0 |     0 |         8 |  0.00 |
| IDELAYE2/IDELAYE2_FINEDELAY |    0 |     0 |       100 |  0.00 |
| ILOGIC                      |    0 |     0 |        54 |  0.00 |
| OLOGIC                      |    0 |     0 |        54 |  0.00 |
+-----------------------------+------+-------+-----------+-------+


6. Clocking
-----------

+------------+------+-------+-----------+-------+
|  Site Type | Used | Fixed | Available | Util% |
+------------+------+-------+-----------+-------+
| BUFGCTRL   |    2 |     0 |        32 |  6.25 |
| BUFIO      |    0 |     0 |         8 |  0.00 |
| MMCME2_ADV |    0 |     0 |         2 |  0.00 |
| PLLE2_ADV  |    0 |     0 |         2 |  0.00 |
| BUFMRCE    |    0 |     0 |         4 |  0.00 |
| BUFHCE     |    0 |     0 |        48 |  0.00 |
| BUFR       |    0 |     0 |         8 |  0.00 |
+------------+------+-------+-----------+-------+


7. Specific Feature
-------------------

+-------------+------+-------+-----------+-------+
|  Site Type  | Used | Fixed | Available | Util% |
+-------------+------+-------+-----------+-------+
| BSCANE2     |    0 |     0 |         4 |  0.00 |
| CAPTUREE2   |    0 |     0 |         1 |  0.00 |
| DNA_PORT    |    0 |     0 |         1 |  0.00 |
| EFUSE_USR   |    0 |     0 |         1 |  0.00 |
| FRAME_ECCE2 |    0 |     0 |         1 |  0.00 |
| ICAPE2      |    0 |     0 |         2 |  0.00 |
| STARTUPE2   |    0 |     0 |         1 |  0.00 |
| XADC        |    0 |     0 |         1 |  0.00 |
+-------------+------+-------+-----------+-------+


8. Primitives
-------------

+----------+------+----------------------+
| Ref Name | Used |  Functional Category |
+----------+------+----------------------+
| FDRE     |  129 |         Flop & Latch |
| LUT2     |  119 |                  LUT |
| LUT1     |   96 |                  LUT |
| BIBUF    |   86 |                   IO |
| CARRY4   |   48 |           CarryLogic |
| LUT6     |   16 |                  LUT |
| LUT3     |    9 |                  LUT |
| MUXF7    |    3 |                MuxFx |
| LUT4     |    3 |                  LUT |
| OBUF     |    2 |                   IO |
| LUT5     |    2 |                  LUT |
| FDSE     |    2 |         Flop & Latch |
| FDCE     |    2 |         Flop & Latch |
| BUFG     |    2 |                Clock |
| RAMB18E1 |    1 |         Block Memory |
| PS7      |    1 | Specialized Resource |
| MUXF8    |    1 |                MuxFx |
+----------+------+----------------------+


9. Black Boxes
--------------

+----------+------+
| Ref Name | Used |
+----------+------+


10. Instantiated Netlists
-------------------------

+---------------------------------+------+
|             Ref Name            | Used |
+---------------------------------+------+
| design_1_processing_system7_0_0 |    1 |
| design_1_WS2812_0_0             |    1 |
+---------------------------------+------+


