
*** Running vivado
    with args -log design_1_AXI_MATH_UNIT_0_0.vds -m64 -product Vivado -mode batch -messageDb vivado.pb -notrace -source design_1_AXI_MATH_UNIT_0_0.tcl


****** Vivado v2018.2.2 (64-bit)
  **** SW Build 2348494 on Mon Oct  1 18:25:44 MDT 2018
  **** IP Build 2318053 on Mon Oct  1 21:44:26 MDT 2018
    ** Copyright 1986-2018 Xilinx, Inc. All Rights Reserved.

source design_1_AXI_MATH_UNIT_0_0.tcl -notrace
Command: synth_design -top design_1_AXI_MATH_UNIT_0_0 -part xc7z007sclg225-1 -mode out_of_context
Starting synth_design
Attempting to get a license for feature 'Synthesis' and/or device 'xc7z007s'
INFO: [Common 17-349] Got license for feature 'Synthesis' and/or device 'xc7z007s'
INFO: Launching helper process for spawning children vivado processes
INFO: Helper process launched with PID 3316 
---------------------------------------------------------------------------------
Starting RTL Elaboration : Time (s): cpu = 00:00:05 ; elapsed = 00:00:06 . Memory (MB): peak = 364.281 ; gain = 98.891
---------------------------------------------------------------------------------
INFO: [Synth 8-638] synthesizing module 'design_1_AXI_MATH_UNIT_0_0' [d:/FPGA/MATH_IP_APP/MATH_IP_APP.srcs/sources_1/bd/design_1/ip/design_1_AXI_MATH_UNIT_0_0/synth/design_1_AXI_MATH_UNIT_0_0.vhd:82]
	Parameter C_S00_AXI_DATA_WIDTH bound to: 32 - type: integer 
	Parameter C_S00_AXI_ADDR_WIDTH bound to: 4 - type: integer 
INFO: [Synth 8-3491] module 'AXI_MATH_UNIT_v1_0' declared at 'd:/FPGA/MATH_IP_APP/MATH_IP_APP.srcs/sources_1/bd/design_1/ipshared/7f60/hdl/AXI_MATH_UNIT_v1_0.vhd:5' bound to instance 'U0' of component 'AXI_MATH_UNIT_v1_0' [d:/FPGA/MATH_IP_APP/MATH_IP_APP.srcs/sources_1/bd/design_1/ip/design_1_AXI_MATH_UNIT_0_0/synth/design_1_AXI_MATH_UNIT_0_0.vhd:146]
INFO: [Synth 8-638] synthesizing module 'AXI_MATH_UNIT_v1_0' [d:/FPGA/MATH_IP_APP/MATH_IP_APP.srcs/sources_1/bd/design_1/ipshared/7f60/hdl/AXI_MATH_UNIT_v1_0.vhd:49]
	Parameter C_S00_AXI_DATA_WIDTH bound to: 32 - type: integer 
	Parameter C_S00_AXI_ADDR_WIDTH bound to: 4 - type: integer 
	Parameter C_S_AXI_DATA_WIDTH bound to: 32 - type: integer 
	Parameter C_S_AXI_ADDR_WIDTH bound to: 4 - type: integer 
INFO: [Synth 8-3491] module 'AXI_MATH_UNIT_v1_0_S00_AXI' declared at 'd:/FPGA/MATH_IP_APP/MATH_IP_APP.srcs/sources_1/bd/design_1/ipshared/7f60/hdl/AXI_MATH_UNIT_v1_0_S00_AXI.vhd:5' bound to instance 'AXI_MATH_UNIT_v1_0_S00_AXI_inst' of component 'AXI_MATH_UNIT_v1_0_S00_AXI' [d:/FPGA/MATH_IP_APP/MATH_IP_APP.srcs/sources_1/bd/design_1/ipshared/7f60/hdl/AXI_MATH_UNIT_v1_0.vhd:85]
INFO: [Synth 8-638] synthesizing module 'AXI_MATH_UNIT_v1_0_S00_AXI' [d:/FPGA/MATH_IP_APP/MATH_IP_APP.srcs/sources_1/bd/design_1/ipshared/7f60/hdl/AXI_MATH_UNIT_v1_0_S00_AXI.vhd:86]
	Parameter C_S_AXI_DATA_WIDTH bound to: 32 - type: integer 
	Parameter C_S_AXI_ADDR_WIDTH bound to: 4 - type: integer 
INFO: [Synth 8-226] default block is never used [d:/FPGA/MATH_IP_APP/MATH_IP_APP.srcs/sources_1/bd/design_1/ipshared/7f60/hdl/AXI_MATH_UNIT_v1_0_S00_AXI.vhd:232]
INFO: [Synth 8-226] default block is never used [d:/FPGA/MATH_IP_APP/MATH_IP_APP.srcs/sources_1/bd/design_1/ipshared/7f60/hdl/AXI_MATH_UNIT_v1_0_S00_AXI.vhd:362]
WARNING: [Synth 8-614] signal 'resultaat' is read in the process but is not in the sensitivity list [d:/FPGA/MATH_IP_APP/MATH_IP_APP.srcs/sources_1/bd/design_1/ipshared/7f60/hdl/AXI_MATH_UNIT_v1_0_S00_AXI.vhd:357]
INFO: [Synth 8-3491] module 'MATH_UNIT' declared at 'd:/FPGA/MATH_IP_APP/MATH_IP_APP.srcs/sources_1/bd/design_1/ipshared/7f60/src/MATH_UNIT.vhd:34' bound to instance 'MATH_UNIT_IP' of component 'MATH_UNIT' [d:/FPGA/MATH_IP_APP/MATH_IP_APP.srcs/sources_1/bd/design_1/ipshared/7f60/hdl/AXI_MATH_UNIT_v1_0_S00_AXI.vhd:396]
INFO: [Synth 8-638] synthesizing module 'MATH_UNIT' [d:/FPGA/MATH_IP_APP/MATH_IP_APP.srcs/sources_1/bd/design_1/ipshared/7f60/src/MATH_UNIT.vhd:44]
INFO: [Synth 8-226] default block is never used [d:/FPGA/MATH_IP_APP/MATH_IP_APP.srcs/sources_1/bd/design_1/ipshared/7f60/src/MATH_UNIT.vhd:49]
INFO: [Synth 8-256] done synthesizing module 'MATH_UNIT' (1#1) [d:/FPGA/MATH_IP_APP/MATH_IP_APP.srcs/sources_1/bd/design_1/ipshared/7f60/src/MATH_UNIT.vhd:44]
WARNING: [Synth 8-6014] Unused sequential element slv_reg3_reg was removed.  [d:/FPGA/MATH_IP_APP/MATH_IP_APP.srcs/sources_1/bd/design_1/ipshared/7f60/hdl/AXI_MATH_UNIT_v1_0_S00_AXI.vhd:228]
WARNING: [Synth 8-6014] Unused sequential element loc_addr_reg was removed.  [d:/FPGA/MATH_IP_APP/MATH_IP_APP.srcs/sources_1/bd/design_1/ipshared/7f60/hdl/AXI_MATH_UNIT_v1_0_S00_AXI.vhd:230]
INFO: [Synth 8-256] done synthesizing module 'AXI_MATH_UNIT_v1_0_S00_AXI' (2#1) [d:/FPGA/MATH_IP_APP/MATH_IP_APP.srcs/sources_1/bd/design_1/ipshared/7f60/hdl/AXI_MATH_UNIT_v1_0_S00_AXI.vhd:86]
INFO: [Synth 8-256] done synthesizing module 'AXI_MATH_UNIT_v1_0' (3#1) [d:/FPGA/MATH_IP_APP/MATH_IP_APP.srcs/sources_1/bd/design_1/ipshared/7f60/hdl/AXI_MATH_UNIT_v1_0.vhd:49]
INFO: [Synth 8-256] done synthesizing module 'design_1_AXI_MATH_UNIT_0_0' (4#1) [d:/FPGA/MATH_IP_APP/MATH_IP_APP.srcs/sources_1/bd/design_1/ip/design_1_AXI_MATH_UNIT_0_0/synth/design_1_AXI_MATH_UNIT_0_0.vhd:82]
WARNING: [Synth 8-3331] design AXI_MATH_UNIT_v1_0_S00_AXI has unconnected port S_AXI_AWPROT[2]
WARNING: [Synth 8-3331] design AXI_MATH_UNIT_v1_0_S00_AXI has unconnected port S_AXI_AWPROT[1]
WARNING: [Synth 8-3331] design AXI_MATH_UNIT_v1_0_S00_AXI has unconnected port S_AXI_AWPROT[0]
WARNING: [Synth 8-3331] design AXI_MATH_UNIT_v1_0_S00_AXI has unconnected port S_AXI_ARPROT[2]
WARNING: [Synth 8-3331] design AXI_MATH_UNIT_v1_0_S00_AXI has unconnected port S_AXI_ARPROT[1]
WARNING: [Synth 8-3331] design AXI_MATH_UNIT_v1_0_S00_AXI has unconnected port S_AXI_ARPROT[0]
---------------------------------------------------------------------------------
Finished RTL Elaboration : Time (s): cpu = 00:00:06 ; elapsed = 00:00:08 . Memory (MB): peak = 419.473 ; gain = 154.082
---------------------------------------------------------------------------------

Report Check Netlist: 
+------+------------------+-------+---------+-------+------------------+
|      |Item              |Errors |Warnings |Status |Description       |
+------+------------------+-------+---------+-------+------------------+
|1     |multi_driven_nets |      0|        0|Passed |Multi driven nets |
+------+------------------+-------+---------+-------+------------------+
---------------------------------------------------------------------------------
Start Handling Custom Attributes
---------------------------------------------------------------------------------
---------------------------------------------------------------------------------
Finished Handling Custom Attributes : Time (s): cpu = 00:00:07 ; elapsed = 00:00:08 . Memory (MB): peak = 419.473 ; gain = 154.082
---------------------------------------------------------------------------------
---------------------------------------------------------------------------------
Finished RTL Optimization Phase 1 : Time (s): cpu = 00:00:07 ; elapsed = 00:00:08 . Memory (MB): peak = 419.473 ; gain = 154.082
---------------------------------------------------------------------------------
INFO: [Device 21-403] Loading part xc7z007sclg225-1
INFO: [Project 1-570] Preparing netlist for logic optimization

Processing XDC Constraints
Initializing timing engine
Completed Processing XDC Constraints

INFO: [Project 1-111] Unisim Transformation Summary:
No Unisim elements were transformed.

WARNING: [Constraints 18-5210] No constraint will be written out.
Constraint Validation Runtime : Time (s): cpu = 00:00:00 ; elapsed = 00:00:00.161 . Memory (MB): peak = 730.574 ; gain = 2.770
---------------------------------------------------------------------------------
Finished Constraint Validation : Time (s): cpu = 00:00:24 ; elapsed = 00:00:33 . Memory (MB): peak = 730.574 ; gain = 465.184
---------------------------------------------------------------------------------
---------------------------------------------------------------------------------
Start Loading Part and Timing Information
---------------------------------------------------------------------------------
Loading part: xc7z007sclg225-1
---------------------------------------------------------------------------------
Finished Loading Part and Timing Information : Time (s): cpu = 00:00:24 ; elapsed = 00:00:33 . Memory (MB): peak = 730.574 ; gain = 465.184
---------------------------------------------------------------------------------
---------------------------------------------------------------------------------
Start Applying 'set_property' XDC Constraints
---------------------------------------------------------------------------------
---------------------------------------------------------------------------------
Finished applying 'set_property' XDC Constraints : Time (s): cpu = 00:00:24 ; elapsed = 00:00:33 . Memory (MB): peak = 730.574 ; gain = 465.184
---------------------------------------------------------------------------------
INFO: [Synth 8-5818] HDL ADVISOR - The operator resource <adder> is shared. To prevent sharing consider applying a KEEP on the output of the operator [d:/FPGA/MATH_IP_APP/MATH_IP_APP.srcs/sources_1/bd/design_1/ipshared/7f60/src/MATH_UNIT.vhd:49]
---------------------------------------------------------------------------------
Finished RTL Optimization Phase 2 : Time (s): cpu = 00:00:25 ; elapsed = 00:00:34 . Memory (MB): peak = 730.574 ; gain = 465.184
---------------------------------------------------------------------------------

Report RTL Partitions: 
+-+--------------+------------+----------+
| |RTL Partition |Replication |Instances |
+-+--------------+------------+----------+
+-+--------------+------------+----------+
---------------------------------------------------------------------------------
Start RTL Component Statistics 
---------------------------------------------------------------------------------
Detailed RTL Component Info : 
+---Adders : 
	   3 Input     32 Bit       Adders := 1     
+---Registers : 
	               32 Bit    Registers := 4     
	                4 Bit    Registers := 2     
	                2 Bit    Registers := 2     
	                1 Bit    Registers := 6     
+---Muxes : 
	   8 Input     32 Bit        Muxes := 3     
	   2 Input     32 Bit        Muxes := 3     
	   4 Input     32 Bit        Muxes := 4     
	   2 Input      1 Bit        Muxes := 5     
---------------------------------------------------------------------------------
Finished RTL Component Statistics 
---------------------------------------------------------------------------------
---------------------------------------------------------------------------------
Start RTL Hierarchical Component Statistics 
---------------------------------------------------------------------------------
Hierarchical RTL Component report 
Module MATH_UNIT 
Detailed RTL Component Info : 
+---Adders : 
	   3 Input     32 Bit       Adders := 1     
+---Muxes : 
	   8 Input     32 Bit        Muxes := 3     
Module AXI_MATH_UNIT_v1_0_S00_AXI 
Detailed RTL Component Info : 
+---Registers : 
	               32 Bit    Registers := 4     
	                4 Bit    Registers := 2     
	                2 Bit    Registers := 2     
	                1 Bit    Registers := 6     
+---Muxes : 
	   2 Input     32 Bit        Muxes := 3     
	   4 Input     32 Bit        Muxes := 4     
	   2 Input      1 Bit        Muxes := 5     
---------------------------------------------------------------------------------
Finished RTL Hierarchical Component Statistics
---------------------------------------------------------------------------------
---------------------------------------------------------------------------------
Start Part Resource Summary
---------------------------------------------------------------------------------
Part Resources:
DSPs: 66 (col length:40)
BRAMs: 100 (col length: RAMB18 40 RAMB36 20)
---------------------------------------------------------------------------------
Finished Part Resource Summary
---------------------------------------------------------------------------------
---------------------------------------------------------------------------------
Start Cross Boundary and Area Optimization
---------------------------------------------------------------------------------
Warning: Parallel synthesis criteria is not met 
DSP Report: Generating DSP resultaat0, operation Mode is: A*B.
DSP Report: operator resultaat0 is absorbed into DSP resultaat0.
WARNING: [Synth 8-3331] design design_1_AXI_MATH_UNIT_0_0 has unconnected port s00_axi_awprot[2]
WARNING: [Synth 8-3331] design design_1_AXI_MATH_UNIT_0_0 has unconnected port s00_axi_awprot[1]
WARNING: [Synth 8-3331] design design_1_AXI_MATH_UNIT_0_0 has unconnected port s00_axi_awprot[0]
WARNING: [Synth 8-3331] design design_1_AXI_MATH_UNIT_0_0 has unconnected port s00_axi_arprot[2]
WARNING: [Synth 8-3331] design design_1_AXI_MATH_UNIT_0_0 has unconnected port s00_axi_arprot[1]
WARNING: [Synth 8-3331] design design_1_AXI_MATH_UNIT_0_0 has unconnected port s00_axi_arprot[0]
INFO: [Synth 8-3333] propagating constant 1 across sequential element (\U0/AXI_MATH_UNIT_v1_0_S00_AXI_inst/aw_en_reg )
INFO: [Synth 8-3886] merging instance 'U0/AXI_MATH_UNIT_v1_0_S00_AXI_inst/axi_rresp_reg[0]' (FDRE) to 'U0/AXI_MATH_UNIT_v1_0_S00_AXI_inst/axi_rresp_reg[1]'
INFO: [Synth 8-3333] propagating constant 0 across sequential element (\U0/AXI_MATH_UNIT_v1_0_S00_AXI_inst/axi_rresp_reg[1] )
INFO: [Synth 8-3886] merging instance 'U0/AXI_MATH_UNIT_v1_0_S00_AXI_inst/axi_bresp_reg[0]' (FDRE) to 'U0/AXI_MATH_UNIT_v1_0_S00_AXI_inst/axi_bresp_reg[1]'
INFO: [Synth 8-3333] propagating constant 0 across sequential element (\U0/AXI_MATH_UNIT_v1_0_S00_AXI_inst/axi_bresp_reg[1] )
INFO: [Synth 8-3332] Sequential element (U0/AXI_MATH_UNIT_v1_0_S00_AXI_inst/aw_en_reg) is unused and will be removed from module design_1_AXI_MATH_UNIT_0_0.
INFO: [Synth 8-3332] Sequential element (U0/AXI_MATH_UNIT_v1_0_S00_AXI_inst/axi_bresp_reg[1]) is unused and will be removed from module design_1_AXI_MATH_UNIT_0_0.
INFO: [Synth 8-3332] Sequential element (U0/AXI_MATH_UNIT_v1_0_S00_AXI_inst/axi_awaddr_reg[1]) is unused and will be removed from module design_1_AXI_MATH_UNIT_0_0.
INFO: [Synth 8-3332] Sequential element (U0/AXI_MATH_UNIT_v1_0_S00_AXI_inst/axi_awaddr_reg[0]) is unused and will be removed from module design_1_AXI_MATH_UNIT_0_0.
INFO: [Synth 8-3332] Sequential element (U0/AXI_MATH_UNIT_v1_0_S00_AXI_inst/axi_araddr_reg[1]) is unused and will be removed from module design_1_AXI_MATH_UNIT_0_0.
INFO: [Synth 8-3332] Sequential element (U0/AXI_MATH_UNIT_v1_0_S00_AXI_inst/axi_araddr_reg[0]) is unused and will be removed from module design_1_AXI_MATH_UNIT_0_0.
INFO: [Synth 8-3332] Sequential element (U0/AXI_MATH_UNIT_v1_0_S00_AXI_inst/axi_rresp_reg[1]) is unused and will be removed from module design_1_AXI_MATH_UNIT_0_0.
---------------------------------------------------------------------------------
Finished Cross Boundary and Area Optimization : Time (s): cpu = 00:00:38 ; elapsed = 00:00:48 . Memory (MB): peak = 730.574 ; gain = 465.184
---------------------------------------------------------------------------------
---------------------------------------------------------------------------------
Start ROM, RAM, DSP and Shift Register Reporting
---------------------------------------------------------------------------------

DSP: Preliminary Mapping  Report (see note below)
+------------+-------------+--------+--------+--------+--------+--------+------+------+------+------+-------+------+------+
|Module Name | DSP Mapping | A Size | B Size | C Size | D Size | P Size | AREG | BREG | CREG | DREG | ADREG | MREG | PREG | 
+------------+-------------+--------+--------+--------+--------+--------+------+------+------+------+-------+------+------+
|MATH_UNIT   | A*B         | 16     | 16     | -      | -      | 32     | 0    | 0    | -    | -    | -     | 0    | 0    | 
+------------+-------------+--------+--------+--------+--------+--------+------+------+------+------+-------+------+------+

Note: The table above is a preliminary report that shows the DSPs inferred at the current stage of the synthesis flow. Some DSP may be reimplemented as non DSP primitives later in the synthesis flow. Multiple instantiated DSPs are reported only once.
---------------------------------------------------------------------------------
Finished ROM, RAM, DSP and Shift Register Reporting
---------------------------------------------------------------------------------

Report RTL Partitions: 
+-+--------------+------------+----------+
| |RTL Partition |Replication |Instances |
+-+--------------+------------+----------+
+-+--------------+------------+----------+
---------------------------------------------------------------------------------
Start Applying XDC Timing Constraints
---------------------------------------------------------------------------------
---------------------------------------------------------------------------------
Finished Applying XDC Timing Constraints : Time (s): cpu = 00:01:09 ; elapsed = 00:01:26 . Memory (MB): peak = 792.992 ; gain = 527.602
---------------------------------------------------------------------------------
---------------------------------------------------------------------------------
Start Timing Optimization
---------------------------------------------------------------------------------
---------------------------------------------------------------------------------
Finished Timing Optimization : Time (s): cpu = 00:01:09 ; elapsed = 00:01:26 . Memory (MB): peak = 796.719 ; gain = 531.328
---------------------------------------------------------------------------------

Report RTL Partitions: 
+-+--------------+------------+----------+
| |RTL Partition |Replication |Instances |
+-+--------------+------------+----------+
+-+--------------+------------+----------+
---------------------------------------------------------------------------------
Start Technology Mapping
---------------------------------------------------------------------------------
---------------------------------------------------------------------------------
Finished Technology Mapping : Time (s): cpu = 00:01:12 ; elapsed = 00:01:29 . Memory (MB): peak = 832.910 ; gain = 567.520
---------------------------------------------------------------------------------

Report RTL Partitions: 
+-+--------------+------------+----------+
| |RTL Partition |Replication |Instances |
+-+--------------+------------+----------+
+-+--------------+------------+----------+
---------------------------------------------------------------------------------
Start IO Insertion
---------------------------------------------------------------------------------
---------------------------------------------------------------------------------
Start Flattening Before IO Insertion
---------------------------------------------------------------------------------
---------------------------------------------------------------------------------
Finished Flattening Before IO Insertion
---------------------------------------------------------------------------------
---------------------------------------------------------------------------------
Start Final Netlist Cleanup
---------------------------------------------------------------------------------
---------------------------------------------------------------------------------
Finished Final Netlist Cleanup
---------------------------------------------------------------------------------
---------------------------------------------------------------------------------
Finished IO Insertion : Time (s): cpu = 00:01:14 ; elapsed = 00:01:32 . Memory (MB): peak = 832.910 ; gain = 567.520
---------------------------------------------------------------------------------

Report Check Netlist: 
+------+------------------+-------+---------+-------+------------------+
|      |Item              |Errors |Warnings |Status |Description       |
+------+------------------+-------+---------+-------+------------------+
|1     |multi_driven_nets |      0|        0|Passed |Multi driven nets |
+------+------------------+-------+---------+-------+------------------+
---------------------------------------------------------------------------------
Start Renaming Generated Instances
---------------------------------------------------------------------------------
---------------------------------------------------------------------------------
Finished Renaming Generated Instances : Time (s): cpu = 00:01:14 ; elapsed = 00:01:32 . Memory (MB): peak = 832.910 ; gain = 567.520
---------------------------------------------------------------------------------

Report RTL Partitions: 
+-+--------------+------------+----------+
| |RTL Partition |Replication |Instances |
+-+--------------+------------+----------+
+-+--------------+------------+----------+
---------------------------------------------------------------------------------
Start Rebuilding User Hierarchy
---------------------------------------------------------------------------------
---------------------------------------------------------------------------------
Finished Rebuilding User Hierarchy : Time (s): cpu = 00:01:15 ; elapsed = 00:01:33 . Memory (MB): peak = 832.910 ; gain = 567.520
---------------------------------------------------------------------------------
---------------------------------------------------------------------------------
Start Renaming Generated Ports
---------------------------------------------------------------------------------
---------------------------------------------------------------------------------
Finished Renaming Generated Ports : Time (s): cpu = 00:01:15 ; elapsed = 00:01:33 . Memory (MB): peak = 832.910 ; gain = 567.520
---------------------------------------------------------------------------------
---------------------------------------------------------------------------------
Start Handling Custom Attributes
---------------------------------------------------------------------------------
---------------------------------------------------------------------------------
Finished Handling Custom Attributes : Time (s): cpu = 00:01:15 ; elapsed = 00:01:33 . Memory (MB): peak = 832.910 ; gain = 567.520
---------------------------------------------------------------------------------
---------------------------------------------------------------------------------
Start Renaming Generated Nets
---------------------------------------------------------------------------------
---------------------------------------------------------------------------------
Finished Renaming Generated Nets : Time (s): cpu = 00:01:15 ; elapsed = 00:01:33 . Memory (MB): peak = 832.910 ; gain = 567.520
---------------------------------------------------------------------------------
---------------------------------------------------------------------------------
Start Writing Synthesis Report
---------------------------------------------------------------------------------

Report BlackBoxes: 
+-+--------------+----------+
| |BlackBox name |Instances |
+-+--------------+----------+
+-+--------------+----------+

Report Cell Usage: 
+------+--------+------+
|      |Cell    |Count |
+------+--------+------+
|1     |CARRY4  |  1160|
|2     |DSP48E1 |     1|
|3     |LUT1    |   249|
|4     |LUT2    |   141|
|5     |LUT3    |  4013|
|6     |LUT4    |   115|
|7     |LUT5    |    66|
|8     |LUT6    |   152|
|9     |MUXF7   |    14|
|10    |FDRE    |   135|
|11    |FDSE    |     2|
+------+--------+------+

Report Instance Areas: 
+------+------------------------------------+---------------------------+------+
|      |Instance                            |Module                     |Cells |
+------+------------------------------------+---------------------------+------+
|1     |top                                 |                           |  6048|
|2     |  U0                                |AXI_MATH_UNIT_v1_0         |  6048|
|3     |    AXI_MATH_UNIT_v1_0_S00_AXI_inst |AXI_MATH_UNIT_v1_0_S00_AXI |  6048|
|4     |      MATH_UNIT_IP                  |MATH_UNIT                  |  5755|
+------+------------------------------------+---------------------------+------+
---------------------------------------------------------------------------------
Finished Writing Synthesis Report : Time (s): cpu = 00:01:15 ; elapsed = 00:01:33 . Memory (MB): peak = 832.910 ; gain = 567.520
---------------------------------------------------------------------------------
Synthesis finished with 0 errors, 0 critical warnings and 6 warnings.
Synthesis Optimization Runtime : Time (s): cpu = 00:00:57 ; elapsed = 00:01:14 . Memory (MB): peak = 832.910 ; gain = 256.418
Synthesis Optimization Complete : Time (s): cpu = 00:01:16 ; elapsed = 00:01:33 . Memory (MB): peak = 832.910 ; gain = 567.520
INFO: [Project 1-571] Translating synthesized netlist
INFO: [Netlist 29-17] Analyzing 1175 Unisim elements for replacement
INFO: [Netlist 29-28] Unisim Transformation completed in 1 CPU seconds
WARNING: [Netlist 29-101] Netlist 'design_1_AXI_MATH_UNIT_0_0' is not ideal for floorplanning, since the cellview 'MATH_UNIT' contains a large number of primitives.  Please consider enabling hierarchy in synthesis if you want to do floorplanning.
INFO: [Project 1-570] Preparing netlist for logic optimization
INFO: [Opt 31-138] Pushed 0 inverter(s) to 0 load pin(s).
INFO: [Project 1-111] Unisim Transformation Summary:
No Unisim elements were transformed.

INFO: [Common 17-83] Releasing license: Synthesis
38 Infos, 17 Warnings, 0 Critical Warnings and 0 Errors encountered.
synth_design completed successfully
synth_design: Time (s): cpu = 00:01:21 ; elapsed = 00:01:39 . Memory (MB): peak = 832.910 ; gain = 573.547
WARNING: [Constraints 18-5210] No constraint will be written out.
INFO: [Common 17-1381] The checkpoint 'D:/FPGA/MATH_IP_APP/MATH_IP_APP.runs/design_1_AXI_MATH_UNIT_0_0_synth_1/design_1_AXI_MATH_UNIT_0_0.dcp' has been generated.
