#-----------------------------------------------------------
# Vivado v2021.2 (64-bit)
# SW Build 3367213 on Tue Oct 19 02:48:09 MDT 2021
# IP Build 3369179 on Thu Oct 21 08:25:16 MDT 2021
# Start of session at: Wed Sep 28 11:14:37 2022
# Process ID: 13972
# Current directory: C:/Users/20002890/OneDrive - PXL/Hogeschool PXL/Onderwijs/2021-2022/DevWorks_backup27062022/SoC_Neopixel_VHDL
# Command line: vivado.exe -gui_launcher_event rodinguilauncherevent14272 C:\Users\20002890\OneDrive - PXL\Hogeschool PXL\Onderwijs\2021-2022\DevWorks_backup27062022\SoC_Neopixel_VHDL\XTRA_SoC_Neopixel.xpr
# Log file: C:/Users/20002890/OneDrive - PXL/Hogeschool PXL/Onderwijs/2021-2022/DevWorks_backup27062022/SoC_Neopixel_VHDL/vivado.log
# Journal file: C:/Users/20002890/OneDrive - PXL/Hogeschool PXL/Onderwijs/2021-2022/DevWorks_backup27062022/SoC_Neopixel_VHDL\vivado.jou
# Running On: PF1K6K4W, OS: Windows, CPU Frequency: 1800 MHz, CPU Physical cores: 4, Host memory: 16915 MB
#-----------------------------------------------------------
start_gui
open_project {C:/Users/20002890/OneDrive - PXL/Hogeschool PXL/Onderwijs/2021-2022/DevWorks_backup27062022/SoC_Neopixel_VHDL/XTRA_SoC_Neopixel.xpr}
INFO: [ProjectBase 1-489] The host OS only allows 260 characters in a normal path. The project is stored in a path with more than 80 characters. If you experience issues with IP, Block Designs, or files not being found, please consider moving the project to a location with a shorter path. Alternately consider using the OS subst command to map part of the path to a drive letter.
Current project path is 'C:/Users/20002890/OneDrive - PXL/Hogeschool PXL/Onderwijs/2021-2022/DevWorks_backup27062022/SoC_Neopixel_VHDL'
WARNING: [Board 49-26] cannot add Board Part digilentinc.com:arty-a7-100:part0:1.0 available at C:/Users/20002890/AppData/Roaming/Xilinx/Vivado/2019.2/xhub/board_store/XilinxBoardStore/Vivado/2019.2/boards/Digilent/arty-a7-100/E.0/1.0/board.xml as part xc7a100tcsg324-1 specified in board_part file is either invalid or not available
WARNING: [Board 49-26] cannot add Board Part digilentinc.com:arty-a7-35:part0:1.0 available at C:/Users/20002890/AppData/Roaming/Xilinx/Vivado/2019.2/xhub/board_store/XilinxBoardStore/Vivado/2019.2/boards/Digilent/arty-a7-35/E.0/1.0/board.xml as part xc7a35ticsg324-1l specified in board_part file is either invalid or not available
WARNING: [Board 49-26] cannot add Board Part digilentinc.com:arty-s7-25:part0:1.0 available at C:/Users/20002890/AppData/Roaming/Xilinx/Vivado/2019.2/xhub/board_store/XilinxBoardStore/Vivado/2019.2/boards/Digilent/arty-s7-25/E.0/1.0/board.xml as part xc7s25csga324-1 specified in board_part file is either invalid or not available
WARNING: [Board 49-26] cannot add Board Part digilentinc.com:arty-s7-50:part0:1.0 available at C:/Users/20002890/AppData/Roaming/Xilinx/Vivado/2019.2/xhub/board_store/XilinxBoardStore/Vivado/2019.2/boards/Digilent/arty-s7-50/B.0/1.0/board.xml as part xc7s50csga324-1 specified in board_part file is either invalid or not available
WARNING: [Board 49-26] cannot add Board Part digilentinc.com:arty:part0:1.1 available at C:/Users/20002890/AppData/Roaming/Xilinx/Vivado/2019.2/xhub/board_store/XilinxBoardStore/Vivado/2019.2/boards/Digilent/arty/C.0/1.1/board.xml as part xc7a35ticsg324-1l specified in board_part file is either invalid or not available
WARNING: [Board 49-26] cannot add Board Part digilentinc.com:basys3:part0:1.1 available at C:/Users/20002890/AppData/Roaming/Xilinx/Vivado/2019.2/xhub/board_store/XilinxBoardStore/Vivado/2019.2/boards/Digilent/basys3/C.0/1.1/board.xml as part xc7a35tcpg236-1 specified in board_part file is either invalid or not available
WARNING: [Board 49-26] cannot add Board Part digilentinc.com:cmod-s7-25:part0:1.0 available at C:/Users/20002890/AppData/Roaming/Xilinx/Vivado/2019.2/xhub/board_store/XilinxBoardStore/Vivado/2019.2/boards/Digilent/cmod-s7-25/B.0/1.0/board.xml as part xc7s25csga225-1 specified in board_part file is either invalid or not available
WARNING: [Board 49-26] cannot add Board Part digilentinc.com:cmod_a7-15t:part0:1.1 available at C:/Users/20002890/AppData/Roaming/Xilinx/Vivado/2019.2/xhub/board_store/XilinxBoardStore/Vivado/2019.2/boards/Digilent/cmod_a7-15t/B.0/1.1/board.xml as part xc7a15tcpg236-1 specified in board_part file is either invalid or not available
WARNING: [Board 49-26] cannot add Board Part digilentinc.com:cmod_a7-35t:part0:1.1 available at C:/Users/20002890/AppData/Roaming/Xilinx/Vivado/2019.2/xhub/board_store/XilinxBoardStore/Vivado/2019.2/boards/Digilent/cmod_a7-35t/B.0/1.1/board.xml as part xc7a35tcpg236-1 specified in board_part file is either invalid or not available
WARNING: [Board 49-26] cannot add Board Part digilentinc.com:genesys2:part0:1.1 available at C:/Users/20002890/AppData/Roaming/Xilinx/Vivado/2019.2/xhub/board_store/XilinxBoardStore/Vivado/2019.2/boards/Digilent/genesys2/H/1.1/board.xml as part xc7k325tffg900-2 specified in board_part file is either invalid or not available
WARNING: [Board 49-26] cannot add Board Part digilentinc.com:nexys4:part0:1.1 available at C:/Users/20002890/AppData/Roaming/Xilinx/Vivado/2019.2/xhub/board_store/XilinxBoardStore/Vivado/2019.2/boards/Digilent/nexys4/B.1/1.1/board.xml as part xc7a100tcsg324-1 specified in board_part file is either invalid or not available
WARNING: [Board 49-26] cannot add Board Part digilentinc.com:nexys4_ddr:part0:1.1 available at C:/Users/20002890/AppData/Roaming/Xilinx/Vivado/2019.2/xhub/board_store/XilinxBoardStore/Vivado/2019.2/boards/Digilent/nexys4_ddr/C.1/1.1/board.xml as part xc7a100tcsg324-1 specified in board_part file is either invalid or not available
WARNING: [Board 49-26] cannot add Board Part digilentinc.com:nexys_video:part0:1.1 available at C:/Users/20002890/AppData/Roaming/Xilinx/Vivado/2019.2/xhub/board_store/XilinxBoardStore/Vivado/2019.2/boards/Digilent/nexys_video/A.0/1.1/board.xml as part xc7a200tsbg484-1 specified in board_part file is either invalid or not available
WARNING: [Board 49-26] cannot add Board Part digilentinc.com:sword:part0:1.0 available at C:/Users/20002890/AppData/Roaming/Xilinx/Vivado/2019.2/xhub/board_store/XilinxBoardStore/Vivado/2019.2/boards/Digilent/sword/C.0/1.0/board.xml as part xc7k325tffg900-2 specified in board_part file is either invalid or not available
WARNING: [Board 49-26] cannot add Board Part em.avnet.com:ultra96:part0:1.2 available at C:/Users/20002890/AppData/Roaming/Xilinx/Vivado/2019.2/xhub/board_store/XilinxBoardStore/Vivado/2019.2/boards/Avnet/ultra96/1.2/1.2/board.xml as part xczu3eg-sbva484-1-e specified in board_part file is either invalid or not available
WARNING: [Board 49-26] cannot add Board Part trenz.biz:te0712_100_1i:part0:1.0 available at C:/Users/20002890/AppData/Roaming/Xilinx/Vivado/2019.2/xhub/board_store/XilinxBoardStore/Vivado/2019.2/boards/Trenz_Electronic/TE0712_100_1I/1.0/1.0/board.xml as part xc7a100tfgg484-1 specified in board_part file is either invalid or not available
WARNING: [Board 49-26] cannot add Board Part trenz.biz:te0712_100_2c:part0:1.0 available at C:/Users/20002890/AppData/Roaming/Xilinx/Vivado/2019.2/xhub/board_store/XilinxBoardStore/Vivado/2019.2/boards/Trenz_Electronic/TE0712_100_2C/1.0/1.0/board.xml as part xc7a100tfgg484-2 specified in board_part file is either invalid or not available
WARNING: [Board 49-26] cannot add Board Part trenz.biz:te0712_100_2c:part0:2.0 available at C:/Users/20002890/AppData/Roaming/Xilinx/Vivado/2019.2/xhub/board_store/XilinxBoardStore/Vivado/2019.2/boards/Trenz_Electronic/TE0712_100_2C/2.0/2.0/board.xml as part xc7a100tfgg484-2 specified in board_part file is either invalid or not available
WARNING: [Board 49-26] cannot add Board Part trenz.biz:te0712_200_1i:part0:1.0 available at C:/Users/20002890/AppData/Roaming/Xilinx/Vivado/2019.2/xhub/board_store/XilinxBoardStore/Vivado/2019.2/boards/Trenz_Electronic/TE0712_200_1I/1.0/1.0/board.xml as part xc7a200tfbg484-1 specified in board_part file is either invalid or not available
WARNING: [Board 49-26] cannot add Board Part trenz.biz:te0712_200_2c:part0:1.0 available at C:/Users/20002890/AppData/Roaming/Xilinx/Vivado/2019.2/xhub/board_store/XilinxBoardStore/Vivado/2019.2/boards/Trenz_Electronic/TE0712_200_2C/1.0/1.0/board.xml as part xc7a200tfbg484-2 specified in board_part file is either invalid or not available
WARNING: [Board 49-26] cannot add Board Part trenz.biz:te0712_200_2i:part0:1.0 available at C:/Users/20002890/AppData/Roaming/Xilinx/Vivado/2019.2/xhub/board_store/XilinxBoardStore/Vivado/2019.2/boards/Trenz_Electronic/TE0712_200_2I/1.0/1.0/board.xml as part xc7a200tfbg484-2 specified in board_part file is either invalid or not available
WARNING: [Board 49-26] cannot add Board Part trenz.biz:te0712_35_2i:part0:1.0 available at C:/Users/20002890/AppData/Roaming/Xilinx/Vivado/2019.2/xhub/board_store/XilinxBoardStore/Vivado/2019.2/boards/Trenz_Electronic/TE0712_35_2I/1.0/1.0/board.xml as part xc7a35tfgg484-2 specified in board_part file is either invalid or not available
WARNING: [Board 49-26] cannot add Board Part trenz.biz:te0725_100_2c:part0:1.0 available at C:/Users/20002890/AppData/Roaming/Xilinx/Vivado/2019.2/xhub/board_store/XilinxBoardStore/Vivado/2019.2/boards/Trenz_Electronic/TE0725_100_2C/1.0/1.0/board.xml as part xc7a100tcsg324-2 specified in board_part file is either invalid or not available
WARNING: [Board 49-26] cannot add Board Part trenz.biz:te0725_100_2i:part0:1.0 available at C:/Users/20002890/AppData/Roaming/Xilinx/Vivado/2019.2/xhub/board_store/XilinxBoardStore/Vivado/2019.2/boards/Trenz_Electronic/TE0725_100_2I/1.0/1.0/board.xml as part xc7a100tcsg324-2 specified in board_part file is either invalid or not available
WARNING: [Board 49-26] cannot add Board Part trenz.biz:te0725_15_1c:part0:1.0 available at C:/Users/20002890/AppData/Roaming/Xilinx/Vivado/2019.2/xhub/board_store/XilinxBoardStore/Vivado/2019.2/boards/Trenz_Electronic/TE0725_15_1C/1.0/1.0/board.xml as part xc7a15tcsg324-1 specified in board_part file is either invalid or not available
WARNING: [Board 49-26] cannot add Board Part trenz.biz:te0725_35_2c:part0:1.0 available at C:/Users/20002890/AppData/Roaming/Xilinx/Vivado/2019.2/xhub/board_store/XilinxBoardStore/Vivado/2019.2/boards/Trenz_Electronic/TE0725_35_2C/1.0/1.0/board.xml as part xc7a35tcsg324-2 specified in board_part file is either invalid or not available
WARNING: [Board 49-26] cannot add Board Part trenz.biz:te0725lp_100:part0:1.0 available at C:/Users/20002890/AppData/Roaming/Xilinx/Vivado/2019.2/xhub/board_store/XilinxBoardStore/Vivado/2019.2/boards/Trenz_Electronic/TE0725LP/1.0/1.0/board.xml as part xc7a100tcsg324-2 specified in board_part file is either invalid or not available
WARNING: [Board 49-26] cannot add Board Part trenz.biz:te0803_2cg_1e:part0:1.0 available at C:/Users/20002890/AppData/Roaming/Xilinx/Vivado/2019.2/xhub/board_store/XilinxBoardStore/Vivado/2019.2/boards/Trenz_Electronic/TE0803_2CG_1E/1.0/1.0/board.xml as part xczu2cg-sfvc784-1-e specified in board_part file is either invalid or not available
WARNING: [Board 49-26] cannot add Board Part trenz.biz:te0803_2cg_1e_tebf0808:part0:2.0 available at C:/Users/20002890/AppData/Roaming/Xilinx/Vivado/2019.2/xhub/board_store/XilinxBoardStore/Vivado/2019.2/boards/Trenz_Electronic/TE0803_2CG_1E/2.0/2.0/board.xml as part xczu2cg-sfvc784-1-e specified in board_part file is either invalid or not available
WARNING: [Board 49-26] cannot add Board Part trenz.biz:te0803_2eg_1e:part0:1.0 available at C:/Users/20002890/AppData/Roaming/Xilinx/Vivado/2019.2/xhub/board_store/XilinxBoardStore/Vivado/2019.2/boards/Trenz_Electronic/TE0803_2EG_1E/1.0/1.0/board.xml as part xczu2eg-sfvc784-1-e specified in board_part file is either invalid or not available
WARNING: [Board 49-26] cannot add Board Part trenz.biz:te0803_2eg_1e_tebf0808:part0:2.0 available at C:/Users/20002890/AppData/Roaming/Xilinx/Vivado/2019.2/xhub/board_store/XilinxBoardStore/Vivado/2019.2/boards/Trenz_Electronic/TE0803_2EG_1E/2.0/2.0/board.xml as part xczu2eg-sfvc784-1-e specified in board_part file is either invalid or not available
WARNING: [Board 49-26] cannot add Board Part trenz.biz:te0803_3cg_1e:part0:1.0 available at C:/Users/20002890/AppData/Roaming/Xilinx/Vivado/2019.2/xhub/board_store/XilinxBoardStore/Vivado/2019.2/boards/Trenz_Electronic/TE0803_3CG_1E/1.0/1.0/board.xml as part xczu3cg-sfvc784-1-e specified in board_part file is either invalid or not available
WARNING: [Board 49-26] cannot add Board Part trenz.biz:te0803_3cg_1e_tebf0808:part0:2.0 available at C:/Users/20002890/AppData/Roaming/Xilinx/Vivado/2019.2/xhub/board_store/XilinxBoardStore/Vivado/2019.2/boards/Trenz_Electronic/TE0803_3CG_1E/2.0/2.0/board.xml as part xczu3cg-sfvc784-1-e specified in board_part file is either invalid or not available
WARNING: [Board 49-26] cannot add Board Part trenz.biz:te0803_3eg_1e:part0:1.0 available at C:/Users/20002890/AppData/Roaming/Xilinx/Vivado/2019.2/xhub/board_store/XilinxBoardStore/Vivado/2019.2/boards/Trenz_Electronic/TE0803_3EG_1E/1.0/1.0/board.xml as part xczu3eg-sfvc784-1-e specified in board_part file is either invalid or not available
WARNING: [Board 49-26] cannot add Board Part trenz.biz:te0803_3eg_1e:part0:3.0 available at C:/Users/20002890/AppData/Roaming/Xilinx/Vivado/2019.2/xhub/board_store/XilinxBoardStore/Vivado/2019.2/boards/Trenz_Electronic/TE0803_3EG_1E/3.0/3.0/board.xml as part xczu3eg-sfvc784-1-e specified in board_part file is either invalid or not available
WARNING: [Board 49-26] cannot add Board Part trenz.biz:te0803_3eg_1e_tebf0808:part0:2.0 available at C:/Users/20002890/AppData/Roaming/Xilinx/Vivado/2019.2/xhub/board_store/XilinxBoardStore/Vivado/2019.2/boards/Trenz_Electronic/TE0803_3EG_1E/2.0/2.0/board.xml as part xczu3eg-sfvc784-1-e specified in board_part file is either invalid or not available
WARNING: [Board 49-26] cannot add Board Part trenz.biz:te0803_3eg_1e_tebf0808:part0:4.0 available at C:/Users/20002890/AppData/Roaming/Xilinx/Vivado/2019.2/xhub/board_store/XilinxBoardStore/Vivado/2019.2/boards/Trenz_Electronic/TE0803_3EG_1E/4.0/4.0/board.xml as part xczu3eg-sfvc784-1-e specified in board_part file is either invalid or not available
WARNING: [Board 49-26] cannot add Board Part trenz.biz:te0803_4cg_1e:part0:1.0 available at C:/Users/20002890/AppData/Roaming/Xilinx/Vivado/2019.2/xhub/board_store/XilinxBoardStore/Vivado/2019.2/boards/Trenz_Electronic/TE0803_4CG_1E/1.0/1.0/board.xml as part xczu4cg-sfvc784-1-e specified in board_part file is either invalid or not available
WARNING: [Board 49-26] cannot add Board Part trenz.biz:te0803_4cg_1e_tebf0808:part0:2.0 available at C:/Users/20002890/AppData/Roaming/Xilinx/Vivado/2019.2/xhub/board_store/XilinxBoardStore/Vivado/2019.2/boards/Trenz_Electronic/TE0803_4CG_1E/2.0/2.0/board.xml as part xczu4cg-sfvc784-1-e specified in board_part file is either invalid or not available
WARNING: [Board 49-26] cannot add Board Part trenz.biz:te0803_4eg_1e:part0:1.0 available at C:/Users/20002890/AppData/Roaming/Xilinx/Vivado/2019.2/xhub/board_store/XilinxBoardStore/Vivado/2019.2/boards/Trenz_Electronic/TE0803_4EG_1E/1.0/1.0/board.xml as part xczu4eg-sfvc784-1-e specified in board_part file is either invalid or not available
WARNING: [Board 49-26] cannot add Board Part trenz.biz:te0803_4eg_1e_tebf0808:part0:2.0 available at C:/Users/20002890/AppData/Roaming/Xilinx/Vivado/2019.2/xhub/board_store/XilinxBoardStore/Vivado/2019.2/boards/Trenz_Electronic/TE0803_4EG_1E/2.0/2.0/board.xml as part xczu4eg-sfvc784-1-e specified in board_part file is either invalid or not available
WARNING: [Board 49-26] cannot add Board Part trenz.biz:te0803_4eg_1i:part0:5.0 available at C:/Users/20002890/AppData/Roaming/Xilinx/Vivado/2019.2/xhub/board_store/XilinxBoardStore/Vivado/2019.2/boards/Trenz_Electronic/TE0803_4EG_1I/5.0/5.0/board.xml as part xczu4eg-sfvc784-1-i specified in board_part file is either invalid or not available
WARNING: [Board 49-26] cannot add Board Part trenz.biz:te0803_4eg_1i_tebf0808:part0:6.0 available at C:/Users/20002890/AppData/Roaming/Xilinx/Vivado/2019.2/xhub/board_store/XilinxBoardStore/Vivado/2019.2/boards/Trenz_Electronic/TE0803_4EG_1I/6.0/6.0/board.xml as part xczu4eg-sfvc784-1-i specified in board_part file is either invalid or not available
WARNING: [Board 49-26] cannot add Board Part trenz.biz:te0803_4ev_1e:part0:1.0 available at C:/Users/20002890/AppData/Roaming/Xilinx/Vivado/2019.2/xhub/board_store/XilinxBoardStore/Vivado/2019.2/boards/Trenz_Electronic/TE0803_4EV_1E/1.0/1.0/board.xml as part xczu4ev-sfvc784-1-e specified in board_part file is either invalid or not available
WARNING: [Board 49-26] cannot add Board Part trenz.biz:te0803_4ev_1e_tebf0808:part0:2.0 available at C:/Users/20002890/AppData/Roaming/Xilinx/Vivado/2019.2/xhub/board_store/XilinxBoardStore/Vivado/2019.2/boards/Trenz_Electronic/TE0803_4EV_1E/2.0/2.0/board.xml as part xczu4ev-sfvc784-1-e specified in board_part file is either invalid or not available
WARNING: [Board 49-26] cannot add Board Part trenz.biz:te0803_5ev_1e:part0:1.0 available at C:/Users/20002890/AppData/Roaming/Xilinx/Vivado/2019.2/xhub/board_store/XilinxBoardStore/Vivado/2019.2/boards/Trenz_Electronic/TE0803_5EV_1E/1.0/1.0/board.xml as part xczu5ev-sfvc784-1-e specified in board_part file is either invalid or not available
WARNING: [Board 49-26] cannot add Board Part trenz.biz:te0803_5ev_1e_tebf0808:part0:2.0 available at C:/Users/20002890/AppData/Roaming/Xilinx/Vivado/2019.2/xhub/board_store/XilinxBoardStore/Vivado/2019.2/boards/Trenz_Electronic/TE0803_5EV_1E/2.0/2.0/board.xml as part xczu5ev-sfvc784-1-e specified in board_part file is either invalid or not available
WARNING: [Board 49-26] cannot add Board Part trenz.biz:te0803_5ev_1i:part0:1.0 available at C:/Users/20002890/AppData/Roaming/Xilinx/Vivado/2019.2/xhub/board_store/XilinxBoardStore/Vivado/2019.2/boards/Trenz_Electronic/TE0803_5EV_1I/1.0/1.0/board.xml as part xczu5ev-sfvc784-1-i specified in board_part file is either invalid or not available
WARNING: [Board 49-26] cannot add Board Part trenz.biz:te0803_5ev_1i_tebf0808:part0:2.0 available at C:/Users/20002890/AppData/Roaming/Xilinx/Vivado/2019.2/xhub/board_store/XilinxBoardStore/Vivado/2019.2/boards/Trenz_Electronic/TE0803_5EV_1I/2.0/2.0/board.xml as part xczu5ev-sfvc784-1-i specified in board_part file is either invalid or not available
WARNING: [Board 49-26] cannot add Board Part trenz.biz:te0808_15eg_1e:part0:3.0 available at C:/Users/20002890/AppData/Roaming/Xilinx/Vivado/2019.2/xhub/board_store/XilinxBoardStore/Vivado/2019.2/boards/Trenz_Electronic/TE0808_15EG_1E/3.0/3.0/board.xml as part xczu15eg-ffvc900-1-e specified in board_part file is either invalid or not available
WARNING: [Board 49-26] cannot add Board Part trenz.biz:te0808_15eg_1e_tebf0808:part0:4.0 available at C:/Users/20002890/AppData/Roaming/Xilinx/Vivado/2019.2/xhub/board_store/XilinxBoardStore/Vivado/2019.2/boards/Trenz_Electronic/TE0808_15EG_1E/4.0/4.0/board.xml as part xczu15eg-ffvc900-1-e specified in board_part file is either invalid or not available
WARNING: [Board 49-26] cannot add Board Part trenz.biz:te0808_6eg_1e:part0:3.0 available at C:/Users/20002890/AppData/Roaming/Xilinx/Vivado/2019.2/xhub/board_store/XilinxBoardStore/Vivado/2019.2/boards/Trenz_Electronic/TE0808_6EG_1E/3.0/3.0/board.xml as part xczu6eg-ffvc900-1-e specified in board_part file is either invalid or not available
WARNING: [Board 49-26] cannot add Board Part trenz.biz:te0808_6eg_1e_tebf0808:part0:4.0 available at C:/Users/20002890/AppData/Roaming/Xilinx/Vivado/2019.2/xhub/board_store/XilinxBoardStore/Vivado/2019.2/boards/Trenz_Electronic/TE0808_6EG_1E/4.0/4.0/board.xml as part xczu6eg-ffvc900-1-e specified in board_part file is either invalid or not available
WARNING: [Board 49-26] cannot add Board Part trenz.biz:te0808_9eg_1e:part0:1.0 available at C:/Users/20002890/AppData/Roaming/Xilinx/Vivado/2019.2/xhub/board_store/XilinxBoardStore/Vivado/2019.2/boards/Trenz_Electronic/TE0808_9EG_1E/1.0/1.0/board.xml as part xczu9eg-ffvc900-1-e specified in board_part file is either invalid or not available
WARNING: [Board 49-26] cannot add Board Part trenz.biz:te0808_9eg_1e:part0:3.0 available at C:/Users/20002890/AppData/Roaming/Xilinx/Vivado/2019.2/xhub/board_store/XilinxBoardStore/Vivado/2019.2/boards/Trenz_Electronic/TE0808_9EG_1E/3.0/3.0/board.xml as part xczu9eg-ffvc900-1-e specified in board_part file is either invalid or not available
WARNING: [Board 49-26] cannot add Board Part trenz.biz:te0808_9eg_1e_tebf0808:part0:2.0 available at C:/Users/20002890/AppData/Roaming/Xilinx/Vivado/2019.2/xhub/board_store/XilinxBoardStore/Vivado/2019.2/boards/Trenz_Electronic/TE0808_9EG_1E/2.0/2.0/board.xml as part xczu9eg-ffvc900-1-e specified in board_part file is either invalid or not available
WARNING: [Board 49-26] cannot add Board Part trenz.biz:te0808_9eg_1e_tebf0808:part0:4.0 available at C:/Users/20002890/AppData/Roaming/Xilinx/Vivado/2019.2/xhub/board_store/XilinxBoardStore/Vivado/2019.2/boards/Trenz_Electronic/TE0808_9EG_1E/4.0/4.0/board.xml as part xczu9eg-ffvc900-1-e specified in board_part file is either invalid or not available
WARNING: [Board 49-26] cannot add Board Part trenz.biz:te0808_9eg_2i:part0:3.0 available at C:/Users/20002890/AppData/Roaming/Xilinx/Vivado/2019.2/xhub/board_store/XilinxBoardStore/Vivado/2019.2/boards/Trenz_Electronic/TE0808_9EG_2I/3.0/3.0/board.xml as part xczu9eg-ffvc900-2-i specified in board_part file is either invalid or not available
WARNING: [Board 49-26] cannot add Board Part trenz.biz:te0808_9eg_2i_tebf0808:part0:4.0 available at C:/Users/20002890/AppData/Roaming/Xilinx/Vivado/2019.2/xhub/board_store/XilinxBoardStore/Vivado/2019.2/boards/Trenz_Electronic/TE0808_9EG_2I/4.0/4.0/board.xml as part xczu9eg-ffvc900-2-i specified in board_part file is either invalid or not available
WARNING: [Board 49-26] cannot add Board Part trenz.biz:te0820_2cg_1e:part0:1.0 available at C:/Users/20002890/AppData/Roaming/Xilinx/Vivado/2019.2/xhub/board_store/XilinxBoardStore/Vivado/2019.2/boards/Trenz_Electronic/TE0820_2CG_1E/1.0/1.0/board.xml as part xczu2cg-sfvc784-1-e specified in board_part file is either invalid or not available
WARNING: [Board 49-26] cannot add Board Part trenz.biz:te0820_2eg_1e:part0:1.0 available at C:/Users/20002890/AppData/Roaming/Xilinx/Vivado/2019.2/xhub/board_store/XilinxBoardStore/Vivado/2019.2/boards/Trenz_Electronic/TE0820_2EG_1E/1.0/1.0/board.xml as part xczu2eg-sfvc784-1-e specified in board_part file is either invalid or not available
WARNING: [Board 49-26] cannot add Board Part trenz.biz:te0820_2eg_1e:part0:2.0 available at C:/Users/20002890/AppData/Roaming/Xilinx/Vivado/2019.2/xhub/board_store/XilinxBoardStore/Vivado/2019.2/boards/Trenz_Electronic/TE0820_2EG_1E/2.0/2.0/board.xml as part xczu2eg-sfvc784-1-e specified in board_part file is either invalid or not available
WARNING: [Board 49-26] cannot add Board Part trenz.biz:te0820_3cg_1e:part0:1.0 available at C:/Users/20002890/AppData/Roaming/Xilinx/Vivado/2019.2/xhub/board_store/XilinxBoardStore/Vivado/2019.2/boards/Trenz_Electronic/TE0820_3CG_1E/1.0/1.0/board.xml as part xczu3cg-sfvc784-1-e specified in board_part file is either invalid or not available
WARNING: [Board 49-26] cannot add Board Part trenz.biz:te0820_3eg_1e:part0:1.0 available at C:/Users/20002890/AppData/Roaming/Xilinx/Vivado/2019.2/xhub/board_store/XilinxBoardStore/Vivado/2019.2/boards/Trenz_Electronic/TE0820_3EG_1E/1.0/1.0/board.xml as part xczu3eg-sfvc784-1-e specified in board_part file is either invalid or not available
WARNING: [Board 49-26] cannot add Board Part trenz.biz:te0820_4cg_1e:part0:1.0 available at C:/Users/20002890/AppData/Roaming/Xilinx/Vivado/2019.2/xhub/board_store/XilinxBoardStore/Vivado/2019.2/boards/Trenz_Electronic/TE0820_4CG_1E/1.0/1.0/board.xml as part xczu4cg-sfvc784-1-e specified in board_part file is either invalid or not available
WARNING: [Board 49-26] cannot add Board Part trenz.biz:te0820_4ev_1e:part0:1.0 available at C:/Users/20002890/AppData/Roaming/Xilinx/Vivado/2019.2/xhub/board_store/XilinxBoardStore/Vivado/2019.2/boards/Trenz_Electronic/TE0820_4EV_1E/1.0/1.0/board.xml as part xczu4ev-sfvc784-1-e specified in board_part file is either invalid or not available
WARNING: [Board 49-26] cannot add Board Part trenz.biz:teb0911_9eg_1e:part0:1.0 available at C:/Users/20002890/AppData/Roaming/Xilinx/Vivado/2019.2/xhub/board_store/XilinxBoardStore/Vivado/2019.2/boards/Trenz_Electronic/TEB0911_9EG_1E/1.0/1.0/board.xml as part xczu9eg-ffvb1156-1-e specified in board_part file is either invalid or not available
WARNING: [Board 49-26] cannot add Board Part trenz.biz:tec0850_15eg_1e:part0:1.0 available at C:/Users/20002890/AppData/Roaming/Xilinx/Vivado/2019.2/xhub/board_store/XilinxBoardStore/Vivado/2019.2/boards/Trenz_Electronic/TEC0850_15EG_1E/1.0/1.0/board.xml as part xczu15eg-ffvb1156-1-e specified in board_part file is either invalid or not available
WARNING: [Board 49-26] cannot add Board Part xilinx.com:ac701:part0:1.4 available at C:/Users/20002890/AppData/Roaming/Xilinx/Vivado/2019.2/xhub/board_store/XilinxBoardStore/Vivado/2019.2/boards/Xilinx/ac701/1.4/1.4/board.xml as part xc7a200tfbg676-2 specified in board_part file is either invalid or not available
WARNING: [Board 49-26] cannot add Board Part xilinx.com:au200:part0:1.2 available at C:/Users/20002890/AppData/Roaming/Xilinx/Vivado/2019.2/xhub/board_store/XilinxBoardStore/Vivado/2019.2/boards/Xilinx/au200/1.2/1.2/board.xml as part xcu200-fsgd2104-2-e specified in board_part file is either invalid or not available
WARNING: [Board 49-26] cannot add Board Part xilinx.com:au200:part0:1.3 available at C:/Users/20002890/AppData/Roaming/Xilinx/Vivado/2019.2/xhub/board_store/XilinxBoardStore/Vivado/2019.2/boards/Xilinx/au200/1.3/1.3/board.xml as part xcu200-fsgd2104-2-e specified in board_part file is either invalid or not available
WARNING: [Board 49-26] cannot add Board Part xilinx.com:au250:part0:1.2 available at C:/Users/20002890/AppData/Roaming/Xilinx/Vivado/2019.2/xhub/board_store/XilinxBoardStore/Vivado/2019.2/boards/Xilinx/au250/1.2/1.2/board.xml as part xcu250-figd2104-2l-e specified in board_part file is either invalid or not available
WARNING: [Board 49-26] cannot add Board Part xilinx.com:au250:part0:1.3 available at C:/Users/20002890/AppData/Roaming/Xilinx/Vivado/2019.2/xhub/board_store/XilinxBoardStore/Vivado/2019.2/boards/Xilinx/au250/1.3/1.3/board.xml as part xcu250-figd2104-2l-e specified in board_part file is either invalid or not available
WARNING: [Board 49-26] cannot add Board Part xilinx.com:au280:part0:1.0 available at C:/Users/20002890/AppData/Roaming/Xilinx/Vivado/2019.2/xhub/board_store/XilinxBoardStore/Vivado/2019.2/boards/Xilinx/au280/production/1.0/1.0/board.xml as part xcu280-fsvh2892-2l-e specified in board_part file is either invalid or not available
WARNING: [Board 49-26] cannot add Board Part xilinx.com:au280:part0:1.1 available at C:/Users/20002890/AppData/Roaming/Xilinx/Vivado/2019.2/xhub/board_store/XilinxBoardStore/Vivado/2019.2/boards/Xilinx/au280/production/1.1/1.1/board.xml as part xcu280-fsvh2892-2l-e specified in board_part file is either invalid or not available
WARNING: [Board 49-26] cannot add Board Part xilinx.com:au280_es1:part0:1.0 available at C:/Users/20002890/AppData/Roaming/Xilinx/Vivado/2019.2/xhub/board_store/XilinxBoardStore/Vivado/2019.2/boards/Xilinx/au280/es1/1.0/1.0/board.xml as part xcu280-fsvh2892-2l-e-es1 specified in board_part file is either invalid or not available
WARNING: [Board 49-26] cannot add Board Part xilinx.com:au280_es1:part0:1.1 available at C:/Users/20002890/AppData/Roaming/Xilinx/Vivado/2019.2/xhub/board_store/XilinxBoardStore/Vivado/2019.2/boards/Xilinx/au280/es1/1.1/1.1/board.xml as part xcu280-fsvh2892-2l-e-es1 specified in board_part file is either invalid or not available
WARNING: [Board 49-26] cannot add Board Part xilinx.com:au50:part0:1.0 available at C:/Users/20002890/AppData/Roaming/Xilinx/Vivado/2019.2/xhub/board_store/XilinxBoardStore/Vivado/2019.2/boards/Xilinx/au50/production/1.0/1.0/board.xml as part xcu50-fsvh2104-2-e specified in board_part file is either invalid or not available
WARNING: [Board 49-26] cannot add Board Part xilinx.com:au50dd:part0:1.0 available at C:/Users/20002890/AppData/Roaming/Xilinx/Vivado/2019.2/xhub/board_store/XilinxBoardStore/Vivado/2019.2/boards/Xilinx/au50/es/1.0/1.0/board.xml as part xcu50-fsvh2104-2-e specified in board_part file is either invalid or not available
WARNING: [Board 49-26] cannot add Board Part xilinx.com:k26c:part0:1.2 available at C:/Xilinx/Vivado/2021.2/data/xhub/boards/XilinxBoardStore/boards/Xilinx/k26c/1.2/board.xml as part xck26-sfvc784-2lv-c specified in board_part file is either invalid or not available
WARNING: [Board 49-26] cannot add Board Part xilinx.com:k26c:part0:1.3 available at C:/Xilinx/Vivado/2021.2/data/xhub/boards/XilinxBoardStore/boards/Xilinx/k26c/1.3/board.xml as part xck26-sfvc784-2lv-c specified in board_part file is either invalid or not available
WARNING: [Board 49-26] cannot add Board Part xilinx.com:k26i:part0:1.2 available at C:/Xilinx/Vivado/2021.2/data/xhub/boards/XilinxBoardStore/boards/Xilinx/k26i/1.2/board.xml as part xck26-sfvc784-2lvi-i specified in board_part file is either invalid or not available
WARNING: [Board 49-26] cannot add Board Part xilinx.com:k26i:part0:1.3 available at C:/Xilinx/Vivado/2021.2/data/xhub/boards/XilinxBoardStore/boards/Xilinx/k26i/1.3/board.xml as part xck26-sfvc784-2lvi-i specified in board_part file is either invalid or not available
WARNING: [Board 49-26] cannot add Board Part xilinx.com:kc705:part0:1.6 available at C:/Users/20002890/AppData/Roaming/Xilinx/Vivado/2019.2/xhub/board_store/XilinxBoardStore/Vivado/2019.2/boards/Xilinx/kc705/1.6/1.6/board.xml as part xc7k325tffg900-2 specified in board_part file is either invalid or not available
WARNING: [Board 49-26] cannot add Board Part xilinx.com:kcu105:part0:1.6 available at C:/Users/20002890/AppData/Roaming/Xilinx/Vivado/2019.2/xhub/board_store/XilinxBoardStore/Vivado/2019.2/boards/Xilinx/kcu105/1.6/1.6/board.xml as part xcku040-ffva1156-2-e specified in board_part file is either invalid or not available
WARNING: [Board 49-26] cannot add Board Part xilinx.com:kcu105:part0:1.7 available at C:/Xilinx/Vivado/2021.2/data/xhub/boards/XilinxBoardStore/boards/Xilinx/kcu105/1.7/board.xml as part xcku040-ffva1156-2-e specified in board_part file is either invalid or not available
WARNING: [Board 49-26] cannot add Board Part xilinx.com:kcu116:part0:1.4 available at C:/Users/20002890/AppData/Roaming/Xilinx/Vivado/2019.2/xhub/board_store/XilinxBoardStore/Vivado/2019.2/boards/Xilinx/kcu116/1.4/1.4/board.xml as part xcku5p-ffvb676-2-e specified in board_part file is either invalid or not available
WARNING: [Board 49-26] cannot add Board Part xilinx.com:kcu116:part0:1.5 available at C:/Xilinx/Vivado/2021.2/data/xhub/boards/XilinxBoardStore/boards/Xilinx/kcu116/1.5/board.xml as part xcku5p-ffvb676-2-e specified in board_part file is either invalid or not available
WARNING: [Board 49-26] cannot add Board Part xilinx.com:kcu1500:part0:1.2 available at C:/Users/20002890/AppData/Roaming/Xilinx/Vivado/2019.2/xhub/board_store/XilinxBoardStore/Vivado/2019.2/boards/Xilinx/kcu1500/1.2/1.2/board.xml as part xcku115-flvb2104-2-e specified in board_part file is either invalid or not available
WARNING: [Board 49-26] cannot add Board Part xilinx.com:kv260_som:part0:1.2 available at C:/Xilinx/Vivado/2021.2/data/xhub/boards/XilinxBoardStore/boards/Xilinx/kv260_som/1.2/board.xml as part xck26-sfvc784-2lv-c specified in board_part file is either invalid or not available
WARNING: [Board 49-26] cannot add Board Part xilinx.com:sp701:part0:1.0 available at C:/Users/20002890/AppData/Roaming/Xilinx/Vivado/2019.2/xhub/board_store/XilinxBoardStore/Vivado/2019.2/boards/Xilinx/sp701/1.0/1.0/board.xml as part xc7s100fgga676-2 specified in board_part file is either invalid or not available
WARNING: [Board 49-26] cannot add Board Part xilinx.com:sp701:part0:1.1 available at C:/Xilinx/Vivado/2021.2/data/xhub/boards/XilinxBoardStore/boards/Xilinx/sp701/1.1/board.xml as part xc7s100fgga676-2 specified in board_part file is either invalid or not available
WARNING: [Board 49-26] cannot add Board Part xilinx.com:vc707:part0:1.4 available at C:/Users/20002890/AppData/Roaming/Xilinx/Vivado/2019.2/xhub/board_store/XilinxBoardStore/Vivado/2019.2/boards/Xilinx/vc707/1.4/1.4/board.xml as part xc7vx485tffg1761-2 specified in board_part file is either invalid or not available
WARNING: [Board 49-26] cannot add Board Part xilinx.com:vc709:part0:1.8 available at C:/Users/20002890/AppData/Roaming/Xilinx/Vivado/2019.2/xhub/board_store/XilinxBoardStore/Vivado/2019.2/boards/Xilinx/vc709/1.8/1.8/board.xml as part xc7vx690tffg1761-2 specified in board_part file is either invalid or not available
WARNING: [Board 49-26] cannot add Board Part xilinx.com:vck190:part0:2.2 available at C:/Xilinx/Vivado/2021.2/data/xhub/boards/XilinxBoardStore/boards/Xilinx/vck190/production/2.2/board.xml as part xcvc1902-vsva2197-2mp-e-s specified in board_part file is either invalid or not available
WARNING: [Board 49-26] cannot add Board Part xilinx.com:vck190_es:part0:1.3 available at C:/Xilinx/Vivado/2021.2/data/xhub/boards/XilinxBoardStore/boards/Xilinx/vck190/es/1.3/board.xml as part xcvc1902-vsva2197-2mp-e-s-es1 specified in board_part file is either invalid or not available
WARNING: [Board 49-26] cannot add Board Part xilinx.com:vcu108:part0:1.6 available at C:/Users/20002890/AppData/Roaming/Xilinx/Vivado/2019.2/xhub/board_store/XilinxBoardStore/Vivado/2019.2/boards/Xilinx/vcu108/1.6/1.6/board.xml as part xcvu095-ffva2104-2-e specified in board_part file is either invalid or not available
WARNING: [Board 49-26] cannot add Board Part xilinx.com:vcu108:part0:1.7 available at C:/Xilinx/Vivado/2021.2/data/xhub/boards/XilinxBoardStore/boards/Xilinx/vcu108/1.7/board.xml as part xcvu095-ffva2104-2-e specified in board_part file is either invalid or not available
WARNING: [Board 49-26] cannot add Board Part xilinx.com:vcu110:part0:1.4 available at C:/Users/20002890/AppData/Roaming/Xilinx/Vivado/2019.2/xhub/board_store/XilinxBoardStore/Vivado/2019.2/boards/Xilinx/vcu110/1.4/1.4/board.xml as part xcvu190-flgc2104-2-e specified in board_part file is either invalid or not available
WARNING: [Board 49-26] cannot add Board Part xilinx.com:vcu118:part0:2.0 available at C:/Users/20002890/AppData/Roaming/Xilinx/Vivado/2019.2/xhub/board_store/XilinxBoardStore/Vivado/2019.2/boards/Xilinx/vcu118/2.0/2.0/board.xml as part xcvu9p-flga2104-2l-e specified in board_part file is either invalid or not available
INFO: [Common 17-14] Message 'Board 49-26' appears 100 times and further instances of the messages will be disabled. Use the Tcl command set_msg_config to change the current settings.
INFO: [Project 1-313] Project file moved from 'C:/devWorks/SoC_Neopixel_VHDL' since last save.
INFO: [filemgmt 56-1] Board Part Repository Path: Directory not found as 'C:/Users/20002890/OneDrive - PXL/Hogeschool PXL/Onderwijs/2021-2022/Users/20002890/AppData/Roaming/Xilinx/Vivado/2021.1/xhub/board_store/xilinx_board_store'; using path 'C:/Users/20002890/AppData/Roaming/Xilinx/Vivado/2021.1/xhub/board_store/xilinx_board_store' instead.
INFO: [filemgmt 56-1] Board Part Repository Path: Directory not found as 'C:/Users/20002890/OneDrive - PXL/Hogeschool PXL/Onderwijs/2021-2022/Users/20002890/AppData/Roaming/Xilinx/Vivado/2020.2/xhub/board_store/xilinx_board_store'; using path 'C:/Users/20002890/AppData/Roaming/Xilinx/Vivado/2020.2/xhub/board_store/xilinx_board_store' instead.
INFO: [filemgmt 56-1] Board Part Repository Path: Directory not found as 'C:/Users/20002890/OneDrive - PXL/Hogeschool PXL/Onderwijs/2021-2022/Users/20002890/AppData/Roaming/Xilinx/Vivado/2020.1/xhub/board_store/xilinx_board_store'; using path 'C:/Users/20002890/AppData/Roaming/Xilinx/Vivado/2020.1/xhub/board_store/xilinx_board_store' instead.
INFO: [filemgmt 56-1] Board Part Repository Path: Directory not found as 'C:/Users/20002890/OneDrive - PXL/Hogeschool PXL/Onderwijs/2021-2022/Users/20002890/AppData/Roaming/Xilinx/Vivado/2019.2/xhub/board_store'; using path 'C:/Users/20002890/AppData/Roaming/Xilinx/Vivado/2019.2/xhub/board_store' instead.
INFO: [filemgmt 56-1] Board Part Repository Path: Directory not found as 'C:/Users/20002890/OneDrive - PXL/Hogeschool PXL/Onderwijs/2021-2022/Users/20002890/AppData/Roaming/Xilinx/Vivado/2019.1/xhub/board_store'; using path 'C:/Users/20002890/AppData/Roaming/Xilinx/Vivado/2019.1/xhub/board_store' instead.
WARNING: [Project 1-312] File not found as 'C:/Users/20002890/OneDrive - PXL/Hogeschool PXL/Onderwijs/2021-2022/Users/20002890/XTRA_SoC_Neopixel/XTRA_SoC_Neopixel.srcs/utils_1/imports/synth_1/cteq_neopixel.dcp'; using path 'C:/Users/20002890/XTRA_SoC_Neopixel/XTRA_SoC_Neopixel.srcs/utils_1/imports/synth_1/cteq_neopixel.dcp' instead.
Scanning sources...
Finished scanning sources
WARNING: [Project 1-312] File not found as 'C:/Users/20002890/OneDrive - PXL/Hogeschool PXL/Onderwijs/2021-2022/Users/20002890/XTRA_SoC_Neopixel/XTRA_SoC_Neopixel.srcs/utils_1/imports/synth_1/cteq_neopixel.dcp'; using path 'C:/Users/20002890/XTRA_SoC_Neopixel/XTRA_SoC_Neopixel.srcs/utils_1/imports/synth_1/cteq_neopixel.dcp' instead.
WARNING: [Project 1-312] File not found as 'C:/Users/20002890/OneDrive - PXL/Hogeschool PXL/Onderwijs/2021-2022/Users/20002890/XTRA_SoC_Neopixel/XTRA_SoC_Neopixel.srcs/utils_1/imports/synth_1/cteq_neopixel.dcp'; using path 'C:/Users/20002890/XTRA_SoC_Neopixel/XTRA_SoC_Neopixel.srcs/utils_1/imports/synth_1/cteq_neopixel.dcp' instead.
WARNING: [Project 1-312] File not found as 'C:/Users/20002890/OneDrive - PXL/Hogeschool PXL/Onderwijs/2021-2022/Users/20002890/XTRA_SoC_Neopixel/XTRA_SoC_Neopixel.srcs/utils_1/imports/synth_1/cteq_neopixel.dcp'; using path 'C:/Users/20002890/XTRA_SoC_Neopixel/XTRA_SoC_Neopixel.srcs/utils_1/imports/synth_1/cteq_neopixel.dcp' instead.
WARNING: [Project 1-312] File not found as 'C:/Users/20002890/OneDrive - PXL/Hogeschool PXL/Onderwijs/2021-2022/Users/20002890/XTRA_SoC_Neopixel/XTRA_SoC_Neopixel.srcs/utils_1/imports/synth_1/cteq_neopixel.dcp'; using path 'C:/Users/20002890/XTRA_SoC_Neopixel/XTRA_SoC_Neopixel.srcs/utils_1/imports/synth_1/cteq_neopixel.dcp' instead.
INFO: [IP_Flow 19-234] Refreshing IP repositories
INFO: [IP_Flow 19-1704] No user IP repositories specified
INFO: [IP_Flow 19-2313] Loaded Vivado IP repository 'C:/Xilinx/Vivado/2021.2/data/ip'.
open_project: Time (s): cpu = 00:01:49 ; elapsed = 00:01:08 . Memory (MB): peak = 1564.992 ; gain = 330.590
open_bd_design {C:/Users/20002890/OneDrive - PXL/Hogeschool PXL/Onderwijs/2021-2022/DevWorks_backup27062022/SoC_Neopixel_VHDL/XTRA_SoC_Neopixel.srcs/sources_1/bd/design_1/design_1.bd}
Reading block design file <C:/Users/20002890/OneDrive - PXL/Hogeschool PXL/Onderwijs/2021-2022/DevWorks_backup27062022/SoC_Neopixel_VHDL/XTRA_SoC_Neopixel.srcs/sources_1/bd/design_1/design_1.bd>...
Adding component instance block -- xilinx.com:ip:clk_wiz:6.0 - clk_wiz_0
Adding component instance block -- xilinx.com:module_ref:xtra_cteq_neopixel:1.0 - xtra_cteq_neopixel_0
Adding component instance block -- xilinx.com:ip:vio:3.0 - vio_0
Successfully read diagram <design_1> from block design file <C:/Users/20002890/OneDrive - PXL/Hogeschool PXL/Onderwijs/2021-2022/DevWorks_backup27062022/SoC_Neopixel_VHDL/XTRA_SoC_Neopixel.srcs/sources_1/bd/design_1/design_1.bd>
open_bd_design: Time (s): cpu = 00:00:33 ; elapsed = 00:00:31 . Memory (MB): peak = 1680.242 ; gain = 92.195
update_compile_order -fileset sources_1
exit
INFO: [Common 17-206] Exiting Vivado at Wed Sep 28 11:17:30 2022...
