Vivado Simulator 2019.2
Copyright 1986-1999, 2001-2019 Xilinx, Inc. All Rights Reserved.
Running: C:/Xilinx/Vivado/2019.2/bin/unwrapped/win64.o/xelab.exe -wto 5d8486f2ff234b42a51649d6aab5e973 --incr --debug typical --relax --mt 2 --maxdelay -L xil_defaultlib -L simprims_ver -L secureip --snapshot design_1_wrapper_time_impl -transport_int_delays -pulse_r 0 -pulse_int_r 0 -pulse_e 0 -pulse_int_e 0 xil_defaultlib.design_1_wrapper xil_defaultlib.glbl -log elaborate.log 
Using 2 slave threads.
Starting static elaboration
Pass Through NonSizing Optimizer
Completed static elaboration
Starting simulation data flow analysis
Completed simulation data flow analysis
INFO: [XSIM 43-3451] SDF backannotation process started with SDF file "design_1_wrapper_time_impl.sdf", for root module "design_1_wrapper".
INFO: [XSIM 43-3452] SDF backannotation was successful for SDF file "design_1_wrapper_time_impl.sdf", for root module "design_1_wrapper".
Time Resolution for simulation is 1ps
Compiling module simprims_ver.LUT4
Compiling module simprims_ver.x_lut2_mux4
Compiling module simprims_ver.LUT2
Compiling module simprims_ver.LUT5
Compiling module simprims_ver.x_lut3_mux8
Compiling module simprims_ver.LUT3
Compiling module simprims_ver.LUT6
Compiling module simprims_ver.x_lut1_mux2
Compiling module simprims_ver.LUT1
Compiling module simprims_ver.FDSE_default
Compiling module simprims_ver.FDRE_default
Compiling module simprims_ver.FDRE(INIT=1'b1)
Compiling module simprims_ver.CARRY4
Compiling module xil_defaultlib.design_1_VHDL_74HC595_Matrix_0_2...
Compiling module xil_defaultlib.design_1_VHDL_74HC595_Matrix_0_2
Compiling module simprims_ver.BUFG
Compiling module simprims_ver.MMCME2_ADV(CLKFBOUT_MULT_F=15.5,...
Compiling module xil_defaultlib.design_1_clk_wiz_0_0__design_1_c...
Compiling module xil_defaultlib.design_1_clk_wiz_0_0
Compiling module simprims_ver.STARTUPE2
Compiling module xil_defaultlib.design_1_vhdlnoclk_0_0_vhdlnoclk
Compiling module xil_defaultlib.design_1_vhdlnoclk_0_0
Compiling module xil_defaultlib.design_1
Compiling module simprims_ver.OBUF
Compiling module xil_defaultlib.design_1_wrapper
Compiling module xil_defaultlib.glbl
Built simulation snapshot design_1_wrapper_time_impl
