Copyright 1986-2018 Xilinx, Inc. All Rights Reserved.
-------------------------------------------------------------------------------------------------
| Tool Version              : Vivado v.2018.2 (win64) Build 2258646 Thu Jun 14 20:03:12 MDT 2018
| Date                      : Fri Nov  9 13:35:29 2018
| Host                      : 5CG64360W4 running 64-bit major release  (build 9200)
| Command                   : report_io -file design_1_wrapper_io_placed.rpt
| Design                    : design_1_wrapper
| Device                    : xc7z007s
| Speed File                : -1
| Package                   : clg225
| Package Version           : FINAL 2012-11-02
| Package Pin Delay Version : VERS. 2.0 2012-11-02
-------------------------------------------------------------------------------------------------

IO Information

Table of Contents
-----------------
1. Summary
2. IO Assignments by Package Pin

1. Summary
----------

+---------------+
| Total User IO |
+---------------+
|             0 |
+---------------+


2. IO Assignments by Package Pin
--------------------------------

+------------+-------------+------------+-------------------------+-------------+-------------+---------+------------+------+---------------------+----------------------+---------+------------+-----------+----------+------+------------------+--------------+-------------------+--------------+
| Pin Number | Signal Name | Bank Type  | Pin Name                | Use         | IO Standard | IO Bank | Drive (mA) | Slew | On-Chip Termination | Off-Chip Termination | Voltage | Constraint | Pull Type | DQS Bias | Vref | Signal Integrity | Pre Emphasis | Lvds Pre Emphasis | Equalization |
+------------+-------------+------------+-------------------------+-------------+-------------+---------+------------+------+---------------------+----------------------+---------+------------+-----------+----------+------+------------------+--------------+-------------------+--------------+
| A1         |             |            | GND                     | GND         |             |         |            |      |                     |                      |     0.0 |            |           |          |      |                  |              |                   |              |
| A2         |             |            | PS_DDR_DQ1_502          | PSS IO      |             |         |            |      |                     |                      |         |            |           |          |      |                  |              |                   |              |
| A3         |             |            | PS_DDR_DQ7_502          | PSS IO      |             |         |            |      |                     |                      |         |            |           |          |      |                  |              |                   |              |
| A4         |             |            | PS_DDR_DQ5_502          | PSS IO      |             |         |            |      |                     |                      |         |            |           |          |      |                  |              |                   |              |
| A5         |             |            | PS_MIO1_500             | PSS IO      |             |         |            |      |                     |                      |         |            |           |          |      |                  |              |                   |              |
| A6         |             |            | VCCO_MIO0_500           | VCCO        |             |         |            |      |                     |                      |   any** |            |           |          |      |                  |              |                   |              |
| A7         |             |            | PS_MIO3_500             | PSS IO      |             |         |            |      |                     |                      |         |            |           |          |      |                  |              |                   |              |
| A8         |             |            | PS_MIO2_500             | PSS IO      |             |         |            |      |                     |                      |         |            |           |          |      |                  |              |                   |              |
| A9         |             |            | PS_MIO5_500             | PSS IO      |             |         |            |      |                     |                      |         |            |           |          |      |                  |              |                   |              |
| A10        |             |            | PS_MIO6_500             | PSS IO      |             |         |            |      |                     |                      |         |            |           |          |      |                  |              |                   |              |
| A11        |             |            | GND                     | GND         |             |         |            |      |                     |                      |     0.0 |            |           |          |      |                  |              |                   |              |
| A12        |             |            | PS_MIO52_501            | PSS IO      |             |         |            |      |                     |                      |         |            |           |          |      |                  |              |                   |              |
| A13        |             |            | PS_MIO38_501            | PSS IO      |             |         |            |      |                     |                      |         |            |           |          |      |                  |              |                   |              |
| A14        |             |            | PS_MIO35_501            | PSS IO      |             |         |            |      |                     |                      |         |            |           |          |      |                  |              |                   |              |
| A15        |             |            | PS_MIO28_501            | PSS IO      |             |         |            |      |                     |                      |         |            |           |          |      |                  |              |                   |              |
| B1         |             |            | PS_DDR_DM0_502          | PSS IO      |             |         |            |      |                     |                      |         |            |           |          |      |                  |              |                   |              |
| B2         |             |            | PS_DDR_DQS_N0_502       | PSS IO      |             |         |            |      |                     |                      |         |            |           |          |      |                  |              |                   |              |
| B3         |             |            | VCCO_DDR_502            | VCCO        |             |         |            |      |                     |                      |   any** |            |           |          |      |                  |              |                   |              |
| B4         |             |            | PS_DDR_DQ4_502          | PSS IO      |             |         |            |      |                     |                      |         |            |           |          |      |                  |              |                   |              |
| B5         |             |            | PS_MIO9_500             | PSS IO      |             |         |            |      |                     |                      |         |            |           |          |      |                  |              |                   |              |
| B6         |             |            | PS_MIO8_500             | PSS IO      |             |         |            |      |                     |                      |         |            |           |          |      |                  |              |                   |              |
| B7         |             |            | PS_MIO12_500            | PSS IO      |             |         |            |      |                     |                      |         |            |           |          |      |                  |              |                   |              |
| B8         |             |            | GND                     | GND         |             |         |            |      |                     |                      |     0.0 |            |           |          |      |                  |              |                   |              |
| B9         |             |            | PS_MIO14_500            | PSS IO      |             |         |            |      |                     |                      |         |            |           |          |      |                  |              |                   |              |
| B10        |             |            | PS_MIO11_500            | PSS IO      |             |         |            |      |                     |                      |         |            |           |          |      |                  |              |                   |              |
| B11        |             |            | PS_SRST_B_501           | PSS IO      |             |         |            |      |                     |                      |         |            |           |          |      |                  |              |                   |              |
| B12        |             |            | PS_MIO48_501            | PSS IO      |             |         |            |      |                     |                      |         |            |           |          |      |                  |              |                   |              |
| B13        |             |            | VCCO_MIO1_501           | VCCO        |             |         |            |      |                     |                      |   any** |            |           |          |      |                  |              |                   |              |
| B14        |             |            | PS_MIO36_501            | PSS IO      |             |         |            |      |                     |                      |         |            |           |          |      |                  |              |                   |              |
| B15        |             |            | PS_MIO30_501            | PSS IO      |             |         |            |      |                     |                      |         |            |           |          |      |                  |              |                   |              |
| C1         |             |            | PS_DDR_DQ3_502          | PSS IO      |             |         |            |      |                     |                      |         |            |           |          |      |                  |              |                   |              |
| C2         |             |            | PS_DDR_DQS_P0_502       | PSS IO      |             |         |            |      |                     |                      |         |            |           |          |      |                  |              |                   |              |
| C3         |             |            | PS_DDR_DQ6_502          | PSS IO      |             |         |            |      |                     |                      |         |            |           |          |      |                  |              |                   |              |
| C4         |             |            | PS_DDR_DQ2_502          | PSS IO      |             |         |            |      |                     |                      |         |            |           |          |      |                  |              |                   |              |
| C5         |             |            | GND                     | GND         |             |         |            |      |                     |                      |     0.0 |            |           |          |      |                  |              |                   |              |
| C6         |             |            | PS_MIO13_500            | PSS IO      |             |         |            |      |                     |                      |         |            |           |          |      |                  |              |                   |              |
| C7         |             |            | PS_CLK_500              | PSS Clock   |             |         |            |      |                     |                      |         |            |           |          |      |                  |              |                   |              |
| C8         |             |            | PS_MIO4_500             | PSS IO      |             |         |            |      |                     |                      |         |            |           |          |      |                  |              |                   |              |
| C9         |             |            | PS_POR_B_500            | PSS IO      |             |         |            |      |                     |                      |         |            |           |          |      |                  |              |                   |              |
| C10        |             |            | VCCO_MIO1_501           | VCCO        |             |         |            |      |                     |                      |   any** |            |           |          |      |                  |              |                   |              |
| C11        |             |            | PS_MIO33_501            | PSS IO      |             |         |            |      |                     |                      |         |            |           |          |      |                  |              |                   |              |
| C12        |             |            | PS_MIO31_501            | PSS IO      |             |         |            |      |                     |                      |         |            |           |          |      |                  |              |                   |              |
| C13        |             |            | PS_MIO53_501            | PSS IO      |             |         |            |      |                     |                      |         |            |           |          |      |                  |              |                   |              |
| C14        |             |            | PS_MIO37_501            | PSS IO      |             |         |            |      |                     |                      |         |            |           |          |      |                  |              |                   |              |
| C15        |             |            | GND                     | GND         |             |         |            |      |                     |                      |     0.0 |            |           |          |      |                  |              |                   |              |
| D1         |             |            | PS_DDR_DQ9_502          | PSS IO      |             |         |            |      |                     |                      |         |            |           |          |      |                  |              |                   |              |
| D2         |             |            | GND                     | GND         |             |         |            |      |                     |                      |     0.0 |            |           |          |      |                  |              |                   |              |
| D3         |             |            | PS_DDR_DM1_502          | PSS IO      |             |         |            |      |                     |                      |         |            |           |          |      |                  |              |                   |              |
| D4         |             |            | PS_DDR_DQ0_502          | PSS IO      |             |         |            |      |                     |                      |         |            |           |          |      |                  |              |                   |              |
| D5         |             | Dedicated  | INIT_B_0                | Config      |             |       0 |            |      |                     |                      |         |            |           |          |      |                  |              |                   |              |
| D6         |             |            | PS_MIO10_500            | PSS IO      |             |         |            |      |                     |                      |         |            |           |          |      |                  |              |                   |              |
| D7         |             |            | VCCO_MIO0_500           | VCCO        |             |         |            |      |                     |                      |   any** |            |           |          |      |                  |              |                   |              |
| D8         |             |            | PS_MIO0_500             | PSS IO      |             |         |            |      |                     |                      |         |            |           |          |      |                  |              |                   |              |
| D9         |             |            | PS_MIO7_500             | PSS IO      |             |         |            |      |                     |                      |         |            |           |          |      |                  |              |                   |              |
| D10        |             |            | PS_MIO15_500            | PSS IO      |             |         |            |      |                     |                      |         |            |           |          |      |                  |              |                   |              |
| D11        |             |            | PS_MIO29_501            | PSS IO      |             |         |            |      |                     |                      |         |            |           |          |      |                  |              |                   |              |
| D12        |             |            | GND                     | GND         |             |         |            |      |                     |                      |     0.0 |            |           |          |      |                  |              |                   |              |
| D13        |             |            | PS_MIO49_501            | PSS IO      |             |         |            |      |                     |                      |         |            |           |          |      |                  |              |                   |              |
| D14        |             |            | PS_MIO39_501            | PSS IO      |             |         |            |      |                     |                      |         |            |           |          |      |                  |              |                   |              |
| D15        |             |            | PS_MIO34_501            | PSS IO      |             |         |            |      |                     |                      |         |            |           |          |      |                  |              |                   |              |
| E1         |             |            | PS_DDR_DQ8_502          | PSS IO      |             |         |            |      |                     |                      |         |            |           |          |      |                  |              |                   |              |
| E2         |             |            | PS_DDR_DQ10_502         | PSS IO      |             |         |            |      |                     |                      |         |            |           |          |      |                  |              |                   |              |
| E3         |             |            | PS_DDR_DQ11_502         | PSS IO      |             |         |            |      |                     |                      |         |            |           |          |      |                  |              |                   |              |
| E4         |             |            | VCCO_DDR_502            | VCCO        |             |         |            |      |                     |                      |   any** |            |           |          |      |                  |              |                   |              |
| E5         |             |            | GND                     | GND         |             |         |            |      |                     |                      |     0.0 |            |           |          |      |                  |              |                   |              |
| E6         |             | Dedicated  | VCCBATT_0               | Config      |             |       0 |            |      |                     |                      |         |            |           |          |      |                  |              |                   |              |
| E7         |             |            | GND                     | GND         |             |         |            |      |                     |                      |     0.0 |            |           |          |      |                  |              |                   |              |
| E8         |             |            | RSVDGND                 | GND         |             |         |            |      |                     |                      |         |            |           |          |      |                  |              |                   |              |
| E9         |             |            | GND                     | GND         |             |         |            |      |                     |                      |     0.0 |            |           |          |      |                  |              |                   |              |
| E10        |             |            | VCCINT                  | VCCINT      |             |         |            |      |                     |                      |         |            |           |          |      |                  |              |                   |              |
| E11        |             | High Range | IO_L2P_T0_AD8P_35       | User IO     |             |      35 |            |      |                     |                      |         |            |           |          |      |                  |              |                   |              |
| E12        |             | High Range | IO_L2N_T0_AD8N_35       | User IO     |             |      35 |            |      |                     |                      |         |            |           |          |      |                  |              |                   |              |
| E13        |             | High Range | IO_L1N_T0_AD0N_35       | User IO     |             |      35 |            |      |                     |                      |         |            |           |          |      |                  |              |                   |              |
| E14        |             |            | VCCO_MIO1_501           | VCCO        |             |         |            |      |                     |                      |   any** |            |           |          |      |                  |              |                   |              |
| E15        |             |            | PS_MIO32_501            | PSS IO      |             |         |            |      |                     |                      |         |            |           |          |      |                  |              |                   |              |
| F1         |             |            | VCCO_DDR_502            | VCCO        |             |         |            |      |                     |                      |   any** |            |           |          |      |                  |              |                   |              |
| F2         |             |            | PS_DDR_DQS_N1_502       | PSS IO      |             |         |            |      |                     |                      |         |            |           |          |      |                  |              |                   |              |
| F3         |             |            | PS_DDR_DQ12_502         | PSS IO      |             |         |            |      |                     |                      |         |            |           |          |      |                  |              |                   |              |
| F4         |             |            | PS_DDR_VREF0_502        | PSS IO      |             |         |            |      |                     |                      |         |            |           |          |      |                  |              |                   |              |
| F5         |             |            | VCCPLL                  | PSS VCCPLL  |             |         |            |      |                     |                      |         |            |           |          |      |                  |              |                   |              |
| F6         |             | Dedicated  | CFGBVS_0                | Config      |             |       0 |            |      |                     |                      |         |            |           |          |      |                  |              |                   |              |
| F7         |             | Dedicated  | VCCADC_0                | XADC        |             |       0 |            |      |                     |                      |         |            |           |          |      |                  |              |                   |              |
| F8         |             | Dedicated  | GNDADC_0                | XADC        |             |       0 |            |      |                     |                      |         |            |           |          |      |                  |              |                   |              |
| F9         |             |            | VCCINT                  | VCCINT      |             |         |            |      |                     |                      |         |            |           |          |      |                  |              |                   |              |
| F10        |             |            | GND                     | GND         |             |         |            |      |                     |                      |     0.0 |            |           |          |      |                  |              |                   |              |
| F11        |             | High Range | VCCO_35                 | VCCO        |             |      35 |            |      |                     |                      |   any** |            |           |          |      |                  |              |                   |              |
| F12        |             | High Range | IO_L1P_T0_AD0P_35       | User IO     |             |      35 |            |      |                     |                      |         |            |           |          |      |                  |              |                   |              |
| F13        |             | High Range | IO_L3P_T0_DQS_AD1P_35   | User IO     |             |      35 |            |      |                     |                      |         |            |           |          |      |                  |              |                   |              |
| F14        |             | High Range | IO_L3N_T0_DQS_AD1N_35   | User IO     |             |      35 |            |      |                     |                      |         |            |           |          |      |                  |              |                   |              |
| F15        |             | High Range | IO_L5N_T0_AD9N_35       | User IO     |             |      35 |            |      |                     |                      |         |            |           |          |      |                  |              |                   |              |
| G1         |             |            | PS_DDR_DQ13_502         | PSS IO      |             |         |            |      |                     |                      |         |            |           |          |      |                  |              |                   |              |
| G2         |             |            | PS_DDR_DQS_P1_502       | PSS IO      |             |         |            |      |                     |                      |         |            |           |          |      |                  |              |                   |              |
| G3         |             |            | GND                     | GND         |             |         |            |      |                     |                      |     0.0 |            |           |          |      |                  |              |                   |              |
| G4         |             |            | RSVDVCC1                | Reserved    |             |         |            |      |                     |                      |         |            |           |          |      |                  |              |                   |              |
| G5         |             |            | GND                     | GND         |             |         |            |      |                     |                      |     0.0 |            |           |          |      |                  |              |                   |              |
| G6         |             |            | VCCPINT                 | PSS VCCINT  |             |         |            |      |                     |                      |         |            |           |          |      |                  |              |                   |              |
| G7         |             | Dedicated  | VP_0                    | XADC        |             |       0 |            |      |                     |                      |         |            |           |          |      |                  |              |                   |              |
| G8         |             | Dedicated  | VREFN_0                 | XADC        |             |       0 |            |      |                     |                      |         |            |           |          |      |                  |              |                   |              |
| G9         |             | Dedicated  | TCK_0                   | Config      |             |       0 |            |      |                     |                      |         |            |           |          |      |                  |              |                   |              |
| G10        |             |            | VCCINT                  | VCCINT      |             |         |            |      |                     |                      |         |            |           |          |      |                  |              |                   |              |
| G11        |             | High Range | IO_L1P_T0_34            | User IO     |             |      34 |            |      |                     |                      |         |            |           |          |      |                  |              |                   |              |
| G12        |             | High Range | IO_L2P_T0_34            | User IO     |             |      34 |            |      |                     |                      |         |            |           |          |      |                  |              |                   |              |
| G13        |             |            | GND                     | GND         |             |         |            |      |                     |                      |     0.0 |            |           |          |      |                  |              |                   |              |
| G14        |             | High Range | IO_L3P_T0_DQS_PUDC_B_34 | User IO     |             |      34 |            |      |                     |                      |         |            |           |          |      |                  |              |                   |              |
| G15        |             | High Range | IO_L5P_T0_AD9P_35       | User IO     |             |      35 |            |      |                     |                      |         |            |           |          |      |                  |              |                   |              |
| H1         |             |            | PS_DDR_DQ14_502         | PSS IO      |             |         |            |      |                     |                      |         |            |           |          |      |                  |              |                   |              |
| H2         |             |            | PS_DDR_DQ15_502         | PSS IO      |             |         |            |      |                     |                      |         |            |           |          |      |                  |              |                   |              |
| H3         |             |            | PS_DDR_VRP_502          | PSS IO      |             |         |            |      |                     |                      |         |            |           |          |      |                  |              |                   |              |
| H4         |             |            | RSVDVCC3                | Reserved    |             |         |            |      |                     |                      |         |            |           |          |      |                  |              |                   |              |
| H5         |             |            | VCCPINT                 | PSS VCCINT  |             |         |            |      |                     |                      |         |            |           |          |      |                  |              |                   |              |
| H6         |             |            | GND                     | GND         |             |         |            |      |                     |                      |     0.0 |            |           |          |      |                  |              |                   |              |
| H7         |             | Dedicated  | VREFP_0                 | XADC        |             |       0 |            |      |                     |                      |         |            |           |          |      |                  |              |                   |              |
| H8         |             | Dedicated  | VN_0                    | XADC        |             |       0 |            |      |                     |                      |         |            |           |          |      |                  |              |                   |              |
| H9         |             |            | VCCAUX                  | VCCAUX      |             |         |            |      |                     |                      |    1.80 |            |           |          |      |                  |              |                   |              |
| H10        |             |            | GND                     | GND         |             |         |            |      |                     |                      |     0.0 |            |           |          |      |                  |              |                   |              |
| H11        |             | High Range | IO_L6P_T0_34            | User IO     |             |      34 |            |      |                     |                      |         |            |           |          |      |                  |              |                   |              |
| H12        |             | High Range | IO_L1N_T0_34            | User IO     |             |      34 |            |      |                     |                      |         |            |           |          |      |                  |              |                   |              |
| H13        |             | High Range | IO_L2N_T0_34            | User IO     |             |      34 |            |      |                     |                      |         |            |           |          |      |                  |              |                   |              |
| H14        |             | High Range | IO_L3N_T0_DQS_34        | User IO     |             |      34 |            |      |                     |                      |         |            |           |          |      |                  |              |                   |              |
| H15        |             | High Range | VCCO_35                 | VCCO        |             |      35 |            |      |                     |                      |   any** |            |           |          |      |                  |              |                   |              |
| J1         |             |            | PS_DDR_A10_502          | PSS IO      |             |         |            |      |                     |                      |         |            |           |          |      |                  |              |                   |              |
| J2         |             |            | VCCO_DDR_502            | VCCO        |             |         |            |      |                     |                      |   any** |            |           |          |      |                  |              |                   |              |
| J3         |             |            | PS_DDR_VRN_502          | PSS IO      |             |         |            |      |                     |                      |         |            |           |          |      |                  |              |                   |              |
| J4         |             |            | RSVDVCC2                | Reserved    |             |         |            |      |                     |                      |         |            |           |          |      |                  |              |                   |              |
| J5         |             |            | GND                     | GND         |             |         |            |      |                     |                      |     0.0 |            |           |          |      |                  |              |                   |              |
| J6         |             |            | VCCPAUX                 | PSS VCCAUX  |             |         |            |      |                     |                      |         |            |           |          |      |                  |              |                   |              |
| J7         |             | Dedicated  | DXP_0                   | Temp Sensor |             |       0 |            |      |                     |                      |         |            |           |          |      |                  |              |                   |              |
| J8         |             |            | VCCAUX                  | VCCAUX      |             |         |            |      |                     |                      |    1.80 |            |           |          |      |                  |              |                   |              |
| J9         |             |            | GND                     | GND         |             |         |            |      |                     |                      |     0.0 |            |           |          |      |                  |              |                   |              |
| J10        |             |            | VCCINT                  | VCCINT      |             |         |            |      |                     |                      |         |            |           |          |      |                  |              |                   |              |
| J11        |             | High Range | IO_L6N_T0_VREF_34       | User IO     |             |      34 |            |      |                     |                      |         |            |           |          |      |                  |              |                   |              |
| J12        |             | High Range | VCCO_34                 | VCCO        |             |      34 |            |      |                     |                      |   any** |            |           |          |      |                  |              |                   |              |
| J13        |             | High Range | IO_L5P_T0_34            | User IO     |             |      34 |            |      |                     |                      |         |            |           |          |      |                  |              |                   |              |
| J14        |             | High Range | IO_L5N_T0_34            | User IO     |             |      34 |            |      |                     |                      |         |            |           |          |      |                  |              |                   |              |
| J15        |             | High Range | IO_L4P_T0_34            | User IO     |             |      34 |            |      |                     |                      |         |            |           |          |      |                  |              |                   |              |
| K1         |             |            | PS_DDR_A14_502          | PSS IO      |             |         |            |      |                     |                      |         |            |           |          |      |                  |              |                   |              |
| K2         |             |            | PS_DDR_A13_502          | PSS IO      |             |         |            |      |                     |                      |         |            |           |          |      |                  |              |                   |              |
| K3         |             |            | PS_DDR_ODT_502          | PSS IO      |             |         |            |      |                     |                      |         |            |           |          |      |                  |              |                   |              |
| K4         |             |            | GND                     | GND         |             |         |            |      |                     |                      |     0.0 |            |           |          |      |                  |              |                   |              |
| K5         |             |            | VCCPINT                 | PSS VCCINT  |             |         |            |      |                     |                      |         |            |           |          |      |                  |              |                   |              |
| K6         |             | Dedicated  | PROGRAM_B_0             | Config      |             |       0 |            |      |                     |                      |         |            |           |          |      |                  |              |                   |              |
| K7         |             |            | GND                     | GND         |             |         |            |      |                     |                      |     0.0 |            |           |          |      |                  |              |                   |              |
| K8         |             | Dedicated  | VCCO_0                  | VCCO        |             |       0 |            |      |                     |                      |   any** |            |           |          |      |                  |              |                   |              |
| K9         |             |            | VCCAUX                  | VCCAUX      |             |         |            |      |                     |                      |    1.80 |            |           |          |      |                  |              |                   |              |
| K10        |             |            | GND                     | GND         |             |         |            |      |                     |                      |     0.0 |            |           |          |      |                  |              |                   |              |
| K11        |             | High Range | IO_L11P_T1_SRCC_34      | User IO     |             |      34 |            |      |                     |                      |         |            |           |          |      |                  |              |                   |              |
| K12        |             | High Range | IO_L11N_T1_SRCC_34      | User IO     |             |      34 |            |      |                     |                      |         |            |           |          |      |                  |              |                   |              |
| K13        |             | High Range | IO_L10P_T1_34           | User IO     |             |      34 |            |      |                     |                      |         |            |           |          |      |                  |              |                   |              |
| K14        |             |            | GND                     | GND         |             |         |            |      |                     |                      |     0.0 |            |           |          |      |                  |              |                   |              |
| K15        |             | High Range | IO_L4N_T0_34            | User IO     |             |      34 |            |      |                     |                      |         |            |           |          |      |                  |              |                   |              |
| L1         |             |            | GND                     | GND         |             |         |            |      |                     |                      |     0.0 |            |           |          |      |                  |              |                   |              |
| L2         |             |            | PS_DDR_A11_502          | PSS IO      |             |         |            |      |                     |                      |         |            |           |          |      |                  |              |                   |              |
| L3         |             |            | PS_DDR_CKE_502          | PSS IO      |             |         |            |      |                     |                      |         |            |           |          |      |                  |              |                   |              |
| L4         |             |            | PS_DDR_DRST_B_502       | PSS IO      |             |         |            |      |                     |                      |         |            |           |          |      |                  |              |                   |              |
| L5         |             |            | GND                     | GND         |             |         |            |      |                     |                      |     0.0 |            |           |          |      |                  |              |                   |              |
| L6         |             |            | VCCPAUX                 | PSS VCCAUX  |             |         |            |      |                     |                      |         |            |           |          |      |                  |              |                   |              |
| L7         |             | Dedicated  | TDI_0                   | Config      |             |       0 |            |      |                     |                      |         |            |           |          |      |                  |              |                   |              |
| L8         |             | Dedicated  | TDO_0                   | Config      |             |       0 |            |      |                     |                      |         |            |           |          |      |                  |              |                   |              |
| L9         |             | Dedicated  | TMS_0                   | Config      |             |       0 |            |      |                     |                      |         |            |           |          |      |                  |              |                   |              |
| L10        |             |            | VCCINT                  | VCCINT      |             |         |            |      |                     |                      |         |            |           |          |      |                  |              |                   |              |
| L11        |             |            | GND                     | GND         |             |         |            |      |                     |                      |     0.0 |            |           |          |      |                  |              |                   |              |
| L12        |             | High Range | IO_L12P_T1_MRCC_34      | User IO     |             |      34 |            |      |                     |                      |         |            |           |          |      |                  |              |                   |              |
| L13        |             | High Range | IO_L10N_T1_34           | User IO     |             |      34 |            |      |                     |                      |         |            |           |          |      |                  |              |                   |              |
| L14        |             | High Range | IO_L9P_T1_DQS_34        | User IO     |             |      34 |            |      |                     |                      |         |            |           |          |      |                  |              |                   |              |
| L15        |             | High Range | IO_L8P_T1_34            | User IO     |             |      34 |            |      |                     |                      |         |            |           |          |      |                  |              |                   |              |
| M1         |             |            | PS_DDR_A2_502           | PSS IO      |             |         |            |      |                     |                      |         |            |           |          |      |                  |              |                   |              |
| M2         |             |            | PS_DDR_A12_502          | PSS IO      |             |         |            |      |                     |                      |         |            |           |          |      |                  |              |                   |              |
| M3         |             |            | VCCO_DDR_502            | VCCO        |             |         |            |      |                     |                      |   any** |            |           |          |      |                  |              |                   |              |
| M4         |             |            | PS_DDR_A3_502           | PSS IO      |             |         |            |      |                     |                      |         |            |           |          |      |                  |              |                   |              |
| M5         |             |            | PS_DDR_A7_502           | PSS IO      |             |         |            |      |                     |                      |         |            |           |          |      |                  |              |                   |              |
| M6         |             |            | PS_DDR_BA0_502          | PSS IO      |             |         |            |      |                     |                      |         |            |           |          |      |                  |              |                   |              |
| M7         |             | Dedicated  | DONE_0                  | Config      |             |       0 |            |      |                     |                      |         |            |           |          |      |                  |              |                   |              |
| M8         |             |            | GND                     | GND         |             |         |            |      |                     |                      |     0.0 |            |           |          |      |                  |              |                   |              |
| M9         |             | High Range | IO_L19P_T3_34           | User IO     |             |      34 |            |      |                     |                      |         |            |           |          |      |                  |              |                   |              |
| M10        |             | High Range | IO_L21P_T3_DQS_34       | User IO     |             |      34 |            |      |                     |                      |         |            |           |          |      |                  |              |                   |              |
| M11        |             | High Range | IO_L21N_T3_DQS_34       | User IO     |             |      34 |            |      |                     |                      |         |            |           |          |      |                  |              |                   |              |
| M12        |             | High Range | IO_L12N_T1_MRCC_34      | User IO     |             |      34 |            |      |                     |                      |         |            |           |          |      |                  |              |                   |              |
| M13        |             | High Range | VCCO_34                 | VCCO        |             |      34 |            |      |                     |                      |   any** |            |           |          |      |                  |              |                   |              |
| M14        |             | High Range | IO_L9N_T1_DQS_34        | User IO     |             |      34 |            |      |                     |                      |         |            |           |          |      |                  |              |                   |              |
| M15        |             | High Range | IO_L8N_T1_34            | User IO     |             |      34 |            |      |                     |                      |         |            |           |          |      |                  |              |                   |              |
| N1         |             |            | PS_DDR_A1_502           | PSS IO      |             |         |            |      |                     |                      |         |            |           |          |      |                  |              |                   |              |
| N2         |             |            | PS_DDR_CKN_502          | PSS IO      |             |         |            |      |                     |                      |         |            |           |          |      |                  |              |                   |              |
| N3         |             |            | PS_DDR_CKP_502          | PSS IO      |             |         |            |      |                     |                      |         |            |           |          |      |                  |              |                   |              |
| N4         |             |            | PS_DDR_A9_502           | PSS IO      |             |         |            |      |                     |                      |         |            |           |          |      |                  |              |                   |              |
| N5         |             |            | GND                     | GND         |             |         |            |      |                     |                      |     0.0 |            |           |          |      |                  |              |                   |              |
| N6         |             |            | PS_DDR_BA2_502          | PSS IO      |             |         |            |      |                     |                      |         |            |           |          |      |                  |              |                   |              |
| N7         |             | High Range | IO_L22P_T3_34           | User IO     |             |      34 |            |      |                     |                      |         |            |           |          |      |                  |              |                   |              |
| N8         |             | High Range | IO_L22N_T3_34           | User IO     |             |      34 |            |      |                     |                      |         |            |           |          |      |                  |              |                   |              |
| N9         |             | High Range | IO_L19N_T3_VREF_34      | User IO     |             |      34 |            |      |                     |                      |         |            |           |          |      |                  |              |                   |              |
| N10        |             | High Range | VCCO_34                 | VCCO        |             |      34 |            |      |                     |                      |   any** |            |           |          |      |                  |              |                   |              |
| N11        |             | High Range | IO_L13P_T2_MRCC_34      | User IO     |             |      34 |            |      |                     |                      |         |            |           |          |      |                  |              |                   |              |
| N12        |             | High Range | IO_L13N_T2_MRCC_34      | User IO     |             |      34 |            |      |                     |                      |         |            |           |          |      |                  |              |                   |              |
| N13        |             | High Range | IO_L7P_T1_34            | User IO     |             |      34 |            |      |                     |                      |         |            |           |          |      |                  |              |                   |              |
| N14        |             | High Range | IO_L7N_T1_34            | User IO     |             |      34 |            |      |                     |                      |         |            |           |          |      |                  |              |                   |              |
| N15        |             |            | GND                     | GND         |             |         |            |      |                     |                      |     0.0 |            |           |          |      |                  |              |                   |              |
| P1         |             |            | PS_DDR_A0_502           | PSS IO      |             |         |            |      |                     |                      |         |            |           |          |      |                  |              |                   |              |
| P2         |             |            | GND                     | GND         |             |         |            |      |                     |                      |     0.0 |            |           |          |      |                  |              |                   |              |
| P3         |             |            | PS_DDR_A4_502           | PSS IO      |             |         |            |      |                     |                      |         |            |           |          |      |                  |              |                   |              |
| P4         |             |            | PS_DDR_A5_502           | PSS IO      |             |         |            |      |                     |                      |         |            |           |          |      |                  |              |                   |              |
| P5         |             |            | PS_DDR_A6_502           | PSS IO      |             |         |            |      |                     |                      |         |            |           |          |      |                  |              |                   |              |
| P6         |             |            | PS_DDR_A8_502           | PSS IO      |             |         |            |      |                     |                      |         |            |           |          |      |                  |              |                   |              |
| P7         |             | High Range | VCCO_34                 | VCCO        |             |      34 |            |      |                     |                      |   any** |            |           |          |      |                  |              |                   |              |
| P8         |             | High Range | IO_L23P_T3_34           | User IO     |             |      34 |            |      |                     |                      |         |            |           |          |      |                  |              |                   |              |
| P9         |             | High Range | IO_L23N_T3_34           | User IO     |             |      34 |            |      |                     |                      |         |            |           |          |      |                  |              |                   |              |
| P10        |             | High Range | IO_L24P_T3_34           | User IO     |             |      34 |            |      |                     |                      |         |            |           |          |      |                  |              |                   |              |
| P11        |             | High Range | IO_L16P_T2_34           | User IO     |             |      34 |            |      |                     |                      |         |            |           |          |      |                  |              |                   |              |
| P12        |             |            | GND                     | GND         |             |         |            |      |                     |                      |     0.0 |            |           |          |      |                  |              |                   |              |
| P13        |             | High Range | IO_L18P_T2_34           | User IO     |             |      34 |            |      |                     |                      |         |            |           |          |      |                  |              |                   |              |
| P14        |             | High Range | IO_L18N_T2_34           | User IO     |             |      34 |            |      |                     |                      |         |            |           |          |      |                  |              |                   |              |
| P15        |             | High Range | IO_L15P_T2_DQS_34       | User IO     |             |      34 |            |      |                     |                      |         |            |           |          |      |                  |              |                   |              |
| R1         |             |            | PS_DDR_BA1_502          | PSS IO      |             |         |            |      |                     |                      |         |            |           |          |      |                  |              |                   |              |
| R2         |             |            | PS_DDR_CS_B_502         | PSS IO      |             |         |            |      |                     |                      |         |            |           |          |      |                  |              |                   |              |
| R3         |             |            | PS_DDR_WE_B_502         | PSS IO      |             |         |            |      |                     |                      |         |            |           |          |      |                  |              |                   |              |
| R4         |             |            | VCCO_DDR_502            | VCCO        |             |         |            |      |                     |                      |   any** |            |           |          |      |                  |              |                   |              |
| R5         |             |            | PS_DDR_CAS_B_502        | PSS IO      |             |         |            |      |                     |                      |         |            |           |          |      |                  |              |                   |              |
| R6         |             |            | PS_DDR_RAS_B_502        | PSS IO      |             |         |            |      |                     |                      |         |            |           |          |      |                  |              |                   |              |
| R7         |             | High Range | IO_L20P_T3_34           | User IO     |             |      34 |            |      |                     |                      |         |            |           |          |      |                  |              |                   |              |
| R8         |             | High Range | IO_L20N_T3_34           | User IO     |             |      34 |            |      |                     |                      |         |            |           |          |      |                  |              |                   |              |
| R9         |             |            | GND                     | GND         |             |         |            |      |                     |                      |     0.0 |            |           |          |      |                  |              |                   |              |
| R10        |             | High Range | IO_L24N_T3_34           | User IO     |             |      34 |            |      |                     |                      |         |            |           |          |      |                  |              |                   |              |
| R11        |             | High Range | IO_L16N_T2_34           | User IO     |             |      34 |            |      |                     |                      |         |            |           |          |      |                  |              |                   |              |
| R12        |             | High Range | IO_L17P_T2_34           | User IO     |             |      34 |            |      |                     |                      |         |            |           |          |      |                  |              |                   |              |
| R13        |             | High Range | IO_L17N_T2_34           | User IO     |             |      34 |            |      |                     |                      |         |            |           |          |      |                  |              |                   |              |
| R14        |             | High Range | VCCO_34                 | VCCO        |             |      34 |            |      |                     |                      |   any** |            |           |          |      |                  |              |                   |              |
| R15        |             | High Range | IO_L15N_T2_DQS_34       | User IO     |             |      34 |            |      |                     |                      |         |            |           |          |      |                  |              |                   |              |
+------------+-------------+------------+-------------------------+-------------+-------------+---------+------------+------+---------------------+----------------------+---------+------------+-----------+----------+------+------------------+--------------+-------------------+--------------+
* Default value
** Special VCCO requirements may apply. Please consult the device family datasheet for specific guideline on VCCO requirements.


