08:56:19 INFO  : Registering command handlers for SDK TCF services
08:56:22 INFO  : Launching XSCT server: xsct.bat -interactive C:\FPGA\ZYNQ_PS_INPUT\ZYNQ_PS_INPUT.sdk\temp_xsdb_launch_script.tcl
08:56:28 INFO  : XSCT server has started successfully.
08:56:30 INFO  : Successfully done setting XSCT server connection channel  
08:56:30 INFO  : Successfully done setting SDK workspace  
08:56:30 INFO  : Processing command line option -hwspec C:/FPGA/ZYNQ_PS_INPUT/ZYNQ_PS_INPUT.sdk/design_1_wrapper.hdf.
09:11:23 INFO  : Connected to target on host '127.0.0.1' and port '3121'.
09:11:26 INFO  : 'targets -set -filter {jtag_cable_name =~ "Digilent Zybo 210279574153A" && level==0} -index 1' command is executed.
09:11:27 INFO  : FPGA configured successfully with bitstream "C:/FPGA/ZYNQ_PS_INPUT/ZYNQ_PS_INPUT.sdk/design_1_wrapper_hw_platform_0/design_1_wrapper.bit"
09:11:37 INFO  : 'targets -set -filter {jtag_cable_name =~ "Digilent Zybo 210279574153A" && level==0} -index 1' command is executed.
09:11:37 INFO  : 'fpga -state' command is executed.
09:11:37 INFO  : Connected to target on host '127.0.0.1' and port '3121'.
09:11:38 INFO  : Jtag cable 'Digilent Zybo 210279574153A' is selected.
09:11:38 INFO  : 'jtag frequency' command is executed.
09:11:38 INFO  : Sourcing of 'C:/FPGA/ZYNQ_PS_INPUT/ZYNQ_PS_INPUT.sdk/design_1_wrapper_hw_platform_0/ps7_init.tcl' is done.
09:11:41 INFO  : Context for 'APU' is selected.
09:12:05 INFO  : Registering command handlers for SDK TCF services
09:12:06 INFO  : Launching XSCT server: xsct.bat -interactive C:\FPGA\ZYNQ_PS_INPUT\ZYNQ_PS_INPUT.sdk\temp_xsdb_launch_script.tcl
09:12:13 INFO  : XSCT server has started successfully.
09:12:16 INFO  : Successfully done setting XSCT server connection channel  
09:12:16 INFO  : Processing command line option -hwspec C:/FPGA/ZYNQ_PS_INPUT/ZYNQ_PS_INPUT.sdk/design_1_wrapper.hdf.
09:12:16 INFO  : Successfully done setting SDK workspace  
09:12:16 INFO  : Checking for hwspec changes in the project design_1_wrapper_hw_platform_0.
09:17:15 INFO  : 'targets -set -filter {jtag_cable_name =~ "Digilent Zybo 210279574153A" && level==0} -index 1' command is executed.
09:17:15 INFO  : 'fpga -state' command is executed.
09:17:15 INFO  : Connected to target on host '127.0.0.1' and port '3121'.
09:17:16 INFO  : Jtag cable 'Digilent Zybo 210279574153A' is selected.
09:17:16 INFO  : 'jtag frequency' command is executed.
09:17:16 INFO  : Sourcing of 'C:/FPGA/ZYNQ_PS_INPUT/ZYNQ_PS_INPUT.sdk/design_1_wrapper_hw_platform_0/ps7_init.tcl' is done.
09:17:16 INFO  : Context for 'APU' is selected.
09:17:17 INFO  : Hardware design information is loaded from 'C:/FPGA/ZYNQ_PS_INPUT/ZYNQ_PS_INPUT.sdk/design_1_wrapper_hw_platform_0/system.hdf'.
09:17:17 INFO  : 'configparams force-mem-access 1' command is executed.
09:17:17 INFO  : Context for 'APU' is selected.
09:17:17 INFO  : 'stop' command is executed.
09:17:18 INFO  : 'ps7_init' command is executed.
09:17:18 INFO  : 'ps7_post_config' command is executed.
09:17:18 INFO  : Context for processor 'ps7_cortexa9_0' is selected.
09:17:18 INFO  : Processor reset is completed for 'ps7_cortexa9_0'.
09:17:19 INFO  : Context for processor 'ps7_cortexa9_0' is selected.
09:17:19 INFO  : The application 'C:/FPGA/ZYNQ_PS_INPUT/ZYNQ_PS_INPUT.sdk/ZYNQ_PS_INPUT/Debug/ZYNQ_PS_INPUT.elf' is downloaded to processor 'ps7_cortexa9_0'.
09:17:19 INFO  : 'configparams force-mem-access 0' command is executed.
09:17:19 INFO  : ----------------XSDB Script----------------
connect -url tcp:127.0.0.1:3121
source C:/FPGA/ZYNQ_PS_INPUT/ZYNQ_PS_INPUT.sdk/design_1_wrapper_hw_platform_0/ps7_init.tcl
targets -set -nocase -filter {name =~"APU*" && jtag_cable_name =~ "Digilent Zybo 210279574153A"} -index 0
loadhw -hw C:/FPGA/ZYNQ_PS_INPUT/ZYNQ_PS_INPUT.sdk/design_1_wrapper_hw_platform_0/system.hdf -mem-ranges [list {0x40000000 0xbfffffff}]
configparams force-mem-access 1
targets -set -nocase -filter {name =~"APU*" && jtag_cable_name =~ "Digilent Zybo 210279574153A"} -index 0
stop
ps7_init
ps7_post_config
targets -set -nocase -filter {name =~ "ARM*#0" && jtag_cable_name =~ "Digilent Zybo 210279574153A"} -index 0
rst -processor
targets -set -nocase -filter {name =~ "ARM*#0" && jtag_cable_name =~ "Digilent Zybo 210279574153A"} -index 0
dow C:/FPGA/ZYNQ_PS_INPUT/ZYNQ_PS_INPUT.sdk/ZYNQ_PS_INPUT/Debug/ZYNQ_PS_INPUT.elf
configparams force-mem-access 0
----------------End of Script----------------

09:17:20 INFO  : Memory regions updated for context APU
09:17:39 INFO  : Launching XSCT server: xsct.bat -interactive C:\FPGA\ZYNQ_PS_INPUT\ZYNQ_PS_INPUT.sdk\temp_xsdb_launch_script.tcl
09:17:44 INFO  : XSCT server has started successfully.
09:17:44 INFO  : Successfully done setting XSCT server connection channel  
09:17:49 INFO  : Successfully done setting SDK workspace  
09:17:52 INFO  : Registering command handlers for SDK TCF services
09:17:54 INFO  : Processing command line option -hwspec C:/FPGA/ZYNQ_PS_INPUT/ZYNQ_PS_INPUT.sdk/design_1_wrapper.hdf.
09:17:54 INFO  : Checking for hwspec changes in the project design_1_wrapper_hw_platform_0.
09:20:26 INFO  : Connected to target on host '127.0.0.1' and port '3121'.
09:20:28 INFO  : 'targets -set -filter {jtag_cable_name =~ "Digilent Zybo 210279574153A" && level==0} -index 1' command is executed.
09:20:29 INFO  : FPGA configured successfully with bitstream "C:/FPGA/ZYNQ_PS_INPUT/ZYNQ_PS_INPUT.sdk/design_1_wrapper_hw_platform_0/design_1_wrapper.bit"
09:20:44 INFO  : 'targets -set -filter {jtag_cable_name =~ "Digilent Zybo 210279574153A" && level==0} -index 1' command is executed.
09:20:44 INFO  : 'fpga -state' command is executed.
09:20:44 INFO  : Connected to target on host '127.0.0.1' and port '3121'.
09:20:44 INFO  : Jtag cable 'Digilent Zybo 210279574153A' is selected.
09:20:44 INFO  : 'jtag frequency' command is executed.
09:20:44 INFO  : Sourcing of 'C:/FPGA/ZYNQ_PS_INPUT/ZYNQ_PS_INPUT.sdk/design_1_wrapper_hw_platform_0/ps7_init.tcl' is done.
09:20:44 INFO  : Context for 'APU' is selected.
09:20:44 INFO  : Hardware design information is loaded from 'C:/FPGA/ZYNQ_PS_INPUT/ZYNQ_PS_INPUT.sdk/design_1_wrapper_hw_platform_0/system.hdf'.
09:20:44 INFO  : 'configparams force-mem-access 1' command is executed.
09:20:44 INFO  : Context for 'APU' is selected.
09:20:44 INFO  : 'stop' command is executed.
09:20:45 INFO  : 'ps7_init' command is executed.
09:20:45 INFO  : 'ps7_post_config' command is executed.
09:20:45 INFO  : Context for processor 'ps7_cortexa9_0' is selected.
09:20:45 INFO  : Processor reset is completed for 'ps7_cortexa9_0'.
09:20:45 INFO  : Context for processor 'ps7_cortexa9_0' is selected.
09:20:45 INFO  : The application 'C:/FPGA/ZYNQ_PS_INPUT/ZYNQ_PS_INPUT.sdk/ZYNQ_PS_INPUT/Debug/ZYNQ_PS_INPUT.elf' is downloaded to processor 'ps7_cortexa9_0'.
09:20:45 INFO  : 'configparams force-mem-access 0' command is executed.
09:20:45 INFO  : ----------------XSDB Script----------------
connect -url tcp:127.0.0.1:3121
source C:/FPGA/ZYNQ_PS_INPUT/ZYNQ_PS_INPUT.sdk/design_1_wrapper_hw_platform_0/ps7_init.tcl
targets -set -nocase -filter {name =~"APU*" && jtag_cable_name =~ "Digilent Zybo 210279574153A"} -index 0
loadhw -hw C:/FPGA/ZYNQ_PS_INPUT/ZYNQ_PS_INPUT.sdk/design_1_wrapper_hw_platform_0/system.hdf -mem-ranges [list {0x40000000 0xbfffffff}]
configparams force-mem-access 1
targets -set -nocase -filter {name =~"APU*" && jtag_cable_name =~ "Digilent Zybo 210279574153A"} -index 0
stop
ps7_init
ps7_post_config
targets -set -nocase -filter {name =~ "ARM*#0" && jtag_cable_name =~ "Digilent Zybo 210279574153A"} -index 0
rst -processor
targets -set -nocase -filter {name =~ "ARM*#0" && jtag_cable_name =~ "Digilent Zybo 210279574153A"} -index 0
dow C:/FPGA/ZYNQ_PS_INPUT/ZYNQ_PS_INPUT.sdk/ZYNQ_PS_INPUT/Debug/ZYNQ_PS_INPUT.elf
configparams force-mem-access 0
----------------End of Script----------------

09:20:45 INFO  : Memory regions updated for context APU
09:20:45 INFO  : Context for processor 'ps7_cortexa9_0' is selected.
09:20:45 INFO  : 'con' command is executed.
09:20:45 INFO  : ----------------XSDB Script (After Launch)----------------
targets -set -nocase -filter {name =~ "ARM*#0" && jtag_cable_name =~ "Digilent Zybo 210279574153A"} -index 0
con
----------------End of Script----------------

09:20:45 INFO  : Launch script is exported to file 'C:\FPGA\ZYNQ_PS_INPUT\ZYNQ_PS_INPUT.sdk\.sdk\launch_scripts\xilinx_c-c++_application_(system_debugger)\system_debugger_using_debug_zynq_ps_input.elf_on_local.tcl'
09:21:44 INFO  : Disconnected from the channel tcfchan#1.
09:21:45 INFO  : 'targets -set -filter {jtag_cable_name =~ "Digilent Zybo 210279574153A" && level==0} -index 1' command is executed.
09:21:45 INFO  : 'fpga -state' command is executed.
09:21:45 INFO  : Connected to target on host '127.0.0.1' and port '3121'.
09:21:46 INFO  : Jtag cable 'Digilent Zybo 210279574153A' is selected.
09:21:46 INFO  : 'jtag frequency' command is executed.
09:21:46 INFO  : Sourcing of 'C:/FPGA/ZYNQ_PS_INPUT/ZYNQ_PS_INPUT.sdk/design_1_wrapper_hw_platform_0/ps7_init.tcl' is done.
09:21:46 INFO  : Context for 'APU' is selected.
09:21:48 INFO  : Hardware design information is loaded from 'C:/FPGA/ZYNQ_PS_INPUT/ZYNQ_PS_INPUT.sdk/design_1_wrapper_hw_platform_0/system.hdf'.
09:21:48 INFO  : 'configparams force-mem-access 1' command is executed.
09:21:48 INFO  : Context for 'APU' is selected.
09:21:48 INFO  : 'stop' command is executed.
09:21:49 INFO  : 'ps7_init' command is executed.
09:21:49 INFO  : 'ps7_post_config' command is executed.
09:21:49 INFO  : Context for processor 'ps7_cortexa9_0' is selected.
09:21:49 INFO  : Processor reset is completed for 'ps7_cortexa9_0'.
09:21:49 INFO  : Context for processor 'ps7_cortexa9_0' is selected.
09:21:49 INFO  : The application 'C:/FPGA/ZYNQ_PS_INPUT/ZYNQ_PS_INPUT.sdk/ZYNQ_PS_INPUT/Debug/ZYNQ_PS_INPUT.elf' is downloaded to processor 'ps7_cortexa9_0'.
09:21:49 INFO  : 'configparams force-mem-access 0' command is executed.
09:21:49 INFO  : ----------------XSDB Script----------------
connect -url tcp:127.0.0.1:3121
source C:/FPGA/ZYNQ_PS_INPUT/ZYNQ_PS_INPUT.sdk/design_1_wrapper_hw_platform_0/ps7_init.tcl
targets -set -nocase -filter {name =~"APU*" && jtag_cable_name =~ "Digilent Zybo 210279574153A"} -index 0
loadhw -hw C:/FPGA/ZYNQ_PS_INPUT/ZYNQ_PS_INPUT.sdk/design_1_wrapper_hw_platform_0/system.hdf -mem-ranges [list {0x40000000 0xbfffffff}]
configparams force-mem-access 1
targets -set -nocase -filter {name =~"APU*" && jtag_cable_name =~ "Digilent Zybo 210279574153A"} -index 0
stop
ps7_init
ps7_post_config
targets -set -nocase -filter {name =~ "ARM*#0" && jtag_cable_name =~ "Digilent Zybo 210279574153A"} -index 0
rst -processor
targets -set -nocase -filter {name =~ "ARM*#0" && jtag_cable_name =~ "Digilent Zybo 210279574153A"} -index 0
dow C:/FPGA/ZYNQ_PS_INPUT/ZYNQ_PS_INPUT.sdk/ZYNQ_PS_INPUT/Debug/ZYNQ_PS_INPUT.elf
configparams force-mem-access 0
----------------End of Script----------------

09:21:50 INFO  : Memory regions updated for context APU
09:21:50 INFO  : Context for processor 'ps7_cortexa9_0' is selected.
09:21:50 INFO  : 'con' command is executed.
09:21:50 INFO  : ----------------XSDB Script (After Launch)----------------
targets -set -nocase -filter {name =~ "ARM*#0" && jtag_cable_name =~ "Digilent Zybo 210279574153A"} -index 0
con
----------------End of Script----------------

09:21:50 INFO  : Launch script is exported to file 'C:\FPGA\ZYNQ_PS_INPUT\ZYNQ_PS_INPUT.sdk\.sdk\launch_scripts\xilinx_c-c++_application_(system_debugger)\system_debugger_using_debug_zynq_ps_input.elf_on_local.tcl'
09:23:52 INFO  : Disconnected from the channel tcfchan#2.
