13:05:59 INFO  : Registering command handlers for SDK TCF services
13:06:00 INFO  : Launching XSCT server: xsct.bat -interactive D:\FPGA\MATH_IP_APP\MATH_IP_APP.sdk\temp_xsdb_launch_script.tcl
13:06:05 INFO  : XSCT server has started successfully.
13:06:06 INFO  : Successfully done setting XSCT server connection channel  
13:06:06 INFO  : Processing command line option -hwspec D:/FPGA/MATH_IP_APP/MATH_IP_APP.sdk/design_1_wrapper.hdf.
13:06:06 INFO  : Successfully done setting SDK workspace  
13:08:57 INFO  : Registering command handlers for SDK TCF services
13:08:58 INFO  : Launching XSCT server: xsct.bat -interactive D:\FPGA\MATH_IP_APP\MATH_IP_APP.sdk\temp_xsdb_launch_script.tcl
13:09:03 INFO  : XSCT server has started successfully.
13:09:05 INFO  : Successfully done setting XSCT server connection channel  
13:09:05 INFO  : Processing command line option -hwspec D:/FPGA/MATH_IP_APP/MATH_IP_APP.sdk/design_1_wrapper.hdf.
13:09:05 INFO  : Successfully done setting SDK workspace  
13:09:05 INFO  : Checking for hwspec changes in the project design_1_wrapper_hw_platform_0.
13:09:39 INFO  : Refreshed build settings on project Math_unit_app
13:21:07 INFO  : Connected to target on host '127.0.0.1' and port '3121'.
13:21:09 INFO  : 'targets -set -filter {jtag_cable_name =~ "Avnet MiniZed V1 1234-oj1A" && level==0} -index 1' command is executed.
13:21:10 INFO  : FPGA configured successfully with bitstream "D:/FPGA/MATH_IP_APP/MATH_IP_APP.sdk/design_1_wrapper_hw_platform_0/design_1_wrapper.bit"
13:24:10 INFO  : 'targets -set -filter {jtag_cable_name =~ "Avnet MiniZed V1 1234-oj1A" && level==0} -index 1' command is executed.
13:24:10 INFO  : 'fpga -state' command is executed.
13:24:10 INFO  : Connected to target on host '127.0.0.1' and port '3121'.
13:24:10 INFO  : Jtag cable 'Avnet MiniZed V1 1234-oj1A' is selected.
13:24:10 INFO  : 'jtag frequency' command is executed.
13:24:10 INFO  : Sourcing of 'D:/FPGA/MATH_IP_APP/MATH_IP_APP.sdk/design_1_wrapper_hw_platform_0/ps7_init.tcl' is done.
13:24:10 INFO  : Context for 'APU' is selected.
13:24:10 INFO  : Hardware design information is loaded from 'D:/FPGA/MATH_IP_APP/MATH_IP_APP.sdk/design_1_wrapper_hw_platform_0/system.hdf'.
13:24:10 INFO  : 'configparams force-mem-access 1' command is executed.
13:24:10 INFO  : Context for 'APU' is selected.
13:24:10 INFO  : 'stop' command is executed.
13:24:11 INFO  : 'ps7_init' command is executed.
13:24:11 INFO  : 'ps7_post_config' command is executed.
13:24:11 INFO  : Context for processor 'ps7_cortexa9_0' is selected.
13:24:11 INFO  : Processor reset is completed for 'ps7_cortexa9_0'.
13:24:11 INFO  : Context for processor 'ps7_cortexa9_0' is selected.
13:24:11 INFO  : The application 'D:/FPGA/MATH_IP_APP/MATH_IP_APP.sdk/Math_unit_app/Debug/Math_unit_app.elf' is downloaded to processor 'ps7_cortexa9_0'.
13:24:12 INFO  : 'configparams force-mem-access 0' command is executed.
13:24:12 INFO  : ----------------XSDB Script----------------
connect -url tcp:127.0.0.1:3121
source D:/FPGA/MATH_IP_APP/MATH_IP_APP.sdk/design_1_wrapper_hw_platform_0/ps7_init.tcl
targets -set -nocase -filter {name =~"APU*" && jtag_cable_name =~ "Avnet MiniZed V1 1234-oj1A"} -index 0
loadhw -hw D:/FPGA/MATH_IP_APP/MATH_IP_APP.sdk/design_1_wrapper_hw_platform_0/system.hdf -mem-ranges [list {0x40000000 0xbfffffff}]
configparams force-mem-access 1
targets -set -nocase -filter {name =~"APU*" && jtag_cable_name =~ "Avnet MiniZed V1 1234-oj1A"} -index 0
stop
ps7_init
ps7_post_config
targets -set -nocase -filter {name =~ "ARM*#0" && jtag_cable_name =~ "Avnet MiniZed V1 1234-oj1A"} -index 0
rst -processor
targets -set -nocase -filter {name =~ "ARM*#0" && jtag_cable_name =~ "Avnet MiniZed V1 1234-oj1A"} -index 0
dow D:/FPGA/MATH_IP_APP/MATH_IP_APP.sdk/Math_unit_app/Debug/Math_unit_app.elf
configparams force-mem-access 0
----------------End of Script----------------

13:24:12 INFO  : Memory regions updated for context APU
13:24:12 INFO  : Context for processor 'ps7_cortexa9_0' is selected.
13:24:12 INFO  : 'con' command is executed.
13:24:12 INFO  : ----------------XSDB Script (After Launch)----------------
targets -set -nocase -filter {name =~ "ARM*#0" && jtag_cable_name =~ "Avnet MiniZed V1 1234-oj1A"} -index 0
con
----------------End of Script----------------

13:24:12 INFO  : Launch script is exported to file 'D:\FPGA\MATH_IP_APP\MATH_IP_APP.sdk\.sdk\launch_scripts\xilinx_c-c++_application_(system_debugger)\system_debugger_using_debug_math_unit_app.elf_on_local.tcl'
13:28:30 INFO  : Disconnected from the channel tcfchan#1.
13:28:31 INFO  : 'targets -set -filter {jtag_cable_name =~ "Avnet MiniZed V1 1234-oj1A" && level==0} -index 1' command is executed.
13:28:31 INFO  : 'fpga -state' command is executed.
13:28:31 INFO  : Connected to target on host '127.0.0.1' and port '3121'.
13:28:31 INFO  : Jtag cable 'Avnet MiniZed V1 1234-oj1A' is selected.
13:28:31 INFO  : 'jtag frequency' command is executed.
13:28:31 INFO  : Sourcing of 'D:/FPGA/MATH_IP_APP/MATH_IP_APP.sdk/design_1_wrapper_hw_platform_0/ps7_init.tcl' is done.
13:28:31 INFO  : Context for 'APU' is selected.
13:28:33 INFO  : Hardware design information is loaded from 'D:/FPGA/MATH_IP_APP/MATH_IP_APP.sdk/design_1_wrapper_hw_platform_0/system.hdf'.
13:28:33 INFO  : 'configparams force-mem-access 1' command is executed.
13:28:33 INFO  : Context for 'APU' is selected.
13:28:33 INFO  : 'stop' command is executed.
13:28:34 INFO  : 'ps7_init' command is executed.
13:28:34 INFO  : 'ps7_post_config' command is executed.
13:28:34 INFO  : Context for processor 'ps7_cortexa9_0' is selected.
13:28:34 INFO  : Processor reset is completed for 'ps7_cortexa9_0'.
13:28:34 INFO  : Context for processor 'ps7_cortexa9_0' is selected.
13:28:34 INFO  : The application 'D:/FPGA/MATH_IP_APP/MATH_IP_APP.sdk/Math_unit_app/Debug/Math_unit_app.elf' is downloaded to processor 'ps7_cortexa9_0'.
13:28:34 INFO  : 'configparams force-mem-access 0' command is executed.
13:28:34 INFO  : ----------------XSDB Script----------------
connect -url tcp:127.0.0.1:3121
source D:/FPGA/MATH_IP_APP/MATH_IP_APP.sdk/design_1_wrapper_hw_platform_0/ps7_init.tcl
targets -set -nocase -filter {name =~"APU*" && jtag_cable_name =~ "Avnet MiniZed V1 1234-oj1A"} -index 0
loadhw -hw D:/FPGA/MATH_IP_APP/MATH_IP_APP.sdk/design_1_wrapper_hw_platform_0/system.hdf -mem-ranges [list {0x40000000 0xbfffffff}]
configparams force-mem-access 1
targets -set -nocase -filter {name =~"APU*" && jtag_cable_name =~ "Avnet MiniZed V1 1234-oj1A"} -index 0
stop
ps7_init
ps7_post_config
targets -set -nocase -filter {name =~ "ARM*#0" && jtag_cable_name =~ "Avnet MiniZed V1 1234-oj1A"} -index 0
rst -processor
targets -set -nocase -filter {name =~ "ARM*#0" && jtag_cable_name =~ "Avnet MiniZed V1 1234-oj1A"} -index 0
dow D:/FPGA/MATH_IP_APP/MATH_IP_APP.sdk/Math_unit_app/Debug/Math_unit_app.elf
configparams force-mem-access 0
----------------End of Script----------------

13:28:34 INFO  : Memory regions updated for context APU
13:28:34 INFO  : Context for processor 'ps7_cortexa9_0' is selected.
13:28:35 INFO  : 'con' command is executed.
13:28:35 INFO  : ----------------XSDB Script (After Launch)----------------
targets -set -nocase -filter {name =~ "ARM*#0" && jtag_cable_name =~ "Avnet MiniZed V1 1234-oj1A"} -index 0
con
----------------End of Script----------------

13:28:35 INFO  : Launch script is exported to file 'D:\FPGA\MATH_IP_APP\MATH_IP_APP.sdk\.sdk\launch_scripts\xilinx_c-c++_application_(system_debugger)\system_debugger_using_debug_math_unit_app.elf_on_local.tcl'
13:29:03 INFO  : Disconnected from the channel tcfchan#2.
