TRACE::2020-02-27.08:51:52::SCWBifWriter::Found the complete platform C:/devWorks/FPGA/eFPGA_uTensor/eFPGA_uTensor_1/export/eFPGA_uTensor_1/eFPGA_uTensor_1.xpfm
TRACE::2020-02-27.08:51:52::SCWBifWriter::hardware databse : design_1_wrapper_3
TRACE::2020-02-27.08:51:52::SCWBifWriter::bitstream found in the design
TRACE::2020-02-27.08:51:52::SCWBifWriter::Found a baremetal domain, proc: ps7_cortexa9_0
TRACE::2020-02-27.08:51:52::SCWBifWriter::proc type : 
TRACE::2020-02-27.08:51:52::SCWBifWriter::proc[0] : ps7_cortexa9_0
TRACE::2020-02-27.08:51:52::SCWBifWriter::Device type is : zynq
TRACE::2020-02-27.08:51:52::SCWBifWriter::Writing BIF to file : C:/devWorks/FPGA/eFPGA_uTensor/eFPGA_uTensor_system/Debug/system.bif
TRACE::2020-02-27.08:51:52::SCWBifWriter::Writing the Zynq Baremetal bif 
TRACE::2020-02-27.12:54:19::SCWBifWriter::Found the complete platform C:/devWorks/FPGA/eFPGA_uTensor/eFPGA_uTensor_1/export/eFPGA_uTensor_1/eFPGA_uTensor_1.xpfm
TRACE::2020-02-27.12:54:19::SCWBifWriter::hardware databse : design_1_wrapper_3
TRACE::2020-02-27.12:54:19::SCWBifWriter::bitstream found in the design
TRACE::2020-02-27.12:54:19::SCWBifWriter::Found a baremetal domain, proc: ps7_cortexa9_0
TRACE::2020-02-27.12:54:19::SCWBifWriter::proc type : 
TRACE::2020-02-27.12:54:19::SCWBifWriter::proc[0] : ps7_cortexa9_0
TRACE::2020-02-27.12:54:19::SCWBifWriter::Device type is : zynq
TRACE::2020-02-27.12:54:19::SCWBifWriter::Writing BIF to file : C:/devWorks/FPGA/eFPGA_uTensor/eFPGA_uTensor_system/Debug/system.bif
TRACE::2020-02-27.12:54:19::SCWBifWriter::Writing the Zynq Baremetal bif 
TRACE::2020-02-27.12:56:17::SCWBifWriter::Found the complete platform C:/devWorks/FPGA/eFPGA_uTensor/eFPGA_uTensor_1/export/eFPGA_uTensor_1/eFPGA_uTensor_1.xpfm
TRACE::2020-02-27.12:56:17::SCWBifWriter::hardware databse : design_1_wrapper_3
TRACE::2020-02-27.12:56:17::SCWBifWriter::bitstream found in the design
TRACE::2020-02-27.12:56:17::SCWBifWriter::Found a baremetal domain, proc: ps7_cortexa9_0
TRACE::2020-02-27.12:56:17::SCWBifWriter::proc type : 
TRACE::2020-02-27.12:56:17::SCWBifWriter::proc[0] : ps7_cortexa9_0
TRACE::2020-02-27.12:56:17::SCWBifWriter::Device type is : zynq
TRACE::2020-02-27.12:56:17::SCWBifWriter::Writing BIF to file : C:/devWorks/FPGA/eFPGA_uTensor/eFPGA_uTensor_system/Debug/system.bif
TRACE::2020-02-27.12:56:17::SCWBifWriter::Writing the Zynq Baremetal bif 
