
*** Running vivado
    with args -log design_1_NeoPixel_0_0.vds -m64 -product Vivado -mode batch -messageDb vivado.pb -notrace -source design_1_NeoPixel_0_0.tcl



****** Vivado v2022.1 (64-bit)
  **** SW Build 3526262 on Mon Apr 18 15:48:16 MDT 2022
  **** IP Build 3524634 on Mon Apr 18 20:55:01 MDT 2022
    ** Copyright 1986-2022 Xilinx, Inc. All Rights Reserved.

source design_1_NeoPixel_0_0.tcl -notrace
create_project: Time (s): cpu = 00:00:08 ; elapsed = 00:00:09 . Memory (MB): peak = 1271.434 ; gain = 0.000
INFO: [IP_Flow 19-234] Refreshing IP repositories
INFO: [IP_Flow 19-1704] No user IP repositories specified
INFO: [IP_Flow 19-2313] Loaded Vivado IP repository 'D:/Xilinx/Vivado/2022.1/data/ip'.
Command: synth_design -top design_1_NeoPixel_0_0 -part xc7z020clg400-1 -incremental_mode off -mode out_of_context
Starting synth_design
Attempting to get a license for feature 'Synthesis' and/or device 'xc7z020'
INFO: [Common 17-349] Got license for feature 'Synthesis' and/or device 'xc7z020'
INFO: [Device 21-403] Loading part xc7z020clg400-1
INFO: [Synth 8-7079] Multithreading enabled for synth_design using a maximum of 2 processes.
INFO: [Synth 8-7078] Launching helper process for spawning children vivado processes
INFO: [Synth 8-7075] Helper process launched with PID 4008
---------------------------------------------------------------------------------
Starting RTL Elaboration : Time (s): cpu = 00:00:13 ; elapsed = 00:00:13 . Memory (MB): peak = 1271.434 ; gain = 0.000
---------------------------------------------------------------------------------
INFO: [Synth 8-638] synthesizing module 'design_1_NeoPixel_0_0' [c:/devWorks/RGB/RGBVivado/RGBVivado.gen/sources_1/bd/design_1/ip/design_1_NeoPixel_0_0/synth/design_1_NeoPixel_0_0.vhd:65]
	Parameter clock_frequency bound to: 50000000 - type: integer 
INFO: [Synth 8-3491] module 'NeoPixel' declared at 'C:/devWorks/RGB/RGBVivado/RGBVivado.srcs/sources_1/new/NeoPixel.vhd:5' bound to instance 'U0' of component 'NeoPixel' [c:/devWorks/RGB/RGBVivado/RGBVivado.gen/sources_1/bd/design_1/ip/design_1_NeoPixel_0_0/synth/design_1_NeoPixel_0_0.vhd:92]
INFO: [Synth 8-638] synthesizing module 'NeoPixel' [C:/devWorks/RGB/RGBVivado/RGBVivado.srcs/sources_1/new/NeoPixel.vhd:17]
INFO: [Synth 8-256] done synthesizing module 'NeoPixel' (0#1) [C:/devWorks/RGB/RGBVivado/RGBVivado.srcs/sources_1/new/NeoPixel.vhd:17]
INFO: [Synth 8-256] done synthesizing module 'design_1_NeoPixel_0_0' (0#1) [c:/devWorks/RGB/RGBVivado/RGBVivado.gen/sources_1/bd/design_1/ip/design_1_NeoPixel_0_0/synth/design_1_NeoPixel_0_0.vhd:65]
---------------------------------------------------------------------------------
Finished RTL Elaboration : Time (s): cpu = 00:00:16 ; elapsed = 00:00:17 . Memory (MB): peak = 1271.434 ; gain = 0.000
---------------------------------------------------------------------------------
---------------------------------------------------------------------------------
Start Handling Custom Attributes
---------------------------------------------------------------------------------
---------------------------------------------------------------------------------
Finished Handling Custom Attributes : Time (s): cpu = 00:00:16 ; elapsed = 00:00:17 . Memory (MB): peak = 1271.434 ; gain = 0.000
---------------------------------------------------------------------------------
---------------------------------------------------------------------------------
Finished RTL Optimization Phase 1 : Time (s): cpu = 00:00:16 ; elapsed = 00:00:17 . Memory (MB): peak = 1271.434 ; gain = 0.000
---------------------------------------------------------------------------------
Netlist sorting complete. Time (s): cpu = 00:00:00 ; elapsed = 00:00:00.009 . Memory (MB): peak = 1271.434 ; gain = 0.000
INFO: [Project 1-570] Preparing netlist for logic optimization

Processing XDC Constraints
Initializing timing engine
Completed Processing XDC Constraints

Netlist sorting complete. Time (s): cpu = 00:00:00 ; elapsed = 00:00:00.001 . Memory (MB): peak = 1337.031 ; gain = 0.000
INFO: [Project 1-111] Unisim Transformation Summary:
No Unisim elements were transformed.

Constraint Validation Runtime : Time (s): cpu = 00:00:00 ; elapsed = 00:00:00.029 . Memory (MB): peak = 1337.074 ; gain = 0.043
INFO: [Designutils 20-5008] Incremental synthesis strategy off
---------------------------------------------------------------------------------
Finished Constraint Validation : Time (s): cpu = 00:00:30 ; elapsed = 00:00:31 . Memory (MB): peak = 1337.074 ; gain = 65.641
---------------------------------------------------------------------------------
---------------------------------------------------------------------------------
Start Loading Part and Timing Information
---------------------------------------------------------------------------------
Loading part: xc7z020clg400-1
---------------------------------------------------------------------------------
Finished Loading Part and Timing Information : Time (s): cpu = 00:00:30 ; elapsed = 00:00:31 . Memory (MB): peak = 1337.074 ; gain = 65.641
---------------------------------------------------------------------------------
---------------------------------------------------------------------------------
Start Applying 'set_property' XDC Constraints
---------------------------------------------------------------------------------
---------------------------------------------------------------------------------
Finished applying 'set_property' XDC Constraints : Time (s): cpu = 00:00:30 ; elapsed = 00:00:31 . Memory (MB): peak = 1337.074 ; gain = 65.641
---------------------------------------------------------------------------------
---------------------------------------------------------------------------------
Finished RTL Optimization Phase 2 : Time (s): cpu = 00:00:30 ; elapsed = 00:00:31 . Memory (MB): peak = 1337.074 ; gain = 65.641
---------------------------------------------------------------------------------
---------------------------------------------------------------------------------
Start RTL Component Statistics 
---------------------------------------------------------------------------------
Detailed RTL Component Info : 
+---Adders : 
	   2 Input   32 Bit       Adders := 3     
	   2 Input    6 Bit       Adders := 1     
+---Registers : 
	               32 Bit    Registers := 2     
	               24 Bit    Registers := 1     
	                6 Bit    Registers := 2     
	                3 Bit    Registers := 2     
	                1 Bit    Registers := 1     
+---Muxes : 
	   6 Input   32 Bit        Muxes := 2     
	   2 Input   14 Bit        Muxes := 1     
	   2 Input    7 Bit        Muxes := 2     
	   6 Input    6 Bit        Muxes := 1     
	   6 Input    3 Bit        Muxes := 1     
	   3 Input    3 Bit        Muxes := 1     
	   2 Input    3 Bit        Muxes := 1     
	   5 Input    1 Bit        Muxes := 1     
	   2 Input    1 Bit        Muxes := 4     
	   6 Input    1 Bit        Muxes := 8     
---------------------------------------------------------------------------------
Finished RTL Component Statistics 
---------------------------------------------------------------------------------
---------------------------------------------------------------------------------
Start Part Resource Summary
---------------------------------------------------------------------------------
Part Resources:
DSPs: 220 (col length:60)
BRAMs: 280 (col length: RAMB18 60 RAMB36 30)
---------------------------------------------------------------------------------
Finished Part Resource Summary
---------------------------------------------------------------------------------
---------------------------------------------------------------------------------
Start Cross Boundary and Area Optimization
---------------------------------------------------------------------------------
WARNING: [Synth 8-7080] Parallel synthesis criteria is not met
---------------------------------------------------------------------------------
Finished Cross Boundary and Area Optimization : Time (s): cpu = 00:00:35 ; elapsed = 00:00:36 . Memory (MB): peak = 1337.074 ; gain = 65.641
---------------------------------------------------------------------------------
---------------------------------------------------------------------------------
Start Applying XDC Timing Constraints
---------------------------------------------------------------------------------
---------------------------------------------------------------------------------
Finished Applying XDC Timing Constraints : Time (s): cpu = 00:00:45 ; elapsed = 00:00:46 . Memory (MB): peak = 1337.074 ; gain = 65.641
---------------------------------------------------------------------------------
---------------------------------------------------------------------------------
Start Timing Optimization
---------------------------------------------------------------------------------
---------------------------------------------------------------------------------
Finished Timing Optimization : Time (s): cpu = 00:00:45 ; elapsed = 00:00:46 . Memory (MB): peak = 1337.074 ; gain = 65.641
---------------------------------------------------------------------------------
---------------------------------------------------------------------------------
Start Technology Mapping
---------------------------------------------------------------------------------
---------------------------------------------------------------------------------
Finished Technology Mapping : Time (s): cpu = 00:00:45 ; elapsed = 00:00:47 . Memory (MB): peak = 1337.074 ; gain = 65.641
---------------------------------------------------------------------------------
---------------------------------------------------------------------------------
Start IO Insertion
---------------------------------------------------------------------------------
---------------------------------------------------------------------------------
Start Flattening Before IO Insertion
---------------------------------------------------------------------------------
---------------------------------------------------------------------------------
Finished Flattening Before IO Insertion
---------------------------------------------------------------------------------
---------------------------------------------------------------------------------
Start Final Netlist Cleanup
---------------------------------------------------------------------------------
---------------------------------------------------------------------------------
Finished Final Netlist Cleanup
---------------------------------------------------------------------------------
---------------------------------------------------------------------------------
Finished IO Insertion : Time (s): cpu = 00:00:54 ; elapsed = 00:00:55 . Memory (MB): peak = 1337.074 ; gain = 65.641
---------------------------------------------------------------------------------
---------------------------------------------------------------------------------
Start Renaming Generated Instances
---------------------------------------------------------------------------------
---------------------------------------------------------------------------------
Finished Renaming Generated Instances : Time (s): cpu = 00:00:54 ; elapsed = 00:00:55 . Memory (MB): peak = 1337.074 ; gain = 65.641
---------------------------------------------------------------------------------
---------------------------------------------------------------------------------
Start Rebuilding User Hierarchy
---------------------------------------------------------------------------------
---------------------------------------------------------------------------------
Finished Rebuilding User Hierarchy : Time (s): cpu = 00:00:54 ; elapsed = 00:00:55 . Memory (MB): peak = 1337.074 ; gain = 65.641
---------------------------------------------------------------------------------
---------------------------------------------------------------------------------
Start Renaming Generated Ports
---------------------------------------------------------------------------------
---------------------------------------------------------------------------------
Finished Renaming Generated Ports : Time (s): cpu = 00:00:54 ; elapsed = 00:00:55 . Memory (MB): peak = 1337.074 ; gain = 65.641
---------------------------------------------------------------------------------
---------------------------------------------------------------------------------
Start Handling Custom Attributes
---------------------------------------------------------------------------------
---------------------------------------------------------------------------------
Finished Handling Custom Attributes : Time (s): cpu = 00:00:54 ; elapsed = 00:00:55 . Memory (MB): peak = 1337.074 ; gain = 65.641
---------------------------------------------------------------------------------
---------------------------------------------------------------------------------
Start Renaming Generated Nets
---------------------------------------------------------------------------------
---------------------------------------------------------------------------------
Finished Renaming Generated Nets : Time (s): cpu = 00:00:54 ; elapsed = 00:00:55 . Memory (MB): peak = 1337.074 ; gain = 65.641
---------------------------------------------------------------------------------
---------------------------------------------------------------------------------
Start Writing Synthesis Report
---------------------------------------------------------------------------------

Report BlackBoxes: 
+-+--------------+----------+
| |BlackBox name |Instances |
+-+--------------+----------+
+-+--------------+----------+

Report Cell Usage: 
+------+-------+------+
|      |Cell   |Count |
+------+-------+------+
|1     |CARRY4 |    37|
|2     |LUT1   |   100|
|3     |LUT2   |   100|
|4     |LUT3   |    23|
|5     |LUT4   |     7|
|6     |LUT5   |     8|
|7     |LUT6   |    15|
|8     |MUXF7  |     4|
|9     |FDRE   |   137|
|10    |FDSE   |     2|
+------+-------+------+
---------------------------------------------------------------------------------
Finished Writing Synthesis Report : Time (s): cpu = 00:00:54 ; elapsed = 00:00:55 . Memory (MB): peak = 1337.074 ; gain = 65.641
---------------------------------------------------------------------------------
Synthesis finished with 0 errors, 0 critical warnings and 1 warnings.
Synthesis Optimization Runtime : Time (s): cpu = 00:00:34 ; elapsed = 00:00:52 . Memory (MB): peak = 1337.074 ; gain = 0.000
Synthesis Optimization Complete : Time (s): cpu = 00:00:54 ; elapsed = 00:00:55 . Memory (MB): peak = 1337.074 ; gain = 65.641
INFO: [Project 1-571] Translating synthesized netlist
Netlist sorting complete. Time (s): cpu = 00:00:00 ; elapsed = 00:00:00.015 . Memory (MB): peak = 1337.074 ; gain = 0.000
INFO: [Netlist 29-17] Analyzing 41 Unisim elements for replacement
INFO: [Netlist 29-28] Unisim Transformation completed in 0 CPU seconds
INFO: [Project 1-570] Preparing netlist for logic optimization
INFO: [Opt 31-138] Pushed 0 inverter(s) to 0 load pin(s).
Netlist sorting complete. Time (s): cpu = 00:00:00 ; elapsed = 00:00:00 . Memory (MB): peak = 1337.074 ; gain = 0.000
INFO: [Project 1-111] Unisim Transformation Summary:
No Unisim elements were transformed.

Synth Design complete, checksum: 7adbbbed
INFO: [Common 17-83] Releasing license: Synthesis
23 Infos, 1 Warnings, 0 Critical Warnings and 0 Errors encountered.
synth_design completed successfully
synth_design: Time (s): cpu = 00:01:02 ; elapsed = 00:01:05 . Memory (MB): peak = 1337.074 ; gain = 65.641
INFO: [Common 17-1381] The checkpoint 'C:/devWorks/RGB/RGBVivado/RGBVivado.runs/design_1_NeoPixel_0_0_synth_1/design_1_NeoPixel_0_0.dcp' has been generated.
INFO: [Coretcl 2-1648] Added synthesis output to IP cache for IP design_1_NeoPixel_0_0, cache-ID = 0c00dd76dbcd0f4f
INFO: [Common 17-1381] The checkpoint 'C:/devWorks/RGB/RGBVivado/RGBVivado.runs/design_1_NeoPixel_0_0_synth_1/design_1_NeoPixel_0_0.dcp' has been generated.
INFO: [runtcl-4] Executing : report_utilization -file design_1_NeoPixel_0_0_utilization_synth.rpt -pb design_1_NeoPixel_0_0_utilization_synth.pb
INFO: [Common 17-206] Exiting Vivado at Thu Mar  9 19:33:00 2023...
