
*** Running vivado
    with args -log design_1_wrapper.vds -m64 -product Vivado -mode batch -messageDb vivado.pb -notrace -source design_1_wrapper.tcl


****** Vivado v2018.2 (64-bit)
  **** SW Build 2258646 on Thu Jun 14 20:03:12 MDT 2018
  **** IP Build 2256618 on Thu Jun 14 22:10:49 MDT 2018
    ** Copyright 1986-2018 Xilinx, Inc. All Rights Reserved.

source design_1_wrapper.tcl -notrace
INFO: [IP_Flow 19-234] Refreshing IP repositories
INFO: [IP_Flow 19-1700] Loaded user IP repository 'd:/FPGA/ip_repo/MATH_IP_1.0'.
INFO: [IP_Flow 19-2313] Loaded Vivado IP repository 'C:/Xilinx/Vivado/2018.2/data/ip'.
add_files: Time (s): cpu = 00:00:05 ; elapsed = 00:00:17 . Memory (MB): peak = 262.363 ; gain = 39.906
Command: synth_design -top design_1_wrapper -part xc7z007sclg225-1
Starting synth_design
Attempting to get a license for feature 'Synthesis' and/or device 'xc7z007s'
INFO: [Common 17-349] Got license for feature 'Synthesis' and/or device 'xc7z007s'
INFO: Launching helper process for spawning children vivado processes
INFO: Helper process launched with PID 38140 
---------------------------------------------------------------------------------
Starting RTL Elaboration : Time (s): cpu = 00:00:05 ; elapsed = 00:00:06 . Memory (MB): peak = 369.801 ; gain = 100.445
---------------------------------------------------------------------------------
INFO: [Synth 8-638] synthesizing module 'design_1_wrapper' [D:/FPGA/VHDL_VIO/VHDL_VIO.srcs/sources_1/bd/design_1/hdl/design_1_wrapper.vhd:17]
INFO: [Synth 8-3491] module 'design_1' declared at 'D:/FPGA/VHDL_VIO/VHDL_VIO.srcs/sources_1/bd/design_1/synth/design_1.vhd:14' bound to instance 'design_1_i' of component 'design_1' [D:/FPGA/VHDL_VIO/VHDL_VIO.srcs/sources_1/bd/design_1/hdl/design_1_wrapper.vhd:21]
INFO: [Synth 8-638] synthesizing module 'design_1' [D:/FPGA/VHDL_VIO/VHDL_VIO.srcs/sources_1/bd/design_1/synth/design_1.vhd:21]
INFO: [Synth 8-3491] module 'design_1_MATH_UNIT_0_0' declared at 'D:/FPGA/VHDL_VIO/VHDL_VIO.runs/synth_1/.Xil/Vivado-31140-5CG64360W4/realtime/design_1_MATH_UNIT_0_0_stub.vhdl:5' bound to instance 'MATH_UNIT_0' of component 'design_1_MATH_UNIT_0_0' [D:/FPGA/VHDL_VIO/VHDL_VIO.srcs/sources_1/bd/design_1/synth/design_1.vhd:57]
INFO: [Synth 8-638] synthesizing module 'design_1_MATH_UNIT_0_0' [D:/FPGA/VHDL_VIO/VHDL_VIO.runs/synth_1/.Xil/Vivado-31140-5CG64360W4/realtime/design_1_MATH_UNIT_0_0_stub.vhdl:15]
INFO: [Synth 8-3491] module 'design_1_clk_wiz_0' declared at 'D:/FPGA/VHDL_VIO/VHDL_VIO.runs/synth_1/.Xil/Vivado-31140-5CG64360W4/realtime/design_1_clk_wiz_0_stub.vhdl:5' bound to instance 'clk_wiz' of component 'design_1_clk_wiz_0' [D:/FPGA/VHDL_VIO/VHDL_VIO.srcs/sources_1/bd/design_1/synth/design_1.vhd:64]
INFO: [Synth 8-638] synthesizing module 'design_1_clk_wiz_0' [D:/FPGA/VHDL_VIO/VHDL_VIO.runs/synth_1/.Xil/Vivado-31140-5CG64360W4/realtime/design_1_clk_wiz_0_stub.vhdl:13]
INFO: [Synth 8-3491] module 'design_1_vhdlnoclk_0_0' declared at 'D:/FPGA/VHDL_VIO/VHDL_VIO.runs/synth_1/.Xil/Vivado-31140-5CG64360W4/realtime/design_1_vhdlnoclk_0_0_stub.vhdl:5' bound to instance 'vhdlnoclk_0' of component 'design_1_vhdlnoclk_0_0' [D:/FPGA/VHDL_VIO/VHDL_VIO.srcs/sources_1/bd/design_1/synth/design_1.vhd:69]
INFO: [Synth 8-638] synthesizing module 'design_1_vhdlnoclk_0_0' [D:/FPGA/VHDL_VIO/VHDL_VIO.runs/synth_1/.Xil/Vivado-31140-5CG64360W4/realtime/design_1_vhdlnoclk_0_0_stub.vhdl:12]
INFO: [Synth 8-3491] module 'design_1_vio_0_0' declared at 'D:/FPGA/VHDL_VIO/VHDL_VIO.runs/synth_1/.Xil/Vivado-31140-5CG64360W4/realtime/design_1_vio_0_0_stub.vhdl:5' bound to instance 'vio_0' of component 'design_1_vio_0_0' [D:/FPGA/VHDL_VIO/VHDL_VIO.srcs/sources_1/bd/design_1/synth/design_1.vhd:73]
INFO: [Synth 8-638] synthesizing module 'design_1_vio_0_0' [D:/FPGA/VHDL_VIO/VHDL_VIO.runs/synth_1/.Xil/Vivado-31140-5CG64360W4/realtime/design_1_vio_0_0_stub.vhdl:16]
INFO: [Synth 8-256] done synthesizing module 'design_1' (1#1) [D:/FPGA/VHDL_VIO/VHDL_VIO.srcs/sources_1/bd/design_1/synth/design_1.vhd:21]
WARNING: [Synth 8-115] binding instance 'design_1_i' in module 'design_1_wrapper' to reference 'design_1' which has no pins
INFO: [Synth 8-256] done synthesizing module 'design_1_wrapper' (2#1) [D:/FPGA/VHDL_VIO/VHDL_VIO.srcs/sources_1/bd/design_1/hdl/design_1_wrapper.vhd:17]
---------------------------------------------------------------------------------
Finished RTL Elaboration : Time (s): cpu = 00:00:06 ; elapsed = 00:00:07 . Memory (MB): peak = 424.434 ; gain = 155.078
---------------------------------------------------------------------------------

Report Check Netlist: 
+------+------------------+-------+---------+-------+------------------+
|      |Item              |Errors |Warnings |Status |Description       |
+------+------------------+-------+---------+-------+------------------+
|1     |multi_driven_nets |      0|        0|Passed |Multi driven nets |
+------+------------------+-------+---------+-------+------------------+
---------------------------------------------------------------------------------
Start Handling Custom Attributes
---------------------------------------------------------------------------------
---------------------------------------------------------------------------------
Finished Handling Custom Attributes : Time (s): cpu = 00:00:06 ; elapsed = 00:00:08 . Memory (MB): peak = 424.434 ; gain = 155.078
---------------------------------------------------------------------------------
---------------------------------------------------------------------------------
Finished RTL Optimization Phase 1 : Time (s): cpu = 00:00:06 ; elapsed = 00:00:08 . Memory (MB): peak = 424.434 ; gain = 155.078
---------------------------------------------------------------------------------
INFO: [Device 21-403] Loading part xc7z007sclg225-1
INFO: [Project 1-570] Preparing netlist for logic optimization

Processing XDC Constraints
Initializing timing engine
Parsing XDC File [d:/FPGA/VHDL_VIO/VHDL_VIO.srcs/sources_1/bd/design_1/ip/design_1_MATH_UNIT_0_0/design_1_MATH_UNIT_0_0/design_1_MATH_UNIT_0_0_in_context.xdc] for cell 'design_1_i/MATH_UNIT_0'
Finished Parsing XDC File [d:/FPGA/VHDL_VIO/VHDL_VIO.srcs/sources_1/bd/design_1/ip/design_1_MATH_UNIT_0_0/design_1_MATH_UNIT_0_0/design_1_MATH_UNIT_0_0_in_context.xdc] for cell 'design_1_i/MATH_UNIT_0'
Parsing XDC File [d:/FPGA/VHDL_VIO/VHDL_VIO.srcs/sources_1/bd/design_1/ip/design_1_vio_0_0/design_1_vio_0_0/design_1_vio_0_0_in_context.xdc] for cell 'design_1_i/vio_0'
Finished Parsing XDC File [d:/FPGA/VHDL_VIO/VHDL_VIO.srcs/sources_1/bd/design_1/ip/design_1_vio_0_0/design_1_vio_0_0/design_1_vio_0_0_in_context.xdc] for cell 'design_1_i/vio_0'
Parsing XDC File [d:/FPGA/VHDL_VIO/VHDL_VIO.srcs/sources_1/bd/design_1/ip/design_1_clk_wiz_0/design_1_clk_wiz_0/design_1_clk_wiz_0_in_context.xdc] for cell 'design_1_i/clk_wiz'
Finished Parsing XDC File [d:/FPGA/VHDL_VIO/VHDL_VIO.srcs/sources_1/bd/design_1/ip/design_1_clk_wiz_0/design_1_clk_wiz_0/design_1_clk_wiz_0_in_context.xdc] for cell 'design_1_i/clk_wiz'
Parsing XDC File [d:/FPGA/VHDL_VIO/VHDL_VIO.srcs/sources_1/bd/design_1/ip/design_1_vhdlnoclk_0_0/design_1_vhdlnoclk_0_0/design_1_vhdlnoclk_0_0_in_context.xdc] for cell 'design_1_i/vhdlnoclk_0'
Finished Parsing XDC File [d:/FPGA/VHDL_VIO/VHDL_VIO.srcs/sources_1/bd/design_1/ip/design_1_vhdlnoclk_0_0/design_1_vhdlnoclk_0_0/design_1_vhdlnoclk_0_0_in_context.xdc] for cell 'design_1_i/vhdlnoclk_0'
Parsing XDC File [D:/FPGA/VHDL_VIO/VHDL_VIO.runs/synth_1/dont_touch.xdc]
Finished Parsing XDC File [D:/FPGA/VHDL_VIO/VHDL_VIO.runs/synth_1/dont_touch.xdc]
Completed Processing XDC Constraints

INFO: [Project 1-111] Unisim Transformation Summary:
No Unisim elements were transformed.

Constraint Validation Runtime : Time (s): cpu = 00:00:00 ; elapsed = 00:00:00.009 . Memory (MB): peak = 674.918 ; gain = 0.000
---------------------------------------------------------------------------------
Finished Constraint Validation : Time (s): cpu = 00:00:24 ; elapsed = 00:00:29 . Memory (MB): peak = 674.918 ; gain = 405.563
---------------------------------------------------------------------------------
---------------------------------------------------------------------------------
Start Loading Part and Timing Information
---------------------------------------------------------------------------------
Loading part: xc7z007sclg225-1
---------------------------------------------------------------------------------
Finished Loading Part and Timing Information : Time (s): cpu = 00:00:24 ; elapsed = 00:00:29 . Memory (MB): peak = 674.918 ; gain = 405.563
---------------------------------------------------------------------------------
---------------------------------------------------------------------------------
Start Applying 'set_property' XDC Constraints
---------------------------------------------------------------------------------
Applied set_property DONT_TOUCH = true for design_1_i. (constraint file  auto generated constraint, line ).
Applied set_property DONT_TOUCH = true for design_1_i/MATH_UNIT_0. (constraint file  auto generated constraint, line ).
Applied set_property DONT_TOUCH = true for design_1_i/vio_0. (constraint file  auto generated constraint, line ).
Applied set_property DONT_TOUCH = true for design_1_i/clk_wiz. (constraint file  auto generated constraint, line ).
Applied set_property DONT_TOUCH = true for design_1_i/vhdlnoclk_0. (constraint file  auto generated constraint, line ).
---------------------------------------------------------------------------------
Finished applying 'set_property' XDC Constraints : Time (s): cpu = 00:00:24 ; elapsed = 00:00:29 . Memory (MB): peak = 674.918 ; gain = 405.563
---------------------------------------------------------------------------------
WARNING: [Synth 8-115] binding instance 'design_1_i' in module 'design_1_wrapper' to reference 'design_1' which has no pins
---------------------------------------------------------------------------------
Finished RTL Optimization Phase 2 : Time (s): cpu = 00:00:24 ; elapsed = 00:00:29 . Memory (MB): peak = 674.918 ; gain = 405.563
---------------------------------------------------------------------------------

Report RTL Partitions: 
+-+--------------+------------+----------+
| |RTL Partition |Replication |Instances |
+-+--------------+------------+----------+
+-+--------------+------------+----------+
---------------------------------------------------------------------------------
Start RTL Component Statistics 
---------------------------------------------------------------------------------
Detailed RTL Component Info : 
---------------------------------------------------------------------------------
Finished RTL Component Statistics 
---------------------------------------------------------------------------------
---------------------------------------------------------------------------------
Start RTL Hierarchical Component Statistics 
---------------------------------------------------------------------------------
Hierarchical RTL Component report 
---------------------------------------------------------------------------------
Finished RTL Hierarchical Component Statistics
---------------------------------------------------------------------------------
---------------------------------------------------------------------------------
Start Part Resource Summary
---------------------------------------------------------------------------------
Part Resources:
DSPs: 66 (col length:40)
BRAMs: 100 (col length: RAMB18 40 RAMB36 20)
---------------------------------------------------------------------------------
Finished Part Resource Summary
---------------------------------------------------------------------------------
---------------------------------------------------------------------------------
Start Cross Boundary and Area Optimization
---------------------------------------------------------------------------------
Warning: Parallel synthesis criteria is not met 
---------------------------------------------------------------------------------
Finished Cross Boundary and Area Optimization : Time (s): cpu = 00:00:25 ; elapsed = 00:00:30 . Memory (MB): peak = 674.918 ; gain = 405.563
---------------------------------------------------------------------------------

Report RTL Partitions: 
+-+--------------+------------+----------+
| |RTL Partition |Replication |Instances |
+-+--------------+------------+----------+
+-+--------------+------------+----------+
---------------------------------------------------------------------------------
Start Applying XDC Timing Constraints
---------------------------------------------------------------------------------
INFO: [Synth 8-5578] Moved timing constraint from pin 'design_1_i/clk_wiz/clk_out1' to pin 'design_1_i/clk_wiz/bbstub_clk_out1/O'
INFO: [Synth 8-5783] Moving clock source from hierarchical pin 'design_1_i/clk_wiz/clk_in1' to 'design_1_i/vhdlnoclk_0/bbstub_clk65MHz/O'
INFO: [Synth 8-5819] Moved 2 constraints on hierarchical pins to their respective driving/loading pins
---------------------------------------------------------------------------------
Finished Applying XDC Timing Constraints : Time (s): cpu = 00:00:43 ; elapsed = 00:00:50 . Memory (MB): peak = 731.656 ; gain = 462.301
---------------------------------------------------------------------------------
---------------------------------------------------------------------------------
Start Timing Optimization
---------------------------------------------------------------------------------
---------------------------------------------------------------------------------
Finished Timing Optimization : Time (s): cpu = 00:00:43 ; elapsed = 00:00:50 . Memory (MB): peak = 731.656 ; gain = 462.301
---------------------------------------------------------------------------------

Report RTL Partitions: 
+-+--------------+------------+----------+
| |RTL Partition |Replication |Instances |
+-+--------------+------------+----------+
+-+--------------+------------+----------+
---------------------------------------------------------------------------------
Start Technology Mapping
---------------------------------------------------------------------------------
---------------------------------------------------------------------------------
Finished Technology Mapping : Time (s): cpu = 00:00:43 ; elapsed = 00:00:50 . Memory (MB): peak = 731.656 ; gain = 462.301
---------------------------------------------------------------------------------

Report RTL Partitions: 
+-+--------------+------------+----------+
| |RTL Partition |Replication |Instances |
+-+--------------+------------+----------+
+-+--------------+------------+----------+
---------------------------------------------------------------------------------
Start IO Insertion
---------------------------------------------------------------------------------
---------------------------------------------------------------------------------
Start Flattening Before IO Insertion
---------------------------------------------------------------------------------
---------------------------------------------------------------------------------
Finished Flattening Before IO Insertion
---------------------------------------------------------------------------------
---------------------------------------------------------------------------------
Start Final Netlist Cleanup
---------------------------------------------------------------------------------
---------------------------------------------------------------------------------
Finished Final Netlist Cleanup
---------------------------------------------------------------------------------
---------------------------------------------------------------------------------
Finished IO Insertion : Time (s): cpu = 00:00:45 ; elapsed = 00:00:52 . Memory (MB): peak = 733.047 ; gain = 463.691
---------------------------------------------------------------------------------

Report Check Netlist: 
+------+------------------+-------+---------+-------+------------------+
|      |Item              |Errors |Warnings |Status |Description       |
+------+------------------+-------+---------+-------+------------------+
|1     |multi_driven_nets |      0|        0|Passed |Multi driven nets |
+------+------------------+-------+---------+-------+------------------+
---------------------------------------------------------------------------------
Start Renaming Generated Instances
---------------------------------------------------------------------------------
---------------------------------------------------------------------------------
Finished Renaming Generated Instances : Time (s): cpu = 00:00:45 ; elapsed = 00:00:52 . Memory (MB): peak = 733.047 ; gain = 463.691
---------------------------------------------------------------------------------

Report RTL Partitions: 
+-+--------------+------------+----------+
| |RTL Partition |Replication |Instances |
+-+--------------+------------+----------+
+-+--------------+------------+----------+
---------------------------------------------------------------------------------
Start Rebuilding User Hierarchy
---------------------------------------------------------------------------------
---------------------------------------------------------------------------------
Finished Rebuilding User Hierarchy : Time (s): cpu = 00:00:45 ; elapsed = 00:00:52 . Memory (MB): peak = 733.047 ; gain = 463.691
---------------------------------------------------------------------------------
---------------------------------------------------------------------------------
Start Renaming Generated Ports
---------------------------------------------------------------------------------
---------------------------------------------------------------------------------
Finished Renaming Generated Ports : Time (s): cpu = 00:00:45 ; elapsed = 00:00:52 . Memory (MB): peak = 733.047 ; gain = 463.691
---------------------------------------------------------------------------------
---------------------------------------------------------------------------------
Start Handling Custom Attributes
---------------------------------------------------------------------------------
---------------------------------------------------------------------------------
Finished Handling Custom Attributes : Time (s): cpu = 00:00:45 ; elapsed = 00:00:52 . Memory (MB): peak = 733.047 ; gain = 463.691
---------------------------------------------------------------------------------
---------------------------------------------------------------------------------
Start Renaming Generated Nets
---------------------------------------------------------------------------------
---------------------------------------------------------------------------------
Finished Renaming Generated Nets : Time (s): cpu = 00:00:45 ; elapsed = 00:00:52 . Memory (MB): peak = 733.047 ; gain = 463.691
---------------------------------------------------------------------------------
---------------------------------------------------------------------------------
Start Writing Synthesis Report
---------------------------------------------------------------------------------

Report BlackBoxes: 
+------+-----------------------+----------+
|      |BlackBox name          |Instances |
+------+-----------------------+----------+
|1     |design_1_MATH_UNIT_0_0 |         1|
|2     |design_1_clk_wiz_0     |         1|
|3     |design_1_vhdlnoclk_0_0 |         1|
|4     |design_1_vio_0_0       |         1|
+------+-----------------------+----------+

Report Cell Usage: 
+------+------------------------------+------+
|      |Cell                          |Count |
+------+------------------------------+------+
|1     |design_1_MATH_UNIT_0_0_bbox_0 |     1|
|2     |design_1_clk_wiz_0_bbox_1     |     1|
|3     |design_1_vhdlnoclk_0_0_bbox_2 |     1|
|4     |design_1_vio_0_0_bbox_3       |     1|
+------+------------------------------+------+

Report Instance Areas: 
+------+-------------+---------+------+
|      |Instance     |Module   |Cells |
+------+-------------+---------+------+
|1     |top          |         |   101|
|2     |  design_1_i |design_1 |   101|
+------+-------------+---------+------+
---------------------------------------------------------------------------------
Finished Writing Synthesis Report : Time (s): cpu = 00:00:45 ; elapsed = 00:00:52 . Memory (MB): peak = 733.047 ; gain = 463.691
---------------------------------------------------------------------------------
Synthesis finished with 0 errors, 0 critical warnings and 1 warnings.
Synthesis Optimization Runtime : Time (s): cpu = 00:00:26 ; elapsed = 00:00:36 . Memory (MB): peak = 733.047 ; gain = 213.207
Synthesis Optimization Complete : Time (s): cpu = 00:00:45 ; elapsed = 00:00:52 . Memory (MB): peak = 733.047 ; gain = 463.691
INFO: [Project 1-571] Translating synthesized netlist
INFO: [Project 1-570] Preparing netlist for logic optimization
INFO: [Opt 31-138] Pushed 0 inverter(s) to 0 load pin(s).
INFO: [Project 1-111] Unisim Transformation Summary:
No Unisim elements were transformed.

INFO: [Common 17-83] Releasing license: Synthesis
28 Infos, 2 Warnings, 0 Critical Warnings and 0 Errors encountered.
synth_design completed successfully
synth_design: Time (s): cpu = 00:00:48 ; elapsed = 00:00:56 . Memory (MB): peak = 755.969 ; gain = 493.605
WARNING: [Constraints 18-5210] No constraint will be written out.
INFO: [Common 17-1381] The checkpoint 'D:/FPGA/VHDL_VIO/VHDL_VIO.runs/synth_1/design_1_wrapper.dcp' has been generated.
INFO: [runtcl-4] Executing : report_utilization -file design_1_wrapper_utilization_synth.rpt -pb design_1_wrapper_utilization_synth.pb
report_utilization: Time (s): cpu = 00:00:00 ; elapsed = 00:00:00.028 . Memory (MB): peak = 755.969 ; gain = 0.000
INFO: [Common 17-206] Exiting Vivado at Sun Nov  4 20:34:27 2018...
