TRACE::2020-02-17.17:05:29::SCWBifWriter::Found the complete platform C:/devWorks/FPGA/eFPGA_HelloWorld/eFPGA_HelloWorld/export/eFPGA_HelloWorld/eFPGA_HelloWorld.xpfm
TRACE::2020-02-17.17:05:29::SCWBifWriter::hardware databse : design_1_wrapper_2
TRACE::2020-02-17.17:05:29::SCWBifWriter::bitstream found in the design
TRACE::2020-02-17.17:05:29::SCWBifWriter::Found a baremetal domain, proc: ps7_cortexa9_0
TRACE::2020-02-17.17:05:29::SCWBifWriter::proc type : 
TRACE::2020-02-17.17:05:29::SCWBifWriter::proc[0] : ps7_cortexa9_0
TRACE::2020-02-17.17:05:29::SCWBifWriter::Device type is : zynq
TRACE::2020-02-17.17:05:29::SCWBifWriter::Writing BIF to file : C:/devWorks/FPGA/eFPGA_HelloWorld/eFPGA_HelloWorld_Application_system/Debug/system.bif
TRACE::2020-02-17.17:05:29::SCWBifWriter::Writing the Zynq Baremetal bif 
TRACE::2020-02-17.17:07:14::SCWBifWriter::Found the complete platform C:/devWorks/FPGA/eFPGA_HelloWorld/eFPGA_HelloWorld/export/eFPGA_HelloWorld/eFPGA_HelloWorld.xpfm
TRACE::2020-02-17.17:07:14::SCWBifWriter::hardware databse : design_1_wrapper_2
TRACE::2020-02-17.17:07:14::SCWBifWriter::bitstream found in the design
TRACE::2020-02-17.17:07:14::SCWBifWriter::Found a baremetal domain, proc: ps7_cortexa9_0
TRACE::2020-02-17.17:07:14::SCWBifWriter::proc type : 
TRACE::2020-02-17.17:07:14::SCWBifWriter::proc[0] : ps7_cortexa9_0
TRACE::2020-02-17.17:07:14::SCWBifWriter::Device type is : zynq
TRACE::2020-02-17.17:07:14::SCWBifWriter::Writing BIF to file : C:/devWorks/FPGA/eFPGA_HelloWorld/eFPGA_HelloWorld_Application_system/Debug/system.bif
TRACE::2020-02-17.17:07:14::SCWBifWriter::Writing the Zynq Baremetal bif 
TRACE::2020-02-17.17:23:52::SCWBifWriter::Found the complete platform C:/devWorks/FPGA/eFPGA_HelloWorld/eFPGA_HelloWorld/export/eFPGA_HelloWorld/eFPGA_HelloWorld.xpfm
TRACE::2020-02-17.17:23:52::SCWBifWriter::hardware databse : design_1_wrapper_2
TRACE::2020-02-17.17:23:52::SCWBifWriter::bitstream found in the design
TRACE::2020-02-17.17:23:52::SCWBifWriter::Found a baremetal domain, proc: ps7_cortexa9_0
TRACE::2020-02-17.17:23:52::SCWBifWriter::proc type : 
TRACE::2020-02-17.17:23:52::SCWBifWriter::proc[0] : ps7_cortexa9_0
TRACE::2020-02-17.17:23:52::SCWBifWriter::Device type is : zynq
TRACE::2020-02-17.17:23:52::SCWBifWriter::Writing BIF to file : C:/devWorks/FPGA/eFPGA_HelloWorld/eFPGA_HelloWorld_Application_system/Debug/system.bif
TRACE::2020-02-17.17:23:52::SCWBifWriter::Writing the Zynq Baremetal bif 
