
*** Running vivado
    with args -log design_1_wrapper.vdi -applog -m64 -product Vivado -messageDb vivado.pb -mode batch -source design_1_wrapper.tcl -notrace



****** Vivado v2021.2 (64-bit)
  **** SW Build 3367213 on Tue Oct 19 02:48:09 MDT 2021
  **** IP Build 3369179 on Thu Oct 21 08:25:16 MDT 2021
    ** Copyright 1986-2021 Xilinx, Inc. All Rights Reserved.

source design_1_wrapper.tcl -notrace
create_project: Time (s): cpu = 00:00:09 ; elapsed = 00:00:09 . Memory (MB): peak = 1233.246 ; gain = 0.000
INFO: [IP_Flow 19-234] Refreshing IP repositories
INFO: [IP_Flow 19-1704] No user IP repositories specified
INFO: [IP_Flow 19-2313] Loaded Vivado IP repository 'C:/Xilinx/Vivado/2021.2/data/ip'.
add_files: Time (s): cpu = 00:00:03 ; elapsed = 00:00:07 . Memory (MB): peak = 1233.246 ; gain = 0.000
Command: link_design -top design_1_wrapper -part xc7z020clg400-1
Design is defaulting to srcset: sources_1
Design is defaulting to constrset: constrs_1
INFO: [Device 21-403] Loading part xc7z020clg400-1
INFO: [Project 1-454] Reading design checkpoint 'c:/Users/20002890/SoC_Pynq_HCSR04/SoC_Pynq_HCSR04.gen/sources_1/bd/design_1/ip/design_1_HC_SR04_0_0/design_1_HC_SR04_0_0.dcp' for cell 'design_1_i/HC_SR04_0'
INFO: [Project 1-454] Reading design checkpoint 'c:/Users/20002890/SoC_Pynq_HCSR04/SoC_Pynq_HCSR04.gen/sources_1/bd/design_1/ip/design_1_clk_wiz_0_0/design_1_clk_wiz_0_0.dcp' for cell 'design_1_i/clk_wiz_0'
INFO: [Project 1-454] Reading design checkpoint 'c:/Users/20002890/SoC_Pynq_HCSR04/SoC_Pynq_HCSR04.gen/sources_1/bd/design_1/ip/design_1_vio_0_0/design_1_vio_0_0.dcp' for cell 'design_1_i/vio_0'
Netlist sorting complete. Time (s): cpu = 00:00:00 ; elapsed = 00:00:00.014 . Memory (MB): peak = 1233.246 ; gain = 0.000
INFO: [Netlist 29-17] Analyzing 9 Unisim elements for replacement
INFO: [Netlist 29-28] Unisim Transformation completed in 0 CPU seconds
INFO: [Project 1-479] Netlist was created with Vivado 2021.2
INFO: [Project 1-570] Preparing netlist for logic optimization
INFO: [Chipscope 16-324] Core: design_1_i/vio_0 UUID: 01a4b594-7c44-5fa6-bd66-f70f5f031273 
Parsing XDC File [c:/Users/20002890/SoC_Pynq_HCSR04/SoC_Pynq_HCSR04.gen/sources_1/bd/design_1/ip/design_1_vio_0_0/design_1_vio_0_0.xdc] for cell 'design_1_i/vio_0'
Finished Parsing XDC File [c:/Users/20002890/SoC_Pynq_HCSR04/SoC_Pynq_HCSR04.gen/sources_1/bd/design_1/ip/design_1_vio_0_0/design_1_vio_0_0.xdc] for cell 'design_1_i/vio_0'
Parsing XDC File [c:/Users/20002890/SoC_Pynq_HCSR04/SoC_Pynq_HCSR04.gen/sources_1/bd/design_1/ip/design_1_clk_wiz_0_0/design_1_clk_wiz_0_0_board.xdc] for cell 'design_1_i/clk_wiz_0/inst'
Finished Parsing XDC File [c:/Users/20002890/SoC_Pynq_HCSR04/SoC_Pynq_HCSR04.gen/sources_1/bd/design_1/ip/design_1_clk_wiz_0_0/design_1_clk_wiz_0_0_board.xdc] for cell 'design_1_i/clk_wiz_0/inst'
Parsing XDC File [c:/Users/20002890/SoC_Pynq_HCSR04/SoC_Pynq_HCSR04.gen/sources_1/bd/design_1/ip/design_1_clk_wiz_0_0/design_1_clk_wiz_0_0.xdc] for cell 'design_1_i/clk_wiz_0/inst'
INFO: [Timing 38-35] Done setting XDC timing constraints. [c:/Users/20002890/SoC_Pynq_HCSR04/SoC_Pynq_HCSR04.gen/sources_1/bd/design_1/ip/design_1_clk_wiz_0_0/design_1_clk_wiz_0_0.xdc:57]
INFO: [Timing 38-2] Deriving generated clocks [c:/Users/20002890/SoC_Pynq_HCSR04/SoC_Pynq_HCSR04.gen/sources_1/bd/design_1/ip/design_1_clk_wiz_0_0/design_1_clk_wiz_0_0.xdc:57]
get_clocks: Time (s): cpu = 00:00:32 ; elapsed = 00:00:33 . Memory (MB): peak = 1466.395 ; gain = 233.148
Finished Parsing XDC File [c:/Users/20002890/SoC_Pynq_HCSR04/SoC_Pynq_HCSR04.gen/sources_1/bd/design_1/ip/design_1_clk_wiz_0_0/design_1_clk_wiz_0_0.xdc] for cell 'design_1_i/clk_wiz_0/inst'
Parsing XDC File [C:/Users/20002890/SoC_Pynq_HCSR04/SoC_Pynq_HCSR04.srcs/constrs_1/new/SoC_Pynq_HCSR04.xdc]
Finished Parsing XDC File [C:/Users/20002890/SoC_Pynq_HCSR04/SoC_Pynq_HCSR04.srcs/constrs_1/new/SoC_Pynq_HCSR04.xdc]
INFO: [Opt 31-138] Pushed 0 inverter(s) to 0 load pin(s).
Netlist sorting complete. Time (s): cpu = 00:00:00 ; elapsed = 00:00:00.002 . Memory (MB): peak = 1466.395 ; gain = 0.000
INFO: [Project 1-111] Unisim Transformation Summary:
No Unisim elements were transformed.

16 Infos, 0 Warnings, 0 Critical Warnings and 0 Errors encountered.
link_design completed successfully
link_design: Time (s): cpu = 00:00:54 ; elapsed = 00:01:00 . Memory (MB): peak = 1466.395 ; gain = 233.148
Command: opt_design
Attempting to get a license for feature 'Implementation' and/or device 'xc7z020'
INFO: [Common 17-349] Got license for feature 'Implementation' and/or device 'xc7z020'
Running DRC as a precondition to command opt_design

Starting DRC Task
INFO: [DRC 23-27] Running DRC with 2 threads
INFO: [Project 1-461] DRC finished with 0 Errors
INFO: [Project 1-462] Please refer to the DRC report (report_drc) for more information.

Time (s): cpu = 00:00:07 ; elapsed = 00:00:04 . Memory (MB): peak = 1466.395 ; gain = 0.000

Starting Cache Timing Information Task
INFO: [Timing 38-35] Done setting XDC timing constraints.
Ending Cache Timing Information Task | Checksum: 22a5e22f4

Time (s): cpu = 00:00:00 ; elapsed = 00:00:00.106 . Memory (MB): peak = 1487.262 ; gain = 20.867

Starting Logic Optimization Task

Phase 1 Generate And Synthesize Debug Cores
INFO: [Chipscope 16-329] Generating Script for core instance : dbg_hub 
INFO: [IP_Flow 19-3806] Processing IP xilinx.com:ip:xsdbm:3.0 for cell dbg_hub_CV.
INFO: [Chipscope 16-469] Using cached IP synthesis design for IP xilinx.com:ip:xsdbm:3.0, cache-ID = cdbcc4e6e30dc33c.
Netlist sorting complete. Time (s): cpu = 00:00:00 ; elapsed = 00:00:00.110 . Memory (MB): peak = 1800.367 ; gain = 0.000
Phase 1 Generate And Synthesize Debug Cores | Checksum: 22d181f58

Time (s): cpu = 00:00:04 ; elapsed = 00:00:43 . Memory (MB): peak = 1800.367 ; gain = 44.598

Phase 2 Retarget
INFO: [Opt 31-138] Pushed 0 inverter(s) to 0 load pin(s).
INFO: [Opt 31-49] Retargeted 0 cell(s).
Phase 2 Retarget | Checksum: 19527f0f4

Time (s): cpu = 00:00:04 ; elapsed = 00:00:43 . Memory (MB): peak = 1800.367 ; gain = 44.598
INFO: [Opt 31-389] Phase Retarget created 3 cells and removed 9 cells
INFO: [Opt 31-1021] In phase Retarget, 63 netlist objects are constrained preventing optimization. Please run opt_design with -debug_log to get more detail. 

Phase 3 Constant propagation
INFO: [Opt 31-138] Pushed 0 inverter(s) to 0 load pin(s).
Phase 3 Constant propagation | Checksum: 19527f0f4

Time (s): cpu = 00:00:04 ; elapsed = 00:00:43 . Memory (MB): peak = 1800.367 ; gain = 44.598
INFO: [Opt 31-389] Phase Constant propagation created 0 cells and removed 0 cells
INFO: [Opt 31-1021] In phase Constant propagation, 62 netlist objects are constrained preventing optimization. Please run opt_design with -debug_log to get more detail. 

Phase 4 Sweep
Phase 4 Sweep | Checksum: 180999b42

Time (s): cpu = 00:00:05 ; elapsed = 00:00:44 . Memory (MB): peak = 1800.367 ; gain = 44.598
INFO: [Opt 31-389] Phase Sweep created 0 cells and removed 0 cells
INFO: [Opt 31-1021] In phase Sweep, 863 netlist objects are constrained preventing optimization. Please run opt_design with -debug_log to get more detail. 

Phase 5 BUFG optimization
Phase 5 BUFG optimization | Checksum: 180999b42

Time (s): cpu = 00:00:05 ; elapsed = 00:00:44 . Memory (MB): peak = 1800.367 ; gain = 44.598
INFO: [Opt 31-662] Phase BUFG optimization created 0 cells of which 0 are BUFGs and removed 0 cells.

Phase 6 Shift Register Optimization
INFO: [Opt 31-1064] SRL Remap converted 0 SRLs to 0 registers and converted 0 registers of register chains to 0 SRLs
Phase 6 Shift Register Optimization | Checksum: 180999b42

Time (s): cpu = 00:00:05 ; elapsed = 00:00:44 . Memory (MB): peak = 1800.367 ; gain = 44.598
INFO: [Opt 31-389] Phase Shift Register Optimization created 0 cells and removed 0 cells

Phase 7 Post Processing Netlist
Phase 7 Post Processing Netlist | Checksum: 180999b42

Time (s): cpu = 00:00:05 ; elapsed = 00:00:44 . Memory (MB): peak = 1800.367 ; gain = 44.598
INFO: [Opt 31-389] Phase Post Processing Netlist created 0 cells and removed 0 cells
INFO: [Opt 31-1021] In phase Post Processing Netlist, 70 netlist objects are constrained preventing optimization. Please run opt_design with -debug_log to get more detail. 
Opt_design Change Summary
=========================


-------------------------------------------------------------------------------------------------------------------------
|  Phase                        |  #Cells created  |  #Cells Removed  |  #Constrained objects preventing optimizations  |
-------------------------------------------------------------------------------------------------------------------------
|  Retarget                     |               3  |               9  |                                             63  |
|  Constant propagation         |               0  |               0  |                                             62  |
|  Sweep                        |               0  |               0  |                                            863  |
|  BUFG optimization            |               0  |               0  |                                              0  |
|  Shift Register Optimization  |               0  |               0  |                                              0  |
|  Post Processing Netlist      |               0  |               0  |                                             70  |
-------------------------------------------------------------------------------------------------------------------------



Starting Connectivity Check Task

Time (s): cpu = 00:00:00 ; elapsed = 00:00:00.011 . Memory (MB): peak = 1800.367 ; gain = 0.000
Ending Logic Optimization Task | Checksum: 204c3c280

Time (s): cpu = 00:00:05 ; elapsed = 00:00:44 . Memory (MB): peak = 1800.367 ; gain = 44.598

Starting Power Optimization Task
INFO: [Pwropt 34-132] Skipping clock gating for clocks with a period < 2.00 ns.
Ending Power Optimization Task | Checksum: 204c3c280

Time (s): cpu = 00:00:00 ; elapsed = 00:00:00.041 . Memory (MB): peak = 1800.367 ; gain = 0.000

Starting Final Cleanup Task
Ending Final Cleanup Task | Checksum: 204c3c280

Time (s): cpu = 00:00:00 ; elapsed = 00:00:00 . Memory (MB): peak = 1800.367 ; gain = 0.000

Starting Netlist Obfuscation Task
Netlist sorting complete. Time (s): cpu = 00:00:00 ; elapsed = 00:00:00.004 . Memory (MB): peak = 1800.367 ; gain = 0.000
Ending Netlist Obfuscation Task | Checksum: 204c3c280

Time (s): cpu = 00:00:00 ; elapsed = 00:00:00.004 . Memory (MB): peak = 1800.367 ; gain = 0.000
INFO: [Common 17-83] Releasing license: Implementation
43 Infos, 0 Warnings, 0 Critical Warnings and 0 Errors encountered.
opt_design completed successfully
opt_design: Time (s): cpu = 00:00:23 ; elapsed = 00:01:00 . Memory (MB): peak = 1800.367 ; gain = 333.973
INFO: [Timing 38-35] Done setting XDC timing constraints.
INFO: [Timing 38-480] Writing timing data to binary archive.
Writing placer database...
Writing XDEF routing.
Writing XDEF routing logical nets.
Writing XDEF routing special nets.
Write XDEF Complete: Time (s): cpu = 00:00:01 ; elapsed = 00:00:00.161 . Memory (MB): peak = 1800.367 ; gain = 0.000
INFO: [Common 17-1381] The checkpoint 'C:/Users/20002890/SoC_Pynq_HCSR04/SoC_Pynq_HCSR04.runs/impl_1/design_1_wrapper_opt.dcp' has been generated.
INFO: [runtcl-4] Executing : report_drc -file design_1_wrapper_drc_opted.rpt -pb design_1_wrapper_drc_opted.pb -rpx design_1_wrapper_drc_opted.rpx
Command: report_drc -file design_1_wrapper_drc_opted.rpt -pb design_1_wrapper_drc_opted.pb -rpx design_1_wrapper_drc_opted.rpx
INFO: [IP_Flow 19-1839] IP Catalog is up to date.
INFO: [DRC 23-27] Running DRC with 2 threads
INFO: [Vivado_Tcl 2-168] The results of DRC are in file C:/Users/20002890/SoC_Pynq_HCSR04/SoC_Pynq_HCSR04.runs/impl_1/design_1_wrapper_drc_opted.rpt.
report_drc completed successfully
report_drc: Time (s): cpu = 00:00:09 ; elapsed = 00:00:06 . Memory (MB): peak = 1803.707 ; gain = 3.340
INFO: [Chipscope 16-240] Debug cores have already been implemented
Command: place_design
Attempting to get a license for feature 'Implementation' and/or device 'xc7z020'
INFO: [Common 17-349] Got license for feature 'Implementation' and/or device 'xc7z020'
INFO: [DRC 23-27] Running DRC with 2 threads
INFO: [Vivado_Tcl 4-198] DRC finished with 0 Errors
INFO: [Vivado_Tcl 4-199] Please refer to the DRC report (report_drc) for more information.
Running DRC as a precondition to command place_design
INFO: [DRC 23-27] Running DRC with 2 threads
INFO: [Vivado_Tcl 4-198] DRC finished with 0 Errors
INFO: [Vivado_Tcl 4-199] Please refer to the DRC report (report_drc) for more information.

Starting Placer Task
INFO: [Place 30-611] Multithreading enabled for place_design using a maximum of 2 CPUs

Phase 1 Placer Initialization

Phase 1.1 Placer Initialization Netlist Sorting
Netlist sorting complete. Time (s): cpu = 00:00:00 ; elapsed = 00:00:00.003 . Memory (MB): peak = 1807.676 ; gain = 0.000
Phase 1.1 Placer Initialization Netlist Sorting | Checksum: 10ff45251

Time (s): cpu = 00:00:00 ; elapsed = 00:00:00.026 . Memory (MB): peak = 1807.676 ; gain = 0.000
Netlist sorting complete. Time (s): cpu = 00:00:00 ; elapsed = 00:00:00.003 . Memory (MB): peak = 1807.676 ; gain = 0.000

Phase 1.2 IO Placement/ Clock Placement/ Build Placer Device
Phase 1.2 IO Placement/ Clock Placement/ Build Placer Device | Checksum: 16ef6a422

Time (s): cpu = 00:00:01 ; elapsed = 00:00:00.681 . Memory (MB): peak = 1807.676 ; gain = 0.000

Phase 1.3 Build Placer Netlist Model
Phase 1.3 Build Placer Netlist Model | Checksum: 1c377e494

Time (s): cpu = 00:00:03 ; elapsed = 00:00:02 . Memory (MB): peak = 1807.676 ; gain = 0.000

Phase 1.4 Constrain Clocks/Macros
Phase 1.4 Constrain Clocks/Macros | Checksum: 1c377e494

Time (s): cpu = 00:00:03 ; elapsed = 00:00:02 . Memory (MB): peak = 1807.676 ; gain = 0.000
Phase 1 Placer Initialization | Checksum: 1c377e494

Time (s): cpu = 00:00:03 ; elapsed = 00:00:02 . Memory (MB): peak = 1807.676 ; gain = 0.000

Phase 2 Global Placement

Phase 2.1 Floorplanning
Phase 2.1 Floorplanning | Checksum: 17075215c

Time (s): cpu = 00:00:04 ; elapsed = 00:00:03 . Memory (MB): peak = 1807.676 ; gain = 0.000

Phase 2.2 Update Timing before SLR Path Opt
Phase 2.2 Update Timing before SLR Path Opt | Checksum: 23271b19a

Time (s): cpu = 00:00:04 ; elapsed = 00:00:03 . Memory (MB): peak = 1807.676 ; gain = 0.000

Phase 2.3 Post-Processing in Floorplanning
Phase 2.3 Post-Processing in Floorplanning | Checksum: 23271b19a

Time (s): cpu = 00:00:04 ; elapsed = 00:00:03 . Memory (MB): peak = 1807.676 ; gain = 0.000

Phase 2.4 Global Placement Core

Phase 2.4.1 Physical Synthesis In Placer
INFO: [Physopt 32-1035] Found 0 LUTNM shape to break, 94 LUT instances to create LUTNM shape
INFO: [Physopt 32-1044] Break lutnm for timing: one critical 0, two critical 0, total 0, new lutff created 0
INFO: [Physopt 32-1138] End 1 Pass. Optimized 43 nets or LUTs. Breaked 0 LUT, combined 43 existing LUTs and moved 0 existing LUT
INFO: [Physopt 32-65] No nets found for high-fanout optimization.
INFO: [Physopt 32-232] Optimized 0 net. Created 0 new instance.
INFO: [Physopt 32-775] End 1 Pass. Optimized 0 net or cell. Created 0 new cell, deleted 0 existing cell and moved 0 existing cell
INFO: [Physopt 32-670] No setup violation found.  DSP Register Optimization was not performed.
INFO: [Physopt 32-670] No setup violation found.  Shift Register to Pipeline Optimization was not performed.
INFO: [Physopt 32-670] No setup violation found.  Shift Register Optimization was not performed.
INFO: [Physopt 32-670] No setup violation found.  BRAM Register Optimization was not performed.
INFO: [Physopt 32-670] No setup violation found.  URAM Register Optimization was not performed.
INFO: [Physopt 32-949] No candidate nets found for dynamic/static region interface net replication
INFO: [Physopt 32-775] End 1 Pass. Optimized 0 net or cell. Created 0 new cell, deleted 0 existing cell and moved 0 existing cell
Netlist sorting complete. Time (s): cpu = 00:00:00 ; elapsed = 00:00:00.001 . Memory (MB): peak = 1807.676 ; gain = 0.000

Summary of Physical Synthesis Optimizations
============================================


-----------------------------------------------------------------------------------------------------------------------------------------------------------
|  Optimization                                     |  Added Cells  |  Removed Cells  |  Optimized Cells/Nets  |  Dont Touch  |  Iterations  |  Elapsed   |
-----------------------------------------------------------------------------------------------------------------------------------------------------------
|  LUT Combining                                    |            0  |             43  |                    43  |           0  |           1  |  00:00:00  |
|  Retime                                           |            0  |              0  |                     0  |           0  |           1  |  00:00:00  |
|  Very High Fanout                                 |            0  |              0  |                     0  |           0  |           1  |  00:00:00  |
|  DSP Register                                     |            0  |              0  |                     0  |           0  |           0  |  00:00:00  |
|  Shift Register to Pipeline                       |            0  |              0  |                     0  |           0  |           0  |  00:00:00  |
|  Shift Register                                   |            0  |              0  |                     0  |           0  |           0  |  00:00:00  |
|  BRAM Register                                    |            0  |              0  |                     0  |           0  |           0  |  00:00:00  |
|  URAM Register                                    |            0  |              0  |                     0  |           0  |           0  |  00:00:00  |
|  Dynamic/Static Region Interface Net Replication  |            0  |              0  |                     0  |           0  |           1  |  00:00:00  |
|  Total                                            |            0  |             43  |                    43  |           0  |           4  |  00:00:00  |
-----------------------------------------------------------------------------------------------------------------------------------------------------------


Phase 2.4.1 Physical Synthesis In Placer | Checksum: 1d3efecb3

Time (s): cpu = 00:00:10 ; elapsed = 00:00:06 . Memory (MB): peak = 1807.676 ; gain = 0.000
Phase 2.4 Global Placement Core | Checksum: 1d4f8754f

Time (s): cpu = 00:00:10 ; elapsed = 00:00:06 . Memory (MB): peak = 1807.676 ; gain = 0.000
Phase 2 Global Placement | Checksum: 1d4f8754f

Time (s): cpu = 00:00:10 ; elapsed = 00:00:06 . Memory (MB): peak = 1807.676 ; gain = 0.000

Phase 3 Detail Placement

Phase 3.1 Commit Multi Column Macros
Phase 3.1 Commit Multi Column Macros | Checksum: 1523106ae

Time (s): cpu = 00:00:10 ; elapsed = 00:00:06 . Memory (MB): peak = 1807.676 ; gain = 0.000

Phase 3.2 Commit Most Macros & LUTRAMs
Phase 3.2 Commit Most Macros & LUTRAMs | Checksum: a4115aad

Time (s): cpu = 00:00:11 ; elapsed = 00:00:06 . Memory (MB): peak = 1807.676 ; gain = 0.000

Phase 3.3 Area Swap Optimization
Phase 3.3 Area Swap Optimization | Checksum: 1353bbaf0

Time (s): cpu = 00:00:11 ; elapsed = 00:00:06 . Memory (MB): peak = 1807.676 ; gain = 0.000

Phase 3.4 Pipeline Register Optimization
Phase 3.4 Pipeline Register Optimization | Checksum: 985652d7

Time (s): cpu = 00:00:11 ; elapsed = 00:00:06 . Memory (MB): peak = 1807.676 ; gain = 0.000

Phase 3.5 Small Shape Detail Placement
Phase 3.5 Small Shape Detail Placement | Checksum: 15ce85ad4

Time (s): cpu = 00:00:12 ; elapsed = 00:00:07 . Memory (MB): peak = 1807.676 ; gain = 0.000

Phase 3.6 Re-assign LUT pins
Phase 3.6 Re-assign LUT pins | Checksum: 1a10c6291

Time (s): cpu = 00:00:12 ; elapsed = 00:00:07 . Memory (MB): peak = 1807.676 ; gain = 0.000

Phase 3.7 Pipeline Register Optimization
Phase 3.7 Pipeline Register Optimization | Checksum: f9e9ba46

Time (s): cpu = 00:00:12 ; elapsed = 00:00:07 . Memory (MB): peak = 1807.676 ; gain = 0.000
Phase 3 Detail Placement | Checksum: f9e9ba46

Time (s): cpu = 00:00:12 ; elapsed = 00:00:07 . Memory (MB): peak = 1807.676 ; gain = 0.000

Phase 4 Post Placement Optimization and Clean-Up

Phase 4.1 Post Commit Optimization
INFO: [Timing 38-35] Done setting XDC timing constraints.

Phase 4.1.1 Post Placement Optimization
Post Placement Optimization Initialization | Checksum: 156035752

Phase 4.1.1.1 BUFG Insertion

Starting Physical Synthesis Task

Phase 1 Physical Synthesis Initialization
INFO: [Physopt 32-721] Multithreading enabled for phys_opt_design using a maximum of 2 CPUs
INFO: [Physopt 32-619] Estimated Timing Summary | WNS=4.807 | TNS=0.000 |
Phase 1 Physical Synthesis Initialization | Checksum: 1cfa66908

Time (s): cpu = 00:00:01 ; elapsed = 00:00:00.097 . Memory (MB): peak = 1807.676 ; gain = 0.000
INFO: [Place 46-56] BUFG insertion identified 0 candidate nets. Inserted BUFG: 0, Replicated BUFG Driver: 0, Skipped due to Placement/Routing Conflicts: 0, Skipped due to Timing Degradation: 0, Skipped due to Illegal Netlist: 0.
Ending Physical Synthesis Task | Checksum: 2157af7ac

Time (s): cpu = 00:00:01 ; elapsed = 00:00:00.104 . Memory (MB): peak = 1807.676 ; gain = 0.000
Phase 4.1.1.1 BUFG Insertion | Checksum: 156035752

Time (s): cpu = 00:00:13 ; elapsed = 00:00:08 . Memory (MB): peak = 1807.676 ; gain = 0.000

Phase 4.1.1.2 Post Placement Timing Optimization
INFO: [Place 30-746] Post Placement Timing Summary WNS=4.807. For the most accurate timing information please run report_timing.
Phase 4.1.1.2 Post Placement Timing Optimization | Checksum: 163869e90

Time (s): cpu = 00:00:13 ; elapsed = 00:00:08 . Memory (MB): peak = 1807.676 ; gain = 0.000

Time (s): cpu = 00:00:13 ; elapsed = 00:00:08 . Memory (MB): peak = 1807.676 ; gain = 0.000
Phase 4.1 Post Commit Optimization | Checksum: 163869e90

Time (s): cpu = 00:00:13 ; elapsed = 00:00:08 . Memory (MB): peak = 1807.676 ; gain = 0.000

Phase 4.2 Post Placement Cleanup
Phase 4.2 Post Placement Cleanup | Checksum: 163869e90

Time (s): cpu = 00:00:13 ; elapsed = 00:00:08 . Memory (MB): peak = 1807.676 ; gain = 0.000

Phase 4.3 Placer Reporting

Phase 4.3.1 Print Estimated Congestion
INFO: [Place 30-612] Post-Placement Estimated Congestion 
 ____________________________________________________
|           | Global Congestion | Short Congestion  |
| Direction | Region Size       | Region Size       |
|___________|___________________|___________________|
|      North|                1x1|                1x1|
|___________|___________________|___________________|
|      South|                1x1|                1x1|
|___________|___________________|___________________|
|       East|                1x1|                1x1|
|___________|___________________|___________________|
|       West|                1x1|                1x1|
|___________|___________________|___________________|

Phase 4.3.1 Print Estimated Congestion | Checksum: 163869e90

Time (s): cpu = 00:00:13 ; elapsed = 00:00:08 . Memory (MB): peak = 1807.676 ; gain = 0.000
Phase 4.3 Placer Reporting | Checksum: 163869e90

Time (s): cpu = 00:00:13 ; elapsed = 00:00:08 . Memory (MB): peak = 1807.676 ; gain = 0.000

Phase 4.4 Final Placement Cleanup
Netlist sorting complete. Time (s): cpu = 00:00:00 ; elapsed = 00:00:00.001 . Memory (MB): peak = 1807.676 ; gain = 0.000

Time (s): cpu = 00:00:13 ; elapsed = 00:00:08 . Memory (MB): peak = 1807.676 ; gain = 0.000
Phase 4 Post Placement Optimization and Clean-Up | Checksum: 1187b877c

Time (s): cpu = 00:00:13 ; elapsed = 00:00:08 . Memory (MB): peak = 1807.676 ; gain = 0.000
Ending Placer Task | Checksum: d5a07069

Time (s): cpu = 00:00:13 ; elapsed = 00:00:08 . Memory (MB): peak = 1807.676 ; gain = 0.000
INFO: [Common 17-83] Releasing license: Implementation
79 Infos, 0 Warnings, 0 Critical Warnings and 0 Errors encountered.
place_design completed successfully
place_design: Time (s): cpu = 00:00:20 ; elapsed = 00:00:12 . Memory (MB): peak = 1807.676 ; gain = 3.969
INFO: [Timing 38-480] Writing timing data to binary archive.
Writing placer database...
Writing XDEF routing.
Writing XDEF routing logical nets.
Writing XDEF routing special nets.
Write XDEF Complete: Time (s): cpu = 00:00:01 ; elapsed = 00:00:00.225 . Memory (MB): peak = 1807.676 ; gain = 0.000
INFO: [Common 17-1381] The checkpoint 'C:/Users/20002890/SoC_Pynq_HCSR04/SoC_Pynq_HCSR04.runs/impl_1/design_1_wrapper_placed.dcp' has been generated.
INFO: [runtcl-4] Executing : report_io -file design_1_wrapper_io_placed.rpt
report_io: Time (s): cpu = 00:00:00 ; elapsed = 00:00:00.057 . Memory (MB): peak = 1807.676 ; gain = 0.000
INFO: [runtcl-4] Executing : report_utilization -file design_1_wrapper_utilization_placed.rpt -pb design_1_wrapper_utilization_placed.pb
INFO: [runtcl-4] Executing : report_control_sets -verbose -file design_1_wrapper_control_sets_placed.rpt
report_control_sets: Time (s): cpu = 00:00:00 ; elapsed = 00:00:00.011 . Memory (MB): peak = 1807.676 ; gain = 0.000
Command: phys_opt_design
Attempting to get a license for feature 'Implementation' and/or device 'xc7z020'
INFO: [Common 17-349] Got license for feature 'Implementation' and/or device 'xc7z020'
INFO: [Vivado_Tcl 4-383] Design worst setup slack (WNS) is greater than or equal to 0.000 ns. Skipping all physical synthesis optimizations.
INFO: [Vivado_Tcl 4-232] No setup violation found. The netlist was not modified.
INFO: [Common 17-83] Releasing license: Implementation
88 Infos, 0 Warnings, 0 Critical Warnings and 0 Errors encountered.
phys_opt_design completed successfully
INFO: [Timing 38-480] Writing timing data to binary archive.
Writing placer database...
Writing XDEF routing.
Writing XDEF routing logical nets.
Writing XDEF routing special nets.
Write XDEF Complete: Time (s): cpu = 00:00:01 ; elapsed = 00:00:00.335 . Memory (MB): peak = 1825.395 ; gain = 17.719
INFO: [Common 17-1381] The checkpoint 'C:/Users/20002890/SoC_Pynq_HCSR04/SoC_Pynq_HCSR04.runs/impl_1/design_1_wrapper_physopt.dcp' has been generated.
Command: route_design
Attempting to get a license for feature 'Implementation' and/or device 'xc7z020'
INFO: [Common 17-349] Got license for feature 'Implementation' and/or device 'xc7z020'
Running DRC as a precondition to command route_design
INFO: [DRC 23-27] Running DRC with 2 threads
INFO: [Vivado_Tcl 4-198] DRC finished with 0 Errors
INFO: [Vivado_Tcl 4-199] Please refer to the DRC report (report_drc) for more information.


Starting Routing Task
INFO: [Route 35-254] Multithreading enabled for route_design using a maximum of 2 CPUs

Phase 1 Build RT Design
Checksum: PlaceDB: 7b2c5e79 ConstDB: 0 ShapeSum: 5a7411f0 RouteDB: 0
Post Restoration Checksum: NetGraph: b62aac81 NumContArr: 49d8461e Constraints: 0 Timing: 0
Phase 1 Build RT Design | Checksum: 10002f29f

Time (s): cpu = 00:00:58 ; elapsed = 00:00:53 . Memory (MB): peak = 1927.449 ; gain = 101.918

Phase 2 Router Initialization

Phase 2.1 Create Timer
Phase 2.1 Create Timer | Checksum: 10002f29f

Time (s): cpu = 00:00:58 ; elapsed = 00:00:53 . Memory (MB): peak = 1927.453 ; gain = 101.922

Phase 2.2 Fix Topology Constraints
Phase 2.2 Fix Topology Constraints | Checksum: 10002f29f

Time (s): cpu = 00:00:58 ; elapsed = 00:00:53 . Memory (MB): peak = 1934.047 ; gain = 108.516

Phase 2.3 Pre Route Cleanup
Phase 2.3 Pre Route Cleanup | Checksum: 10002f29f

Time (s): cpu = 00:00:58 ; elapsed = 00:00:53 . Memory (MB): peak = 1934.047 ; gain = 108.516
 Number of Nodes with overlaps = 0

Phase 2.4 Update Timing
Phase 2.4 Update Timing | Checksum: d4011877

Time (s): cpu = 00:01:02 ; elapsed = 00:00:55 . Memory (MB): peak = 1949.953 ; gain = 124.422
INFO: [Route 35-416] Intermediate Timing Summary | WNS=4.805  | TNS=0.000  | WHS=-0.204 | THS=-46.486|


Phase 2.5 Update Timing for Bus Skew

Phase 2.5.1 Update Timing
Phase 2.5.1 Update Timing | Checksum: ce5ff1a9

Time (s): cpu = 00:01:03 ; elapsed = 00:00:56 . Memory (MB): peak = 1949.953 ; gain = 124.422
INFO: [Route 35-416] Intermediate Timing Summary | WNS=4.805  | TNS=0.000  | WHS=N/A    | THS=N/A    |

Phase 2.5 Update Timing for Bus Skew | Checksum: f37bbb83

Time (s): cpu = 00:01:03 ; elapsed = 00:00:56 . Memory (MB): peak = 1961.707 ; gain = 136.176

Router Utilization Summary
  Global Vertical Routing Utilization    = 0 %
  Global Horizontal Routing Utilization  = 0 %
  Routable Net Status*
  *Does not include unroutable nets such as driverless and loadless.
  Run report_route_status for detailed report.
  Number of Failed Nets               = 1461
    (Failed Nets is the sum of unrouted and partially routed nets)
  Number of Unrouted Nets             = 1461
  Number of Partially Routed Nets     = 0
  Number of Node Overlaps             = 0

Phase 2 Router Initialization | Checksum: 14938552a

Time (s): cpu = 00:01:04 ; elapsed = 00:00:57 . Memory (MB): peak = 1961.707 ; gain = 136.176

Phase 3 Initial Routing

Phase 3.1 Global Routing
Phase 3.1 Global Routing | Checksum: 14938552a

Time (s): cpu = 00:01:04 ; elapsed = 00:00:57 . Memory (MB): peak = 1961.707 ; gain = 136.176
Phase 3 Initial Routing | Checksum: 1bac6625b

Time (s): cpu = 00:01:05 ; elapsed = 00:00:57 . Memory (MB): peak = 1961.707 ; gain = 136.176

Phase 4 Rip-up And Reroute

Phase 4.1 Global Iteration 0
 Number of Nodes with overlaps = 70
 Number of Nodes with overlaps = 1
 Number of Nodes with overlaps = 0
INFO: [Route 35-416] Intermediate Timing Summary | WNS=4.586  | TNS=0.000  | WHS=N/A    | THS=N/A    |

Phase 4.1 Global Iteration 0 | Checksum: 1c00c2e5c

Time (s): cpu = 00:01:07 ; elapsed = 00:00:59 . Memory (MB): peak = 1961.707 ; gain = 136.176

Phase 4.2 Global Iteration 1
 Number of Nodes with overlaps = 0
INFO: [Route 35-416] Intermediate Timing Summary | WNS=4.586  | TNS=0.000  | WHS=N/A    | THS=N/A    |

Phase 4.2 Global Iteration 1 | Checksum: 1f7238d22

Time (s): cpu = 00:01:07 ; elapsed = 00:00:59 . Memory (MB): peak = 1961.707 ; gain = 136.176
Phase 4 Rip-up And Reroute | Checksum: 1f7238d22

Time (s): cpu = 00:01:07 ; elapsed = 00:00:59 . Memory (MB): peak = 1961.707 ; gain = 136.176

Phase 5 Delay and Skew Optimization

Phase 5.1 Delay CleanUp
Phase 5.1 Delay CleanUp | Checksum: 1f7238d22

Time (s): cpu = 00:01:07 ; elapsed = 00:00:59 . Memory (MB): peak = 1961.707 ; gain = 136.176

Phase 5.2 Clock Skew Optimization
Phase 5.2 Clock Skew Optimization | Checksum: 1f7238d22

Time (s): cpu = 00:01:07 ; elapsed = 00:00:59 . Memory (MB): peak = 1961.707 ; gain = 136.176
Phase 5 Delay and Skew Optimization | Checksum: 1f7238d22

Time (s): cpu = 00:01:07 ; elapsed = 00:00:59 . Memory (MB): peak = 1961.707 ; gain = 136.176

Phase 6 Post Hold Fix

Phase 6.1 Hold Fix Iter

Phase 6.1.1 Update Timing
Phase 6.1.1 Update Timing | Checksum: 22568bd6c

Time (s): cpu = 00:01:08 ; elapsed = 00:01:00 . Memory (MB): peak = 1961.707 ; gain = 136.176
INFO: [Route 35-416] Intermediate Timing Summary | WNS=4.701  | TNS=0.000  | WHS=0.012  | THS=0.000  |

Phase 6.1 Hold Fix Iter | Checksum: 18c834620

Time (s): cpu = 00:01:08 ; elapsed = 00:01:00 . Memory (MB): peak = 1961.707 ; gain = 136.176
Phase 6 Post Hold Fix | Checksum: 18c834620

Time (s): cpu = 00:01:08 ; elapsed = 00:01:00 . Memory (MB): peak = 1961.707 ; gain = 136.176

Phase 7 Route finalize

Router Utilization Summary
  Global Vertical Routing Utilization    = 0.133582 %
  Global Horizontal Routing Utilization  = 0.163709 %
  Routable Net Status*
  *Does not include unroutable nets such as driverless and loadless.
  Run report_route_status for detailed report.
  Number of Failed Nets               = 0
    (Failed Nets is the sum of unrouted and partially routed nets)
  Number of Unrouted Nets             = 0
  Number of Partially Routed Nets     = 0
  Number of Node Overlaps             = 0

Phase 7 Route finalize | Checksum: 18c834620

Time (s): cpu = 00:01:08 ; elapsed = 00:01:00 . Memory (MB): peak = 1961.707 ; gain = 136.176

Phase 8 Verifying routed nets

 Verification completed successfully
Phase 8 Verifying routed nets | Checksum: 18c834620

Time (s): cpu = 00:01:08 ; elapsed = 00:01:00 . Memory (MB): peak = 1961.707 ; gain = 136.176

Phase 9 Depositing Routes
Phase 9 Depositing Routes | Checksum: fc806c39

Time (s): cpu = 00:01:09 ; elapsed = 00:01:00 . Memory (MB): peak = 1961.707 ; gain = 136.176

Phase 10 Post Router Timing
INFO: [Route 35-57] Estimated Timing Summary | WNS=4.701  | TNS=0.000  | WHS=0.012  | THS=0.000  |

INFO: [Route 35-327] The final timing numbers are based on the router estimated timing analysis. For a complete and accurate timing signoff, please run report_timing_summary.
Phase 10 Post Router Timing | Checksum: fc806c39

Time (s): cpu = 00:01:09 ; elapsed = 00:01:00 . Memory (MB): peak = 1961.707 ; gain = 136.176
INFO: [Route 35-16] Router Completed Successfully

Time (s): cpu = 00:01:09 ; elapsed = 00:01:01 . Memory (MB): peak = 1961.707 ; gain = 136.176

Routing Is Done.
INFO: [Common 17-83] Releasing license: Implementation
104 Infos, 0 Warnings, 0 Critical Warnings and 0 Errors encountered.
route_design completed successfully
route_design: Time (s): cpu = 00:01:13 ; elapsed = 00:01:03 . Memory (MB): peak = 1961.707 ; gain = 136.312
INFO: [Timing 38-480] Writing timing data to binary archive.
Writing placer database...
Writing XDEF routing.
Writing XDEF routing logical nets.
Writing XDEF routing special nets.
Write XDEF Complete: Time (s): cpu = 00:00:02 ; elapsed = 00:00:00.525 . Memory (MB): peak = 1972.859 ; gain = 11.152
INFO: [Common 17-1381] The checkpoint 'C:/Users/20002890/SoC_Pynq_HCSR04/SoC_Pynq_HCSR04.runs/impl_1/design_1_wrapper_routed.dcp' has been generated.
INFO: [runtcl-4] Executing : report_drc -file design_1_wrapper_drc_routed.rpt -pb design_1_wrapper_drc_routed.pb -rpx design_1_wrapper_drc_routed.rpx
Command: report_drc -file design_1_wrapper_drc_routed.rpt -pb design_1_wrapper_drc_routed.pb -rpx design_1_wrapper_drc_routed.rpx
INFO: [IP_Flow 19-1839] IP Catalog is up to date.
INFO: [DRC 23-27] Running DRC with 2 threads
INFO: [Vivado_Tcl 2-168] The results of DRC are in file C:/Users/20002890/SoC_Pynq_HCSR04/SoC_Pynq_HCSR04.runs/impl_1/design_1_wrapper_drc_routed.rpt.
report_drc completed successfully
report_drc: Time (s): cpu = 00:00:09 ; elapsed = 00:00:06 . Memory (MB): peak = 1977.973 ; gain = 5.113
INFO: [runtcl-4] Executing : report_methodology -file design_1_wrapper_methodology_drc_routed.rpt -pb design_1_wrapper_methodology_drc_routed.pb -rpx design_1_wrapper_methodology_drc_routed.rpx
Command: report_methodology -file design_1_wrapper_methodology_drc_routed.rpt -pb design_1_wrapper_methodology_drc_routed.pb -rpx design_1_wrapper_methodology_drc_routed.rpx
INFO: [Timing 38-35] Done setting XDC timing constraints.
INFO: [DRC 23-133] Running Methodology with 2 threads
INFO: [Vivado_Tcl 2-1520] The results of Report Methodology are in file C:/Users/20002890/SoC_Pynq_HCSR04/SoC_Pynq_HCSR04.runs/impl_1/design_1_wrapper_methodology_drc_routed.rpt.
report_methodology completed successfully
INFO: [runtcl-4] Executing : report_power -file design_1_wrapper_power_routed.rpt -pb design_1_wrapper_power_summary_routed.pb -rpx design_1_wrapper_power_routed.rpx
Command: report_power -file design_1_wrapper_power_routed.rpt -pb design_1_wrapper_power_summary_routed.pb -rpx design_1_wrapper_power_routed.rpx
INFO: [Timing 38-35] Done setting XDC timing constraints.
Running Vector-less Activity Propagation...

Finished Running Vector-less Activity Propagation
116 Infos, 0 Warnings, 0 Critical Warnings and 0 Errors encountered.
report_power completed successfully
INFO: [runtcl-4] Executing : report_route_status -file design_1_wrapper_route_status.rpt -pb design_1_wrapper_route_status.pb
INFO: [runtcl-4] Executing : report_timing_summary -max_paths 10 -report_unconstrained -file design_1_wrapper_timing_summary_routed.rpt -pb design_1_wrapper_timing_summary_routed.pb -rpx design_1_wrapper_timing_summary_routed.rpx -warn_on_violation 
INFO: [Timing 38-91] UpdateTimingParams: Speed grade: -1, Delay Type: min_max.
INFO: [Timing 38-191] Multithreading enabled for timing update using a maximum of 2 CPUs
WARNING: [Timing 38-436] There are set_bus_skew constraint(s) in this design. Please run report_bus_skew to ensure that bus skew requirements are met.
INFO: [runtcl-4] Executing : report_incremental_reuse -file design_1_wrapper_incremental_reuse_routed.rpt
INFO: [Vivado_Tcl 4-1062] Incremental flow is disabled. No incremental reuse Info to report.
INFO: [runtcl-4] Executing : report_clock_utilization -file design_1_wrapper_clock_utilization_routed.rpt
INFO: [runtcl-4] Executing : report_bus_skew -warn_on_violation -file design_1_wrapper_bus_skew_routed.rpt -pb design_1_wrapper_bus_skew_routed.pb -rpx design_1_wrapper_bus_skew_routed.rpx
INFO: [Timing 38-91] UpdateTimingParams: Speed grade: -1, Delay Type: min_max.
INFO: [Timing 38-191] Multithreading enabled for timing update using a maximum of 2 CPUs
Command: write_bitstream -force design_1_wrapper.bit
Attempting to get a license for feature 'Implementation' and/or device 'xc7z020'
INFO: [Common 17-349] Got license for feature 'Implementation' and/or device 'xc7z020'
Running DRC as a precondition to command write_bitstream
INFO: [IP_Flow 19-1839] IP Catalog is up to date.
INFO: [DRC 23-27] Running DRC with 2 threads
WARNING: [DRC PDCN-1569] LUT equation term check: Used physical LUT pin 'A2' of cell dbg_hub/inst/BSCANID.u_xsdbm_id/SWITCH_N_EXT_BSCAN.id_state[0]_i_1 (pin dbg_hub/inst/BSCANID.u_xsdbm_id/SWITCH_N_EXT_BSCAN.id_state[0]_i_1/I0) is not included in the LUT equation: 'O6=(A6+~A6)*((A5))'. If this cell is a user instantiated LUT in the design, please remove connectivity to the pin or change the equation and/or INIT string of the LUT to prevent this issue. If the cell is inferred or IP created LUT, please regenerate the IP and/or resynthesize the design to attempt to correct the issue.
WARNING: [DRC PDCN-1569] LUT equation term check: Used physical LUT pin 'A3' of cell dbg_hub/inst/BSCANID.u_xsdbm_id/SWITCH_N_EXT_BSCAN.bscan_switch/temp_curid[31]_i_1 (pin dbg_hub/inst/BSCANID.u_xsdbm_id/SWITCH_N_EXT_BSCAN.bscan_switch/temp_curid[31]_i_1/I0) is not included in the LUT equation: 'O5=(A2*A5)+(A2*(~A5)*(~A1))+((~A2))'. If this cell is a user instantiated LUT in the design, please remove connectivity to the pin or change the equation and/or INIT string of the LUT to prevent this issue. If the cell is inferred or IP created LUT, please regenerate the IP and/or resynthesize the design to attempt to correct the issue.
WARNING: [DRC PDCN-1569] LUT equation term check: Used physical LUT pin 'A4' of cell dbg_hub/inst/BSCANID.u_xsdbm_id/SWITCH_N_EXT_BSCAN.bscan_switch/temp_curid[31]_i_1 (pin dbg_hub/inst/BSCANID.u_xsdbm_id/SWITCH_N_EXT_BSCAN.bscan_switch/temp_curid[31]_i_1/I1) is not included in the LUT equation: 'O5=(A2*A5)+(A2*(~A5)*(~A1))+((~A2))'. If this cell is a user instantiated LUT in the design, please remove connectivity to the pin or change the equation and/or INIT string of the LUT to prevent this issue. If the cell is inferred or IP created LUT, please regenerate the IP and/or resynthesize the design to attempt to correct the issue.
WARNING: [DRC RTSTAT-10] No routable loads: 19 net(s) have no routable loads. The problem bus(es) and/or net(s) are dbg_hub/inst/BSCANID.u_xsdbm_id/CORE_XSDB.UUT_MASTER/U_ICON_INTERFACE/U_CMD6_RD/U_RD_FIFO/SUBCORE_FIFO.xsdbm_v3_0_0_rdfifo_inst/inst_fifo_gen/gconvfifo.rf/grf.rf/gntv_or_sync_fifo.gl0.rd/gr1.gr1_int.rfwft/aempty_fwft_i, dbg_hub/inst/BSCANID.u_xsdbm_id/CORE_XSDB.UUT_MASTER/U_ICON_INTERFACE/U_CMD7_CTL/ctl_reg[2:0], dbg_hub/inst/BSCANID.u_xsdbm_id/CORE_XSDB.UUT_MASTER/U_ICON_INTERFACE/U_CMD7_CTL/ctl_reg_en_2[1], dbg_hub/inst/BSCANID.u_xsdbm_id/CORE_XSDB.UUT_MASTER/U_ICON_INTERFACE/U_CMD1/ctl_reg_en_2[1], dbg_hub/inst/BSCANID.u_xsdbm_id/SWITCH_N_EXT_BSCAN.bscan_switch/m_bscan_capture[0], dbg_hub/inst/BSCANID.u_xsdbm_id/SWITCH_N_EXT_BSCAN.bscan_switch/m_bscan_drck[0], dbg_hub/inst/BSCANID.u_xsdbm_id/SWITCH_N_EXT_BSCAN.bscan_switch/m_bscan_runtest[0], dbg_hub/inst/BSCANID.u_xsdbm_id/CORE_XSDB.UUT_MASTER/U_ICON_INTERFACE/U_CMD6_RD/U_RD_FIFO/SUBCORE_FIFO.xsdbm_v3_0_0_rdfifo_inst/inst_fifo_gen/gconvfifo.rf/grf.rf/gntv_or_sync_fifo.gl0.wr/gwhf.whf/overflow, dbg_hub/inst/BSCANID.u_xsdbm_id/CORE_XSDB.UUT_MASTER/U_ICON_INTERFACE/U_CMD6_WR/U_WR_FIFO/SUBCORE_FIFO.xsdbm_v3_0_0_wrfifo_inst/inst_fifo_gen/gconvfifo.rf/grf.rf/gntv_or_sync_fifo.gl0.wr/gwhf.whf/overflow, dbg_hub/inst/BSCANID.u_xsdbm_id/CORE_XSDB.UUT_MASTER/U_ICON_INTERFACE/U_CMD6_RD/U_RD_FIFO/SUBCORE_FIFO.xsdbm_v3_0_0_rdfifo_inst/inst_fifo_gen/gconvfifo.rf/grf.rf/gntv_or_sync_fifo.gl0.rd/gras.rsts/ram_empty_i, dbg_hub/inst/BSCANID.u_xsdbm_id/CORE_XSDB.UUT_MASTER/U_ICON_INTERFACE/U_CMD6_WR/U_WR_FIFO/SUBCORE_FIFO.xsdbm_v3_0_0_wrfifo_inst/inst_fifo_gen/gconvfifo.rf/grf.rf/gntv_or_sync_fifo.gl0.wr/gwas.wsts/ram_full_i, dbg_hub/inst/BSCANID.u_xsdbm_id/CORE_XSDB.UUT_MASTER/U_ICON_INTERFACE/U_CMD6_WR/U_WR_FIFO/SUBCORE_FIFO.xsdbm_v3_0_0_wrfifo_inst/inst_fifo_gen/gconvfifo.rf/grf.rf/rstblk/rd_rst_reg[0], dbg_hub/inst/BSCANID.u_xsdbm_id/SWITCH_N_EXT_BSCAN.bscan_inst/s_bscan_tms, dbg_hub/inst/BSCANID.u_xsdbm_id/CORE_XSDB.UUT_MASTER/U_ICON_INTERFACE/U_CMD6_WR/U_WR_FIFO/SUBCORE_FIFO.xsdbm_v3_0_0_wrfifo_inst/inst_fifo_gen/gconvfifo.rf/grf.rf/gntv_or_sync_fifo.gl0.rd/grhf.rhf/underflow, dbg_hub/inst/BSCANID.u_xsdbm_id/CORE_XSDB.UUT_MASTER/U_ICON_INTERFACE/U_CMD6_RD/U_RD_FIFO/SUBCORE_FIFO.xsdbm_v3_0_0_rdfifo_inst/inst_fifo_gen/gconvfifo.rf/grf.rf/gntv_or_sync_fifo.gl0.rd/grhf.rhf/underflow... and (the first 15 of 17 listed).
WARNING: [DRC ZPS7-1] PS7 block required: The PS7 cell must be used in this Zynq design in order to enable correct default configuration.
INFO: [Vivado 12-3199] DRC finished with 0 Errors, 5 Warnings
INFO: [Vivado 12-3200] Please refer to the DRC report (report_drc) for more information.
INFO: [Designutils 20-2272] Running write_bitstream with 2 threads.
Loading data files...
Loading site data...
Loading route data...
Processing options...
Creating bitmap...
Creating bitstream...
Writing bitstream ./design_1_wrapper.bit...
INFO: [Vivado 12-1842] Bitgen Completed Successfully.
INFO: [Project 1-1876] WebTalk data collection is mandatory when using a ULT device. To see the specific WebTalk data collected for your design, open the usage_statistics_webtalk.html or usage_statistics_webtalk.xml file in the implementation directory.
INFO: [Common 17-83] Releasing license: Implementation
12 Infos, 5 Warnings, 0 Critical Warnings and 0 Errors encountered.
write_bitstream completed successfully
write_bitstream: Time (s): cpu = 00:00:49 ; elapsed = 00:00:45 . Memory (MB): peak = 2418.035 ; gain = 431.094
INFO: [Common 17-206] Exiting Vivado at Sun Jun  5 11:42:08 2022...
